WARNING:newspaper.parsers:fromstring() returned an invalid string: ...
CRITICAL:newspaper.extractors:Must extract urls from either html, text or doc!
CRITICAL:newspaper.network:[REQUEST FAILED] ('Connection aborted.', ConnectionResetError(104, 'Connection reset by peer'))
CRITICAL:newspaper.network:[REQUEST FAILED] ('Connection aborted.', ConnectionResetError(104, 'Connection reset by peer'))
CRITICAL:newspaper.network:[REQUEST FAILED] ('Connection aborted.', ConnectionResetError(104, 'Connection reset by peer'))
CRITICAL:newspaper.network:[REQUEST FAILED] ('Connection aborted.', ConnectionResetError(104, 'Connection reset by peer'))
INFO:root:[2018-09-08 18:26:43] ========== (NewsSpider-1) Start! ==========
INFO:root:[2018-09-08 18:26:43] ========== (NewsSpider-1) Thread END ==========
INFO:root:[2018-09-08 18:26:43] ========== (NewsSpider-2) Start! ==========
INFO:root:[2018-09-08 18:26:44] ========== (NewsSpider-2) Thread END ==========
INFO:root:[2018-09-08 18:26:44] ========== (NewsSpider-3) Start! ==========
INFO:root:[2018-09-08 18:26:44] ========== (NewsSpider-3) Thread END ==========
INFO:root:[2018-09-08 18:26:44] ========== (NewsSpider-4) Start! ==========
INFO:root:[2018-09-08 18:26:44] ========== (NewsSpider-4) Thread END ==========
INFO:root:[2018-09-08 18:26:44] ========== (NewsSpider-5) Start! ==========
INFO:root:[2018-09-08 18:26:44] ========== (NewsSpider-5) Thread END ==========
WARNING:newspaper.parsers:fromstring() returned an invalid string: ...
CRITICAL:newspaper.extractors:Must extract urls from either html, text or doc!
CRITICAL:newspaper.network:[REQUEST FAILED] ('Connection aborted.', ConnectionResetError(104, 'Connection reset by peer'))
CRITICAL:newspaper.network:[REQUEST FAILED] ('Connection aborted.', ConnectionResetError(104, 'Connection reset by peer'))
CRITICAL:newspaper.network:[REQUEST FAILED] ('Connection aborted.', ConnectionResetError(104, 'Connection reset by peer'))
CRITICAL:newspaper.network:[REQUEST FAILED] ('Connection aborted.', ConnectionResetError(104, 'Connection reset by peer'))
INFO:root:[2018-10-14 10:50:01] ========== (NewsSpider-1) Start! ==========
INFO:root:[2018-10-14 10:50:01] ========== (NewsSpider-1) Thread END ==========
INFO:root:[2018-10-14 10:50:01] ========== (NewsSpider-2) Start! ==========
INFO:root:[2018-10-14 10:50:01] ========== (NewsSpider-2) Thread END ==========
INFO:root:[2018-10-14 10:50:01] ========== (NewsSpider-3) Start! ==========
INFO:root:[2018-10-14 10:50:01] ========== (NewsSpider-3) Thread END ==========
INFO:root:[2018-10-14 10:50:01] ========== (NewsSpider-4) Start! ==========
INFO:root:[2018-10-14 10:50:01] ========== (NewsSpider-4) Thread END ==========
INFO:root:[2018-10-14 10:50:01] ========== (NewsSpider-5) Start! ==========
INFO:root:[2018-10-14 10:50:01] ========== (NewsSpider-5) Thread END ==========
INFO:root:[2018-10-14 10:50:01] ========== (NewsSpider-6) Start! ==========
INFO:root:[2018-10-14 10:50:01] ========== (NewsSpider-6) Thread END ==========
INFO:root:[2018-10-14 10:50:01] ========== (NewsSpider-7) Start! ==========
INFO:root:[2018-10-14 10:50:01] ========== (NewsSpider-7) Thread END ==========
INFO:root:[2018-10-14 10:50:01] ========== (NewsSpider-8) Start! ==========
INFO:root:[2018-10-14 10:50:01] ========== (NewsSpider-8) Thread END ==========
INFO:root:[2018-10-14 10:50:01] ========== (NewsSpider-9) Start! ==========
INFO:root:[2018-10-14 10:50:01] ========== (NewsSpider-9) Thread END ==========
INFO:root:[2018-10-14 10:50:01] ========== (NewsSpider-10) Start! ==========
INFO:root:[2018-10-14 10:50:01] ========== (NewsSpider-10) Thread END ==========
WARNING:newspaper.parsers:fromstring() returned an invalid string: ...
CRITICAL:newspaper.network:[REQUEST FAILED] ('Connection aborted.', ConnectionResetError(104, 'Connection reset by peer'))
CRITICAL:newspaper.network:[REQUEST FAILED] ('Connection aborted.', ConnectionResetError(104, 'Connection reset by peer'))
CRITICAL:newspaper.network:[REQUEST FAILED] ('Connection aborted.', ConnectionResetError(104, 'Connection reset by peer'))
CRITICAL:newspaper.network:[REQUEST FAILED] ('Connection aborted.', ConnectionResetError(104, 'Connection reset by peer'))
INFO:root:[2018-10-14 17:43:43] ========== (NewsSpider-1) Start! ==========
INFO:root:[2018-10-14 17:43:43] ========== (NewsSpider-1) Thread END ==========
INFO:root:[2018-10-14 17:43:43] ========== (NewsSpider-2) Start! ==========
INFO:root:[2018-10-14 17:43:43] ========== (NewsSpider-2) Thread END ==========
INFO:root:[2018-10-14 17:43:43] ========== (NewsSpider-3) Start! ==========
INFO:root:[2018-10-14 17:43:43] ========== (NewsSpider-3) Thread END ==========
INFO:root:[2018-10-14 17:43:43] ========== (NewsSpider-4) Start! ==========
INFO:root:[2018-10-14 17:43:43] ========== (NewsSpider-4) Thread END ==========
INFO:root:[2018-10-14 17:43:43] ========== (NewsSpider-5) Start! ==========
INFO:root:[2018-10-14 17:43:43] ========== (NewsSpider-5) Thread END ==========
WARNING:newspaper.parsers:fromstring() returned an invalid string: ...
CRITICAL:newspaper.network:[REQUEST FAILED] ('Connection aborted.', ConnectionResetError(104, 'Connection reset by peer'))
CRITICAL:newspaper.network:[REQUEST FAILED] ('Connection aborted.', ConnectionResetError(104, 'Connection reset by peer'))
CRITICAL:newspaper.network:[REQUEST FAILED] ('Connection aborted.', ConnectionResetError(104, 'Connection reset by peer'))
CRITICAL:newspaper.network:[REQUEST FAILED] ('Connection aborted.', ConnectionResetError(104, 'Connection reset by peer'))
INFO:root:[2018-10-14 18:38:44] ========== (NewsSpider-1) Start! ==========
INFO:root:[2018-10-14 18:38:44] ========== (NewsSpider-1) Thread END ==========
INFO:root:[2018-10-14 18:38:44] ========== (NewsSpider-2) Start! ==========
INFO:root:[2018-10-14 18:38:44] ========== (NewsSpider-2) Thread END ==========
INFO:root:[2018-10-14 18:38:44] ========== (NewsSpider-3) Start! ==========
INFO:root:[2018-10-14 18:38:44] ========== (NewsSpider-3) Thread END ==========
INFO:root:[2018-10-14 18:38:44] ========== (NewsSpider-4) Start! ==========
INFO:root:[2018-10-14 18:38:44] ========== (NewsSpider-4) Thread END ==========
INFO:root:[2018-10-14 18:38:44] ========== (NewsSpider-5) Start! ==========
INFO:root:[2018-10-14 18:38:44] ========== (NewsSpider-5) Thread END ==========
WARNING:newspaper.parsers:fromstring() returned an invalid string: ...
CRITICAL:newspaper.network:[REQUEST FAILED] ('Connection aborted.', ConnectionResetError(104, 'Connection reset by peer'))
CRITICAL:newspaper.network:[REQUEST FAILED] ('Connection aborted.', ConnectionResetError(104, 'Connection reset by peer'))
CRITICAL:newspaper.network:[REQUEST FAILED] ('Connection aborted.', ConnectionResetError(104, 'Connection reset by peer'))
CRITICAL:newspaper.network:[REQUEST FAILED] ('Connection aborted.', ConnectionResetError(104, 'Connection reset by peer'))
INFO:root:[2018-10-14 19:27:10] ========== (NewsSpider-1) Start! ==========
INFO:root:[2018-10-14 19:27:10] ========== (NewsSpider-1) Thread END ==========
INFO:root:[2018-10-14 19:27:10] ========== (NewsSpider-2) Start! ==========
INFO:root:[2018-10-14 19:27:10] ========== (NewsSpider-2) Thread END ==========
INFO:root:[2018-10-14 19:27:10] ========== (NewsSpider-3) Start! ==========
INFO:root:[2018-10-14 19:27:10] ========== (NewsSpider-3) Thread END ==========
INFO:root:[2018-10-14 19:27:10] ========== (NewsSpider-4) Start! ==========
INFO:root:[2018-10-14 19:27:10] ========== (NewsSpider-4) Thread END ==========
INFO:root:[2018-10-14 19:27:10] ========== (NewsSpider-5) Start! ==========
INFO:root:[2018-10-14 19:27:10] ========== (NewsSpider-5) Thread END ==========
