CRITICAL:newspaper.network:[REQUEST FAILED] 404 Client Error: Not Found for url: https://medicalxpress.com/feed/
CRITICAL:newspaper.network:[REQUEST FAILED] 429 Client Error: Too Many Requests for url: https://medicalxpress.com/rss/
INFO:root:[2018-09-08 18:26:45] ========== (NewsSpider-1) Start! ==========
INFO:root:[2018-09-08 18:26:45] ========== (NewsSpider-2) Start! ==========
INFO:root:[2018-09-08 18:26:45] ========== (NewsSpider-3) Start! ==========
INFO:root:[2018-09-08 18:26:45] ========== (NewsSpider-4) Start! ==========
INFO:root:[2018-09-08 18:26:45] ========== (NewsSpider-5) Start! ==========
WARNING:root:[2018-09-08 18:26:46] (NewsSpider-4) Article Not Exists on https://medicalxpress.com/news/2018-09-mutations-underpin-cancer-individuals.html
WARNING:root:[2018-09-08 18:26:46] (NewsSpider-2) Article Not Exists on https://medicalxpress.com/news/2018-09-brainwaves-synchronize-words.html
WARNING:root:[2018-09-08 18:26:46] (NewsSpider-1) Article Not Exists on https://medicalxpress.com/news/2018-09-joint-effort-cartilage.html
WARNING:root:[2018-09-08 18:26:46] (NewsSpider-3) Article Not Exists on https://medicalxpress.com/news/2018-08-optogenetic-profiling-ras-dynamics-cancer.html
WARNING:root:[2018-09-08 18:26:46] (NewsSpider-5) Article Not Exists on https://medicalxpress.com/news/2018-09-adding-fish-oil-pregnancy-higher.html
WARNING:root:[2018-09-08 18:26:47] (NewsSpider-1) Article Not Exists on https://phys.org/news/2018-09-hot-streak-patterns-creative-career.html
WARNING:root:[2018-09-08 18:26:48] (NewsSpider-5) Article Not Exists on https://medicalxpress.com/news/2018-09-korea-mers-case-years.html
WARNING:root:[2018-09-08 18:26:48] (NewsSpider-3) Article Not Exists on https://medicalxpress.com/news/2018-09-olive-oil-stave-heart-strokesnew.html
WARNING:root:[2018-09-08 18:26:48] (NewsSpider-2) Article Not Exists on https://medicalxpress.com/news/2018-08-video-games-results-doctors-triage.html
WARNING:root:[2018-09-08 18:26:48] (NewsSpider-5) Article Not Exists on https://medicalxpress.com/news/2018-09-blood-pressure-app.html
WARNING:root:[2018-09-08 18:26:48] (NewsSpider-1) Article Not Exists on https://medicalxpress.com/news/2018-09-brain-purpose.html
WARNING:root:[2018-09-08 18:26:49] (NewsSpider-4) Article Not Exists on https://medicalxpress.com/news/2018-09-basketball-pro-incredibly-unique-combination.html
WARNING:root:[2018-09-08 18:26:49] (NewsSpider-3) Article Not Exists on https://medicalxpress.com/news/2018-09-neurons-cognition-alzheimer-mouse.html
WARNING:root:[2018-09-08 18:26:50] (NewsSpider-5) Article Not Exists on https://medicalxpress.com/news/2018-09-flu-plane-ready-global-pandemic.html
WARNING:root:[2018-09-08 18:26:50] (NewsSpider-4) Article Not Exists on https://medicalxpress.com/news/2018-09-persistent-opioid-early-scripts-surgeons.html
WARNING:root:[2018-09-08 18:26:50] (NewsSpider-1) Article Not Exists on https://phys.org/news/2018-09-alibaba-co-founder-jack-ma.html
WARNING:root:[2018-09-08 18:26:50] (NewsSpider-1) Article Not Exists on https://medicalxpress.com/news/2018-09-science-multitasking-doodle-class.html
WARNING:root:[2018-09-08 18:26:51] (NewsSpider-2) Article Not Exists on https://medicalxpress.com/news/2018-09-mindful-people-pain-mri-imaging.html
WARNING:root:[2018-09-08 18:26:51] (NewsSpider-3) Article Not Exists on https://medicalxpress.com/news/2018-09-discovery-cell-behavior-major-implications.html
WARNING:root:[2018-09-08 18:26:51] (NewsSpider-2) Article Not Exists on https://medicalxpress.com/news/2018-09-deadly-vascular-condition-genome-sequence.html
WARNING:root:[2018-09-08 18:26:52] (NewsSpider-5) Article Not Exists on https://medicalxpress.com/news/2018-09-links-alsataxia-cellular-stress-approaches.html
WARNING:root:[2018-09-08 18:26:53] (NewsSpider-2) Article Not Exists on https://medicalxpress.com/news/2018-09-harnessing-power-crowd-screening-accuracy.html
WARNING:root:[2018-09-08 18:26:54] (NewsSpider-3) Article Not Exists on https://phys.org/news/2018-09-massive-boom-corral-pacific-ocean.html
WARNING:root:[2018-09-08 18:26:56] (NewsSpider-2) Article Not Exists on https://phys.org/news/2018-09-russian-accused-massive-theft-extradited.html
WARNING:root:[2018-09-08 18:26:56] (NewsSpider-1) Article Not Exists on https://medicalxpress.com/news/2018-09-immune-broken-dna.html
WARNING:root:[2018-09-08 18:26:57] (NewsSpider-2) Article Not Exists on https://medicalxpress.com/news/2018-09-scientists-closer-alzheimer.html
WARNING:root:[2018-09-08 18:26:58] (NewsSpider-2) Article Not Exists on https://medicalxpress.com/news/2018-09-epigenetic-critical-brain-proteins-memory.html
WARNING:root:[2018-09-08 18:26:58] (NewsSpider-4) Article Not Exists on https://medicalxpress.com/news/2018-09-dangerous-blood-pressure-spikes-blacks.html
WARNING:root:[2018-09-08 18:26:59] (NewsSpider-4) Article Not Exists on https://medicalxpress.com/news/2018-09-bigger-exposure-nicotine-reduction.html
WARNING:root:[2018-09-08 18:27:00] (NewsSpider-2) Article Not Exists on https://medicalxpress.com/news/2018-09-social-linked-provision-primary.html
WARNING:root:[2018-09-08 18:27:00] (NewsSpider-5) Article Not Exists on https://medicalxpress.com/news/2018-09-stress-wracks-worm-nerves-memories.html
WARNING:root:[2018-09-08 18:27:02] (NewsSpider-1) Article Not Exists on https://medicalxpress.com/news/2018-09-lifestyle-blood-pressure-medications.html
WARNING:root:[2018-09-08 18:27:02] (NewsSpider-4) Article Not Exists on https://phys.org/news/2018-09-nasa-technology-mexico-spaceport.html
WARNING:root:[2018-09-08 18:27:03] (NewsSpider-3) Article Not Exists on https://phys.org/news/2018-09-facial-recognition-touted-user-friendly.html
WARNING:root:[2018-09-08 18:27:03] (NewsSpider-2) Article Not Exists on https://medicalxpress.com/news/2018-09-jumpstart-rhythmic-birth.html
WARNING:root:[2018-09-08 18:27:04] (NewsSpider-4) Article Not Exists on https://medicalxpress.com/news/2018-09-family-genetics-vital-autism.html
WARNING:root:[2018-09-08 18:27:05] (NewsSpider-4) Article Not Exists on https://phys.org/news/2018-09-eu-ministers-digital-tax.html
WARNING:root:[2018-09-08 18:27:06] (NewsSpider-2) Article Not Exists on https://medicalxpress.com/news/2018-09-technique-reveals-core-identities-brain.html
WARNING:root:[2018-09-08 18:27:08] (NewsSpider-4) Article Not Exists on https://phys.org/news/2018-09-wildfire-rips-northern-california.html
WARNING:root:[2018-09-08 18:27:08] (NewsSpider-2) Article Not Exists on https://medicalxpress.com/news/2018-08-tau-filaments-patients-disease.html
WARNING:root:[2018-09-08 18:27:10] (NewsSpider-4) Article Not Exists on https://medicalxpress.com/news/2018-09-guidelines-traumatic-brain-injurybuilt-professionals.html
WARNING:root:[2018-09-08 18:27:10] (NewsSpider-3) Article Not Exists on https://medicalxpress.com/news/2018-09-lonely-people.html
WARNING:root:[2018-09-08 18:27:10] (NewsSpider-4) Article Not Exists on https://medicalxpress.com/news/2018-09-jet-air-dryers-hospital-toilets.html
WARNING:root:[2018-09-08 18:27:10] (NewsSpider-5) Article Not Exists on https://medicalxpress.com/news/2018-09-chronic-diseases-driven-metabolic-dysfunction.html
WARNING:root:[2018-09-08 18:27:11] (NewsSpider-1) Article Not Exists on https://medicalxpress.com/news/2018-09-lgbt-americans-typically-poorer-straight.html
WARNING:root:[2018-09-08 18:27:11] (NewsSpider-4) Article Not Exists on https://medicalxpress.com/news/2018-09-corticomotor-idd-restless-legs.html
WARNING:root:[2018-09-08 18:27:12] (NewsSpider-5) Article Not Exists on https://medicalxpress.com/news/2018-09-scientists-cancer-vaccine-melanoma.html
WARNING:root:[2018-09-08 18:27:13] (NewsSpider-5) Article Not Exists on https://phys.org/news/2018-09-holography-light-field-technology-combo-d.html
WARNING:root:[2018-09-08 18:27:14] (NewsSpider-4) Article Not Exists on https://medicalxpress.com/news/2018-09-difficult-childhood-age-prematurely.html
WARNING:root:[2018-09-08 18:27:16] (NewsSpider-3) Article Not Exists on https://medicalxpress.com/news/2018-09-bravery-associated-cells-hippocampus.html
WARNING:root:[2018-09-08 18:27:17] (NewsSpider-5) Article Not Exists on https://phys.org/news/2018-09-trump-apple-production-china.html
WARNING:root:[2018-09-08 18:27:18] (NewsSpider-2) Article Not Exists on https://medicalxpress.com/news/2018-09-excessive-daytime-sleepiness-linked-brain.html
WARNING:root:[2018-09-08 18:27:18] (NewsSpider-3) Article Not Exists on https://medicalxpress.com/news/2018-09-gp-incentives-decline-quality.html
WARNING:root:[2018-09-08 18:27:19] (NewsSpider-1) Article Not Exists on https://medicalxpress.com/news/2018-09-nicotine-patch-late-life-depression.html
WARNING:root:[2018-09-08 18:27:19] (NewsSpider-2) Article Not Exists on https://medicalxpress.com/news/2018-08-air-pollution-cognitive-decline-people.html
WARNING:root:[2018-09-08 18:27:20] (NewsSpider-2) Article Not Exists on https://medicalxpress.com/news/2018-09-scientists-blood-screen-secondary-heart.html
WARNING:root:[2018-09-08 18:27:21] (NewsSpider-3) Article Not Exists on https://medicalxpress.com/news/2018-09-ai-cancer-evolution.html
WARNING:root:[2018-09-08 18:27:22] (NewsSpider-4) Article Not Exists on https://medicalxpress.com/news/2018-09-human-gut-probiotic-health-benefits.html
WARNING:root:[2018-09-08 18:27:22] (NewsSpider-1) Article Not Exists on https://medicalxpress.com/news/2018-09-toolkit-musculoskeletal-health-older-people.html
INFO:root:[2018-09-08 18:27:23] ========== (NewsSpider-3) Thread END ==========
INFO:root:[2018-09-08 18:27:24] ========== (NewsSpider-4) Thread END ==========
INFO:root:[2018-09-08 18:27:24] ========== (NewsSpider-1) Thread END ==========
WARNING:root:[2018-09-08 18:27:24] (NewsSpider-2) Article Not Exists on https://medicalxpress.com/news/2018-09-home-yields-blood-pressure.html
INFO:root:[2018-09-08 18:27:25] ========== (NewsSpider-2) Thread END ==========
WARNING:root:[2018-09-08 18:27:26] (NewsSpider-5) Article Not Exists on https://medicalxpress.com/news/2018-09-reveals-tissues-body-energy.html
INFO:root:[2018-09-08 18:27:28] ========== (NewsSpider-5) Thread END ==========
CRITICAL:newspaper.network:[REQUEST FAILED] 404 Client Error: Not Found for url: https://medicalxpress.com/feed/
CRITICAL:newspaper.network:[REQUEST FAILED] 404 Client Error: Not Found for url: https://medicalxpress.com/rss/
INFO:root:[2018-10-14 10:50:28] ========== (NewsSpider-1) Start! ==========
INFO:root:[2018-10-14 10:50:28] ========== (NewsSpider-2) Start! ==========
INFO:root:[2018-10-14 10:50:28] ========== (NewsSpider-3) Start! ==========
INFO:root:[2018-10-14 10:50:28] ========== (NewsSpider-4) Start! ==========
INFO:root:[2018-10-14 10:50:28] ========== (NewsSpider-5) Start! ==========
INFO:root:[2018-10-14 10:50:28] ========== (NewsSpider-6) Start! ==========
INFO:root:[2018-10-14 10:50:28] ========== (NewsSpider-7) Start! ==========
INFO:root:[2018-10-14 10:50:28] ========== (NewsSpider-8) Start! ==========
INFO:root:[2018-10-14 10:50:28] ========== (NewsSpider-9) Start! ==========
INFO:root:[2018-10-14 10:50:28] ========== (NewsSpider-10) Start! ==========
INFO:root:[2018-10-14 10:51:37] ========== (NewsSpider-8) Thread END ==========
INFO:root:[2018-10-14 10:51:40] ========== (NewsSpider-7) Thread END ==========
INFO:root:[2018-10-14 10:51:40] ========== (NewsSpider-4) Thread END ==========
INFO:root:[2018-10-14 10:51:40] ========== (NewsSpider-2) Thread END ==========
INFO:root:[2018-10-14 10:51:41] ========== (NewsSpider-5) Thread END ==========
INFO:root:[2018-10-14 10:51:41] ========== (NewsSpider-9) Thread END ==========
INFO:root:[2018-10-14 10:51:42] ========== (NewsSpider-1) Thread END ==========
INFO:root:[2018-10-14 10:51:42] ========== (NewsSpider-6) Thread END ==========
INFO:root:[2018-10-14 10:51:42] ========== (NewsSpider-3) Thread END ==========
INFO:root:[2018-10-14 10:51:43] ========== (NewsSpider-10) Thread END ==========
CRITICAL:newspaper.network:[REQUEST FAILED] 404 Client Error: Not Found for url: https://medicalxpress.com/rss/
CRITICAL:newspaper.network:[REQUEST FAILED] 404 Client Error: Not Found for url: https://medicalxpress.com/feed/
INFO:root:[2018-10-14 17:44:09] ========== (NewsSpider-1) Start! ==========
INFO:root:[2018-10-14 17:44:09] ========== (NewsSpider-2) Start! ==========
INFO:root:[2018-10-14 17:44:09] ========== (NewsSpider-3) Start! ==========
INFO:root:[2018-10-14 17:44:09] ========== (NewsSpider-4) Start! ==========
INFO:root:[2018-10-14 17:44:09] ========== (NewsSpider-5) Start! ==========
INFO:root:[2018-10-14 17:45:38] ========== (NewsSpider-3) Thread END ==========
INFO:root:[2018-10-14 17:45:39] ========== (NewsSpider-1) Thread END ==========
INFO:root:[2018-10-14 17:45:39] ========== (NewsSpider-2) Thread END ==========
INFO:root:[2018-10-14 17:45:42] ========== (NewsSpider-5) Thread END ==========
INFO:root:[2018-10-14 17:45:43] ========== (NewsSpider-4) Thread END ==========
CRITICAL:newspaper.network:[REQUEST FAILED] 404 Client Error: Not Found for url: https://medicalxpress.com/rss/
CRITICAL:newspaper.network:[REQUEST FAILED] 404 Client Error: Not Found for url: https://medicalxpress.com/feed/
INFO:root:[2018-10-14 18:39:07] ========== (NewsSpider-1) Start! ==========
INFO:root:[2018-10-14 18:39:07] ========== (NewsSpider-2) Start! ==========
INFO:root:[2018-10-14 18:39:07] ========== (NewsSpider-3) Start! ==========
INFO:root:[2018-10-14 18:39:07] ========== (NewsSpider-4) Start! ==========
INFO:root:[2018-10-14 18:39:07] ========== (NewsSpider-5) Start! ==========
INFO:root:[2018-10-14 18:40:48] ========== (NewsSpider-3) Thread END ==========
INFO:root:[2018-10-14 18:40:50] ========== (NewsSpider-5) Thread END ==========
INFO:root:[2018-10-14 18:40:50] ========== (NewsSpider-4) Thread END ==========
INFO:root:[2018-10-14 18:40:51] ========== (NewsSpider-1) Thread END ==========
INFO:root:[2018-10-14 18:40:52] ========== (NewsSpider-2) Thread END ==========
CRITICAL:newspaper.network:[REQUEST FAILED] 404 Client Error: Not Found for url: https://medicalxpress.com/rss/
CRITICAL:newspaper.network:[REQUEST FAILED] 404 Client Error: Not Found for url: https://medicalxpress.com/feed/
INFO:root:[2018-10-14 19:27:34] ========== (NewsSpider-1) Start! ==========
INFO:root:[2018-10-14 19:27:34] ========== (NewsSpider-2) Start! ==========
INFO:root:[2018-10-14 19:27:34] ========== (NewsSpider-3) Start! ==========
INFO:root:[2018-10-14 19:27:34] ========== (NewsSpider-4) Start! ==========
INFO:root:[2018-10-14 19:27:34] ========== (NewsSpider-5) Start! ==========
INFO:root:[2018-10-14 19:29:05] ========== (NewsSpider-2) Thread END ==========
INFO:root:[2018-10-14 19:29:08] ========== (NewsSpider-5) Thread END ==========
INFO:root:[2018-10-14 19:29:09] ========== (NewsSpider-3) Thread END ==========
INFO:root:[2018-10-14 19:29:11] ========== (NewsSpider-1) Thread END ==========
INFO:root:[2018-10-14 19:29:11] ========== (NewsSpider-4) Thread END ==========
