CRITICAL:newspaper.network:[REQUEST FAILED] 404 Client Error: Not Found for url: https://variety.com/vcategory
CRITICAL:newspaper.network:[REQUEST FAILED] 404 Client Error: Not Found for url: https://variety.com/feeds
INFO:root:[2018-09-08 18:26:54] ========== (NewsSpider-1) Start! ==========
INFO:root:[2018-09-08 18:26:54] ========== (NewsSpider-2) Start! ==========
INFO:root:[2018-09-08 18:26:54] ========== (NewsSpider-3) Start! ==========
INFO:root:[2018-09-08 18:26:54] ========== (NewsSpider-4) Start! ==========
INFO:root:[2018-09-08 18:26:54] ========== (NewsSpider-5) Start! ==========
INFO:root:[2018-09-08 18:27:00] (NewsSpider-3) (2/192) Crawling and storing DONE - Songs of Hope to Honor Composer Stephen Schwartz
CRITICAL:newspaper.network:[REQUEST FAILED] 404 Client Error: Not Found for url: https://variety.com/vcategory
CRITICAL:newspaper.network:[REQUEST FAILED] ('Connection aborted.', RemoteDisconnected('Remote end closed connection without response',))
CRITICAL:newspaper.network:[REQUEST FAILED] ('Connection aborted.', RemoteDisconnected('Remote end closed connection without response',))
INFO:root:[2018-10-14 10:50:39] ========== (NewsSpider-1) Start! ==========
INFO:root:[2018-10-14 10:50:39] ========== (NewsSpider-2) Start! ==========
INFO:root:[2018-10-14 10:50:39] ========== (NewsSpider-3) Start! ==========
INFO:root:[2018-10-14 10:50:39] ========== (NewsSpider-4) Start! ==========
INFO:root:[2018-10-14 10:50:39] ========== (NewsSpider-5) Start! ==========
INFO:root:[2018-10-14 10:50:39] ========== (NewsSpider-6) Start! ==========
INFO:root:[2018-10-14 10:50:39] ========== (NewsSpider-7) Start! ==========
INFO:root:[2018-10-14 10:50:39] ========== (NewsSpider-8) Start! ==========
INFO:root:[2018-10-14 10:50:39] ========== (NewsSpider-9) Start! ==========
INFO:root:[2018-10-14 10:50:39] ========== (NewsSpider-10) Start! ==========
INFO:root:[2018-10-14 10:50:48] (NewsSpider-6) (1/189) Crawling and storing DONE - Bradley Cooper Picks Up Manhattan Townhouse
INFO:root:[2018-10-14 10:50:48] (NewsSpider-2) (2/189) Crawling and storing DONE - Ben McKenzie and Morena Baccarin Lists Gotham Condo
INFO:root:[2018-10-14 10:50:49] (NewsSpider-5) (3/189) Crawling and storing DONE - Dirt – Variety
INFO:root:[2018-10-14 10:50:49] (NewsSpider-8) (5/189) Crawling and storing DONE - Biz – Variety
INFO:root:[2018-10-14 10:50:50] (NewsSpider-4) (6/189) Crawling and storing DONE - Influence Peddler: Stylist Kenny Duncan Talks Men’s Grooming Trends
INFO:root:[2018-10-14 10:50:51] (NewsSpider-3) (7/189) Crawling and storing DONE - ‘First Man’ Review: Ryan Gosling in a Space Drama That Shoots the Moon – Variety
INFO:root:[2018-10-14 10:50:51] (NewsSpider-1) (8/189) Crawling and storing DONE - Historical Epic ‘We, the Drowned’ Being Adapted for TV, Banijay Boards Sales (EXCLUSIVE)
INFO:root:[2018-10-14 10:50:51] (NewsSpider-7) (9/189) Crawling and storing DONE - T.I. Unfriends Kanye Over Trump Flattery: ‘I’m Officially Done!’ – Variety
WARNING:root:[2018-10-14 10:50:58] (NewsSpider-9) Article Not Exists on http://www.variety.com/v/music/news
WARNING:root:[2018-10-14 10:51:00] (NewsSpider-5) Article Not Exists on https://variety.com/2018/tv/columns/melania-trump-interview-abc-news-1202979331/
INFO:root:[2018-10-14 10:51:01] (NewsSpider-2) (10/189) Crawling and storing DONE - Riri’s Favorite Beauty Products For Glowing Skin
WARNING:root:[2018-10-14 10:51:02] (NewsSpider-3) Article Not Exists on https://variety.com/2018/tv/news/mipcom-tf1-alex-pina-movistar-the-pier-1202979655/
WARNING:root:[2018-10-14 10:51:02] (NewsSpider-8) Article Not Exists on https://variety.com/2018/tv/global/banijays-dlo-magnolia-high-profile-tv-drama-slate-1202979672/
WARNING:root:[2018-10-14 10:51:02] (NewsSpider-10) Article Not Exists on https://variety.com/gallery/ryan-eggold-hollywood-hills-blacklist/
WARNING:root:[2018-10-14 10:51:02] (NewsSpider-1) Article Not Exists on https://variety.com/2018/scene/news/variety-power-of-women-luncheon-2018-los-angeles-1202979019/
WARNING:root:[2018-10-14 10:51:03] (NewsSpider-7) Article Not Exists on https://variety.com/v/film/
INFO:root:[2018-10-14 10:51:04] (NewsSpider-4) (11/189) Crawling and storing DONE - Album Review: Prince’s ‘Piano & a Microphone 1983’
WARNING:root:[2018-10-14 10:51:08] (NewsSpider-9) Article Not Exists on https://variety.com/video/jurassic-world-fallen-kingdom-super-bowl-trailer/
INFO:root:[2018-10-14 10:51:11] (NewsSpider-6) (12/189) Crawling and storing DONE - Events – Variety
WARNING:root:[2018-10-14 10:51:12] (NewsSpider-2) Article Not Exists on https://variety.com/2018/tv/reviews/murphy-brown-review-1202957150/
INFO:root:[2018-10-14 10:51:14] (NewsSpider-8) (13/189) Crawling and storing DONE - Singapore Storms Into Premium TV Production – Variety
WARNING:root:[2018-10-14 10:51:15] (NewsSpider-7) Article Not Exists on https://variety.com/2018/tv/features/mipcom-tech-tv-twitter-kay-madati-interview-1202974601/
INFO:root:[2018-10-14 10:51:15] (NewsSpider-10) (14/189) Crawling and storing DONE - Gorillaz Say Goodbye to Touring – Maybe – at Opening Show in Philly – Variety
WARNING:root:[2018-10-14 10:51:18] (NewsSpider-9) Article Not Exists on https://variety.com/v/digital/features
INFO:root:[2018-10-14 10:51:21] (NewsSpider-1) (15/189) Crawling and storing DONE - Music – Variety
WARNING:root:[2018-10-14 10:51:24] (NewsSpider-2) Article Not Exists on https://variety.com/c/news/events/
INFO:root:[2018-10-14 10:51:25] (NewsSpider-5) (16/189) Crawling and storing DONE - Recaps – Variety
INFO:root:[2018-10-14 10:51:26] (NewsSpider-3) (18/189) Crawling and storing DONE - Singapore: 10 TV Players to Look Out for From the Island State
INFO:root:[2018-10-14 10:51:34] (NewsSpider-9) (19/189) Crawling and storing DONE - 2015 Oscar Contenders: Best Actor and Actress – Variety
INFO:root:[2018-10-14 10:51:34] (NewsSpider-8) (20/189) Crawling and storing DONE - Emmys: Burning Questions at the Finish Line – Variety
INFO:root:[2018-10-14 10:51:35] (NewsSpider-10) (21/189) Crawling and storing DONE - ‘Pretty Woman: The Musical’ Review: Broadway Show Opened Aug. 16 – Variety
INFO:root:[2018-10-14 10:51:35] (NewsSpider-4) (22/189) Crawling and storing DONE - News – Variety
WARNING:root:[2018-10-14 10:51:38] (NewsSpider-6) Article Not Exists on https://variety.com/video/dakota-fanning-child-star-experience/
INFO:root:[2018-10-14 10:51:39] (NewsSpider-5) (23/189) Crawling and storing DONE - ‘Bad Times at the El Royale’ Review: Shady Hotel Hosts Pulp Homage – Variety
WARNING:root:[2018-10-14 10:51:39] (NewsSpider-3) Article Not Exists on https://variety.com/gallery/fallout-76-preview/
INFO:root:[2018-10-14 10:51:39] (NewsSpider-1) (24/189) Crawling and storing DONE - Scarlett Johansson Buys Snedens Landing Hideaway – Variety
INFO:root:[2018-10-14 10:51:40] (NewsSpider-7) (26/189) Crawling and storing DONE - Artisans – Variety
WARNING:root:[2018-10-14 10:51:45] (NewsSpider-8) Article Not Exists on https://variety.com/2018/tv/news/trump-60-minutes-jamal-khashoggi-interview-1202979446/
WARNING:root:[2018-10-14 10:51:49] (NewsSpider-6) Article Not Exists on https://variety.com/2018/digital/news/netflix-1202979619-1202979619/
INFO:root:[2018-10-14 10:51:49] (NewsSpider-10) (27/189) Crawling and storing DONE - Netflix, Tech Stocks Recover After Brutal Market Selloff – Variety
WARNING:root:[2018-10-14 10:51:50] (NewsSpider-1) Article Not Exists on https://variety.com/video/three-billboards-outside-ebbing-missouri-variety-screening-series/
WARNING:root:[2018-10-14 10:51:51] (NewsSpider-2) Article Not Exists on https://variety.com/2018/digital/news/facebook-hack-update-30-million-accounts-affected-by-security-breach-1202978277/
INFO:root:[2018-10-14 10:51:51] (NewsSpider-9) (28/189) Crawling and storing DONE - Box Office – Variety
WARNING:root:[2018-10-14 10:51:51] (NewsSpider-7) Article Not Exists on https://variety.com/2018/film/news/natalie-portman-gender-parity-power-of-women-1202978582/
WARNING:root:[2018-10-14 10:51:51] (NewsSpider-3) Article Not Exists on https://variety.com/c/news/recaps/
WARNING:root:[2018-10-14 10:51:51] (NewsSpider-5) Article Not Exists on https://variety.com/video/the-cloverfield-paradox-trailer-super-bowl/
WARNING:root:[2018-10-14 10:51:57] (NewsSpider-8) Article Not Exists on https://variety.com/video/cmo-elizabeth-rutledge-on-american-express-unique-customer-experiences/
INFO:root:[2018-10-14 10:51:59] (NewsSpider-4) (29/189) Crawling and storing DONE - Real Estate – Variety
INFO:root:[2018-10-14 10:52:00] (NewsSpider-6) (30/189) Crawling and storing DONE - Jimmy Kimmel Talks Brooklyn, Matt Damon and Late-Night in Brooklyn – Variety
INFO:root:[2018-10-14 10:52:01] (NewsSpider-7) (31/189) Crawling and storing DONE - American Music Awards 2018 Arrivals (PHOTOS)
INFO:root:[2018-10-14 10:52:03] (NewsSpider-9) (33/189) Crawling and storing DONE - Actors on Actors: Jonathan Groff & Maggie Gyllenhaal (Full Video)
WARNING:root:[2018-10-14 10:52:07] (NewsSpider-8) Article Not Exists on https://variety.com/v/politics/
INFO:root:[2018-10-14 10:52:11] (NewsSpider-2) (35/189) Crawling and storing DONE - News – Variety
WARNING:root:[2018-10-14 10:52:11] (NewsSpider-6) Article Not Exists on https://variety.com/2018/tv/global/singapore-tv-shows-1202979695/
INFO:root:[2018-10-14 10:52:14] (NewsSpider-4) (36/189) Crawling and storing DONE - FreshPaper Inventor Kavita Shukla Honored at Power of Women
WARNING:root:[2018-10-14 10:52:15] (NewsSpider-1) Article Not Exists on https://variety.com/2018/tv/news/regina-king-power-of-women-sisterhood-1202978402/
INFO:root:[2018-10-14 10:52:16] (NewsSpider-10) (37/189) Crawling and storing DONE - News – Variety
INFO:root:[2018-10-14 10:52:16] (NewsSpider-7) (38/189) Crawling and storing DONE - Actors on Actors: Jeff Daniels and Laura Linney (Full Video)
INFO:root:[2018-10-14 10:52:17] (NewsSpider-3) (39/189) Crawling and storing DONE - Box Office – Variety
WARNING:root:[2018-10-14 10:52:18] (NewsSpider-8) Article Not Exists on https://variety.com/2018/tv/news/saturday-night-live-bill-cosby-prison-sketch-1202979647/
INFO:root:[2018-10-14 10:52:19] (NewsSpider-9) (40/189) Crawling and storing DONE - New Music – Variety
INFO:root:[2018-10-14 10:52:20] (NewsSpider-5) (41/189) Crawling and storing DONE - Fox Business News Anchor Trish Regan Sells Fifth Avenue Co-op
WARNING:root:[2018-10-14 10:52:24] (NewsSpider-6) Article Not Exists on https://variety.com/v/tv/reviews
WARNING:root:[2018-10-14 10:52:24] (NewsSpider-4) Article Not Exists on https://variety.com/2018/dirt/real-estalker/david-beckham-beverly-hills-1202972500/
INFO:root:[2018-10-14 10:52:26] (NewsSpider-2) (42/189) Crawling and storing DONE - Horror Films Streaming Right Now: 31 Terrifying Titles – Variety
WARNING:root:[2018-10-14 10:52:29] (NewsSpider-9) Article Not Exists on https://variety.com/2018/music/news/t-i-talks-trap-trump-and-kanye-1202979363/
INFO:root:[2018-10-14 10:52:29] (NewsSpider-10) (43/189) Crawling and storing DONE - James Gunn in Talks for ‘Suicide Squad 2’ – Variety
INFO:root:[2018-10-14 10:52:32] (NewsSpider-8) (44/189) Crawling and storing DONE - Pre-Broadway Review: ‘Tootsie’ the Musical
INFO:root:[2018-10-14 10:52:32] (NewsSpider-5) (45/189) Crawling and storing DONE - ‘First Man’ Box Office: Ryan Gosling Pic Debuts to $16 Million – Variety
INFO:root:[2018-10-14 10:52:33] (NewsSpider-1) (46/189) Crawling and storing DONE - Marvel’s ‘Iron Fist’ Won’t Return for Season 3 on Netflix
INFO:root:[2018-10-14 10:52:34] (NewsSpider-3) (47/189) Crawling and storing DONE - Telegenic House Flipper Jeff Lewis Lists Sunset Strip Contemporary
WARNING:root:[2018-10-14 10:52:35] (NewsSpider-4) Article Not Exists on https://variety.com/2018/dirt/real-estalker/trish-regan-manhattan-fox-business-1202978781/
INFO:root:[2018-10-14 10:52:38] (NewsSpider-6) (48/189) Crawling and storing DONE - Emmys: The Good, The Bad and the WTF - Watch Video
WARNING:root:[2018-10-14 10:52:39] (NewsSpider-9) Article Not Exists on https://variety.com/video/rupauls-drag-race-wigs-best-looks/
WARNING:root:[2018-10-14 10:52:42] (NewsSpider-8) Article Not Exists on https://variety.com/v/digital/global
INFO:root:[2018-10-14 10:52:43] (NewsSpider-10) (49/189) Crawling and storing DONE - 11 Sexiest Pics Of Brad Pitt On ‘Once Upon A Time In Hollywood’ Set: Buff Arms & More
WARNING:root:[2018-10-14 10:52:44] (NewsSpider-1) Article Not Exists on https://variety.com/2018/biz/news/cnn-withdraws-from-saudi-conference-khashoggi-1202978107/
INFO:root:[2018-10-14 10:52:44] (NewsSpider-5) (50/189) Crawling and storing DONE - Margot Robbie, Guillermo del Toro, and More Name Filmmakers That Inspire Them
INFO:root:[2018-10-14 10:52:45] (NewsSpider-3) (51/189) Crawling and storing DONE - Adam Carolla Lists Renovated La Cañada Flintridge Residence
WARNING:root:[2018-10-14 10:52:45] (NewsSpider-2) Article Not Exists on http://www.variety.com/v/music/new-music
WARNING:root:[2018-10-14 10:52:47] (NewsSpider-4) Article Not Exists on https://variety.com/2018/digital/opinion/magic-leap-leapcon-1202978949/
INFO:root:[2018-10-14 10:52:57] (NewsSpider-8) (52/189) Crawling and storing DONE - TV Review: ‘The Romanoffs’
INFO:root:[2018-10-14 10:52:57] (NewsSpider-5) (54/189) Crawling and storing DONE - Ike Barinholtz Says Donald Trump Inspired ‘The Oath’ – Variety
INFO:root:[2018-10-14 10:52:57] (NewsSpider-6) (55/189) Crawling and storing DONE - ‘The Conners’ Moves on Without Roseanne Barr – Variety
INFO:root:[2018-10-14 10:53:01] (NewsSpider-1) (57/189) Crawling and storing DONE - Emmy-Nominated Title Designers on Creating Memorable Intros – Variety
INFO:root:[2018-10-14 10:53:03] (NewsSpider-10) (58/189) Crawling and storing DONE - Dirt – Variety
INFO:root:[2018-10-14 10:53:04] (NewsSpider-2) (59/189) Crawling and storing DONE - Columns – Variety
INFO:root:[2018-10-14 10:53:07] (NewsSpider-4) (60/189) Crawling and storing DONE - Alex Borstein on ‘The Marvelous Mrs. Maisel’ Season 2 and Her Maturing Comedic Sensibility
INFO:root:[2018-10-14 10:53:12] (NewsSpider-1) (62/189) Crawling and storing DONE - Variety’s New Power of New York Party (Photos)
INFO:root:[2018-10-14 10:53:12] (NewsSpider-9) (63/189) Crawling and storing DONE - Voices – Variety
INFO:root:[2018-10-14 10:53:16] (NewsSpider-3) (64/189) Crawling and storing DONE - Mr. Rogers Biopic On Set Accident: Sound Mixer Dead – Variety
INFO:root:[2018-10-14 10:53:16] (NewsSpider-10) (65/189) Crawling and storing DONE - Galleries – Page 2 – Variety
INFO:root:[2018-10-14 10:53:18] (NewsSpider-4) (66/189) Crawling and storing DONE - Bradley Cooper Quietly Buys New York City Townhouse – Variety
INFO:root:[2018-10-14 10:53:19] (NewsSpider-8) (67/189) Crawling and storing DONE - Concert Reviews – Variety
INFO:root:[2018-10-14 10:53:19] (NewsSpider-6) (68/189) Crawling and storing DONE - Album Reviews – Variety
INFO:root:[2018-10-14 10:53:20] (NewsSpider-2) (69/189) Crawling and storing DONE - Unscripted Need Strong Formats Over Familiar Faces to Sell Overseas – Variety
INFO:root:[2018-10-14 10:53:21] (NewsSpider-9) (71/189) Crawling and storing DONE - Digital – Variety
INFO:root:[2018-10-14 10:53:22] (NewsSpider-3) (72/189) Crawling and storing DONE - Legit – Variety
INFO:root:[2018-10-14 10:53:30] (NewsSpider-8) (73/189) Crawling and storing DONE - Developer Ninja Theory Launches Scholarship For Mental Health Training
INFO:root:[2018-10-14 10:53:31] (NewsSpider-1) (74/189) Crawling and storing DONE - SunTrust CMO Susan Johnson on Importance of Native Advertising
INFO:root:[2018-10-14 10:53:31] (NewsSpider-4) (75/189) Crawling and storing DONE - Here’s an educated guess about when the final season of ‘Game of Thrones’ will premiere
INFO:root:[2018-10-14 10:53:31] (NewsSpider-6) (76/189) Crawling and storing DONE - Album Reviews – Variety
INFO:root:[2018-10-14 10:53:31] (NewsSpider-2) (77/189) Crawling and storing DONE - Broadway Review: Go-Go’s Musical ‘Head Over Heels’
INFO:root:[2018-10-14 10:53:32] (NewsSpider-9) (78/189) Crawling and storing DONE - Concert Reviews – Variety
INFO:root:[2018-10-14 10:53:32] (NewsSpider-10) (79/189) Crawling and storing DONE - Capitol Records Executive Joe Rainey Dies at 43
INFO:root:[2018-10-14 10:53:33] (NewsSpider-3) (80/189) Crawling and storing DONE - News – Variety
INFO:root:[2018-10-14 10:53:39] (NewsSpider-1) (81/189) Crawling and storing DONE - Gaming – Variety
INFO:root:[2018-10-14 10:53:42] (NewsSpider-8) (82/189) Crawling and storing DONE - Ryan Gosling’s 11 Best Films
INFO:root:[2018-10-14 10:53:43] (NewsSpider-4) (83/189) Crawling and storing DONE - ‘Flipping Out’ Star Jeff Lewis Lists Ultra-Luxe Contemporary Villa Above Sunset Strip (EXCLUSIVE)
INFO:root:[2018-10-14 10:53:44] (NewsSpider-10) (84/189) Crawling and storing DONE - Podcasts – Variety
INFO:root:[2018-10-14 10:53:45] (NewsSpider-6) (85/189) Crawling and storing DONE - Showtime Chief David Nevins in Talks for Expanded CBS Role (EXCLUSIVE)
INFO:root:[2018-10-14 10:53:47] (NewsSpider-2) (87/189) Crawling and storing DONE - Photos From Variety’s 2018 Power of Women Celebration
INFO:root:[2018-10-14 10:53:52] (NewsSpider-3) (89/189) Crawling and storing DONE - Columns – Variety
INFO:root:[2018-10-14 10:53:53] (NewsSpider-8) (90/189) Crawling and storing DONE - George Clooney Warns Against Fear, Hatred From Trump Administration in Stirring Power of Women Speech
INFO:root:[2018-10-14 10:54:02] (NewsSpider-6) (91/189) Crawling and storing DONE - Kevin Nealon Lists Georgian-Colonial Residence in Pacific Palisades
INFO:root:[2018-10-14 10:54:04] (NewsSpider-10) (92/189) Crawling and storing DONE - TV – Variety
INFO:root:[2018-10-14 10:54:07] (NewsSpider-9) (93/189) Crawling and storing DONE - News – Variety
INFO:root:[2018-10-14 10:54:09] (NewsSpider-1) (94/189) Crawling and storing DONE - Reviews – Variety
INFO:root:[2018-10-14 10:54:23] (NewsSpider-2) (95/189) Crawling and storing DONE - ‘Saturday Night Live’: Seth Meyers Steps Back Behind the ‘Weekend Update’ Desk and Michael Che Drops the N-Word
INFO:root:[2018-10-14 10:54:26] (NewsSpider-3) (96/189) Crawling and storing DONE - Podcasts – Variety
INFO:root:[2018-10-14 10:54:27] (NewsSpider-4) (97/189) Crawling and storing DONE - Seth MacFarlane, Sienna Miller Join Showtime’s Roger Ailes Limited Series
INFO:root:[2018-10-14 10:54:29] (NewsSpider-8) (98/189) Crawling and storing DONE - Kanye West Says Trump Made Him Superman; Does Career Kryptonite Await? – Variety
INFO:root:[2018-10-14 10:54:29] (NewsSpider-6) (99/189) Crawling and storing DONE - Scene – Variety
INFO:root:[2018-10-14 10:54:30] (NewsSpider-9) (100/189) Crawling and storing DONE - Real Estate – Variety
INFO:root:[2018-10-14 10:54:33] (NewsSpider-1) (101/189) Crawling and storing DONE - Lifestyle – Variety
WARNING:root:[2018-10-14 10:54:57] (NewsSpider-8) Article Not Exists on https://variety.com/gallery/varietys-2018-women-impact-report/
WARNING:root:[2018-10-14 10:54:57] (NewsSpider-4) Article Not Exists on https://variety.com/video/game-of-thrones-westworld-composer-ramin-djawadi/
INFO:root:[2018-10-14 10:54:59] (NewsSpider-10) (102/189) Crawling and storing DONE - ‘Moulin Rouge!’ Pre-Brodway Review with Karen Olivo, Aaron Tveit – Variety
INFO:root:[2018-10-14 10:55:09] (NewsSpider-6) (105/189) Crawling and storing DONE - Actors on Actors: Dakota Fanning and Freddie Highmore (Full Video)
WARNING:root:[2018-10-14 10:55:16] (NewsSpider-6) Article Not Exists on https://variety.com/v/film/columns
WARNING:root:[2018-10-14 10:55:16] (NewsSpider-9) Article Not Exists on https://variety.com/v/film/reviews/
INFO:root:[2018-10-14 10:55:20] (NewsSpider-2) (108/189) Crawling and storing DONE - Features – Variety
INFO:root:[2018-10-14 10:55:23] (NewsSpider-4) (109/189) Crawling and storing DONE - ‘Better Call Saul’ Team on the Season Finale: ‘It’s Either a Break or a Breakthrough’ (SPOILERS)
INFO:root:[2018-10-14 10:55:24] (NewsSpider-10) (110/189) Crawling and storing DONE - Yoko Ono Reflects on ‘Imagine’
INFO:root:[2018-10-14 10:55:38] (NewsSpider-3) (111/189) Crawling and storing DONE - ‘Dancing Queen’ Album Review: Cher Covers ABBA – Variety
INFO:root:[2018-10-14 10:55:39] (NewsSpider-8) (112/189) Crawling and storing DONE - Artisans – Variety
INFO:root:[2018-10-14 10:55:43] (NewsSpider-6) (113/189) Crawling and storing DONE - Lady Gaga in ‘Star Is Born’ Flips the Script on Singers-Turned-Actors – Variety
INFO:root:[2018-10-14 10:55:43] (NewsSpider-9) (114/189) Crawling and storing DONE - ‘Beautiful Boy’ Review: Carell, Chalamet in an Addiction Memoir – Variety
INFO:root:[2018-10-14 10:55:44] (NewsSpider-1) (115/189) Crawling and storing DONE - TV Review: ‘Camping’ Starring Jennifer Garner – Variety
INFO:root:[2018-10-14 10:55:44] (NewsSpider-3) (116/189) Crawling and storing DONE - The Women Who Power Country Music
INFO:root:[2018-10-14 10:55:47] (NewsSpider-4) (118/189) Crawling and storing DONE - Lena Waithe Power of Women Speech: Time’s Up, Trevor Project [WATCH] – Variety
INFO:root:[2018-10-14 10:55:50] (NewsSpider-8) (120/189) Crawling and storing DONE - Paul McCartney Gets Saucy, and Slightly Serious, on ‘Egypt Station’ – Variety
INFO:root:[2018-10-14 10:55:51] (NewsSpider-3) (122/189) Crawling and storing DONE - ‘Aladdin’ Teaser Trailer: Mena Massoud Stars as Aladdin – Variety
INFO:root:[2018-10-14 10:55:51] (NewsSpider-9) (123/189) Crawling and storing DONE - MipJunior: Turner Kids Unveils Kid Fan Segments, Engagement in Europe – Variety
INFO:root:[2018-10-14 10:55:52] (NewsSpider-10) (124/189) Crawling and storing DONE - ‘Fallout 76’ Partners With West Virginia Tourism Department Ahead of Release
INFO:root:[2018-10-14 10:55:53] (NewsSpider-6) (125/189) Crawling and storing DONE - Scarlett Johansson Nabs Secluded Spread in Snedens Landing
INFO:root:[2018-10-14 10:55:53] (NewsSpider-4) (126/189) Crawling and storing DONE - Global – Variety
INFO:root:[2018-10-14 10:55:55] (NewsSpider-8) (127/189) Crawling and storing DONE - Columns – Variety
INFO:root:[2018-10-14 10:55:58] (NewsSpider-10) (130/189) Crawling and storing DONE - ‘Romeo & Juliet’ 50th Anniversary: Stars on the Zeffirelli Classic – Variety
INFO:root:[2018-10-14 10:56:00] (NewsSpider-3) (131/189) Crawling and storing DONE - How Director Drew Goddard Brought Out Chris Hemsworth’s Dark Side in ‘Bad Times at the El Royale’
INFO:root:[2018-10-14 10:56:00] (NewsSpider-8) (132/189) Crawling and storing DONE - ‘Iron Fist’ Star Finn Jones Responds to Cancelation: ‘With Every End Is a New Beginning’
INFO:root:[2018-10-14 10:56:02] (NewsSpider-9) (133/189) Crawling and storing DONE - News – Variety
INFO:root:[2018-10-14 10:56:03] (NewsSpider-1) (134/189) Crawling and storing DONE - Endemol Shine China, Hunan TV Partner on Original Formats
INFO:root:[2018-10-14 10:56:04] (NewsSpider-4) (135/189) Crawling and storing DONE - 2015 Oscar Contenders: Best Actor and Actress – Variety
INFO:root:[2018-10-14 10:56:04] (NewsSpider-6) (137/189) Crawling and storing DONE - ‘Happy New Year, Colin Burstead’ Review: Ben Wheatley’s Sharp Comedy – Variety
INFO:root:[2018-10-14 10:56:04] (NewsSpider-3) (138/189) Crawling and storing DONE - Tiffany Haddish Accepts Variety Power of Women Honor – Variety
INFO:root:[2018-10-14 10:56:05] (NewsSpider-8) (139/189) Crawling and storing DONE - Album Review: Lil Wayne’s ‘Tha Carter V’
INFO:root:[2018-10-14 10:56:08] ========== (NewsSpider-8) Thread END ==========
INFO:root:[2018-10-14 10:56:08] ========== (NewsSpider-1) Thread END ==========
INFO:root:[2018-10-14 10:56:10] ========== (NewsSpider-10) Thread END ==========
INFO:root:[2018-10-14 10:56:10] (NewsSpider-3) (143/189) Crawling and storing DONE - Lifestyle – Variety
INFO:root:[2018-10-14 10:56:12] ========== (NewsSpider-4) Thread END ==========
INFO:root:[2018-10-14 10:56:12] (NewsSpider-6) (145/189) Crawling and storing DONE - News – Variety
INFO:root:[2018-10-14 10:56:12] ========== (NewsSpider-3) Thread END ==========
INFO:root:[2018-10-14 10:56:13] ========== (NewsSpider-6) Thread END ==========
INFO:root:[2018-10-14 10:56:13] (NewsSpider-9) (146/189) Crawling and storing DONE - ‘Goosebumps 2: Haunted Halloween’ Review: Innocuous Kiddie Spook Show – Variety
INFO:root:[2018-10-14 10:56:15] ========== (NewsSpider-9) Thread END ==========
CRITICAL:newspaper.network:[REQUEST FAILED] 404 Client Error: Not Found for url: https://variety.com/vcategory
CRITICAL:newspaper.network:[REQUEST FAILED] 404 Client Error: Not Found for url: https://variety.com/feeds
INFO:root:[2018-10-14 17:44:21] ========== (NewsSpider-1) Start! ==========
INFO:root:[2018-10-14 17:44:21] ========== (NewsSpider-2) Start! ==========
INFO:root:[2018-10-14 17:44:21] ========== (NewsSpider-3) Start! ==========
INFO:root:[2018-10-14 17:44:21] ========== (NewsSpider-4) Start! ==========
INFO:root:[2018-10-14 17:44:21] ========== (NewsSpider-5) Start! ==========
INFO:root:[2018-10-14 17:44:29] (NewsSpider-4) (3/186) Crawling and storing DONE - SunTrust CMO Susan Johnson on Importance of Native Advertising
INFO:root:[2018-10-14 17:44:30] (NewsSpider-1) (4/186) Crawling and storing DONE - How Director Drew Goddard Brought Out Chris Hemsworth’s Dark Side in ‘Bad Times at the El Royale’
INFO:root:[2018-10-14 17:44:30] (NewsSpider-5) (5/186) Crawling and storing DONE - Horror Films Streaming Right Now: 31 Terrifying Titles – Variety
INFO:root:[2018-10-14 17:44:38] (NewsSpider-3) (6/186) Crawling and storing DONE - Reviews – Variety
INFO:root:[2018-10-14 17:44:38] (NewsSpider-4) (7/186) Crawling and storing DONE - ‘Fallout 76’ Preview
INFO:root:[2018-10-14 17:44:40] (NewsSpider-5) (8/186) Crawling and storing DONE - Broadway Review: Go-Go’s Musical ‘Head Over Heels’
INFO:root:[2018-10-14 17:44:47] (NewsSpider-4) (10/186) Crawling and storing DONE - T.I. Unfriends Kanye Over Trump Flattery: ‘I’m Officially Done!’ – Variety
INFO:root:[2018-10-14 17:44:49] (NewsSpider-1) (12/186) Crawling and storing DONE - Columns – Variety
INFO:root:[2018-10-14 17:44:50] (NewsSpider-5) (13/186) Crawling and storing DONE - Developer Ninja Theory Launches Scholarship For Mental Health Training
INFO:root:[2018-10-14 17:44:55] (NewsSpider-2) (14/186) Crawling and storing DONE - Politics – Variety
INFO:root:[2018-10-14 17:45:04] (NewsSpider-4) (17/186) Crawling and storing DONE - Columns – Variety
INFO:root:[2018-10-14 17:45:05] (NewsSpider-3) (18/186) Crawling and storing DONE - ‘Happy New Year, Colin Burstead’ Review: Ben Wheatley’s Sharp Comedy – Variety
INFO:root:[2018-10-14 17:45:11] (NewsSpider-2) (19/186) Crawling and storing DONE - News – Variety
INFO:root:[2018-10-14 17:45:13] (NewsSpider-4) (21/186) Crawling and storing DONE - Marvel’s ‘Iron Fist’ Won’t Return for Season 3 on Netflix
INFO:root:[2018-10-14 17:45:14] (NewsSpider-5) (22/186) Crawling and storing DONE - News – Variety
INFO:root:[2018-10-14 17:45:20] (NewsSpider-3) (24/186) Crawling and storing DONE - Fox Business News Anchor Trish Regan Sells Fifth Avenue Co-op
INFO:root:[2018-10-14 17:45:22] (NewsSpider-5) (25/186) Crawling and storing DONE - New Music – Variety
INFO:root:[2018-10-14 17:45:27] (NewsSpider-2) (26/186) Crawling and storing DONE - Lifestyle – Variety
INFO:root:[2018-10-14 17:45:28] (NewsSpider-4) (27/186) Crawling and storing DONE - Podcasts – Variety
INFO:root:[2018-10-14 17:45:32] (NewsSpider-5) (28/186) Crawling and storing DONE - TV Review: ‘Murphy Brown’ on CBS
INFO:root:[2018-10-14 17:45:34] (NewsSpider-3) (29/186) Crawling and storing DONE - Box Office – Variety
INFO:root:[2018-10-14 17:45:35] (NewsSpider-2) (30/186) Crawling and storing DONE - Features – Variety
INFO:root:[2018-10-14 17:45:35] (NewsSpider-4) (31/186) Crawling and storing DONE - TV Review: ‘The Romanoffs’
INFO:root:[2018-10-14 17:45:40] (NewsSpider-5) (32/186) Crawling and storing DONE - Alex Borstein on ‘The Marvelous Mrs. Maisel’ Season 2 and Her Maturing Comedic Sensibility
INFO:root:[2018-10-14 17:45:42] (NewsSpider-3) (33/186) Crawling and storing DONE - Internet Content Consumption Grows Faster Than TV Viewing in China – Variety
INFO:root:[2018-10-14 17:45:44] (NewsSpider-2) (34/186) Crawling and storing DONE - Variety’s 2018 Women’s Impact Report
INFO:root:[2018-10-14 17:45:46] (NewsSpider-4) (35/186) Crawling and storing DONE - Jimmy Kimmel Talks Brooklyn, Matt Damon and Late-Night in Brooklyn – Variety
INFO:root:[2018-10-14 17:45:47] (NewsSpider-5) (36/186) Crawling and storing DONE - American Music Awards 2018 Arrivals (PHOTOS)
INFO:root:[2018-10-14 17:45:51] (NewsSpider-3) (37/186) Crawling and storing DONE - ‘Beautiful Boy’ Review: Carell, Chalamet in an Addiction Memoir – Variety
INFO:root:[2018-10-14 17:45:57] (NewsSpider-4) (39/186) Crawling and storing DONE - George Clooney Warns Against Fear, Hatred From Trump Administration in Stirring Power of Women Speech
INFO:root:[2018-10-14 17:45:58] (NewsSpider-3) (40/186) Crawling and storing DONE - The Beckhams Bail Out of Beverly Hills – Variety
INFO:root:[2018-10-14 17:45:59] (NewsSpider-2) (41/186) Crawling and storing DONE - All About Autumn: The Ultimate SPY Guide to Your Best Fall Ever
INFO:root:[2018-10-14 17:46:00] (NewsSpider-5) (42/186) Crawling and storing DONE - T.I. Talks Trap, Trump and Kanye – Variety
INFO:root:[2018-10-14 17:46:05] (NewsSpider-4) (43/186) Crawling and storing DONE - Variety’s New Power of New York Party (Photos)
INFO:root:[2018-10-14 17:46:07] (NewsSpider-3) (45/186) Crawling and storing DONE - Columns – Variety
INFO:root:[2018-10-14 17:46:07] (NewsSpider-5) (46/186) Crawling and storing DONE - Fox Business News Anchor Trish Regan Sells New York City Co-op – Variety
INFO:root:[2018-10-14 17:46:13] (NewsSpider-4) (47/186) Crawling and storing DONE - ‘First Man’ Blues: How ‘Star Wars’ Killed the Mystery of the Moon Shot – Variety
INFO:root:[2018-10-14 17:46:13] (NewsSpider-3) (48/186) Crawling and storing DONE - Galleries – Page 2 – Variety
INFO:root:[2018-10-14 17:46:14] (NewsSpider-5) (50/186) Crawling and storing DONE - Album Review: Prince’s ‘Piano & a Microphone 1983’
INFO:root:[2018-10-14 17:46:21] (NewsSpider-4) (51/186) Crawling and storing DONE - ‘American Horror Story’ Star Cheyenne Jackson on Jessica Lange’s Return: ‘She’s the Queen’
INFO:root:[2018-10-14 17:46:21] (NewsSpider-3) (52/186) Crawling and storing DONE - Telegenic House Flipper Jeff Lewis Lists Sunset Strip Contemporary
INFO:root:[2018-10-14 17:46:22] (NewsSpider-2) (53/186) Crawling and storing DONE - Recaps – Variety
INFO:root:[2018-10-14 17:46:26] (NewsSpider-4) (54/186) Crawling and storing DONE - Music – Variety
INFO:root:[2018-10-14 17:46:28] (NewsSpider-2) (55/186) Crawling and storing DONE - Scarlett Johansson Buys Snedens Landing Hideaway – Variety
INFO:root:[2018-10-14 17:46:29] (NewsSpider-5) (56/186) Crawling and storing DONE - News – Variety
INFO:root:[2018-10-14 17:46:29] (NewsSpider-3) (57/186) Crawling and storing DONE - ‘Flipping Out’ Star Jeff Lewis Lists Ultra-Luxe Contemporary Villa Above Sunset Strip (EXCLUSIVE)
INFO:root:[2018-10-14 17:46:35] (NewsSpider-2) (58/186) Crawling and storing DONE - ‘Bad Times at the El Royale’ Review: Shady Hotel Hosts Pulp Homage – Variety
INFO:root:[2018-10-14 17:46:41] (NewsSpider-3) (61/186) Crawling and storing DONE - Real Estate – Variety
INFO:root:[2018-10-14 17:46:41] (NewsSpider-2) (62/186) Crawling and storing DONE - ‘Venom’ Grabs $69 Million From International Markets
INFO:root:[2018-10-14 17:46:43] (NewsSpider-5) (63/186) Crawling and storing DONE - Trevor Noah: ‘Donald Trump Is a Cancer’
INFO:root:[2018-10-14 17:46:46] (NewsSpider-2) (64/186) Crawling and storing DONE - FreshPaper Inventor Kavita Shukla Honored at Power of Women
INFO:root:[2018-10-14 17:46:47] (NewsSpider-3) (65/186) Crawling and storing DONE - News – Variety
INFO:root:[2018-10-14 17:46:48] (NewsSpider-5) (66/186) Crawling and storing DONE - ‘Saturday Night Live’ Visits Bill Cosby in Jail (Watch)
INFO:root:[2018-10-14 17:46:53] (NewsSpider-2) (68/186) Crawling and storing DONE - New Music – Variety
INFO:root:[2018-10-14 17:46:56] (NewsSpider-5) (69/186) Crawling and storing DONE - In Rare TV Interview, Melania Trump Defies Narrative
INFO:root:[2018-10-14 17:46:58] (NewsSpider-2) (70/186) Crawling and storing DONE - Biz – Variety
INFO:root:[2018-10-14 17:46:58] (NewsSpider-3) (71/186) Crawling and storing DONE - Concert Reviews – Variety
INFO:root:[2018-10-14 17:47:02] (NewsSpider-3) (72/186) Crawling and storing DONE - Bradley Cooper Picks Up Manhattan Townhouse
INFO:root:[2018-10-14 17:47:05] (NewsSpider-5) (74/186) Crawling and storing DONE - 2015 Oscar Contenders: Best Actor and Actress – Variety
INFO:root:[2018-10-14 17:47:07] (NewsSpider-3) (75/186) Crawling and storing DONE - Hasselhoff and Heroes: Strange ’80s Concert Lives Up to Its Name
INFO:root:[2018-10-14 17:47:09] (NewsSpider-2) (76/186) Crawling and storing DONE - Actors on Actors: Dakota Fanning and Freddie Highmore (Full Video)
INFO:root:[2018-10-14 17:47:11] (NewsSpider-3) (77/186) Crawling and storing DONE - Global – Variety
INFO:root:[2018-10-14 17:47:13] (NewsSpider-5) (78/186) Crawling and storing DONE - Album Reviews – Variety
INFO:root:[2018-10-14 17:47:19] (NewsSpider-3) (80/186) Crawling and storing DONE - ‘Moulin Rouge!’ Pre-Brodway Review with Karen Olivo, Aaron Tveit – Variety
INFO:root:[2018-10-14 17:47:21] (NewsSpider-5) (81/186) Crawling and storing DONE - Lady Gaga in ‘Star Is Born’ Flips the Script on Singers-Turned-Actors – Variety
INFO:root:[2018-10-14 17:47:22] (NewsSpider-2) (82/186) Crawling and storing DONE - ‘Pretty Woman: The Musical’ Review: Broadway Show Opened Aug. 16 – Variety
INFO:root:[2018-10-14 17:47:26] (NewsSpider-3) (83/186) Crawling and storing DONE - ‘First Man’ Struggles to Place Third; ‘Venom’ Still No. 1, but ‘A Star Is Born’ Stays Strong
INFO:root:[2018-10-14 17:47:27] (NewsSpider-2) (84/186) Crawling and storing DONE - Box Office – Variety
INFO:root:[2018-10-14 17:47:29] (NewsSpider-5) (85/186) Crawling and storing DONE - Concert Reviews – Variety
INFO:root:[2018-10-14 17:47:33] (NewsSpider-3) (86/186) Crawling and storing DONE - Paul McCartney Gets Saucy, and Slightly Serious, on ‘Egypt Station’ – Variety
INFO:root:[2018-10-14 17:47:34] (NewsSpider-5) (87/186) Crawling and storing DONE - Ryan Gosling’s 11 Best Films
INFO:root:[2018-10-14 17:47:35] (NewsSpider-2) (88/186) Crawling and storing DONE - Events – Variety
INFO:root:[2018-10-14 17:47:39] (NewsSpider-3) (89/186) Crawling and storing DONE - ‘Saturday Night Live’: Alec Baldwin Returns as Donald Trump for Oval Office Meeting with Kanye West (Watch)
INFO:root:[2018-10-14 17:47:40] (NewsSpider-5) (90/186) Crawling and storing DONE - Trump Vows ‘Severe Punishment’ Over Khashoggi Disappearance in ’60 Minutes’ Interview
INFO:root:[2018-10-14 17:47:42] (NewsSpider-2) (91/186) Crawling and storing DONE - Natalie Portman Advocates for Gender Parity in Forceful Speech: ‘Light A Woman’s Torch’
INFO:root:[2018-10-14 17:47:45] (NewsSpider-3) (92/186) Crawling and storing DONE - Now there’s something wrong with NASA’s Chandra spacecraft, too
INFO:root:[2018-10-14 17:47:49] (NewsSpider-5) (93/186) Crawling and storing DONE - Pre-Broadway Review: ‘Tootsie’ the Musical
INFO:root:[2018-10-14 17:47:52] (NewsSpider-3) (95/186) Crawling and storing DONE - ‘First Man’ Review: Ryan Gosling in a Space Drama That Shoots the Moon – Variety
INFO:root:[2018-10-14 17:47:53] (NewsSpider-2) (96/186) Crawling and storing DONE - Scarlett Johansson Nabs Secluded Spread in Snedens Landing
INFO:root:[2018-10-14 17:47:56] (NewsSpider-5) (97/186) Crawling and storing DONE - Kanye West Says Trump Made Him Superman; Does Career Kryptonite Await? – Variety
INFO:root:[2018-10-14 17:47:58] (NewsSpider-2) (98/186) Crawling and storing DONE - ‘Beautiful Boy’ Box Office: Timothee Chalamet Movie Has Strong Opening – Variety
INFO:root:[2018-10-14 17:47:59] (NewsSpider-3) (99/186) Crawling and storing DONE - Global – Variety
INFO:root:[2018-10-14 17:48:03] (NewsSpider-5) (100/186) Crawling and storing DONE - News – Variety
INFO:root:[2018-10-14 17:48:03] (NewsSpider-2) (101/186) Crawling and storing DONE - MipJunior: Turner Kids Unveils Kid Fan Segments, Engagement in Europe – Variety
INFO:root:[2018-10-14 17:48:06] (NewsSpider-3) (102/186) Crawling and storing DONE - 2015 Oscar Contenders: Best Actor and Actress – Variety
INFO:root:[2018-10-14 17:48:09] (NewsSpider-2) (103/186) Crawling and storing DONE - ‘Goosebumps 2: Haunted Halloween’ Review: Innocuous Kiddie Spook Show – Variety
INFO:root:[2018-10-14 17:48:09] (NewsSpider-5) (104/186) Crawling and storing DONE - Reviews – Variety
INFO:root:[2018-10-14 17:48:12] (NewsSpider-3) (105/186) Crawling and storing DONE - News – Variety
INFO:root:[2018-10-14 17:48:14] (NewsSpider-5) (106/186) Crawling and storing DONE - Album Review: Lil Wayne’s ‘Tha Carter V’
INFO:root:[2018-10-14 17:48:15] (NewsSpider-2) (107/186) Crawling and storing DONE - Ike Barinholtz Says Donald Trump Inspired ‘The Oath’ – Variety
INFO:root:[2018-10-14 17:48:18] (NewsSpider-3) (109/186) Crawling and storing DONE - Showtime Chief David Nevins in Talks for Expanded CBS Role (EXCLUSIVE)
INFO:root:[2018-10-14 17:48:18] (NewsSpider-2) (110/186) Crawling and storing DONE - Gaming – Variety
INFO:root:[2018-10-14 17:48:20] (NewsSpider-3) (111/186) Crawling and storing DONE - Margot Robbie, Guillermo del Toro, and More Name Filmmakers That Inspire Them
INFO:root:[2018-10-14 17:48:21] (NewsSpider-5) (112/186) Crawling and storing DONE - Film – Variety
INFO:root:[2018-10-14 17:48:23] (NewsSpider-2) (113/186) Crawling and storing DONE - Ryan Eggold Lists Hollywood Hills Pad
INFO:root:[2018-10-14 17:48:23] (NewsSpider-3) (114/186) Crawling and storing DONE - Emmys: The Good, The Bad and the WTF - Watch Video
INFO:root:[2018-10-14 17:48:26] (NewsSpider-5) (115/186) Crawling and storing DONE - Artisans – Variety
INFO:root:[2018-10-14 17:48:27] (NewsSpider-3) (116/186) Crawling and storing DONE - DreamWorks Animation TV Chief Margie Cohn Talks Female Superheroes, Streaming Pros and Cons
INFO:root:[2018-10-14 17:48:28] (NewsSpider-2) (117/186) Crawling and storing DONE - Columns – Variety
INFO:root:[2018-10-14 17:48:31] (NewsSpider-2) (118/186) Crawling and storing DONE - ‘BoJack Horseman’ Being Sold to International Channels by Lionsgate – Variety
INFO:root:[2018-10-14 17:48:31] (NewsSpider-3) (120/186) Crawling and storing DONE - Tiffany Haddish Accepts Variety Power of Women Honor – Variety
INFO:root:[2018-10-14 17:48:33] (NewsSpider-5) (121/186) Crawling and storing DONE - Adam Carolla Lists Renovated La Cañada Flintridge Residence
INFO:root:[2018-10-14 17:48:34] (NewsSpider-2) (122/186) Crawling and storing DONE - ‘Venom,’ ‘A Star Is Born’ Repeat Box Office Wins, ‘First Man’ Launches to $16.6 Million
INFO:root:[2018-10-14 17:48:34] (NewsSpider-3) (123/186) Crawling and storing DONE - ‘Dancing Queen’ Album Review: Cher Covers ABBA – Variety
INFO:root:[2018-10-14 17:48:35] (NewsSpider-2) (124/186) Crawling and storing DONE - Bradley Cooper Quietly Buys New York City Townhouse – Variety
INFO:root:[2018-10-14 17:48:37] (NewsSpider-5) (125/186) Crawling and storing DONE - TV – Variety
INFO:root:[2018-10-14 17:48:38] (NewsSpider-3) (126/186) Crawling and storing DONE - Cole Sprouse Publicly Teases GF Lili Reinhart After She Posts Shirtless Photo Of Him On Social Media
INFO:root:[2018-10-14 17:48:39] (NewsSpider-5) (127/186) Crawling and storing DONE - Dirt – Variety
INFO:root:[2018-10-14 17:48:39] (NewsSpider-2) (128/186) Crawling and storing DONE - Emmys: Burning Questions at the Finish Line – Variety
INFO:root:[2018-10-14 17:48:41] (NewsSpider-5) (129/186) Crawling and storing DONE - Kevin Nealon Lists Georgian-Colonial Residence in Pacific Palisades
INFO:root:[2018-10-14 17:48:41] (NewsSpider-3) (130/186) Crawling and storing DONE - Capitol Records Executive Joe Rainey Dies at 43
INFO:root:[2018-10-14 17:48:45] (NewsSpider-3) (132/186) Crawling and storing DONE - Lena Waithe Power of Women Speech: Time’s Up, Trevor Project [WATCH] – Variety
INFO:root:[2018-10-14 17:48:46] (NewsSpider-5) (133/186) Crawling and storing DONE - Album Reviews – Variety
INFO:root:[2018-10-14 17:48:47] (NewsSpider-2) (134/186) Crawling and storing DONE - Legit – Variety
INFO:root:[2018-10-14 17:48:54] (NewsSpider-2) (137/186) Crawling and storing DONE - Here’s How to Get That Faux Man Bun That’s Trending Right Now
INFO:root:[2018-10-14 17:48:54] (NewsSpider-3) (138/186) Crawling and storing DONE - News – Variety
INFO:root:[2018-10-14 17:48:56] (NewsSpider-3) (139/186) Crawling and storing DONE - Emmy-Nominated Title Designers on Creating Memorable Intros – Variety
INFO:root:[2018-10-14 17:48:57] (NewsSpider-2) (140/186) Crawling and storing DONE - Actors on Actors: Jonathan Groff & Maggie Gyllenhaal (Full Video)
INFO:root:[2018-10-14 17:49:01] (NewsSpider-2) (142/186) Crawling and storing DONE - Digital – Variety
INFO:root:[2018-10-14 17:49:03] (NewsSpider-3) (143/186) Crawling and storing DONE - CNN, Financial Times, CNBC Withdraw From Saudi Conference Amid Journalist’s Disappearance
INFO:root:[2018-10-14 17:49:04] (NewsSpider-2) (144/186) Crawling and storing DONE - Events – Variety
INFO:root:[2018-10-14 17:49:10] (NewsSpider-3) (148/186) Crawling and storing DONE - News – Variety
INFO:root:[2018-10-14 17:49:12] (NewsSpider-2) (150/186) Crawling and storing DONE - Actors on Actors: Jeff Daniels and Laura Linney (Full Video)
INFO:root:[2018-10-14 17:49:12] (NewsSpider-3) (151/186) Crawling and storing DONE - Ben McKenzie and Morena Baccarin Lists Gotham Condo
INFO:root:[2018-10-14 17:49:16] (NewsSpider-3) (153/186) Crawling and storing DONE - Podcasts – Variety
INFO:root:[2018-10-14 17:49:18] (NewsSpider-2) (154/186) Crawling and storing DONE - Lifestyle – Variety
INFO:root:[2018-10-14 17:49:19] (NewsSpider-2) (156/186) Crawling and storing DONE - Features – Variety
INFO:root:[2018-10-14 17:49:22] (NewsSpider-2) (157/186) Crawling and storing DONE - ‘The Conners’ Moves on Without Roseanne Barr – Variety
INFO:root:[2018-10-14 17:49:22] (NewsSpider-3) (158/186) Crawling and storing DONE - The Women Who Power Country Music
INFO:root:[2018-10-14 17:49:26] (NewsSpider-2) (160/186) Crawling and storing DONE - Dirt – Variety
INFO:root:[2018-10-14 17:49:27] (NewsSpider-3) (161/186) Crawling and storing DONE - BBC One Drama ‘Keeping Faith’ Picked Up by Arcon, Amazon Prime France – Variety
INFO:root:[2018-10-14 17:49:30] (NewsSpider-2) (163/186) Crawling and storing DONE - Matthew Weiner Wants ‘The Romanoffs’ To ‘Give Us Joy’ During ‘Divisive and Irritating’ Times
INFO:root:[2018-10-14 17:49:32] (NewsSpider-3) (164/186) Crawling and storing DONE - Photos From Variety’s 2018 Power of Women Celebration
INFO:root:[2018-10-14 17:49:33] (NewsSpider-2) (165/186) Crawling and storing DONE - James Gunn in Talks for ‘Suicide Squad 2’ – Variety
INFO:root:[2018-10-14 17:49:35] (NewsSpider-3) (166/186) Crawling and storing DONE - Joe Bananas Makes Leap From Sydney to New York
INFO:root:[2018-10-14 17:49:36] (NewsSpider-2) (167/186) Crawling and storing DONE - ‘Fallout 76’ Partners With West Virginia Tourism Department Ahead of Release
INFO:root:[2018-10-14 17:49:38] (NewsSpider-3) (168/186) Crawling and storing DONE - Artisans – Variety
INFO:root:[2018-10-14 17:49:38] (NewsSpider-2) (169/186) Crawling and storing DONE - Regina King’s Power of Women Acceptance Speech: ‘Never Stop Dreaming’ – Variety
INFO:root:[2018-10-14 17:49:39] (NewsSpider-2) (170/186) Crawling and storing DONE - Recaps – Variety
INFO:root:[2018-10-14 17:49:41] (NewsSpider-2) (171/186) Crawling and storing DONE - Facebook Hack Affected 30 Million Accounts – Variety
INFO:root:[2018-10-14 17:49:42] (NewsSpider-3) (172/186) Crawling and storing DONE - TV Review: ‘Camping’ Starring Jennifer Garner – Variety
INFO:root:[2018-10-14 17:49:43] (NewsSpider-2) (173/186) Crawling and storing DONE - Yoko Ono Reflects on ‘Imagine’
INFO:root:[2018-10-14 17:49:45] (NewsSpider-3) (174/186) Crawling and storing DONE - Reviews – Variety
INFO:root:[2018-10-14 17:49:47] (NewsSpider-2) (175/186) Crawling and storing DONE - Midterms, #MeToo and Badass Women: Inside Variety’s 10th Power of Women Luncheon
INFO:root:[2018-10-14 17:49:48] (NewsSpider-3) (176/186) Crawling and storing DONE - Scene – Variety
INFO:root:[2018-10-14 17:49:50] (NewsSpider-2) (177/186) Crawling and storing DONE - Magic Leap’s Problem: It Still Acts Like a Crazy Stealth Startup – Variety
INFO:root:[2018-10-14 17:49:54] (NewsSpider-2) (179/186) Crawling and storing DONE - Voices – Variety
INFO:root:[2018-10-14 17:49:54] (NewsSpider-3) (180/186) Crawling and storing DONE - Real Estate – Variety
INFO:root:[2018-10-14 17:49:57] (NewsSpider-2) (181/186) Crawling and storing DONE - ‘Romeo & Juliet’ 50th Anniversary: Stars on the Zeffirelli Classic – Variety
INFO:root:[2018-10-14 17:49:57] (NewsSpider-3) (182/186) Crawling and storing DONE - ‘Better Call Saul’ Team on the Season Finale: ‘It’s Either a Break or a Breakthrough’ (SPOILERS)
INFO:root:[2018-10-14 17:49:58] ========== (NewsSpider-2) Thread END ==========
INFO:root:[2018-10-14 17:49:59] ========== (NewsSpider-3) Thread END ==========
CRITICAL:newspaper.network:[REQUEST FAILED] 404 Client Error: Not Found for url: https://variety.com/vcategory
CRITICAL:newspaper.network:[REQUEST FAILED] 404 Client Error: Not Found for url: https://variety.com/feeds
INFO:root:[2018-10-14 18:39:19] ========== (NewsSpider-1) Start! ==========
INFO:root:[2018-10-14 18:39:19] ========== (NewsSpider-2) Start! ==========
INFO:root:[2018-10-14 18:39:19] ========== (NewsSpider-3) Start! ==========
INFO:root:[2018-10-14 18:39:19] ========== (NewsSpider-4) Start! ==========
INFO:root:[2018-10-14 18:39:19] ========== (NewsSpider-5) Start! ==========
INFO:root:[2018-10-14 18:43:57] ========== (NewsSpider-5) Thread END ==========
INFO:root:[2018-10-14 18:43:58] ========== (NewsSpider-1) Thread END ==========
INFO:root:[2018-10-14 18:43:59] ========== (NewsSpider-3) Thread END ==========
INFO:root:[2018-10-14 18:44:00] ========== (NewsSpider-4) Thread END ==========
INFO:root:[2018-10-14 18:44:00] ========== (NewsSpider-2) Thread END ==========
CRITICAL:newspaper.network:[REQUEST FAILED] 404 Client Error: Not Found for url: https://variety.com/vcategory
CRITICAL:newspaper.network:[REQUEST FAILED] 404 Client Error: Not Found for url: https://variety.com/feeds
INFO:root:[2018-10-14 19:27:46] ========== (NewsSpider-1) Start! ==========
INFO:root:[2018-10-14 19:27:46] ========== (NewsSpider-2) Start! ==========
INFO:root:[2018-10-14 19:27:46] ========== (NewsSpider-3) Start! ==========
INFO:root:[2018-10-14 19:27:46] ========== (NewsSpider-4) Start! ==========
INFO:root:[2018-10-14 19:27:46] ========== (NewsSpider-5) Start! ==========
INFO:root:[2018-10-14 19:28:00] (NewsSpider-3) (4/187) Crawling and storing DONE - Scarlett Johansson Nabs Secluded Spread in Snedens Landing
INFO:root:[2018-10-14 19:28:09] (NewsSpider-5) (7/187) Crawling and storing DONE - Joe Bananas Makes Leap From Sydney to New York
INFO:root:[2018-10-14 19:28:32] (NewsSpider-5) (9/187) Crawling and storing DONE - SunTrust CMO Susan Johnson on Importance of Native Advertising
INFO:root:[2018-10-14 19:28:33] (NewsSpider-1) (10/187) Crawling and storing DONE - No Storage Locker or Garage? Here Are The 6 Best Ways To Store Your Bike Indoors
INFO:root:[2018-10-14 19:28:42] (NewsSpider-1) (12/187) Crawling and storing DONE - American Music Awards 2018 Arrivals (PHOTOS)
INFO:root:[2018-10-14 19:28:46] (NewsSpider-3) (13/187) Crawling and storing DONE - The CW Launches #CWOpenToAll Campaign to Promote Inclusion (Watch)
INFO:root:[2018-10-14 19:29:20] (NewsSpider-3) (15/187) Crawling and storing DONE - Actors on Actors: Jeff Daniels and Laura Linney (Full Video)
INFO:root:[2018-10-14 19:29:24] (NewsSpider-5) (16/187) Crawling and storing DONE - Developer Ninja Theory Launches Scholarship For Mental Health Training
INFO:root:[2018-10-14 19:29:54] (NewsSpider-2) (21/187) Crawling and storing DONE - Telegenic House Flipper Jeff Lewis Lists Sunset Strip Contemporary
INFO:root:[2018-10-14 19:30:13] (NewsSpider-3) (22/187) Crawling and storing DONE - The Women Who Power Country Music
INFO:root:[2018-10-14 19:30:25] (NewsSpider-3) (23/187) Crawling and storing DONE - Actors on Actors: Dakota Fanning and Freddie Highmore (Full Video)
INFO:root:[2018-10-14 19:30:28] (NewsSpider-2) (24/187) Crawling and storing DONE - Showtime Chief David Nevins in Talks for Expanded CBS Role (EXCLUSIVE)
INFO:root:[2018-10-14 19:30:49] (NewsSpider-2) (27/187) Crawling and storing DONE - Margot Robbie, Guillermo del Toro, and More Name Filmmakers That Inspire Them
INFO:root:[2018-10-14 19:30:54] (NewsSpider-2) (29/187) Crawling and storing DONE - FreshPaper Inventor Kavita Shukla Honored at Power of Women
INFO:root:[2018-10-14 19:31:03] (NewsSpider-3) (33/187) Crawling and storing DONE - Fox Business News Anchor Trish Regan Sells Fifth Avenue Co-op
INFO:root:[2018-10-14 19:31:05] (NewsSpider-3) (34/187) Crawling and storing DONE - Kevin Nealon Lists Georgian-Colonial Residence in Pacific Palisades
INFO:root:[2018-10-14 19:31:07] (NewsSpider-3) (35/187) Crawling and storing DONE - Bradley Cooper Picks Up Manhattan Townhouse
INFO:root:[2018-10-14 19:31:42] (NewsSpider-3) (42/187) Crawling and storing DONE - Emmys: The Good, The Bad and the WTF - Watch Video
INFO:root:[2018-10-14 19:31:43] (NewsSpider-3) (44/187) Crawling and storing DONE - Ben McKenzie and Morena Baccarin Lists Gotham Condo
INFO:root:[2018-10-14 19:31:56] (NewsSpider-3) (46/187) Crawling and storing DONE - In Rare TV Interview, Melania Trump Defies Narrative
INFO:root:[2018-10-14 19:31:58] (NewsSpider-2) (48/187) Crawling and storing DONE - DreamWorks Animation TV Chief Margie Cohn Talks Female Superheroes, Streaming Pros and Cons
INFO:root:[2018-10-14 19:32:03] (NewsSpider-3) (49/187) Crawling and storing DONE - Capitol Records Executive Joe Rainey Dies at 43
INFO:root:[2018-10-14 19:32:12] (NewsSpider-5) (50/187) Crawling and storing DONE - Actors on Actors: Jonathan Groff & Maggie Gyllenhaal (Full Video)
INFO:root:[2018-10-14 19:32:18] (NewsSpider-5) (52/187) Crawling and storing DONE - George Clooney Warns Against Fear, Hatred From Trump Administration in Stirring Power of Women Speech
INFO:root:[2018-10-14 19:32:33] (NewsSpider-3) (55/187) Crawling and storing DONE - Ryan Eggold Lists Hollywood Hills Pad
INFO:root:[2018-10-14 19:32:40] ========== (NewsSpider-5) Thread END ==========
INFO:root:[2018-10-14 19:32:42] ========== (NewsSpider-3) Thread END ==========
