CRITICAL:newspaper.network:[REQUEST FAILED] 404 Client Error: Not Found for url: http://www.espn.com/racing
CRITICAL:newspaper.network:[REQUEST FAILED] 404 Client Error: Not Found for url: http://www.espn.com/horse-racing
CRITICAL:newspaper.network:[REQUEST FAILED] 404 Client Error: Not Found for url: http://www.espn.com/wta
CRITICAL:newspaper.network:[REQUEST FAILED] 404 Client Error: Not Found for url: http://www.espn.com/feed
CRITICAL:newspaper.network:[REQUEST FAILED] 404 Client Error: Not Found for url: http://www.espn.com/feeds
CRITICAL:newspaper.network:[REQUEST FAILED] 500 Server Error: Internal Server Error for url: http://www.espn.com/rss
INFO:root:[2018-09-08 18:11:46] ========== (NewsSpider-1) Start! ==========
INFO:root:[2018-09-08 18:11:46] ========== (NewsSpider-2) Start! ==========
INFO:root:[2018-09-08 18:11:46] ========== (NewsSpider-3) Start! ==========
INFO:root:[2018-09-08 18:11:46] ========== (NewsSpider-4) Start! ==========
INFO:root:[2018-09-08 18:11:46] ========== (NewsSpider-5) Start! ==========
INFO:root:[2018-09-08 18:13:23] (NewsSpider-5) (1/774) Crawling and storing DONE - Why The NBA Abandoned Roy Hibbert
CRITICAL:newspaper.network:[REQUEST FAILED] 404 Client Error: Not Found for url: http://www.espn.com/racing
CRITICAL:newspaper.network:[REQUEST FAILED] 404 Client Error: Not Found for url: http://www.espn.com/horse-racing
CRITICAL:newspaper.network:[REQUEST FAILED] 404 Client Error: Not Found for url: http://www.espn.com/wta
CRITICAL:newspaper.network:[REQUEST FAILED] 404 Client Error: Not Found for url: http://www.espn.com/feed
CRITICAL:newspaper.network:[REQUEST FAILED] 404 Client Error: Not Found for url: http://www.espn.com/feeds
CRITICAL:newspaper.network:[REQUEST FAILED] HTTPConnectionPool(host='www.espn.com', port=80): Read timed out. (read timeout=7)
INFO:root:[2018-09-08 18:27:08] ========== (NewsSpider-1) Start! ==========
INFO:root:[2018-09-08 18:27:08] ========== (NewsSpider-2) Start! ==========
INFO:root:[2018-09-08 18:27:08] ========== (NewsSpider-3) Start! ==========
INFO:root:[2018-09-08 18:27:08] ========== (NewsSpider-4) Start! ==========
INFO:root:[2018-09-08 18:27:08] ========== (NewsSpider-5) Start! ==========
INFO:root:[2018-09-08 18:27:15] (NewsSpider-4) (1/777) Crawling and storing DONE - OGN Overwatch APEX
INFO:root:[2018-09-08 18:28:48] (NewsSpider-3) (2/777) Crawling and storing DONE - For NFL players, one daunting question looms
CRITICAL:newspaper.network:[REQUEST FAILED] 500 Server Error: Internal Server Error for url: http://www.espn.com/olympics
CRITICAL:newspaper.network:[REQUEST FAILED] 404 Client Error: Not Found for url: http://www.espn.com/feeds
CRITICAL:newspaper.network:[REQUEST FAILED] 404 Client Error: Not Found for url: http://www.espn.com/feed
INFO:root:[2018-10-14 10:50:39] ========== (NewsSpider-1) Start! ==========
INFO:root:[2018-10-14 10:50:39] ========== (NewsSpider-2) Start! ==========
INFO:root:[2018-10-14 10:50:39] ========== (NewsSpider-3) Start! ==========
INFO:root:[2018-10-14 10:50:39] ========== (NewsSpider-4) Start! ==========
INFO:root:[2018-10-14 10:50:39] ========== (NewsSpider-5) Start! ==========
INFO:root:[2018-10-14 10:50:39] ========== (NewsSpider-6) Start! ==========
INFO:root:[2018-10-14 10:50:39] ========== (NewsSpider-7) Start! ==========
INFO:root:[2018-10-14 10:50:39] ========== (NewsSpider-8) Start! ==========
INFO:root:[2018-10-14 10:50:39] ========== (NewsSpider-9) Start! ==========
INFO:root:[2018-10-14 10:50:39] ========== (NewsSpider-10) Start! ==========
WARNING:root:[2018-10-14 10:50:52] (NewsSpider-9) Article Not Exists on http://espn.com/college-football/story/_/id/24973505/most-important-takeaway-top-25-college-football-team
INFO:root:[2018-10-14 10:53:09] (NewsSpider-4) (1/737) Crawling and storing DONE - OGN Overwatch APEX
WARNING:root:[2018-10-14 10:54:58] (NewsSpider-10) Article Not Exists on http://espn.com/jayski/cup/2018/story/_/id/24931195/dover-final-tv-ratings
INFO:root:[2018-10-14 10:55:01] (NewsSpider-1) (2/737) Crawling and storing DONE - Happy birthday, Serena: I’m proud that you spoke up
INFO:root:[2018-10-14 10:55:21] (NewsSpider-10) (3/737) Crawling and storing DONE - Old School Power Rankings 2018-19: Preseason
INFO:root:[2018-10-14 10:56:03] (NewsSpider-9) (5/737) Crawling and storing DONE - Derrick Rose: ‘Most guys would have been retired’
INFO:root:[2018-10-14 10:56:13] (NewsSpider-5) (6/737) Crawling and storing DONE - While Chris Bosh still wants an NBA gig, he’s trying a new sport
INFO:root:[2018-10-14 10:57:12] (NewsSpider-8) (7/737) Crawling and storing DONE - A sagely king: Unique challenge faces LeBron in Los Angeles
INFO:root:[2018-10-14 11:02:25] ========== (NewsSpider-3) Thread END ==========
INFO:root:[2018-10-14 11:02:26] ========== (NewsSpider-7) Thread END ==========
INFO:root:[2018-10-14 11:02:26] ========== (NewsSpider-6) Thread END ==========
INFO:root:[2018-10-14 11:02:26] ========== (NewsSpider-5) Thread END ==========
INFO:root:[2018-10-14 11:02:28] ========== (NewsSpider-10) Thread END ==========
INFO:root:[2018-10-14 11:02:28] ========== (NewsSpider-1) Thread END ==========
CRITICAL:newspaper.network:[REQUEST FAILED] 500 Server Error: Internal Server Error for url: http://www.espn.com/olympics
CRITICAL:newspaper.network:[REQUEST FAILED] 404 Client Error: Not Found for url: http://www.espn.com/feed
CRITICAL:newspaper.network:[REQUEST FAILED] 404 Client Error: Not Found for url: http://www.espn.com/feeds
INFO:root:[2018-10-14 17:44:15] ========== (NewsSpider-1) Start! ==========
INFO:root:[2018-10-14 17:44:15] ========== (NewsSpider-2) Start! ==========
INFO:root:[2018-10-14 17:44:15] ========== (NewsSpider-3) Start! ==========
INFO:root:[2018-10-14 17:44:15] ========== (NewsSpider-4) Start! ==========
INFO:root:[2018-10-14 17:44:15] ========== (NewsSpider-5) Start! ==========
INFO:root:[2018-10-14 17:49:19] (NewsSpider-1) (1/723) Crawling and storing DONE - While Chris Bosh still wants an NBA gig, he’s trying a new sport
INFO:root:[2018-10-14 17:50:53] (NewsSpider-1) (2/723) Crawling and storing DONE - Derrick Rose: ‘Most guys would have been retired’
INFO:root:[2018-10-14 17:52:14] (NewsSpider-1) (4/723) Crawling and storing DONE - Old School Power Rankings 2018-19: Preseason
INFO:root:[2018-10-14 17:53:07] (NewsSpider-1) (5/723) Crawling and storing DONE - A sagely king: Unique challenge faces LeBron in Los Angeles
INFO:root:[2018-10-14 17:53:09] (NewsSpider-3) (6/723) Crawling and storing DONE - Happy birthday, Serena: I’m proud that you spoke up
INFO:root:[2018-10-14 17:55:19] (NewsSpider-1) (7/723) Crawling and storing DONE - OGN Overwatch APEX
INFO:root:[2018-10-14 18:01:26] ========== (NewsSpider-3) Thread END ==========
CRITICAL:newspaper.network:[REQUEST FAILED] 500 Server Error: Internal Server Error for url: http://www.espn.com/olympics
CRITICAL:newspaper.network:[REQUEST FAILED] 404 Client Error: Not Found for url: http://www.espn.com/feeds
CRITICAL:newspaper.network:[REQUEST FAILED] 404 Client Error: Not Found for url: http://www.espn.com/feed
INFO:root:[2018-10-14 18:39:26] ========== (NewsSpider-1) Start! ==========
INFO:root:[2018-10-14 18:39:26] ========== (NewsSpider-2) Start! ==========
INFO:root:[2018-10-14 18:39:26] ========== (NewsSpider-3) Start! ==========
INFO:root:[2018-10-14 18:39:26] ========== (NewsSpider-4) Start! ==========
INFO:root:[2018-10-14 18:39:26] ========== (NewsSpider-5) Start! ==========
INFO:root:[2018-10-14 18:49:22] ========== (NewsSpider-2) Thread END ==========
INFO:root:[2018-10-14 18:49:24] ========== (NewsSpider-3) Thread END ==========
INFO:root:[2018-10-14 18:49:32] ========== (NewsSpider-4) Thread END ==========
INFO:root:[2018-10-14 18:49:33] ========== (NewsSpider-5) Thread END ==========
INFO:root:[2018-10-14 18:49:33] ========== (NewsSpider-1) Thread END ==========
CRITICAL:newspaper.network:[REQUEST FAILED] 500 Server Error: Internal Server Error for url: http://www.espn.com/olympics
CRITICAL:newspaper.network:[REQUEST FAILED] 404 Client Error: Not Found for url: http://www.espn.com/feeds
CRITICAL:newspaper.network:[REQUEST FAILED] 404 Client Error: Not Found for url: http://www.espn.com/feed
INFO:root:[2018-10-14 19:27:40] ========== (NewsSpider-1) Start! ==========
INFO:root:[2018-10-14 19:27:40] ========== (NewsSpider-2) Start! ==========
INFO:root:[2018-10-14 19:27:40] ========== (NewsSpider-3) Start! ==========
INFO:root:[2018-10-14 19:27:40] ========== (NewsSpider-4) Start! ==========
INFO:root:[2018-10-14 19:27:40] ========== (NewsSpider-5) Start! ==========
INFO:root:[2018-10-14 19:29:36] (NewsSpider-4) (2/690) Crawling and storing DONE - Old School Power Rankings 2018-19: Preseason
INFO:root:[2018-10-14 19:32:15] (NewsSpider-4) (3/690) Crawling and storing DONE - OGN Overwatch APEX
INFO:root:[2018-10-14 19:34:33] (NewsSpider-4) (4/690) Crawling and storing DONE - A sagely king: Unique challenge faces LeBron in Los Angeles
INFO:root:[2018-10-14 19:47:22] ========== (NewsSpider-4) Thread END ==========
CRITICAL:newspaper.network:[REQUEST FAILED] 500 Server Error: Internal Server Error for url: http://www.espn.com/olympics
CRITICAL:newspaper.network:[REQUEST FAILED] 404 Client Error: Not Found for url: http://www.espn.com/feeds
CRITICAL:newspaper.network:[REQUEST FAILED] 404 Client Error: Not Found for url: http://www.espn.com/feed
INFO:root:[2018-10-21 14:02:20] ========== (NewsSpider-1) Start! ==========
INFO:root:[2018-10-21 14:02:20] ========== (NewsSpider-2) Start! ==========
INFO:root:[2018-10-21 14:02:20] ========== (NewsSpider-3) Start! ==========
INFO:root:[2018-10-21 14:02:20] ========== (NewsSpider-4) Start! ==========
INFO:root:[2018-10-21 14:02:20] ========== (NewsSpider-5) Start! ==========
WARNING:root:[2018-10-21 14:04:05] (NewsSpider-2) Article Not Exists on http://xgames.espn.com/video/25039545/shane-oneill-wins-bronze-men-skateboard-street
INFO:root:[2018-10-21 14:05:16] (NewsSpider-1) (1/694) Crawling and storing DONE - Are the Blazers Underrated?
INFO:root:[2018-10-21 14:25:19] (NewsSpider-1) (2/694) Crawling and storing DONE - It took just 12 minutes for LeBron James to put the NBA on notice
INFO:root:[2018-10-21 14:35:55] (NewsSpider-1) (4/694) Crawling and storing DONE - OGN Overwatch APEX
