CRITICAL:newspaper.network:[REQUEST FAILED] 404 Client Error: Not Found for url: http://www.vh1.com/feeds
CRITICAL:newspaper.network:[REQUEST FAILED] 404 Client Error: Not Found for url: http://www.vh1.com/feed
INFO:root:[2018-09-08 18:11:37] ========== (NewsSpider-1) Start! ==========
INFO:root:[2018-09-08 18:11:37] ========== (NewsSpider-2) Start! ==========
INFO:root:[2018-09-08 18:11:37] ========== (NewsSpider-3) Start! ==========
INFO:root:[2018-09-08 18:11:37] ========== (NewsSpider-4) Start! ==========
INFO:root:[2018-09-08 18:11:37] ========== (NewsSpider-5) Start! ==========
WARNING:root:[2018-09-08 18:11:38] (NewsSpider-1) Article Not Exists on http://perfumeofsighs.tumblr.com/post/161910352601/daily-show-you-have-outdone-yourself
CRITICAL:newspaper.network:[REQUEST FAILED] 404 Client Error: Not Found for url: http://www.vh1.com/feeds
CRITICAL:newspaper.network:[REQUEST FAILED] 404 Client Error: Not Found for url: http://www.vh1.com/feed
INFO:root:[2018-09-08 18:26:47] ========== (NewsSpider-1) Start! ==========
INFO:root:[2018-09-08 18:26:47] ========== (NewsSpider-2) Start! ==========
INFO:root:[2018-09-08 18:26:47] ========== (NewsSpider-3) Start! ==========
INFO:root:[2018-09-08 18:26:47] ========== (NewsSpider-4) Start! ==========
INFO:root:[2018-09-08 18:26:47] ========== (NewsSpider-5) Start! ==========
CRITICAL:newspaper.network:[REQUEST FAILED] 404 Client Error: Not Found for url: http://www.vh1.com/feeds
CRITICAL:newspaper.network:[REQUEST FAILED] 404 Client Error: Not Found for url: http://www.vh1.com/feed
INFO:root:[2018-10-14 10:50:00] ========== (NewsSpider-1) Start! ==========
INFO:root:[2018-10-14 10:50:00] ========== (NewsSpider-2) Start! ==========
INFO:root:[2018-10-14 10:50:00] ========== (NewsSpider-3) Start! ==========
INFO:root:[2018-10-14 10:50:00] ========== (NewsSpider-4) Start! ==========
INFO:root:[2018-10-14 10:50:00] ========== (NewsSpider-5) Start! ==========
INFO:root:[2018-10-14 10:50:00] ========== (NewsSpider-6) Start! ==========
INFO:root:[2018-10-14 10:50:00] ========== (NewsSpider-7) Start! ==========
INFO:root:[2018-10-14 10:50:00] ========== (NewsSpider-8) Start! ==========
INFO:root:[2018-10-14 10:50:00] ========== (NewsSpider-9) Start! ==========
INFO:root:[2018-10-14 10:50:00] ========== (NewsSpider-10) Start! ==========
WARNING:root:[2018-10-14 10:50:09] (NewsSpider-2) Article Not Exists on http://www.vh1.com/news/368340/first-look-love-hip-hop-hollywood-reunion-fashion-outfits-behind-the-scenes/
WARNING:root:[2018-10-14 10:50:09] (NewsSpider-7) Article Not Exists on http://www.vh1.com/shows/love-and-hip-hop-live-the-wedding
WARNING:root:[2018-10-14 10:50:09] (NewsSpider-9) Article Not Exists on http://www.vh1.com/news/368360/black-ink-lhh-kmichelle-cesar-brooke-messy/
WARNING:root:[2018-10-14 10:50:09] (NewsSpider-10) Article Not Exists on http://www.vh1.com/shows/ti-tiny-friends-and-family-hustle
WARNING:root:[2018-10-14 10:50:15] (NewsSpider-8) Article Not Exists on http://www.vh1.com/shows/remy-and-papoose-a-merry-mackie-holiday
WARNING:root:[2018-10-14 10:50:15] (NewsSpider-3) Article Not Exists on http://www.vh1.com/video-clips/m5yc47/baller-wives-brunch-with-the-baller-wives
WARNING:root:[2018-10-14 10:50:16] (NewsSpider-4) Article Not Exists on http://www.vh1.com/shows/i-want-to-work-for-diddy
WARNING:root:[2018-10-14 10:50:19] (NewsSpider-7) Article Not Exists on http://www.vh1.com/video-clips/hha80z/black-ink-crew-hold-on-to-your-socks
WARNING:root:[2018-10-14 10:50:24] (NewsSpider-5) Article Not Exists on http://www.vh1.com/shows/couples-therapy-with-dr-jenn-reunion
WARNING:root:[2018-10-14 10:50:25] (NewsSpider-6) Article Not Exists on http://www.vh1.com/news/368371/aquaria-moschino-jeremy-scott-hm-italian-vogue-spread/
WARNING:root:[2018-10-14 10:50:25] (NewsSpider-8) Article Not Exists on http://www.vh1.com/news/324696/90s-star-alter-ego-trivia-quiz
WARNING:root:[2018-10-14 10:50:29] (NewsSpider-2) Article Not Exists on http://www.vh1.com/news/relationships/
WARNING:root:[2018-10-14 10:50:31] (NewsSpider-4) Article Not Exists on http://perfumeofsighs.tumblr.com/post/161910352601/daily-show-you-have-outdone-yourself
WARNING:root:[2018-10-14 10:50:32] (NewsSpider-10) Article Not Exists on http://www.vh1.com/shows/brandy-ray-j-a-family-business
INFO:root:[2018-10-14 10:50:33] ========== (NewsSpider-3) Thread END ==========
INFO:root:[2018-10-14 10:50:33] ========== (NewsSpider-1) Thread END ==========
INFO:root:[2018-10-14 10:50:35] ========== (NewsSpider-8) Thread END ==========
INFO:root:[2018-10-14 10:50:36] ========== (NewsSpider-9) Thread END ==========
INFO:root:[2018-10-14 10:50:40] ========== (NewsSpider-6) Thread END ==========
WARNING:root:[2018-10-14 10:50:40] (NewsSpider-4) Article Not Exists on http://www.vh1.com/news/827/vh1-40-greatest-hip-hop-songs-of-the-90s-complete-list/
WARNING:root:[2018-10-14 10:50:41] (NewsSpider-2) Article Not Exists on http://www.vh1.com/shows/ti-and-tiny-holiday-hustle-special
INFO:root:[2018-10-14 10:50:41] ========== (NewsSpider-2) Thread END ==========
INFO:root:[2018-10-14 10:50:42] ========== (NewsSpider-4) Thread END ==========
INFO:root:[2018-10-14 10:50:42] ========== (NewsSpider-5) Thread END ==========
WARNING:root:[2018-10-14 10:50:43] (NewsSpider-10) Article Not Exists on http://www.vh1.com/shows/love-and-hip-hop-the-love-edition
WARNING:root:[2018-10-14 10:50:43] (NewsSpider-7) Article Not Exists on http://www.vh1.com/news/330586/snickers-halloween-designs/
INFO:root:[2018-10-14 10:50:45] ========== (NewsSpider-7) Thread END ==========
INFO:root:[2018-10-14 10:50:45] ========== (NewsSpider-10) Thread END ==========
CRITICAL:newspaper.network:[REQUEST FAILED] 404 Client Error: Not Found for url: http://www.vh1.com/feeds
CRITICAL:newspaper.network:[REQUEST FAILED] 404 Client Error: Not Found for url: http://www.vh1.com/feed
INFO:root:[2018-10-14 17:43:46] ========== (NewsSpider-1) Start! ==========
INFO:root:[2018-10-14 17:43:46] ========== (NewsSpider-2) Start! ==========
INFO:root:[2018-10-14 17:43:46] ========== (NewsSpider-3) Start! ==========
INFO:root:[2018-10-14 17:43:46] ========== (NewsSpider-4) Start! ==========
INFO:root:[2018-10-14 17:43:46] ========== (NewsSpider-5) Start! ==========
WARNING:root:[2018-10-14 17:44:01] (NewsSpider-3) Article Not Exists on http://www.vh1.com/shows/ti-and-tiny-holiday-hustle-special
WARNING:root:[2018-10-14 17:44:02] (NewsSpider-4) Article Not Exists on http://www.vh1.com/news/368360/black-ink-lhh-kmichelle-cesar-brooke-messy/
WARNING:root:[2018-10-14 17:44:02] (NewsSpider-2) Article Not Exists on http://www.vh1.com/news/368324/oshit-blasts-ceaser-and-black-ink-for-exploiting-his-past-struggles/
WARNING:root:[2018-10-14 17:44:04] (NewsSpider-1) Article Not Exists on http://www.vh1.com/shows/the-tanning-of-america-one-nation-under-hip-hop
WARNING:root:[2018-10-14 17:44:10] (NewsSpider-5) Article Not Exists on http://www.vh1.com/news/368361/eva-marcille-michael-sterling-wedding-pictures/
WARNING:root:[2018-10-14 17:44:10] (NewsSpider-3) Article Not Exists on http://perfumeofsighs.tumblr.com/post/161910352601/daily-show-you-have-outdone-yourself
WARNING:root:[2018-10-14 17:44:13] (NewsSpider-2) Article Not Exists on http://www.vh1.com/shows/ricky-martin-behind-the-vegas-residency
WARNING:root:[2018-10-14 17:44:26] (NewsSpider-5) Article Not Exists on http://www.vh1.com/news/368340/first-look-love-hip-hop-hollywood-reunion-fashion-outfits-behind-the-scenes/
WARNING:root:[2018-10-14 17:44:35] (NewsSpider-3) Article Not Exists on http://www.vh1.com/news/368314/young-bae-and-melody-find-blow-up-doll/
WARNING:root:[2018-10-14 17:44:37] (NewsSpider-2) Article Not Exists on http://www.vh1.com/video-clips/qykkbm/black-ink-crew-melody-and-young-bae-deal-with-the-party-s-aftermath
WARNING:root:[2018-10-14 17:44:37] (NewsSpider-5) Article Not Exists on http://www.vh1.com/news/relationships/
WARNING:root:[2018-10-14 17:44:46] (NewsSpider-2) Article Not Exists on http://www.vh1.com/shows/love-and-hip-hop-live-the-wedding
INFO:root:[2018-10-14 17:44:55] ========== (NewsSpider-1) Thread END ==========
INFO:root:[2018-10-14 17:44:55] ========== (NewsSpider-2) Thread END ==========
INFO:root:[2018-10-14 17:44:59] ========== (NewsSpider-3) Thread END ==========
INFO:root:[2018-10-14 17:45:00] ========== (NewsSpider-4) Thread END ==========
WARNING:root:[2018-10-14 17:45:01] (NewsSpider-5) Article Not Exists on http://www.vh1.com/shows/ti-tiny-friends-and-family-hustle
INFO:root:[2018-10-14 17:45:03] ========== (NewsSpider-5) Thread END ==========
CRITICAL:newspaper.network:[REQUEST FAILED] 404 Client Error: Not Found for url: http://www.vh1.com/feed
CRITICAL:newspaper.network:[REQUEST FAILED] 404 Client Error: Not Found for url: http://www.vh1.com/feeds
INFO:root:[2018-10-14 18:38:47] ========== (NewsSpider-1) Start! ==========
INFO:root:[2018-10-14 18:38:47] ========== (NewsSpider-2) Start! ==========
INFO:root:[2018-10-14 18:38:47] ========== (NewsSpider-3) Start! ==========
INFO:root:[2018-10-14 18:38:47] ========== (NewsSpider-4) Start! ==========
INFO:root:[2018-10-14 18:38:47] ========== (NewsSpider-5) Start! ==========
WARNING:root:[2018-10-14 18:38:56] (NewsSpider-5) Article Not Exists on http://www.vh1.com/news/827/vh1-40-greatest-hip-hop-songs-of-the-90s-complete-list/
WARNING:root:[2018-10-14 18:39:01] (NewsSpider-3) Article Not Exists on http://www.vh1.com/news/328185/2017-hip-hop-honors-instagram-booth/
WARNING:root:[2018-10-14 18:39:03] (NewsSpider-1) Article Not Exists on http://perfumeofsighs.tumblr.com/post/161910352601/daily-show-you-have-outdone-yourself
WARNING:root:[2018-10-14 18:39:10] (NewsSpider-4) Article Not Exists on http://www.vh1.com/shows/love-and-hip-hop-the-love-edition
WARNING:root:[2018-10-14 18:39:12] (NewsSpider-5) Article Not Exists on http://www.vh1.com/news/368272/fabolous-emily-b-married-rings/
WARNING:root:[2018-10-14 18:39:14] (NewsSpider-1) Article Not Exists on http://www.vh1.com/shows/couples-therapy-with-dr-jenn-reunion
WARNING:root:[2018-10-14 18:39:30] (NewsSpider-5) Article Not Exists on http://www.vh1.com/video-clips/hha80z/black-ink-crew-hold-on-to-your-socks
WARNING:root:[2018-10-14 18:39:39] (NewsSpider-2) Article Not Exists on http://www.vh1.com/news/368371/aquaria-moschino-jeremy-scott-hm-italian-vogue-spread/
INFO:root:[2018-10-14 18:39:52] ========== (NewsSpider-5) Thread END ==========
INFO:root:[2018-10-14 18:39:53] ========== (NewsSpider-4) Thread END ==========
INFO:root:[2018-10-14 18:39:55] ========== (NewsSpider-3) Thread END ==========
INFO:root:[2018-10-14 18:39:57] ========== (NewsSpider-2) Thread END ==========
INFO:root:[2018-10-14 18:39:58] ========== (NewsSpider-1) Thread END ==========
CRITICAL:newspaper.network:[REQUEST FAILED] 404 Client Error: Not Found for url: http://www.vh1.com/feed
CRITICAL:newspaper.network:[REQUEST FAILED] 404 Client Error: Not Found for url: http://www.vh1.com/feeds
INFO:root:[2018-10-14 19:27:13] ========== (NewsSpider-1) Start! ==========
INFO:root:[2018-10-14 19:27:13] ========== (NewsSpider-2) Start! ==========
INFO:root:[2018-10-14 19:27:13] ========== (NewsSpider-3) Start! ==========
INFO:root:[2018-10-14 19:27:13] ========== (NewsSpider-4) Start! ==========
INFO:root:[2018-10-14 19:27:13] ========== (NewsSpider-5) Start! ==========
WARNING:root:[2018-10-14 19:27:26] (NewsSpider-5) Article Not Exists on http://www.vh1.com/news/368371/aquaria-moschino-jeremy-scott-hm-italian-vogue-spread/
WARNING:root:[2018-10-14 19:27:28] (NewsSpider-2) Article Not Exists on http://www.vh1.com/news/324696/90s-star-alter-ego-trivia-quiz
WARNING:root:[2018-10-14 19:27:59] (NewsSpider-4) Article Not Exists on http://perfumeofsighs.tumblr.com/post/161910352601/daily-show-you-have-outdone-yourself
WARNING:root:[2018-10-14 19:28:01] (NewsSpider-2) Article Not Exists on http://www.vh1.com/news/368361/eva-marcille-michael-sterling-wedding-pictures/
INFO:root:[2018-10-14 19:28:15] ========== (NewsSpider-5) Thread END ==========
INFO:root:[2018-10-14 19:28:15] ========== (NewsSpider-4) Thread END ==========
INFO:root:[2018-10-14 19:28:15] ========== (NewsSpider-2) Thread END ==========
WARNING:root:[2018-10-14 19:28:15] (NewsSpider-1) Article Not Exists on http://www.vh1.com/shows/ti-tiny-friends-and-family-hustle
INFO:root:[2018-10-14 19:28:18] ========== (NewsSpider-3) Thread END ==========
INFO:root:[2018-10-14 19:28:18] ========== (NewsSpider-1) Thread END ==========
CRITICAL:newspaper.network:[REQUEST FAILED] HTTPConnectionPool(host='www.vh1.com', port=80): Read timed out. (read timeout=7)
CRITICAL:newspaper.network:[REQUEST FAILED] HTTPConnectionPool(host='www.vh1.com', port=80): Read timed out. (read timeout=7)
CRITICAL:newspaper.network:[REQUEST FAILED] HTTPConnectionPool(host='www.vh1.com', port=80): Read timed out. (read timeout=7)
INFO:root:[2018-10-21 14:02:05] ========== (NewsSpider-1) Start! ==========
INFO:root:[2018-10-21 14:02:05] ========== (NewsSpider-2) Start! ==========
INFO:root:[2018-10-21 14:02:05] ========== (NewsSpider-3) Start! ==========
INFO:root:[2018-10-21 14:02:05] ========== (NewsSpider-4) Start! ==========
INFO:root:[2018-10-21 14:02:05] ========== (NewsSpider-5) Start! ==========
WARNING:root:[2018-10-21 14:02:22] (NewsSpider-4) Article Not Exists on http://perfumeofsighs.tumblr.com/post/161910352601/daily-show-you-have-outdone-yourself
INFO:root:[2018-10-21 14:02:46] ========== (NewsSpider-1) Thread END ==========
INFO:root:[2018-10-21 14:02:47] ========== (NewsSpider-4) Thread END ==========
INFO:root:[2018-10-21 14:02:47] ========== (NewsSpider-5) Thread END ==========
INFO:root:[2018-10-21 14:02:47] ========== (NewsSpider-3) Thread END ==========
INFO:root:[2018-10-21 14:02:48] ========== (NewsSpider-2) Thread END ==========
