CRITICAL:newspaper.network:[REQUEST FAILED] 404 Client Error: Not Found for url: http://www.foxnews.com/feeds/
CRITICAL:newspaper.network:[REQUEST FAILED] 404 Client Error: Not Found for url: http://www.foxnews.com/feed
INFO:root:[2018-09-08 17:26:20] ========== (NewsSpider-1) Start! ==========
INFO:root:[2018-09-08 17:26:20] (NewsSpider-1) (1/229) Crawling and storing DONE - Newlyweds slam police escort off Thomas Cook flight after plane food complaint
INFO:root:[2018-09-08 17:26:25] (NewsSpider-1) (3/229) Crawling and storing DONE - Kavanaugh hearing day four: Democrats still land no punches
INFO:root:[2018-09-08 17:26:28] (NewsSpider-1) (4/229) Crawling and storing DONE - New laser-equipped drones will take out missile threats against the US
INFO:root:[2018-09-08 17:26:29] (NewsSpider-1) (5/229) Crawling and storing DONE - Judith Miller: The anonymous op-ed in the NY Times merited publication
CRITICAL:newspaper.network:[REQUEST FAILED] 404 Client Error: Not Found for url: http://www.foxnews.com/feeds/
CRITICAL:newspaper.network:[REQUEST FAILED] 404 Client Error: Not Found for url: http://www.foxnews.com/feed
INFO:root:[2018-09-08 18:11:34] ========== (NewsSpider-1) Start! ==========
INFO:root:[2018-09-08 18:11:34] ========== (NewsSpider-2) Start! ==========
INFO:root:[2018-09-08 18:11:34] ========== (NewsSpider-3) Start! ==========
INFO:root:[2018-09-08 18:11:34] ========== (NewsSpider-4) Start! ==========
INFO:root:[2018-09-08 18:11:34] ========== (NewsSpider-5) Start! ==========
INFO:root:[2018-09-08 18:11:36] (NewsSpider-4) (2/233) Crawling and storing DONE - Dale Earnhardt Jr. says he had 20 to 25 concussions during his career
INFO:root:[2018-09-08 18:11:37] (NewsSpider-2) (4/233) Crawling and storing DONE - Dallas cop fatally shoots neighbor in apartment she mistakes for her own, police say
INFO:root:[2018-09-08 18:11:40] (NewsSpider-2) (6/233) Crawling and storing DONE - WATCH: Organizer Tries to Stop Charlie Kirk From Questioning Kavanaugh Protesters
INFO:root:[2018-09-08 18:11:43] (NewsSpider-1) (9/233) Crawling and storing DONE - Q&A: With severe storms approaching US, what to expect?
INFO:root:[2018-09-08 18:11:44] (NewsSpider-4) (11/233) Crawling and storing DONE - Stars who think bras are tops
INFO:root:[2018-09-08 18:11:44] (NewsSpider-5) (12/233) Crawling and storing DONE - New Jersey charter school slammed for turning away students for minor dress code violations
INFO:root:[2018-09-08 18:11:46] (NewsSpider-5) (13/233) Crawling and storing DONE - Dale Earnhardt Jr. is about to flip a home for a $500,000 profit
INFO:root:[2018-09-08 18:11:46] (NewsSpider-1) (14/233) Crawling and storing DONE - New Hampshire man fined $124 for kicking seagull that tried to eat his cheeseburger
INFO:root:[2018-09-08 18:11:46] (NewsSpider-4) (15/233) Crawling and storing DONE - Denver police pursuing former UFC fighter after his latest knockout
INFO:root:[2018-09-08 18:11:48] (NewsSpider-5) (16/233) Crawling and storing DONE - Florida thrift shop gets nearly 5 pounds of marijuana in unusual donation, cops say
INFO:root:[2018-09-08 18:11:50] (NewsSpider-5) (18/233) Crawling and storing DONE - Police can now buy an armored AWD Dodge Charger SRT Hellcat
INFO:root:[2018-09-08 18:11:55] (NewsSpider-1) (20/233) Crawling and storing DONE - Maryland fisherman in critical condition after accidentally shooting self in head with spear gun
INFO:root:[2018-09-08 18:11:56] (NewsSpider-1) (21/233) Crawling and storing DONE - Google pushes physical security key
INFO:root:[2018-09-08 18:11:58] (NewsSpider-1) (25/233) Crawling and storing DONE - How to winterize a swimming pool
INFO:root:[2018-09-08 18:12:01] (NewsSpider-1) (26/233) Crawling and storing DONE - Celebrities who served their country
INFO:root:[2018-09-08 18:12:04] (NewsSpider-5) (28/233) Crawling and storing DONE - Deer spotted hugging firefighter on Canada ferry
INFO:root:[2018-09-08 18:12:04] (NewsSpider-5) (29/233) Crawling and storing DONE - SEPTA says bus pulled from service after woman reportedly believed to find bed bugs
INFO:root:[2018-09-08 18:12:06] (NewsSpider-5) (30/233) Crawling and storing DONE - Speed up your tablet, hide your Amazon profile and more: Tech Q&A
INFO:root:[2018-09-08 18:12:08] (NewsSpider-1) (32/233) Crawling and storing DONE - New spray for laundry-averse millennials makes dirty clothes smell fresh
INFO:root:[2018-09-08 18:12:09] (NewsSpider-5) (33/233) Crawling and storing DONE - How to prevent a termite infestation
INFO:root:[2018-09-08 18:12:09] (NewsSpider-1) (34/233) Crawling and storing DONE - Mustard pizza trend has Twitter divided
INFO:root:[2018-09-08 18:12:10] (NewsSpider-5) (35/233) Crawling and storing DONE - Celtics player Jabari Bird arrested after allegedly assaulting, choking and kidnapping person: police
INFO:root:[2018-09-08 18:12:17] (NewsSpider-5) (37/233) Crawling and storing DONE - Debra Van Horn, gymnastics trainer who worked with Larry Nassar, arrested at Texas airport
INFO:root:[2018-09-08 18:12:18] (NewsSpider-5) (39/233) Crawling and storing DONE - Kamala Harris, Planned Parenthood slammed for taking Kavanaugh out of context on birth control remarks
INFO:root:[2018-09-08 18:12:20] (NewsSpider-5) (40/233) Crawling and storing DONE - Back to School: Want to know what your child is REALLY thinking? Shut up and do this
INFO:root:[2018-09-08 18:12:23] (NewsSpider-5) (41/233) Crawling and storing DONE - Police can now buy an armored AWD Dodge Charger SRT Hellcat
INFO:root:[2018-09-08 18:12:33] (NewsSpider-5) (44/233) Crawling and storing DONE - Woman claims nail-biting habit linked to cancer diagnosis
INFO:root:[2018-09-08 18:12:36] (NewsSpider-5) (45/233) Crawling and storing DONE - Woman claims nail-biting habit linked to cancer diagnosis
INFO:root:[2018-09-08 18:12:38] (NewsSpider-5) (46/233) Crawling and storing DONE - AAP urges flu vaccine for kids 6 months and older
CRITICAL:newspaper.network:[REQUEST FAILED] 404 Client Error: Not Found for url: http://www.foxnews.com/feed
CRITICAL:newspaper.network:[REQUEST FAILED] 404 Client Error: Not Found for url: http://www.foxnews.com/feeds/
INFO:root:[2018-09-08 18:26:44] ========== (NewsSpider-1) Start! ==========
INFO:root:[2018-09-08 18:26:44] ========== (NewsSpider-2) Start! ==========
INFO:root:[2018-09-08 18:26:44] ========== (NewsSpider-3) Start! ==========
INFO:root:[2018-09-08 18:26:45] ========== (NewsSpider-4) Start! ==========
INFO:root:[2018-09-08 18:26:45] ========== (NewsSpider-5) Start! ==========
INFO:root:[2018-09-08 18:26:46] (NewsSpider-5) (1/236) Crawling and storing DONE - Dale Earnhardt Jr. says he had 20 to 25 concussions during his career
INFO:root:[2018-09-08 18:26:46] (NewsSpider-3) (2/236) Crawling and storing DONE - This is what happened to my marriage when we talked to a loan officer
INFO:root:[2018-09-08 18:26:46] (NewsSpider-1) (3/236) Crawling and storing DONE - Elon Musk and Howard Hughes eccentric, Hollywood-loving entrepreneurs who share much in common
INFO:root:[2018-09-08 18:26:51] (NewsSpider-4) (6/236) Crawling and storing DONE - Kamala Harris, Planned Parenthood slammed for taking Kavanaugh out of context on birth control remarks
INFO:root:[2018-09-08 18:26:55] (NewsSpider-4) (8/236) Crawling and storing DONE - Dale Earnhardt Jr. is about to flip a home for a $500,000 profit
INFO:root:[2018-09-08 18:27:10] (NewsSpider-4) (11/236) Crawling and storing DONE - Newt Gingrich: Anonymous NY Times op-ed is a liberal media attack on President Trump
INFO:root:[2018-09-08 18:27:10] (NewsSpider-1) (12/236) Crawling and storing DONE - North Korea to fete 70th birthday with tanks, dancing masses
INFO:root:[2018-09-08 18:27:12] (NewsSpider-1) (13/236) Crawling and storing DONE - Newlyweds slam police escort off Thomas Cook flight after plane food complaint
INFO:root:[2018-09-08 18:27:19] (NewsSpider-1) (14/236) Crawling and storing DONE - Woman claims nail-biting habit linked to cancer diagnosis
INFO:root:[2018-09-08 18:27:26] (NewsSpider-1) (17/236) Crawling and storing DONE - Tiny St. Louis apartment with kitchen-bathroom combo makes waves
INFO:root:[2018-09-08 18:27:28] (NewsSpider-1) (18/236) Crawling and storing DONE - New Hampshire man fined $124 for kicking seagull that tried to eat his cheeseburger
INFO:root:[2018-09-08 18:27:32] (NewsSpider-1) (20/236) Crawling and storing DONE - Mother of black man shot dead by white Dallas officer wonders if race played pivotal role
CRITICAL:newspaper.network:[REQUEST FAILED] HTTPConnectionPool(host='www.foxnews.com', port=80): Read timed out. (read timeout=7)
CRITICAL:newspaper.network:[REQUEST FAILED] HTTPConnectionPool(host='video.foxnews.com', port=80): Read timed out. (read timeout=7)
CRITICAL:newspaper.network:[REQUEST FAILED] HTTPConnectionPool(host='nation.foxnews.com', port=80): Read timed out. (read timeout=7)
CRITICAL:newspaper.network:[REQUEST FAILED] 404 Client Error: Not Found for url: http://www.foxnews.com/feed
CRITICAL:newspaper.network:[REQUEST FAILED] 404 Client Error: Not Found for url: http://www.foxnews.com/feeds/
INFO:root:[2018-10-14 10:50:09] ========== (NewsSpider-1) Start! ==========
INFO:root:[2018-10-14 10:50:09] ========== (NewsSpider-2) Start! ==========
INFO:root:[2018-10-14 10:50:09] ========== (NewsSpider-3) Start! ==========
INFO:root:[2018-10-14 10:50:09] ========== (NewsSpider-4) Start! ==========
INFO:root:[2018-10-14 10:50:09] ========== (NewsSpider-5) Start! ==========
INFO:root:[2018-10-14 10:50:09] ========== (NewsSpider-6) Start! ==========
INFO:root:[2018-10-14 10:50:09] ========== (NewsSpider-7) Start! ==========
INFO:root:[2018-10-14 10:50:09] ========== (NewsSpider-8) Start! ==========
INFO:root:[2018-10-14 10:50:09] ========== (NewsSpider-9) Start! ==========
INFO:root:[2018-10-14 10:50:09] ========== (NewsSpider-10) Start! ==========
INFO:root:[2018-10-14 10:50:18] (NewsSpider-5) (1/425) Crawling and storing DONE - Eric Metaxas – Without Martin Luther, No U.S. Constitution As We Know It
INFO:root:[2018-10-14 10:50:18] (NewsSpider-7) (2/425) Crawling and storing DONE - President Trump Responds to Former AG Holder’s “Kick ‘Em” Remark: “He’s Got Some Problems”
WARNING:root:[2018-10-14 10:50:19] (NewsSpider-6) Article Not Exists on http://www.foxbusiness.com/business-leaders/saudi-arabia-faces-backlash-from-branson-other-businesses-over-missing-writer
WARNING:root:[2018-10-14 10:50:19] (NewsSpider-8) Article Not Exists on http://www.foxbusiness.com/small-business/female-ceo-disrupts-13-billion-lingerie-market-in-metoo-era
INFO:root:[2018-10-14 10:50:27] (NewsSpider-1) (3/425) Crawling and storing DONE - Neil deGrasse Tyson: “Really committed Sci-Fi fans care about the Science”
INFO:root:[2018-10-14 10:50:28] (NewsSpider-6) (4/425) Crawling and storing DONE - How to Get Rich with P.J. O’Rourke
WARNING:root:[2018-10-14 10:50:29] (NewsSpider-8) Article Not Exists on http://www.foxnews.com/great-outdoors/new-jersey-marathon-race-runner-deer-crash
WARNING:root:[2018-10-14 10:50:39] (NewsSpider-8) Article Not Exists on http://www.foxnews.com/food-drink/lunch-meal-prep-brain-health-nutritious
INFO:root:[2018-10-14 10:50:43] (NewsSpider-4) (7/425) Crawling and storing DONE - Why Kanye’s White House Visit Is Such A Big Cultural Moment
INFO:root:[2018-10-14 10:50:44] (NewsSpider-9) (8/425) Crawling and storing DONE - I’ll Tell You What…A Very Special Guest
WARNING:root:[2018-10-14 10:50:45] (NewsSpider-7) Article Not Exists on http://www.foxnews.com/us/veterans-are-sleeping-in-their-cars-at-va-medical-centers
INFO:root:[2018-10-14 10:50:48] (NewsSpider-8) (10/425) Crawling and storing DONE - OH Lt. Gov. Calls for Sen. Sherrod Brown to Resign Over Abuse Filings
INFO:root:[2018-10-14 10:50:52] (NewsSpider-5) (11/425) Crawling and storing DONE - The Secret to Getting a Good Night’s Sleep
WARNING:root:[2018-10-14 10:50:57] (NewsSpider-7) Article Not Exists on http://www.foxnews.com/food-drink/ben-jerrys-offering-tours-of-flavor-graveyard-in-vermont
INFO:root:[2018-10-14 10:50:59] (NewsSpider-10) (12/425) Crawling and storing DONE - Minneapolis Mayor Angers Police With Mandatory Placards Aimed at Helping Illegal Immigrants
INFO:root:[2018-10-14 10:51:07] (NewsSpider-6) (13/425) Crawling and storing DONE - AZ Dem Senate Candidate Compared Illegal Immigrants to Soldiers Killed in Iraq
WARNING:root:[2018-10-14 10:51:09] (NewsSpider-4) Article Not Exists on http://www.foxbusiness.com/features/katzs-deli-secrets-behind-keeping-a-130-year-old-business-alive
WARNING:root:[2018-10-14 10:51:13] (NewsSpider-10) Article Not Exists on http://www.foxnews.com/opinion/my-marriage-was-tested-and-my-wife-proved-who-she-really-was
WARNING:root:[2018-10-14 10:51:20] (NewsSpider-8) Article Not Exists on http://www.foxnews.com/food-drink/cracker-barrel-issues-recall-for-decorative-pineapplecracker-barrel-issues-recall-for-decorative-pineapple
WARNING:root:[2018-10-14 10:51:20] (NewsSpider-4) Article Not Exists on http://www.foxbusiness.com/small-business/meet-the-millennial-entrepreneur-whos-trying-to-make-college-affordable
INFO:root:[2018-10-14 10:51:21] (NewsSpider-1) (14/425) Crawling and storing DONE - Suicide Prevention: Protecting Your Kids from Destructive Outside Influences
WARNING:root:[2018-10-14 10:51:22] (NewsSpider-3) Article Not Exists on http://www.foxnews.com/entertainment/for-king-country-did-a-lot-of-fumbling-and-stumbling-before-big-break
WARNING:root:[2018-10-14 10:51:25] (NewsSpider-9) Article Not Exists on http://video.foxnews.com/v/1241186546001
INFO:root:[2018-10-14 10:51:32] (NewsSpider-4) (16/425) Crawling and storing DONE - Jimmy Failla, Jaimie La Bella: Is Kanye Crazy Or A Genius?
WARNING:root:[2018-10-14 10:51:35] (NewsSpider-9) Article Not Exists on http://video.foxnews.com/v/5848229147001/?playlist_id=2114913880001
WARNING:root:[2018-10-14 10:51:39] (NewsSpider-7) Article Not Exists on http://video.foxnews.com/v/5848623123001/
WARNING:root:[2018-10-14 10:51:48] (NewsSpider-6) Article Not Exists on http://www.foxnews.com/auto/the-barracuda-in-the-barn-classic-plymouth-parked-for-30-years-up-for-auction
WARNING:root:[2018-10-14 10:51:56] (NewsSpider-1) Article Not Exists on http://www.foxbusiness.com/business-leaders/jpmorgan-chase-ceo-jamie-dimon-trump-no-president-wants-interest-rates-to-go-up
INFO:root:[2018-10-14 10:52:02] (NewsSpider-10) (19/425) Crawling and storing DONE - I’ll Tell You What…What The Haley’s Going On?
WARNING:root:[2018-10-14 10:52:07] (NewsSpider-9) Article Not Exists on http://www.foxnews.com/lifestyle/marine-model-maxim-cover-shannon-ihrke-military-life-direction
WARNING:root:[2018-10-14 10:52:10] (NewsSpider-5) Article Not Exists on http://video.foxnews.com/v/5848217644001/?playlist_id=2114913880001
WARNING:root:[2018-10-14 10:52:18] (NewsSpider-9) Article Not Exists on http://www.foxnews.com/travel/baby-parents-make-road-trip-to-50-states-for-world-record
INFO:root:[2018-10-14 10:52:34] (NewsSpider-1) (22/425) Crawling and storing DONE - Senator Chuck Grassley on Kavanaugh, McCain and More
WARNING:root:[2018-10-14 10:52:36] (NewsSpider-10) Article Not Exists on http://www.foxnews.com/entertainment/wizard-of-oz-ruby-slippers-to-be-displayed-at-national-museum-of-american-history
WARNING:root:[2018-10-14 10:52:37] (NewsSpider-6) Article Not Exists on http://www.foxnews.com/us/mattis-pushes-closer-ties-to-vietnam-amid-tension-with-china
WARNING:root:[2018-10-14 10:52:55] (NewsSpider-5) Article Not Exists on http://www.foxnews.com/world/the-latest-pope-declares-oscar-romero-pope-paul-vi-saints
WARNING:root:[2018-10-14 10:53:00] (NewsSpider-10) Article Not Exists on http://www.foxnews.com/opinion/doug-schoen-hillary-and-holder-hurting-democrats-with-their-amazing-and-disgusting-comments
WARNING:root:[2018-10-14 10:53:01] (NewsSpider-6) Article Not Exists on http://www.foxnews.com/sports/49ers-apologize-for-leaving-colin-kaepernick-out-of-photo-gallery
INFO:root:[2018-10-14 10:53:17] (NewsSpider-7) (24/425) Crawling and storing DONE - Unshakable Hope
INFO:root:[2018-10-14 10:53:21] (NewsSpider-3) (25/425) Crawling and storing DONE - FNC Host Shannon Bream on How Her last Minute Interview With The President Came About
INFO:root:[2018-10-14 10:53:30] (NewsSpider-6) (26/425) Crawling and storing DONE - “I Think the Fed is Far Too Stringent” – President Trump
WARNING:root:[2018-10-14 10:53:34] (NewsSpider-9) Article Not Exists on http://video.foxnews.com/v/5614615980001/#sp=watch-live
INFO:root:[2018-10-14 10:53:36] (NewsSpider-7) (27/425) Crawling and storing DONE - I’ll Tell You What…Supreme Uncertainty
WARNING:root:[2018-10-14 10:53:37] (NewsSpider-4) Article Not Exists on http://www.foxbusiness.com/economy/why-a-surge-in-semi-trucks-order-is-a-good-sign-for-the-economy
INFO:root:[2018-10-14 10:53:37] (NewsSpider-5) (28/425) Crawling and storing DONE - Kim Kardashian Goes to the White House
INFO:root:[2018-10-14 10:53:38] (NewsSpider-1) (29/425) Crawling and storing DONE - Host of Watters World Jesse Watters, General Jack Keane, & National Editor of The Cook Political Report Amy Walter
WARNING:root:[2018-10-14 10:53:44] (NewsSpider-9) Article Not Exists on http://www.foxbusiness.com/features/michael-jordan-makes-two-enormous-donation-to-hurricane-florence-victims
WARNING:root:[2018-10-14 10:53:48] (NewsSpider-4) Article Not Exists on http://www.foxnews.com/tech/alexa-skills-youll-use-every-day
INFO:root:[2018-10-14 10:53:50] (NewsSpider-5) (30/425) Crawling and storing DONE - Poll Finds 80% of Americans, Including Minority Groups, Reject Political Correctness
WARNING:root:[2018-10-14 10:53:58] (NewsSpider-3) Article Not Exists on http://video.foxnews.com/v/5847459285001/
INFO:root:[2018-10-14 10:55:06] (NewsSpider-1) (31/425) Crawling and storing DONE - Gregory Wrightstone Author Of “Inconvenient Facts” Explains Why Hurricanes And Other Natural Disasters Are The Result Of Natural Forces, Not Man-Made Forces
INFO:root:[2018-10-14 10:55:46] (NewsSpider-5) (37/425) Crawling and storing DONE - General Jack Keane On The Missing Saudi Arabian Journalist: “I Think The President Is Taking The Right Action”
INFO:root:[2018-10-14 10:55:48] (NewsSpider-1) (38/425) Crawling and storing DONE - “Ship of Fools” with Tucker Carlson
INFO:root:[2018-10-14 10:55:50] (NewsSpider-6) (40/425) Crawling and storing DONE - WATCH: Lindsey Graham Responds to Rumors He Will Be Next Attorney General
INFO:root:[2018-10-14 10:56:05] (NewsSpider-5) (44/425) Crawling and storing DONE - A Podcast That Puts You to Sleep with Dr. Michael Aronoff
INFO:root:[2018-10-14 10:56:24] (NewsSpider-1) (48/425) Crawling and storing DONE - Jedediah Bila Explains Why She’s Offended By #BelieveHer
INFO:root:[2018-10-14 10:56:26] (NewsSpider-6) (49/425) Crawling and storing DONE - Will Julie Chen Return to ‘The Talk’ & ‘Big Brother’?
INFO:root:[2018-10-14 10:56:34] (NewsSpider-4) (50/425) Crawling and storing DONE - National Editor Of The Cook Political Report Amy Walter Says After This Election We Will End With “An Incredibly Polarized America”
INFO:root:[2018-10-14 10:56:45] (NewsSpider-4) (54/425) Crawling and storing DONE - Kanye West on Gun Violence: “Illegal Guns are the Problem”
INFO:root:[2018-10-14 10:56:50] (NewsSpider-5) (55/425) Crawling and storing DONE - The Todd Starnes Show – October 12th, 2018
INFO:root:[2018-10-14 10:56:55] (NewsSpider-1) (57/425) Crawling and storing DONE - The Speaker’s Lobby: Natural Disasters
INFO:root:[2018-10-14 10:57:03] (NewsSpider-5) (58/425) Crawling and storing DONE - From Washington: “What Do You Do After That?”
INFO:root:[2018-10-14 10:57:03] (NewsSpider-7) (59/425) Crawling and storing DONE - Fit4Service
INFO:root:[2018-10-14 10:57:12] (NewsSpider-4) (60/425) Crawling and storing DONE - National Review Institute Fellow David French Says Right Now “We Are At A Point Of Real & Profound Division”
INFO:root:[2018-10-14 10:57:30] (NewsSpider-9) (63/425) Crawling and storing DONE - A Lively Livin’ With Larry And Leslie
INFO:root:[2018-10-14 10:57:33] (NewsSpider-7) (64/425) Crawling and storing DONE - Take Two: Fresh Off the Emmy Awards
INFO:root:[2018-10-14 10:57:56] (NewsSpider-9) (66/425) Crawling and storing DONE - Dr. Gad Saad on “Idea Pathogens”
INFO:root:[2018-10-14 10:57:58] (NewsSpider-7) (68/425) Crawling and storing DONE - I’ll Tell You What…Every Man A King
INFO:root:[2018-10-14 10:58:03] (NewsSpider-7) (69/425) Crawling and storing DONE - Ben Shapiro: In This Country We Have A Significant Conflict Between Social Justice And Individual Justice
INFO:root:[2018-10-14 10:58:03] (NewsSpider-1) (70/425) Crawling and storing DONE - Look What You Made Me Do
INFO:root:[2018-10-14 10:58:10] (NewsSpider-9) (71/425) Crawling and storing DONE - The Speaker’s Lobby: Midterm Markets
INFO:root:[2018-10-14 10:58:11] (NewsSpider-1) (72/425) Crawling and storing DONE - Kanye West Wing
INFO:root:[2018-10-14 10:58:12] (NewsSpider-4) (73/425) Crawling and storing DONE - Kanye’s Weird Trump Visit Makes Media Unhinged
INFO:root:[2018-10-14 10:58:15] (NewsSpider-1) (74/425) Crawling and storing DONE - Blowback: Media Hit Trump Rally During Hurricane
INFO:root:[2018-10-14 10:58:21] (NewsSpider-4) (75/425) Crawling and storing DONE - The Todd Starnes Show – October 11th, 2018
INFO:root:[2018-10-14 10:58:28] (NewsSpider-5) (76/425) Crawling and storing DONE - Former U.S. Ambassador to Saudi Arabia Robert Jordan On The Crown Prince’s Paranoia And Belief He Is Bulletproof
INFO:root:[2018-10-14 10:58:28] (NewsSpider-1) (77/425) Crawling and storing DONE - Senator Bob Corker On The Arrogance of the Saudi Crown Prince
INFO:root:[2018-10-14 10:58:41] (NewsSpider-1) (79/425) Crawling and storing DONE - Bullying Awareness: A Simple “I Saw What Happened, You Didn’t Deserve That” Goes a Long Way
INFO:root:[2018-10-14 10:58:51] ========== (NewsSpider-1) Thread END ==========
INFO:root:[2018-10-14 10:58:51] ========== (NewsSpider-5) Thread END ==========
INFO:root:[2018-10-14 10:58:51] ========== (NewsSpider-4) Thread END ==========
INFO:root:[2018-10-14 10:58:52] ========== (NewsSpider-7) Thread END ==========
CRITICAL:newspaper.network:[REQUEST FAILED] 404 Client Error: Not Found for url: http://www.foxnews.com/feed
CRITICAL:newspaper.network:[REQUEST FAILED] 404 Client Error: Not Found for url: http://www.foxnews.com/feeds/
INFO:root:[2018-10-14 17:43:47] ========== (NewsSpider-1) Start! ==========
INFO:root:[2018-10-14 17:43:47] ========== (NewsSpider-2) Start! ==========
INFO:root:[2018-10-14 17:43:47] ========== (NewsSpider-3) Start! ==========
INFO:root:[2018-10-14 17:43:47] ========== (NewsSpider-4) Start! ==========
INFO:root:[2018-10-14 17:43:47] ========== (NewsSpider-5) Start! ==========
INFO:root:[2018-10-14 17:44:04] (NewsSpider-2) (1/447) Crawling and storing DONE - Look What You Made Me Do
INFO:root:[2018-10-14 17:44:06] (NewsSpider-1) (2/447) Crawling and storing DONE - Senator Bob Corker On The Arrogance of the Saudi Crown Prince
WARNING:root:[2018-10-14 17:44:06] (NewsSpider-5) Article Not Exists on http://www.foxnews.com/entertainment/garth-brooks-trisha-yearwood-theres-nothing-more-rewarding-than-getting-your-hands-dirty
INFO:root:[2018-10-14 17:44:13] (NewsSpider-5) (3/447) Crawling and storing DONE - Neil deGrasse Tyson: “Really committed Sci-Fi fans care about the Science”
WARNING:root:[2018-10-14 17:44:25] (NewsSpider-5) Article Not Exists on http://www.foxnews.com/entertainment/saturday-night-live-takes-aim-at-bill-cosbys-time-in-prison
INFO:root:[2018-10-14 17:44:27] (NewsSpider-3) (4/447) Crawling and storing DONE - Senator Chuck Grassley on Kavanaugh, McCain and More
WARNING:root:[2018-10-14 17:44:28] (NewsSpider-4) Article Not Exists on http://www.foxnews.com/auto/the-barracuda-in-the-barn-classic-plymouth-parked-for-30-years-up-for-auction
WARNING:root:[2018-10-14 17:44:28] (NewsSpider-1) Article Not Exists on http://www.foxnews.com/entertainment/taylor-swifts-transformation-from-a-country-singer-to-political-advocate
INFO:root:[2018-10-14 17:44:35] (NewsSpider-2) (6/447) Crawling and storing DONE - WATCH: Lindsey Graham Responds to Rumors He Will Be Next Attorney General
WARNING:root:[2018-10-14 17:44:39] (NewsSpider-4) Article Not Exists on http://www.foxnews.com/us/michigan-best-buy-employees-say-deer-walked-through-front-door
INFO:root:[2018-10-14 17:44:52] (NewsSpider-2) (7/447) Crawling and storing DONE - From Washington: “What Do You Do After That?”
WARNING:root:[2018-10-14 17:44:56] (NewsSpider-5) Article Not Exists on http://www.foxnews.com/entertainment/cmt-artist-of-the-year-show-honors-exclusively-females-after-backlash
INFO:root:[2018-10-14 17:44:59] (NewsSpider-1) (8/447) Crawling and storing DONE - I’ll Tell You What…A Very Special Guest
INFO:root:[2018-10-14 17:45:01] (NewsSpider-2) (9/447) Crawling and storing DONE - “I Think the Fed is Far Too Stringent” – President Trump
INFO:root:[2018-10-14 17:45:12] (NewsSpider-4) (10/447) Crawling and storing DONE - Dr. Gad Saad on “Idea Pathogens”
INFO:root:[2018-10-14 17:45:21] (NewsSpider-2) (11/447) Crawling and storing DONE - President Trump Responds to Former AG Holder’s “Kick ‘Em” Remark: “He’s Got Some Problems”
INFO:root:[2018-10-14 17:45:24] (NewsSpider-3) (12/447) Crawling and storing DONE - The Speaker’s Lobby: Midterm Markets
INFO:root:[2018-10-14 17:45:28] (NewsSpider-4) (13/447) Crawling and storing DONE - FNC Host Shannon Bream on How Her last Minute Interview With The President Came About
INFO:root:[2018-10-14 17:45:31] (NewsSpider-3) (14/447) Crawling and storing DONE - Host of Watters World Jesse Watters, General Jack Keane, & National Editor of The Cook Political Report Amy Walter
INFO:root:[2018-10-14 17:45:41] (NewsSpider-1) (15/447) Crawling and storing DONE - General Jack Keane On The Missing Saudi Arabian Journalist: “I Think The President Is Taking The Right Action”
WARNING:root:[2018-10-14 17:45:51] (NewsSpider-3) Article Not Exists on http://www.foxnews.com/great-outdoors/woman-on-whale-watching-boat-trip
WARNING:root:[2018-10-14 17:45:57] (NewsSpider-4) Article Not Exists on http://video.foxnews.com/playlist/on-air-the-story-with-martha-maccallum/
WARNING:root:[2018-10-14 17:46:07] (NewsSpider-4) Article Not Exists on http://www.foxnews.com/opinion/can-mr-wonderful-hack-it-as-a-husband-heres-how-to-know
INFO:root:[2018-10-14 17:46:08] (NewsSpider-2) (18/447) Crawling and storing DONE - Kanye’s Weird Trump Visit Makes Media Unhinged
WARNING:root:[2018-10-14 17:46:28] (NewsSpider-4) Article Not Exists on http://www.foxnews.com/health/new-jersey-city-touts-safe-drinking-water-despite-fears-of-lead-in-thousands-of-homes
INFO:root:[2018-10-14 17:46:34] (NewsSpider-5) (21/447) Crawling and storing DONE - Jedediah Bila Explains Why She’s Offended By #BelieveHer
INFO:root:[2018-10-14 17:46:41] (NewsSpider-3) (22/447) Crawling and storing DONE - Former U.S. Ambassador to Saudi Arabia Robert Jordan On The Crown Prince’s Paranoia And Belief He Is Bulletproof
INFO:root:[2018-10-14 17:46:46] (NewsSpider-1) (23/447) Crawling and storing DONE - Suicide Prevention: Protecting Your Kids from Destructive Outside Influences
INFO:root:[2018-10-14 17:46:46] (NewsSpider-5) (24/447) Crawling and storing DONE - The Todd Starnes Show – October 12th, 2018
INFO:root:[2018-10-14 17:46:56] (NewsSpider-3) (25/447) Crawling and storing DONE - Ben Shapiro: In This Country We Have A Significant Conflict Between Social Justice And Individual Justice
INFO:root:[2018-10-14 17:47:28] (NewsSpider-5) (30/447) Crawling and storing DONE - Poll Finds 80% of Americans, Including Minority Groups, Reject Political Correctness
INFO:root:[2018-10-14 17:47:56] (NewsSpider-1) (32/447) Crawling and storing DONE - AZ Dem Senate Candidate Compared Illegal Immigrants to Soldiers Killed in Iraq
INFO:root:[2018-10-14 17:47:58] (NewsSpider-5) (33/447) Crawling and storing DONE - Unshakable Hope
INFO:root:[2018-10-14 17:48:04] (NewsSpider-5) (34/447) Crawling and storing DONE - Kim Kardashian Goes to the White House
INFO:root:[2018-10-14 17:48:05] (NewsSpider-1) (35/447) Crawling and storing DONE - Blowback: Media Hit Trump Rally During Hurricane
INFO:root:[2018-10-14 17:48:19] (NewsSpider-2) (36/447) Crawling and storing DONE - A Podcast That Puts You to Sleep with Dr. Michael Aronoff
INFO:root:[2018-10-14 17:48:24] (NewsSpider-2) (38/447) Crawling and storing DONE - National Review Institute Fellow David French Says Right Now “We Are At A Point Of Real & Profound Division”
INFO:root:[2018-10-14 17:48:29] (NewsSpider-4) (40/447) Crawling and storing DONE - I’ll Tell You What…Supreme Uncertainty
INFO:root:[2018-10-14 17:48:39] (NewsSpider-4) (42/447) Crawling and storing DONE - I’ll Tell You What…What The Haley’s Going On?
INFO:root:[2018-10-14 17:48:52] (NewsSpider-5) (43/447) Crawling and storing DONE - Jimmy Failla, Jaimie La Bella: Is Kanye Crazy Or A Genius?
INFO:root:[2018-10-14 17:48:56] (NewsSpider-5) (44/447) Crawling and storing DONE - Gregory Wrightstone Author Of “Inconvenient Facts” Explains Why Hurricanes And Other Natural Disasters Are The Result Of Natural Forces, Not Man-Made Forces
INFO:root:[2018-10-14 17:49:35] (NewsSpider-4) (50/447) Crawling and storing DONE - The Speaker’s Lobby: Natural Disasters
INFO:root:[2018-10-14 17:49:42] (NewsSpider-1) (51/447) Crawling and storing DONE - Bullying Awareness: A Simple “I Saw What Happened, You Didn’t Deserve That” Goes a Long Way
INFO:root:[2018-10-14 17:49:46] (NewsSpider-1) (53/447) Crawling and storing DONE - Kanye West Wing
INFO:root:[2018-10-14 17:50:25] (NewsSpider-1) (58/447) Crawling and storing DONE - Take Two: Fresh Off the Emmy Awards
INFO:root:[2018-10-14 17:50:34] (NewsSpider-1) (59/447) Crawling and storing DONE - Will Julie Chen Return to ‘The Talk’ & ‘Big Brother’?
INFO:root:[2018-10-14 17:50:39] (NewsSpider-1) (60/447) Crawling and storing DONE - The Secret to Getting a Good Night’s Sleep
INFO:root:[2018-10-14 17:50:44] (NewsSpider-4) (62/447) Crawling and storing DONE - National Editor Of The Cook Political Report Amy Walter Says After This Election We Will End With “An Incredibly Polarized America”
INFO:root:[2018-10-14 17:50:49] (NewsSpider-1) (63/447) Crawling and storing DONE - Eric Metaxas – Without Martin Luther, No U.S. Constitution As We Know It
INFO:root:[2018-10-14 17:50:57] (NewsSpider-4) (64/447) Crawling and storing DONE - OH Lt. Gov. Calls for Sen. Sherrod Brown to Resign Over Abuse Filings
INFO:root:[2018-10-14 17:51:07] (NewsSpider-4) (65/447) Crawling and storing DONE - Fit4Service
INFO:root:[2018-10-14 17:51:07] (NewsSpider-1) (66/447) Crawling and storing DONE - The Todd Starnes Show – October 11th, 2018
INFO:root:[2018-10-14 17:51:35] (NewsSpider-1) (69/447) Crawling and storing DONE - A Lively Livin’ With Larry And Leslie
INFO:root:[2018-10-14 17:51:39] (NewsSpider-1) (70/447) Crawling and storing DONE - Fox Nation reveal: Sean Hannity, Laura Ingraham, Tucker Carlson among stars on streaming platform
INFO:root:[2018-10-14 17:51:45] (NewsSpider-1) (71/447) Crawling and storing DONE - Kanye West on Gun Violence: “Illegal Guns are the Problem”
INFO:root:[2018-10-14 17:52:38] (NewsSpider-1) (74/447) Crawling and storing DONE - Why Kanye’s White House Visit Is Such A Big Cultural Moment
INFO:root:[2018-10-14 17:52:40] (NewsSpider-1) (75/447) Crawling and storing DONE - Minneapolis Mayor Angers Police With Mandatory Placards Aimed at Helping Illegal Immigrants
CRITICAL:newspaper.network:[REQUEST FAILED] HTTPConnectionPool(host='www.foxnews.com', port=80): Read timed out. (read timeout=7)
CRITICAL:newspaper.network:[REQUEST FAILED] HTTPConnectionPool(host='www.foxnews.com', port=80): Read timed out. (read timeout=7)
CRITICAL:newspaper.network:[REQUEST FAILED] HTTPConnectionPool(host='www.foxnews.com', port=80): Read timed out. (read timeout=7)
INFO:root:[2018-10-14 18:38:52] ========== (NewsSpider-1) Start! ==========
INFO:root:[2018-10-14 18:38:52] ========== (NewsSpider-2) Start! ==========
INFO:root:[2018-10-14 18:38:52] ========== (NewsSpider-3) Start! ==========
INFO:root:[2018-10-14 18:38:52] ========== (NewsSpider-4) Start! ==========
INFO:root:[2018-10-14 18:38:52] ========== (NewsSpider-5) Start! ==========
WARNING:root:[2018-10-14 18:39:02] (NewsSpider-2) Article Not Exists on http://www.foxnews.com/opinion/my-marriage-was-tested-and-my-wife-proved-who-she-really-was
WARNING:root:[2018-10-14 18:39:09] (NewsSpider-3) Article Not Exists on http://www.foxbusiness.com/small-business/new-york-city-real-estate-powerhouse-led-by-a-mother-daughter-team
WARNING:root:[2018-10-14 18:39:10] (NewsSpider-4) Article Not Exists on http://www.foxbusiness.com/small-business/protein-bar-makers-turn-10000-into-600m-after-selling-company-to-food-giant
WARNING:root:[2018-10-14 18:39:10] (NewsSpider-5) Article Not Exists on http://www.foxnews.com/entertainment/cmt-artist-of-the-year-show-honors-exclusively-females-after-backlash
WARNING:root:[2018-10-14 18:39:16] (NewsSpider-2) Article Not Exists on http://www.foxnews.com/opinion/can-mr-wonderful-hack-it-as-a-husband-heres-how-to-know
WARNING:root:[2018-10-14 18:39:25] (NewsSpider-5) Article Not Exists on http://www.foxnews.com/sports/dodgers-top-brewers-to-even-nl-championship-series
WARNING:root:[2018-10-14 18:39:36] (NewsSpider-2) Article Not Exists on http://www.foxnews.com/real-estate/buying-home-sale-save-money-features
WARNING:root:[2018-10-14 18:39:36] (NewsSpider-5) Article Not Exists on http://www.foxbusiness.com/features/first-family-of-coffee-inside-italys-85-year-old-beverage-business
WARNING:root:[2018-10-14 18:39:40] (NewsSpider-1) Article Not Exists on http://www.foxbusiness.com/small-business/nascar-sprint-cup-team-is-a-family-affair
WARNING:root:[2018-10-14 18:39:42] (NewsSpider-3) Article Not Exists on http://video.foxnews.com/v/5599024308001/fox-news-radio
WARNING:root:[2018-10-14 18:40:05] (NewsSpider-5) Article Not Exists on http://www.foxnews.com/us/las-vegas-massacre-survivor-leaves-hospital-year-after-shooting
WARNING:root:[2018-10-14 18:40:32] (NewsSpider-4) Article Not Exists on http://www.foxnews.com/entertainment/ariana-grande-and-pete-davidson-reportedly-call-off-their-engagement-end-romantic-relationship
WARNING:root:[2018-10-14 18:40:35] (NewsSpider-3) Article Not Exists on http://www.foxnews.com/science/honeybees-in-decline-for-decades-finding-new-homes-in-unusual-places
WARNING:root:[2018-10-14 18:41:39] (NewsSpider-2) Article Not Exists on http://www.foxnews.com/great-outdoors/6-foot-bull-shark-leaps-into-family-fishing-boat-petrifies-kids-theyre-never-going-fishing-again
WARNING:root:[2018-10-14 18:41:39] (NewsSpider-5) Article Not Exists on http://www.foxnews.com/real-estate/things-you-should-never-put-in-the-dishwasher-and-the-weird-items-that-are-ok
WARNING:root:[2018-10-14 18:42:03] (NewsSpider-5) Article Not Exists on http://www.foxnews.com/politics/hillary-clinton-says-husbands-affair-was-not-an-abuse-of-power
INFO:root:[2018-10-14 18:45:59] ========== (NewsSpider-3) Thread END ==========
INFO:root:[2018-10-14 18:46:00] ========== (NewsSpider-4) Thread END ==========
INFO:root:[2018-10-14 18:46:00] ========== (NewsSpider-2) Thread END ==========
INFO:root:[2018-10-14 18:46:01] ========== (NewsSpider-1) Thread END ==========
INFO:root:[2018-10-14 18:46:04] ========== (NewsSpider-5) Thread END ==========
CRITICAL:newspaper.network:[REQUEST FAILED] 404 Client Error: Not Found for url: http://www.foxnews.com/feed
CRITICAL:newspaper.network:[REQUEST FAILED] 404 Client Error: Not Found for url: http://www.foxnews.com/feeds/
INFO:root:[2018-10-14 19:27:21] ========== (NewsSpider-1) Start! ==========
INFO:root:[2018-10-14 19:27:21] ========== (NewsSpider-2) Start! ==========
INFO:root:[2018-10-14 19:27:21] ========== (NewsSpider-3) Start! ==========
INFO:root:[2018-10-14 19:27:21] ========== (NewsSpider-4) Start! ==========
INFO:root:[2018-10-14 19:27:21] ========== (NewsSpider-5) Start! ==========
WARNING:root:[2018-10-14 19:27:31] (NewsSpider-3) Article Not Exists on http://www.foxnews.com/entertainment/carrie-underwood-brad-paisley-host-2018-cmas-5-memorable-moments-from-the-country-superstars
WARNING:root:[2018-10-14 19:27:31] (NewsSpider-5) Article Not Exists on http://www.foxnews.com/politics/romney-denies-he-led-never-trump-movement-says-presidents-policies-pretty-effective
WARNING:root:[2018-10-14 19:27:31] (NewsSpider-4) Article Not Exists on http://www.foxnews.com/tech/ausa-2018-in-pictures-the-biggest-land-warfare-showcase-in-years
WARNING:root:[2018-10-14 19:27:55] (NewsSpider-5) Article Not Exists on http://www.foxnews.com/on-air/the-next-revolution-with-steve-hilton/index.html
INFO:root:[2018-10-14 19:27:55] (NewsSpider-4) (2/450) Crawling and storing DONE - Poll Finds 80% of Americans, Including Minority Groups, Reject Political Correctness
WARNING:root:[2018-10-14 19:28:00] (NewsSpider-2) Article Not Exists on http://www.foxnews.com/tech/is-black-ops-4-the-new-fortnite
INFO:root:[2018-10-14 19:28:09] (NewsSpider-1) (3/450) Crawling and storing DONE - Unshakable Hope
INFO:root:[2018-10-14 19:28:17] (NewsSpider-5) (4/450) Crawling and storing DONE - Fit4Service
INFO:root:[2018-10-14 19:28:17] (NewsSpider-1) (5/450) Crawling and storing DONE - A Podcast That Puts You to Sleep with Dr. Michael Aronoff
INFO:root:[2018-10-14 19:29:12] (NewsSpider-3) (10/450) Crawling and storing DONE - Kanye West Wing
INFO:root:[2018-10-14 19:29:22] (NewsSpider-5) (14/450) Crawling and storing DONE - Kim Kardashian Goes to the White House
INFO:root:[2018-10-14 19:29:34] (NewsSpider-1) (15/450) Crawling and storing DONE - Minneapolis Mayor Angers Police With Mandatory Placards Aimed at Helping Illegal Immigrants
INFO:root:[2018-10-14 19:29:38] (NewsSpider-4) (16/450) Crawling and storing DONE - Senator Bob Corker On The Arrogance of the Saudi Crown Prince
INFO:root:[2018-10-14 19:30:03] (NewsSpider-5) (18/450) Crawling and storing DONE - Host of Watters World Jesse Watters, General Jack Keane, & National Editor of The Cook Political Report Amy Walter
INFO:root:[2018-10-14 19:30:09] (NewsSpider-5) (20/450) Crawling and storing DONE - Look What You Made Me Do
INFO:root:[2018-10-14 19:30:24] (NewsSpider-3) (21/450) Crawling and storing DONE - WATCH: Lindsey Graham Responds to Rumors He Will Be Next Attorney General
INFO:root:[2018-10-14 19:30:55] (NewsSpider-3) (26/450) Crawling and storing DONE - Ben Shapiro: In This Country We Have A Significant Conflict Between Social Justice And Individual Justice
INFO:root:[2018-10-14 19:31:21] (NewsSpider-1) (28/450) Crawling and storing DONE - Senator Chuck Grassley on Kavanaugh, McCain and More
INFO:root:[2018-10-14 19:31:26] (NewsSpider-5) (29/450) Crawling and storing DONE - Jimmy Failla, Jaimie La Bella: Is Kanye Crazy Or A Genius?
INFO:root:[2018-10-14 19:32:00] (NewsSpider-2) (34/450) Crawling and storing DONE - Take Two: Fresh Off the Emmy Awards
INFO:root:[2018-10-14 19:32:10] (NewsSpider-3) (35/450) Crawling and storing DONE - FNC Host Shannon Bream on How Her last Minute Interview With The President Came About
INFO:root:[2018-10-14 19:32:51] (NewsSpider-3) (38/450) Crawling and storing DONE - Blowback: Media Hit Trump Rally During Hurricane
INFO:root:[2018-10-14 19:32:58] (NewsSpider-2) (39/450) Crawling and storing DONE - Fox Nation reveal: Sean Hannity, Laura Ingraham, Tucker Carlson among stars on streaming platform
INFO:root:[2018-10-14 19:33:56] (NewsSpider-3) (42/450) Crawling and storing DONE - Suicide Prevention: Protecting Your Kids from Destructive Outside Influences
INFO:root:[2018-10-14 19:34:03] (NewsSpider-2) (44/450) Crawling and storing DONE - OH Lt. Gov. Calls for Sen. Sherrod Brown to Resign Over Abuse Filings
INFO:root:[2018-10-14 19:34:58] (NewsSpider-2) (51/450) Crawling and storing DONE - AZ Dem Senate Candidate Compared Illegal Immigrants to Soldiers Killed in Iraq
CRITICAL:newspaper.network:[REQUEST FAILED] 404 Client Error: Not Found for url: https://www.foxnews.com/feed
CRITICAL:newspaper.network:[REQUEST FAILED] 404 Client Error: Not Found for url: https://www.foxnews.com/feeds/
INFO:root:[2018-10-21 14:02:06] ========== (NewsSpider-1) Start! ==========
INFO:root:[2018-10-21 14:02:06] ========== (NewsSpider-2) Start! ==========
INFO:root:[2018-10-21 14:02:06] ========== (NewsSpider-3) Start! ==========
INFO:root:[2018-10-21 14:02:06] ========== (NewsSpider-4) Start! ==========
INFO:root:[2018-10-21 14:02:06] ========== (NewsSpider-5) Start! ==========
INFO:root:[2018-10-21 14:02:19] (NewsSpider-4) (4/453) Crawling and storing DONE - Lou Pate Fills In: Are You Scared To Discuss Politics In Public?
INFO:root:[2018-10-21 14:02:25] (NewsSpider-3) (5/453) Crawling and storing DONE - Is The Caravan a Democratic Trap?
INFO:root:[2018-10-21 14:02:35] (NewsSpider-3) (7/453) Crawling and storing DONE - Legalize It
INFO:root:[2018-10-21 14:02:53] (NewsSpider-4) (10/453) Crawling and storing DONE - Senator Ben Sasse, Fox News DOJ Producer Jake Gibson & Sports Reporter Matt Napolitano
INFO:root:[2018-10-21 14:03:21] (NewsSpider-5) (15/453) Crawling and storing DONE - Sen. Graham: I Never Needed Police Security Before Kavanaugh Hearings
INFO:root:[2018-10-21 14:03:26] (NewsSpider-3) (16/453) Crawling and storing DONE - Former CIA Officer Mike Baker: Attack in Afghanistan Is Taliban Trying To Disrupt Elections
INFO:root:[2018-10-21 14:04:25] (NewsSpider-1) (19/453) Crawling and storing DONE - Fit4Service
INFO:root:[2018-10-21 14:04:37] (NewsSpider-5) (22/453) Crawling and storing DONE - DHS Spokesman Katie Waldman On Why It Is More Difficult To Repatriate Migrants From Central America Compared To Mexico
INFO:root:[2018-10-21 14:04:43] (NewsSpider-1) (23/453) Crawling and storing DONE - FNC Correspondent Peter Doocy Live From Montana Gives The Latest On The Montana Senate Race
INFO:root:[2018-10-21 14:04:48] (NewsSpider-5) (24/453) Crawling and storing DONE - Press Body-Slams Trump for Praising Assault on Reporter
INFO:root:[2018-10-21 14:04:55] (NewsSpider-5) (26/453) Crawling and storing DONE - The Professor Behind Grievance Study Hoaxes
INFO:root:[2018-10-21 14:05:34] (NewsSpider-1) (27/453) Crawling and storing DONE - Deroy Murdock: The Only Way To Save Democrats Is To Crush Them At The Polls
INFO:root:[2018-10-21 14:05:56] (NewsSpider-1) (28/453) Crawling and storing DONE - Lt. Col. Allen West On The Importance Of America Taking A Stand Against Saudi Arabia
INFO:root:[2018-10-21 14:06:00] (NewsSpider-1) (30/453) Crawling and storing DONE - NY Man Charged With Threatening to Kill GOP Senators Over Kavanaugh Support
INFO:root:[2018-10-21 14:06:15] (NewsSpider-1) (33/453) Crawling and storing DONE - Take Two: Fresh Off the Emmy Awards
INFO:root:[2018-10-21 14:06:22] (NewsSpider-1) (34/453) Crawling and storing DONE - Correspondent for FNC Peter Doocy, Former CIA Officer Mike Baker, & Democratic Partner of Fox News Poll Chris Anderson
INFO:root:[2018-10-21 14:06:27] (NewsSpider-1) (35/453) Crawling and storing DONE - Fox News DOJ Producer Jake Gibson Gives The Latest On The Manafort Trial
INFO:root:[2018-10-21 14:07:00] (NewsSpider-1) (37/453) Crawling and storing DONE - Breaking the Silence on Bullying
INFO:root:[2018-10-21 14:07:11] (NewsSpider-1) (38/453) Crawling and storing DONE - From The Top Rope
INFO:root:[2018-10-21 14:07:15] (NewsSpider-1) (39/453) Crawling and storing DONE - Unshakable Hope
INFO:root:[2018-10-21 14:22:15] (NewsSpider-1) (41/453) Crawling and storing DONE - President Trump Seeking 5 Percent Budget Cut
INFO:root:[2018-10-21 14:22:32] (NewsSpider-1) (42/453) Crawling and storing DONE - A Front Row Seat Inside the Presidency with Lara Trump
INFO:root:[2018-10-21 14:34:08] (NewsSpider-1) (44/453) Crawling and storing DONE - Kim Kardashian Goes to the White House
INFO:root:[2018-10-21 14:35:35] (NewsSpider-1) (45/453) Crawling and storing DONE - Suicide Prevention: Protecting Your Kids from Destructive Outside Influences
WARNING:root:[2018-10-21 14:35:57] (NewsSpider-1) Article Not Exists on https://www.foxnews.com/science/t-rexs-puny-arms-were-useful-after-allhttps://www.foxnews.com/tech/army-set-sights-on-sophisticated-future-tanks
INFO:root:[2018-10-21 14:36:35] (NewsSpider-1) (46/453) Crawling and storing DONE - Gerri Opens Up About Her Cancer Battle & How It Changed Her
INFO:root:[2018-10-21 14:37:03] (NewsSpider-1) (47/453) Crawling and storing DONE - Fox Nation reveal: Sean Hannity, Laura Ingraham, Tucker Carlson among stars on streaming platform
WARNING:root:[2018-10-21 14:53:50] (NewsSpider-1) Article Not Exists on https://www.foxbusiness.com/category/media
INFO:root:[2018-10-21 14:57:07] (NewsSpider-1) (50/453) Crawling and storing DONE - Democratic Partner On Fox News Poll Chris Anderson Breaks Down The Newest Fox News Poll
INFO:root:[2018-10-21 15:06:21] (NewsSpider-1) (57/453) Crawling and storing DONE - Senate Majority Leader Mitch McConnell: If The Democrats Win Back The Senate Judicial Confirmations Will Stop Completely
INFO:root:[2018-10-21 15:07:20] (NewsSpider-1) (60/453) Crawling and storing DONE - Secrets of the Southern Table
INFO:root:[2018-10-21 15:07:24] ========== (NewsSpider-1) Thread END ==========
