CRITICAL:newspaper.network:[REQUEST FAILED] HTTPConnectionPool(host='support.ted.com%20', port=80): Max retries exceeded with url: / (Caused by NewConnectionError('<urllib3.connection.HTTPConnection object at 0x7fe7389a3dd8>: Failed to establish a new connection: [Errno -2] Name or service not known',))
CRITICAL:newspaper.network:[REQUEST FAILED] 404 Client Error: Not Found for url: https://www.ted.com/feed
CRITICAL:newspaper.network:[REQUEST FAILED] 404 Client Error: Not Found for url: https://www.ted.com/rss
CRITICAL:newspaper.network:[REQUEST FAILED] 404 Client Error: Not Found for url: https://www.ted.com/feeds
INFO:root:[2018-09-08 18:11:34] ========== (NewsSpider-1) Start! ==========
INFO:root:[2018-09-08 18:11:35] ========== (NewsSpider-2) Start! ==========
INFO:root:[2018-09-08 18:11:35] ========== (NewsSpider-3) Start! ==========
INFO:root:[2018-09-08 18:11:35] ========== (NewsSpider-4) Start! ==========
INFO:root:[2018-09-08 18:11:35] ========== (NewsSpider-5) Start! ==========
INFO:root:[2018-09-08 18:11:44] (NewsSpider-1) (1/158) Crawling and storing DONE - What matters: Notes from Session 11 of TED2018
INFO:root:[2018-09-08 18:11:45] (NewsSpider-2) (2/158) Crawling and storing DONE - Starting a new job is stressful. But what if there was a better way to do it?
INFO:root:[2018-09-08 18:11:48] (NewsSpider-1) (3/158) Crawling and storing DONE - A behind-the-scenes view of TED2018, to inspire you to apply for The Audacious Project
INFO:root:[2018-09-08 18:11:51] (NewsSpider-2) (4/158) Crawling and storing DONE - How can schools best prepare students for the future? Give them real work to do
INFO:root:[2018-09-08 18:11:59] (NewsSpider-5) (5/158) Crawling and storing DONE - 3 reasons why women are still fighting for equal healthcare
INFO:root:[2018-09-08 18:12:02] (NewsSpider-5) (6/158) Crawling and storing DONE - Apply for The Audacious Project
INFO:root:[2018-09-08 18:12:22] (NewsSpider-2) (7/158) Crawling and storing DONE - Apply now to be a TED2019 Fellow
CRITICAL:newspaper.network:[REQUEST FAILED] HTTPConnectionPool(host='support.ted.com%20', port=80): Max retries exceeded with url: / (Caused by NewConnectionError('<urllib3.connection.HTTPConnection object at 0x7f9f528657b8>: Failed to establish a new connection: [Errno -2] Name or service not known',))
CRITICAL:newspaper.network:[REQUEST FAILED] 404 Client Error: Not Found for url: https://www.ted.com/rss
CRITICAL:newspaper.network:[REQUEST FAILED] 404 Client Error: Not Found for url: https://www.ted.com/feed
CRITICAL:newspaper.network:[REQUEST FAILED] 404 Client Error: Not Found for url: https://www.ted.com/feeds
INFO:root:[2018-09-08 18:26:44] ========== (NewsSpider-1) Start! ==========
INFO:root:[2018-09-08 18:26:44] ========== (NewsSpider-2) Start! ==========
INFO:root:[2018-09-08 18:26:44] ========== (NewsSpider-3) Start! ==========
INFO:root:[2018-09-08 18:26:44] ========== (NewsSpider-4) Start! ==========
INFO:root:[2018-09-08 18:26:44] ========== (NewsSpider-5) Start! ==========
INFO:root:[2018-09-08 18:27:23] (NewsSpider-3) (1/158) Crawling and storing DONE - Some incredible updates from The Audacious Project
INFO:root:[2018-09-08 18:27:24] (NewsSpider-2) (2/158) Crawling and storing DONE - A behind-the-scenes view of TED2018, to inspire you to apply for The Audacious Project
INFO:root:[2018-09-08 18:27:32] (NewsSpider-2) (3/158) Crawling and storing DONE - How can schools best prepare students for the future? Give them real work to do
INFO:root:[2018-09-08 18:27:49] (NewsSpider-2) (4/158) Crawling and storing DONE - 3 reasons why women are still fighting for equal healthcare
INFO:root:[2018-09-08 18:27:56] (NewsSpider-2) (5/158) Crawling and storing DONE - A model of possibility: Tiq Milan on being the architect of his own destiny
INFO:root:[2018-09-08 18:28:06] (NewsSpider-2) (6/158) Crawling and storing DONE - Starting a new job is stressful. But what if there was a better way to do it?
CRITICAL:newspaper.network:[REQUEST FAILED] HTTPConnectionPool(host='support.ted.com%20', port=80): Max retries exceeded with url: / (Caused by NewConnectionError('<urllib3.connection.HTTPConnection object at 0x7f8c69edac18>: Failed to establish a new connection: [Errno -2] Name or service not known',))
CRITICAL:newspaper.network:[REQUEST FAILED] 404 Client Error: Not Found for url: https://www.ted.com/feed
CRITICAL:newspaper.network:[REQUEST FAILED] 404 Client Error: Not Found for url: https://www.ted.com/feeds
CRITICAL:newspaper.network:[REQUEST FAILED] 404 Client Error: Not Found for url: https://www.ted.com/rss
INFO:root:[2018-10-14 10:50:02] ========== (NewsSpider-1) Start! ==========
INFO:root:[2018-10-14 10:50:02] ========== (NewsSpider-2) Start! ==========
INFO:root:[2018-10-14 10:50:02] ========== (NewsSpider-3) Start! ==========
INFO:root:[2018-10-14 10:50:02] ========== (NewsSpider-4) Start! ==========
INFO:root:[2018-10-14 10:50:02] ========== (NewsSpider-5) Start! ==========
INFO:root:[2018-10-14 10:50:02] ========== (NewsSpider-6) Start! ==========
INFO:root:[2018-10-14 10:50:02] ========== (NewsSpider-7) Start! ==========
INFO:root:[2018-10-14 10:50:02] ========== (NewsSpider-8) Start! ==========
INFO:root:[2018-10-14 10:50:02] ========== (NewsSpider-9) Start! ==========
INFO:root:[2018-10-14 10:50:02] ========== (NewsSpider-10) Start! ==========
WARNING:root:[2018-10-14 10:50:51] (NewsSpider-7) Article Not Exists on http://www.ted.com/talks/liv_boeree_3_lessons_on_decision_making_from_a_poker_champion
WARNING:root:[2018-10-14 10:50:59] (NewsSpider-1) Article Not Exists on https://blog.ted.com/what-matters-notes-from-session-11-of-ted2018/
WARNING:root:[2018-10-14 10:51:10] (NewsSpider-7) Article Not Exists on http://www.ted.com/talks/paul_ewald_asks_can_we_domesticate_germs
WARNING:root:[2018-10-14 10:51:34] (NewsSpider-2) Article Not Exists on https://blog.ted.com/in-case-you-missed-it-the-dawn-of-the-age-of-amazement-at-ted2018/
INFO:root:[2018-10-14 10:51:46] (NewsSpider-2) (1/164) Crawling and storing DONE - Say no to meetings! And 3 other ideas to keep your workplace happy and healthy
WARNING:root:[2018-10-14 10:51:57] (NewsSpider-6) Article Not Exists on http://www.ted.com/talks/isadora_kosofsky_intimate_photos_of_a_senior_love_triangle
INFO:root:[2018-10-14 10:53:20] (NewsSpider-6) (2/164) Crawling and storing DONE - Facing a tough decision? Borrow from psychology, business and the military to see past your blind spots
INFO:root:[2018-10-14 10:53:29] (NewsSpider-7) (3/164) Crawling and storing DONE - ‘Crazy Rich Asians’ shows that diversity onscreen is a win for everyone
INFO:root:[2018-10-14 10:53:37] (NewsSpider-3) (4/164) Crawling and storing DONE - 3 ways that your memory can stay sharp even as you get older
INFO:root:[2018-10-14 10:53:47] (NewsSpider-3) (5/164) Crawling and storing DONE - Apply for The Audacious Project
WARNING:root:[2018-10-14 10:54:57] (NewsSpider-3) Article Not Exists on https://ideas.ted.com/an-artists-slavery-relics-and-reimagined-kkk-robes-show-us-the-reality-of-systemic-racism/
INFO:root:[2018-10-14 10:55:00] (NewsSpider-4) (6/164) Crawling and storing DONE - Want to fight climate change? Educate a girl
INFO:root:[2018-10-14 10:55:20] (NewsSpider-3) (7/164) Crawling and storing DONE - Are you ready to eat meat that was grown in a lab, and not at a farm?
INFO:root:[2018-10-14 10:55:23] (NewsSpider-4) (8/164) Crawling and storing DONE - Why the US needs to pass the Equal Rights Amendment — finally
INFO:root:[2018-10-14 10:55:46] (NewsSpider-3) (9/164) Crawling and storing DONE - A behind-the-scenes view of TED2018, to inspire you to apply for The Audacious Project
INFO:root:[2018-10-14 10:55:48] (NewsSpider-9) (10/164) Crawling and storing DONE - 7 big ideas gain momentum: Updates from The Audacious Project
INFO:root:[2018-10-14 10:55:49] ========== (NewsSpider-7) Thread END ==========
INFO:root:[2018-10-14 10:55:50] ========== (NewsSpider-9) Thread END ==========
INFO:root:[2018-10-14 10:55:50] ========== (NewsSpider-6) Thread END ==========
INFO:root:[2018-10-14 10:55:51] ========== (NewsSpider-3) Thread END ==========
INFO:root:[2018-10-14 10:55:52] ========== (NewsSpider-2) Thread END ==========
INFO:root:[2018-10-14 10:55:52] ========== (NewsSpider-4) Thread END ==========
CRITICAL:newspaper.network:[REQUEST FAILED] HTTPConnectionPool(host='support.ted.com%20', port=80): Max retries exceeded with url: / (Caused by NewConnectionError('<urllib3.connection.HTTPConnection object at 0x7fb0abb55320>: Failed to establish a new connection: [Errno -2] Name or service not known',))
CRITICAL:newspaper.network:[REQUEST FAILED] 404 Client Error: Not Found for url: https://www.ted.com/feed
CRITICAL:newspaper.network:[REQUEST FAILED] 404 Client Error: Not Found for url: https://www.ted.com/rss
CRITICAL:newspaper.network:[REQUEST FAILED] 404 Client Error: Not Found for url: https://www.ted.com/feeds
INFO:root:[2018-10-14 17:43:40] ========== (NewsSpider-1) Start! ==========
INFO:root:[2018-10-14 17:43:40] ========== (NewsSpider-2) Start! ==========
INFO:root:[2018-10-14 17:43:40] ========== (NewsSpider-3) Start! ==========
INFO:root:[2018-10-14 17:43:40] ========== (NewsSpider-4) Start! ==========
INFO:root:[2018-10-14 17:43:40] ========== (NewsSpider-5) Start! ==========
INFO:root:[2018-10-14 17:44:55] (NewsSpider-1) (1/168) Crawling and storing DONE - Why the US needs to pass the Equal Rights Amendment — finally
INFO:root:[2018-10-14 17:44:56] (NewsSpider-4) (2/168) Crawling and storing DONE - Apply for The Audacious Project
INFO:root:[2018-10-14 17:45:02] (NewsSpider-1) (3/168) Crawling and storing DONE - Want to fight climate change? Educate a girl
INFO:root:[2018-10-14 17:45:02] (NewsSpider-4) (4/168) Crawling and storing DONE - A behind-the-scenes view of TED2018, to inspire you to apply for The Audacious Project
INFO:root:[2018-10-14 17:45:03] (NewsSpider-2) (5/168) Crawling and storing DONE - Say no to meetings! And 3 other ideas to keep your workplace happy and healthy
INFO:root:[2018-10-14 17:45:15] (NewsSpider-2) (6/168) Crawling and storing DONE - ‘Crazy Rich Asians’ shows that diversity onscreen is a win for everyone
INFO:root:[2018-10-14 17:46:00] (NewsSpider-3) (7/168) Crawling and storing DONE - In Case You Missed It: The dawn of “The Age of Amazement” at TED2018
INFO:root:[2018-10-14 17:46:27] (NewsSpider-3) (8/168) Crawling and storing DONE - Facing a tough decision? Borrow from psychology, business and the military to see past your blind spots
INFO:root:[2018-10-14 17:47:03] (NewsSpider-3) (9/168) Crawling and storing DONE - 3 ways that your memory can stay sharp even as you get older
INFO:root:[2018-10-14 17:47:06] (NewsSpider-4) (10/168) Crawling and storing DONE - 7 big ideas gain momentum: Updates from The Audacious Project
INFO:root:[2018-10-14 17:48:42] (NewsSpider-4) (11/168) Crawling and storing DONE - What matters: Notes from Session 11 of TED2018
INFO:root:[2018-10-14 17:48:50] (NewsSpider-4) (12/168) Crawling and storing DONE - Are you ready to eat meat that was grown in a lab, and not at a farm?
INFO:root:[2018-10-14 17:49:01] (NewsSpider-4) (13/168) Crawling and storing DONE - An artist’s slavery relics and reimagined KKK robes show us the reality of systemic racism
INFO:root:[2018-10-14 17:49:27] ========== (NewsSpider-4) Thread END ==========
CRITICAL:newspaper.network:[REQUEST FAILED] HTTPConnectionPool(host='support.ted.com%20', port=80): Max retries exceeded with url: / (Caused by NewConnectionError('<urllib3.connection.HTTPConnection object at 0x7f1cf847cd30>: Failed to establish a new connection: [Errno -2] Name or service not known',))
CRITICAL:newspaper.network:[REQUEST FAILED] 404 Client Error: Not Found for url: https://www.ted.com/feed
CRITICAL:newspaper.network:[REQUEST FAILED] 404 Client Error: Not Found for url: https://www.ted.com/rss
CRITICAL:newspaper.network:[REQUEST FAILED] 404 Client Error: Not Found for url: https://www.ted.com/feeds
INFO:root:[2018-10-14 18:38:51] ========== (NewsSpider-1) Start! ==========
INFO:root:[2018-10-14 18:38:51] ========== (NewsSpider-2) Start! ==========
INFO:root:[2018-10-14 18:38:51] ========== (NewsSpider-3) Start! ==========
INFO:root:[2018-10-14 18:38:51] ========== (NewsSpider-4) Start! ==========
INFO:root:[2018-10-14 18:38:51] ========== (NewsSpider-5) Start! ==========
WARNING:root:[2018-10-14 18:39:34] (NewsSpider-5) Article Not Exists on https://blog.ted.com/7-big-ideas-gain-momentum-updates-from-the-audacious-project/
INFO:root:[2018-10-14 18:43:17] ========== (NewsSpider-4) Thread END ==========
INFO:root:[2018-10-14 18:43:19] ========== (NewsSpider-2) Thread END ==========
INFO:root:[2018-10-14 18:43:19] ========== (NewsSpider-5) Thread END ==========
INFO:root:[2018-10-14 18:43:20] ========== (NewsSpider-3) Thread END ==========
INFO:root:[2018-10-14 18:43:20] ========== (NewsSpider-1) Thread END ==========
CRITICAL:newspaper.network:[REQUEST FAILED] HTTPConnectionPool(host='support.ted.com%20', port=80): Max retries exceeded with url: / (Caused by NewConnectionError('<urllib3.connection.HTTPConnection object at 0x7f4220093c50>: Failed to establish a new connection: [Errno -2] Name or service not known',))
CRITICAL:newspaper.network:[REQUEST FAILED] 404 Client Error: Not Found for url: https://www.ted.com/rss
CRITICAL:newspaper.network:[REQUEST FAILED] 404 Client Error: Not Found for url: https://www.ted.com/feeds
CRITICAL:newspaper.network:[REQUEST FAILED] 404 Client Error: Not Found for url: https://www.ted.com/feed
INFO:root:[2018-10-14 19:27:20] ========== (NewsSpider-1) Start! ==========
INFO:root:[2018-10-14 19:27:20] ========== (NewsSpider-2) Start! ==========
INFO:root:[2018-10-14 19:27:20] ========== (NewsSpider-3) Start! ==========
INFO:root:[2018-10-14 19:27:20] ========== (NewsSpider-4) Start! ==========
INFO:root:[2018-10-14 19:27:20] ========== (NewsSpider-5) Start! ==========
INFO:root:[2018-10-14 19:27:48] (NewsSpider-5) (1/169) Crawling and storing DONE - Want to fight climate change? Educate a girl
INFO:root:[2018-10-14 19:28:10] (NewsSpider-4) (2/169) Crawling and storing DONE - Apply for The Audacious Project
INFO:root:[2018-10-14 19:28:21] (NewsSpider-3) (3/169) Crawling and storing DONE - Facing a tough decision? Borrow from psychology, business and the military to see past your blind spots
INFO:root:[2018-10-14 19:29:10] (NewsSpider-1) (4/169) Crawling and storing DONE - 3 ways that your memory can stay sharp even as you get older
INFO:root:[2018-10-14 19:31:25] (NewsSpider-2) (5/169) Crawling and storing DONE - A behind-the-scenes view of TED2018, to inspire you to apply for The Audacious Project
INFO:root:[2018-10-14 19:31:34] (NewsSpider-2) (6/169) Crawling and storing DONE - What matters: Notes from Session 11 of TED2018
INFO:root:[2018-10-14 19:31:41] (NewsSpider-2) (7/169) Crawling and storing DONE - 7 big ideas gain momentum: Updates from The Audacious Project
INFO:root:[2018-10-14 19:31:47] (NewsSpider-2) (8/169) Crawling and storing DONE - Are you ready to eat meat that was grown in a lab, and not at a farm?
INFO:root:[2018-10-14 19:32:17] (NewsSpider-2) (9/169) Crawling and storing DONE - Say no to meetings! And 3 other ideas to keep your workplace happy and healthy
INFO:root:[2018-10-14 19:32:22] ========== (NewsSpider-2) Thread END ==========
CRITICAL:newspaper.network:[REQUEST FAILED] HTTPConnectionPool(host='support.ted.com%20', port=80): Max retries exceeded with url: / (Caused by NewConnectionError('<urllib3.connection.HTTPConnection object at 0x7fbf0b25cc88>: Failed to establish a new connection: [Errno -2] Name or service not known',))
CRITICAL:newspaper.network:[REQUEST FAILED] 404 Client Error: Not Found for url: https://www.ted.com/feeds
CRITICAL:newspaper.network:[REQUEST FAILED] 404 Client Error: Not Found for url: https://www.ted.com/rss
CRITICAL:newspaper.network:[REQUEST FAILED] 404 Client Error: Not Found for url: https://www.ted.com/feed
INFO:root:[2018-10-21 14:02:06] ========== (NewsSpider-1) Start! ==========
INFO:root:[2018-10-21 14:02:06] ========== (NewsSpider-2) Start! ==========
INFO:root:[2018-10-21 14:02:06] ========== (NewsSpider-3) Start! ==========
INFO:root:[2018-10-21 14:02:06] ========== (NewsSpider-4) Start! ==========
INFO:root:[2018-10-21 14:02:06] ========== (NewsSpider-5) Start! ==========
INFO:root:[2018-10-21 14:02:27] (NewsSpider-1) (1/169) Crawling and storing DONE - Say no to meetings! And 3 other ideas to keep your workplace happy and healthy
INFO:root:[2018-10-21 14:02:43] (NewsSpider-3) (2/169) Crawling and storing DONE - 3 ways that tech helps me handle my anxiety and depression
INFO:root:[2018-10-21 14:03:13] (NewsSpider-1) (3/169) Crawling and storing DONE - What matters: Notes from Session 11 of TED2018
INFO:root:[2018-10-21 14:03:17] (NewsSpider-4) (4/169) Crawling and storing DONE - 7 big ideas gain momentum: Updates from The Audacious Project
INFO:root:[2018-10-21 14:03:34] (NewsSpider-5) (5/169) Crawling and storing DONE - Apply for The Audacious Project
INFO:root:[2018-10-21 14:04:16] (NewsSpider-3) (6/169) Crawling and storing DONE - Want to fight climate change? Educate a girl
INFO:root:[2018-10-21 14:04:53] (NewsSpider-3) (7/169) Crawling and storing DONE - A behind-the-scenes view of TED2018, to inspire you to apply for The Audacious Project
INFO:root:[2018-10-21 14:05:29] ========== (NewsSpider-3) Thread END ==========
