CRITICAL:newspaper.network:[REQUEST FAILED] 404 Client Error: Not Found for url: http://thedailyfairfield.com/manual
CRITICAL:newspaper.network:[REQUEST FAILED] 404 Client Error: Not Found for url: http://thedailyfairfield.com/feeds
CRITICAL:newspaper.network:[REQUEST FAILED] 404 Client Error: Not Found for url: http://thedailyfairfield.com/feed
CRITICAL:newspaper.network:[REQUEST FAILED] 404 Client Error: Not Found for url: http://thedailyfairfield.com/rss
INFO:root:[2018-09-08 18:26:42] ========== (NewsSpider-1) Start! ==========
INFO:root:[2018-09-08 18:26:42] ========== (NewsSpider-1) Thread END ==========
INFO:root:[2018-09-08 18:26:42] ========== (NewsSpider-2) Start! ==========
INFO:root:[2018-09-08 18:26:42] ========== (NewsSpider-2) Thread END ==========
INFO:root:[2018-09-08 18:26:42] ========== (NewsSpider-3) Start! ==========
INFO:root:[2018-09-08 18:26:42] ========== (NewsSpider-3) Thread END ==========
INFO:root:[2018-09-08 18:26:42] ========== (NewsSpider-4) Start! ==========
INFO:root:[2018-09-08 18:26:42] ========== (NewsSpider-4) Thread END ==========
INFO:root:[2018-09-08 18:26:42] ========== (NewsSpider-5) Start! ==========
INFO:root:[2018-09-08 18:26:42] ========== (NewsSpider-5) Thread END ==========
CRITICAL:newspaper.network:[REQUEST FAILED] 404 Client Error: Not Found for url: https://www.thedailyfairfield.com/feeds
INFO:root:[2018-10-14 10:50:47] ========== (NewsSpider-1) Start! ==========
INFO:root:[2018-10-14 10:50:47] ========== (NewsSpider-1) Thread END ==========
INFO:root:[2018-10-14 10:50:47] ========== (NewsSpider-2) Start! ==========
INFO:root:[2018-10-14 10:50:47] ========== (NewsSpider-2) Thread END ==========
INFO:root:[2018-10-14 10:50:47] ========== (NewsSpider-3) Start! ==========
INFO:root:[2018-10-14 10:50:47] ========== (NewsSpider-3) Thread END ==========
INFO:root:[2018-10-14 10:50:47] ========== (NewsSpider-4) Start! ==========
INFO:root:[2018-10-14 10:50:47] ========== (NewsSpider-4) Thread END ==========
INFO:root:[2018-10-14 10:50:47] ========== (NewsSpider-5) Start! ==========
INFO:root:[2018-10-14 10:50:47] ========== (NewsSpider-5) Thread END ==========
INFO:root:[2018-10-14 10:50:47] ========== (NewsSpider-6) Start! ==========
INFO:root:[2018-10-14 10:50:47] ========== (NewsSpider-6) Thread END ==========
INFO:root:[2018-10-14 10:50:47] ========== (NewsSpider-7) Start! ==========
INFO:root:[2018-10-14 10:50:47] ========== (NewsSpider-7) Thread END ==========
INFO:root:[2018-10-14 10:50:47] ========== (NewsSpider-8) Start! ==========
INFO:root:[2018-10-14 10:50:47] ========== (NewsSpider-8) Thread END ==========
INFO:root:[2018-10-14 10:50:47] ========== (NewsSpider-9) Start! ==========
INFO:root:[2018-10-14 10:50:47] ========== (NewsSpider-9) Thread END ==========
INFO:root:[2018-10-14 10:50:47] ========== (NewsSpider-10) Start! ==========
INFO:root:[2018-10-14 10:50:47] ========== (NewsSpider-10) Thread END ==========
CRITICAL:newspaper.network:[REQUEST FAILED] 404 Client Error: Not Found for url: https://www.thedailyfairfield.com/feeds
INFO:root:[2018-10-14 17:44:22] ========== (NewsSpider-1) Start! ==========
INFO:root:[2018-10-14 17:44:22] ========== (NewsSpider-1) Thread END ==========
INFO:root:[2018-10-14 17:44:22] ========== (NewsSpider-2) Start! ==========
INFO:root:[2018-10-14 17:44:22] ========== (NewsSpider-2) Thread END ==========
INFO:root:[2018-10-14 17:44:22] ========== (NewsSpider-3) Start! ==========
INFO:root:[2018-10-14 17:44:22] ========== (NewsSpider-3) Thread END ==========
INFO:root:[2018-10-14 17:44:22] ========== (NewsSpider-4) Start! ==========
INFO:root:[2018-10-14 17:44:22] ========== (NewsSpider-4) Thread END ==========
INFO:root:[2018-10-14 17:44:22] ========== (NewsSpider-5) Start! ==========
INFO:root:[2018-10-14 17:44:22] ========== (NewsSpider-5) Thread END ==========
CRITICAL:newspaper.network:[REQUEST FAILED] 404 Client Error: Not Found for url: https://www.thedailyfairfield.com/feeds
INFO:root:[2018-10-14 18:39:19] ========== (NewsSpider-1) Start! ==========
INFO:root:[2018-10-14 18:39:19] ========== (NewsSpider-1) Thread END ==========
INFO:root:[2018-10-14 18:39:19] ========== (NewsSpider-2) Start! ==========
INFO:root:[2018-10-14 18:39:19] ========== (NewsSpider-2) Thread END ==========
INFO:root:[2018-10-14 18:39:19] ========== (NewsSpider-3) Start! ==========
INFO:root:[2018-10-14 18:39:19] ========== (NewsSpider-3) Thread END ==========
INFO:root:[2018-10-14 18:39:19] ========== (NewsSpider-4) Start! ==========
INFO:root:[2018-10-14 18:39:19] ========== (NewsSpider-4) Thread END ==========
INFO:root:[2018-10-14 18:39:19] ========== (NewsSpider-5) Start! ==========
INFO:root:[2018-10-14 18:39:19] ========== (NewsSpider-5) Thread END ==========
CRITICAL:newspaper.network:[REQUEST FAILED] 404 Client Error: Not Found for url: https://www.thedailyfairfield.com/feeds
INFO:root:[2018-10-14 19:27:46] ========== (NewsSpider-1) Start! ==========
INFO:root:[2018-10-14 19:27:46] ========== (NewsSpider-1) Thread END ==========
INFO:root:[2018-10-14 19:27:46] ========== (NewsSpider-2) Start! ==========
INFO:root:[2018-10-14 19:27:46] ========== (NewsSpider-2) Thread END ==========
INFO:root:[2018-10-14 19:27:46] ========== (NewsSpider-3) Start! ==========
INFO:root:[2018-10-14 19:27:46] ========== (NewsSpider-3) Thread END ==========
INFO:root:[2018-10-14 19:27:46] ========== (NewsSpider-4) Start! ==========
INFO:root:[2018-10-14 19:27:46] ========== (NewsSpider-4) Thread END ==========
INFO:root:[2018-10-14 19:27:46] ========== (NewsSpider-5) Start! ==========
INFO:root:[2018-10-14 19:27:46] ========== (NewsSpider-5) Thread END ==========
