CRITICAL:newspaper.network:[REQUEST FAILED] 404 Client Error: Not Found for url: https://www.rivals.com/rss
CRITICAL:newspaper.network:[REQUEST FAILED] 404 Client Error: Not Found for url: https://www.rivals.com/feeds
INFO:root:[2018-09-08 18:26:51] ========== (NewsSpider-1) Start! ==========
INFO:root:[2018-09-08 18:26:51] ========== (NewsSpider-2) Start! ==========
INFO:root:[2018-09-08 18:26:51] ========== (NewsSpider-3) Start! ==========
INFO:root:[2018-09-08 18:26:51] ========== (NewsSpider-4) Start! ==========
INFO:root:[2018-09-08 18:26:51] ========== (NewsSpider-5) Start! ==========
INFO:root:[2018-09-08 18:26:51] ========== (NewsSpider-4) Thread END ==========
INFO:root:[2018-09-08 18:26:51] ========== (NewsSpider-5) Thread END ==========
INFO:root:[2018-09-08 18:26:53] (NewsSpider-3) (1/3) Crawling and storing DONE - Rivals.com
INFO:root:[2018-09-08 18:26:53] (NewsSpider-2) (2/3) Crawling and storing DONE - Rivals.com
INFO:root:[2018-09-08 18:26:53] (NewsSpider-1) (3/3) Crawling and storing DONE - Member Services
INFO:root:[2018-09-08 18:26:53] ========== (NewsSpider-1) Thread END ==========
INFO:root:[2018-09-08 18:26:54] ========== (NewsSpider-3) Thread END ==========
INFO:root:[2018-09-08 18:26:56] ========== (NewsSpider-2) Thread END ==========
CRITICAL:newspaper.network:[REQUEST FAILED] 404 Client Error: Not Found for url: https://www.rivals.com/feeds
CRITICAL:newspaper.network:[REQUEST FAILED] 404 Client Error: Not Found for url: https://www.rivals.com/rss
INFO:root:[2018-10-14 10:50:30] ========== (NewsSpider-1) Start! ==========
INFO:root:[2018-10-14 10:50:31] ========== (NewsSpider-2) Start! ==========
INFO:root:[2018-10-14 10:50:31] ========== (NewsSpider-3) Start! ==========
INFO:root:[2018-10-14 10:50:31] ========== (NewsSpider-4) Start! ==========
INFO:root:[2018-10-14 10:50:31] ========== (NewsSpider-4) Thread END ==========
INFO:root:[2018-10-14 10:50:31] ========== (NewsSpider-5) Start! ==========
INFO:root:[2018-10-14 10:50:31] ========== (NewsSpider-5) Thread END ==========
INFO:root:[2018-10-14 10:50:31] ========== (NewsSpider-6) Start! ==========
INFO:root:[2018-10-14 10:50:31] ========== (NewsSpider-6) Thread END ==========
INFO:root:[2018-10-14 10:50:31] ========== (NewsSpider-7) Start! ==========
INFO:root:[2018-10-14 10:50:31] ========== (NewsSpider-7) Thread END ==========
INFO:root:[2018-10-14 10:50:31] ========== (NewsSpider-8) Start! ==========
INFO:root:[2018-10-14 10:50:31] ========== (NewsSpider-8) Thread END ==========
INFO:root:[2018-10-14 10:50:31] ========== (NewsSpider-9) Start! ==========
INFO:root:[2018-10-14 10:50:31] ========== (NewsSpider-9) Thread END ==========
INFO:root:[2018-10-14 10:50:31] ========== (NewsSpider-10) Start! ==========
INFO:root:[2018-10-14 10:50:31] ========== (NewsSpider-10) Thread END ==========
INFO:root:[2018-10-14 10:50:38] (NewsSpider-3) (1/3) Crawling and storing DONE - Member Services
INFO:root:[2018-10-14 10:50:38] (NewsSpider-2) (2/3) Crawling and storing DONE - Rivals.com
INFO:root:[2018-10-14 10:50:41] ========== (NewsSpider-3) Thread END ==========
INFO:root:[2018-10-14 10:50:41] (NewsSpider-1) (3/3) Crawling and storing DONE - Rivals.com
INFO:root:[2018-10-14 10:50:41] ========== (NewsSpider-2) Thread END ==========
INFO:root:[2018-10-14 10:50:42] ========== (NewsSpider-1) Thread END ==========
CRITICAL:newspaper.network:[REQUEST FAILED] 404 Client Error: Not Found for url: https://www.rivals.com/feeds
CRITICAL:newspaper.network:[REQUEST FAILED] 404 Client Error: Not Found for url: https://www.rivals.com/rss
INFO:root:[2018-10-14 17:44:11] ========== (NewsSpider-1) Start! ==========
INFO:root:[2018-10-14 17:44:11] ========== (NewsSpider-2) Start! ==========
INFO:root:[2018-10-14 17:44:11] ========== (NewsSpider-3) Start! ==========
INFO:root:[2018-10-14 17:44:11] ========== (NewsSpider-4) Start! ==========
INFO:root:[2018-10-14 17:44:11] ========== (NewsSpider-4) Thread END ==========
INFO:root:[2018-10-14 17:44:11] ========== (NewsSpider-5) Start! ==========
INFO:root:[2018-10-14 17:44:11] ========== (NewsSpider-5) Thread END ==========
INFO:root:[2018-10-14 17:44:17] (NewsSpider-1) (1/3) Crawling and storing DONE - Rivals.com
INFO:root:[2018-10-14 17:44:17] (NewsSpider-2) (2/3) Crawling and storing DONE - Member Services
INFO:root:[2018-10-14 17:44:17] ========== (NewsSpider-2) Thread END ==========
INFO:root:[2018-10-14 17:44:18] ========== (NewsSpider-1) Thread END ==========
INFO:root:[2018-10-14 17:44:20] (NewsSpider-3) (3/3) Crawling and storing DONE - Rivals.com
INFO:root:[2018-10-14 17:44:22] ========== (NewsSpider-3) Thread END ==========
CRITICAL:newspaper.network:[REQUEST FAILED] 404 Client Error: Not Found for url: https://www.rivals.com/feeds
CRITICAL:newspaper.network:[REQUEST FAILED] 404 Client Error: Not Found for url: https://www.rivals.com/rss
INFO:root:[2018-10-14 18:39:11] ========== (NewsSpider-1) Start! ==========
INFO:root:[2018-10-14 18:39:11] ========== (NewsSpider-2) Start! ==========
INFO:root:[2018-10-14 18:39:11] ========== (NewsSpider-3) Start! ==========
INFO:root:[2018-10-14 18:39:11] ========== (NewsSpider-4) Start! ==========
INFO:root:[2018-10-14 18:39:11] ========== (NewsSpider-4) Thread END ==========
INFO:root:[2018-10-14 18:39:11] ========== (NewsSpider-5) Start! ==========
INFO:root:[2018-10-14 18:39:11] ========== (NewsSpider-5) Thread END ==========
INFO:root:[2018-10-14 18:39:17] ========== (NewsSpider-2) Thread END ==========
INFO:root:[2018-10-14 18:39:17] ========== (NewsSpider-1) Thread END ==========
INFO:root:[2018-10-14 18:39:18] ========== (NewsSpider-3) Thread END ==========
CRITICAL:newspaper.network:[REQUEST FAILED] 404 Client Error: Not Found for url: https://www.rivals.com/rss
CRITICAL:newspaper.network:[REQUEST FAILED] 404 Client Error: Not Found for url: https://www.rivals.com/feeds
INFO:root:[2018-10-14 19:27:33] ========== (NewsSpider-1) Start! ==========
INFO:root:[2018-10-14 19:27:33] ========== (NewsSpider-2) Start! ==========
INFO:root:[2018-10-14 19:27:33] ========== (NewsSpider-3) Start! ==========
INFO:root:[2018-10-14 19:27:33] ========== (NewsSpider-4) Start! ==========
INFO:root:[2018-10-14 19:27:33] ========== (NewsSpider-4) Thread END ==========
INFO:root:[2018-10-14 19:27:33] ========== (NewsSpider-5) Start! ==========
INFO:root:[2018-10-14 19:27:33] ========== (NewsSpider-5) Thread END ==========
INFO:root:[2018-10-14 19:27:37] (NewsSpider-2) (1/3) Crawling and storing DONE - Member Services
INFO:root:[2018-10-14 19:27:37] ========== (NewsSpider-2) Thread END ==========
INFO:root:[2018-10-14 19:27:37] (NewsSpider-1) (2/3) Crawling and storing DONE - Rivals.com
INFO:root:[2018-10-14 19:27:37] (NewsSpider-3) (3/3) Crawling and storing DONE - Rivals.com
INFO:root:[2018-10-14 19:27:38] ========== (NewsSpider-3) Thread END ==========
INFO:root:[2018-10-14 19:27:38] ========== (NewsSpider-1) Thread END ==========
