CRITICAL:newspaper.network:[REQUEST FAILED] 404 Client Error: OK for url: https://pando.com/feeds/
CRITICAL:newspaper.network:[REQUEST FAILED] 404 Client Error: OK for url: https://pando.com/rss/
INFO:root:[2018-09-08 18:11:34] ========== (NewsSpider-1) Start! ==========
INFO:root:[2018-09-08 18:11:34] ========== (NewsSpider-2) Start! ==========
INFO:root:[2018-09-08 18:11:34] ========== (NewsSpider-2) Thread END ==========
INFO:root:[2018-09-08 18:11:34] ========== (NewsSpider-3) Start! ==========
INFO:root:[2018-09-08 18:11:34] ========== (NewsSpider-3) Thread END ==========
INFO:root:[2018-09-08 18:11:34] ========== (NewsSpider-4) Start! ==========
INFO:root:[2018-09-08 18:11:34] ========== (NewsSpider-4) Thread END ==========
INFO:root:[2018-09-08 18:11:34] ========== (NewsSpider-5) Start! ==========
INFO:root:[2018-09-08 18:11:34] ========== (NewsSpider-5) Thread END ==========
INFO:root:[2018-09-08 18:11:36] (NewsSpider-1) (1/1) Crawling and storing DONE - Best of Pando Monthly: Fred Wilson talks timing, luck, and the dangers of corporate venture capital
INFO:root:[2018-09-08 18:11:37] ========== (NewsSpider-1) Thread END ==========
CRITICAL:newspaper.network:[REQUEST FAILED] 404 Client Error: OK for url: https://pando.com/feeds/
CRITICAL:newspaper.network:[REQUEST FAILED] 404 Client Error: OK for url: https://pando.com/rss/
INFO:root:[2018-09-08 18:26:43] ========== (NewsSpider-1) Start! ==========
INFO:root:[2018-09-08 18:26:43] ========== (NewsSpider-2) Start! ==========
INFO:root:[2018-09-08 18:26:43] ========== (NewsSpider-2) Thread END ==========
INFO:root:[2018-09-08 18:26:43] ========== (NewsSpider-3) Start! ==========
INFO:root:[2018-09-08 18:26:44] ========== (NewsSpider-3) Thread END ==========
INFO:root:[2018-09-08 18:26:44] ========== (NewsSpider-4) Start! ==========
INFO:root:[2018-09-08 18:26:44] ========== (NewsSpider-4) Thread END ==========
INFO:root:[2018-09-08 18:26:44] ========== (NewsSpider-5) Start! ==========
INFO:root:[2018-09-08 18:26:44] ========== (NewsSpider-5) Thread END ==========
INFO:root:[2018-09-08 18:26:45] (NewsSpider-1) (1/1) Crawling and storing DONE - Best of Pando Monthly: Fred Wilson talks timing, luck, and the dangers of corporate venture capital
INFO:root:[2018-09-08 18:26:45] ========== (NewsSpider-1) Thread END ==========
CRITICAL:newspaper.network:[REQUEST FAILED] 404 Client Error: OK for url: https://pando.com/rss/
CRITICAL:newspaper.network:[REQUEST FAILED] 404 Client Error: OK for url: https://pando.com/feeds/
INFO:root:[2018-10-14 10:50:09] ========== (NewsSpider-1) Start! ==========
INFO:root:[2018-10-14 10:50:09] ========== (NewsSpider-2) Start! ==========
INFO:root:[2018-10-14 10:50:09] ========== (NewsSpider-2) Thread END ==========
INFO:root:[2018-10-14 10:50:09] ========== (NewsSpider-3) Start! ==========
INFO:root:[2018-10-14 10:50:09] ========== (NewsSpider-3) Thread END ==========
INFO:root:[2018-10-14 10:50:09] ========== (NewsSpider-4) Start! ==========
INFO:root:[2018-10-14 10:50:09] ========== (NewsSpider-4) Thread END ==========
INFO:root:[2018-10-14 10:50:09] ========== (NewsSpider-5) Start! ==========
INFO:root:[2018-10-14 10:50:09] ========== (NewsSpider-5) Thread END ==========
INFO:root:[2018-10-14 10:50:09] ========== (NewsSpider-6) Start! ==========
INFO:root:[2018-10-14 10:50:09] ========== (NewsSpider-6) Thread END ==========
INFO:root:[2018-10-14 10:50:09] ========== (NewsSpider-7) Start! ==========
INFO:root:[2018-10-14 10:50:09] ========== (NewsSpider-7) Thread END ==========
INFO:root:[2018-10-14 10:50:09] ========== (NewsSpider-8) Start! ==========
INFO:root:[2018-10-14 10:50:09] ========== (NewsSpider-8) Thread END ==========
INFO:root:[2018-10-14 10:50:09] ========== (NewsSpider-9) Start! ==========
INFO:root:[2018-10-14 10:50:09] ========== (NewsSpider-9) Thread END ==========
INFO:root:[2018-10-14 10:50:09] ========== (NewsSpider-10) Start! ==========
INFO:root:[2018-10-14 10:50:09] ========== (NewsSpider-10) Thread END ==========
INFO:root:[2018-10-14 10:50:23] (NewsSpider-1) (1/1) Crawling and storing DONE - Engineers are fixing Silicon Valley
INFO:root:[2018-10-14 10:50:23] ========== (NewsSpider-1) Thread END ==========
CRITICAL:newspaper.network:[REQUEST FAILED] 404 Client Error: OK for url: https://pando.com/rss/
CRITICAL:newspaper.network:[REQUEST FAILED] 404 Client Error: OK for url: https://pando.com/feeds/
INFO:root:[2018-10-14 17:43:59] ========== (NewsSpider-1) Start! ==========
INFO:root:[2018-10-14 17:43:59] ========== (NewsSpider-2) Start! ==========
INFO:root:[2018-10-14 17:43:59] ========== (NewsSpider-2) Thread END ==========
INFO:root:[2018-10-14 17:43:59] ========== (NewsSpider-3) Start! ==========
INFO:root:[2018-10-14 17:43:59] ========== (NewsSpider-3) Thread END ==========
INFO:root:[2018-10-14 17:43:59] ========== (NewsSpider-4) Start! ==========
INFO:root:[2018-10-14 17:43:59] ========== (NewsSpider-4) Thread END ==========
INFO:root:[2018-10-14 17:43:59] ========== (NewsSpider-5) Start! ==========
INFO:root:[2018-10-14 17:43:59] ========== (NewsSpider-5) Thread END ==========
INFO:root:[2018-10-14 17:44:11] (NewsSpider-1) (1/1) Crawling and storing DONE - Engineers are fixing Silicon Valley
INFO:root:[2018-10-14 17:44:11] ========== (NewsSpider-1) Thread END ==========
CRITICAL:newspaper.network:[REQUEST FAILED] 404 Client Error: OK for url: https://pando.com/rss/
CRITICAL:newspaper.network:[REQUEST FAILED] 404 Client Error: OK for url: https://pando.com/feeds/
INFO:root:[2018-10-14 18:38:56] ========== (NewsSpider-1) Start! ==========
INFO:root:[2018-10-14 18:38:56] ========== (NewsSpider-2) Start! ==========
INFO:root:[2018-10-14 18:38:56] ========== (NewsSpider-2) Thread END ==========
INFO:root:[2018-10-14 18:38:56] ========== (NewsSpider-3) Start! ==========
INFO:root:[2018-10-14 18:38:56] ========== (NewsSpider-3) Thread END ==========
INFO:root:[2018-10-14 18:38:56] ========== (NewsSpider-4) Start! ==========
INFO:root:[2018-10-14 18:38:56] ========== (NewsSpider-4) Thread END ==========
INFO:root:[2018-10-14 18:38:56] ========== (NewsSpider-5) Start! ==========
INFO:root:[2018-10-14 18:38:56] ========== (NewsSpider-5) Thread END ==========
INFO:root:[2018-10-14 18:39:11] ========== (NewsSpider-1) Thread END ==========
CRITICAL:newspaper.network:[REQUEST FAILED] 404 Client Error: OK for url: https://pando.com/rss/
CRITICAL:newspaper.network:[REQUEST FAILED] 404 Client Error: OK for url: https://pando.com/feeds/
INFO:root:[2018-10-14 19:27:20] ========== (NewsSpider-1) Start! ==========
INFO:root:[2018-10-14 19:27:20] ========== (NewsSpider-2) Start! ==========
INFO:root:[2018-10-14 19:27:20] ========== (NewsSpider-2) Thread END ==========
INFO:root:[2018-10-14 19:27:20] ========== (NewsSpider-3) Start! ==========
INFO:root:[2018-10-14 19:27:20] ========== (NewsSpider-3) Thread END ==========
INFO:root:[2018-10-14 19:27:20] ========== (NewsSpider-4) Start! ==========
INFO:root:[2018-10-14 19:27:20] ========== (NewsSpider-4) Thread END ==========
INFO:root:[2018-10-14 19:27:20] ========== (NewsSpider-5) Start! ==========
INFO:root:[2018-10-14 19:27:20] ========== (NewsSpider-5) Thread END ==========
INFO:root:[2018-10-14 19:27:32] (NewsSpider-1) (1/1) Crawling and storing DONE - Engineers are fixing Silicon Valley
INFO:root:[2018-10-14 19:27:33] ========== (NewsSpider-1) Thread END ==========
CRITICAL:newspaper.network:[REQUEST FAILED] 404 Client Error: OK for url: https://pando.com/rss/
CRITICAL:newspaper.network:[REQUEST FAILED] 404 Client Error: OK for url: https://pando.com/feeds/
INFO:root:[2018-10-21 14:02:09] ========== (NewsSpider-1) Start! ==========
INFO:root:[2018-10-21 14:02:09] ========== (NewsSpider-2) Start! ==========
INFO:root:[2018-10-21 14:02:09] ========== (NewsSpider-2) Thread END ==========
INFO:root:[2018-10-21 14:02:09] ========== (NewsSpider-3) Start! ==========
INFO:root:[2018-10-21 14:02:09] ========== (NewsSpider-3) Thread END ==========
INFO:root:[2018-10-21 14:02:09] ========== (NewsSpider-4) Start! ==========
INFO:root:[2018-10-21 14:02:09] ========== (NewsSpider-4) Thread END ==========
INFO:root:[2018-10-21 14:02:09] ========== (NewsSpider-5) Start! ==========
INFO:root:[2018-10-21 14:02:09] ========== (NewsSpider-5) Thread END ==========
INFO:root:[2018-10-21 14:02:15] (NewsSpider-1) (1/1) Crawling and storing DONE - Engineers are fixing Silicon Valley
INFO:root:[2018-10-21 14:02:17] ========== (NewsSpider-1) Thread END ==========
