INFO:root:[2018-09-08 18:26:48] ========== (NewsSpider-1) Start! ==========
INFO:root:[2018-09-08 18:26:48] ========== (NewsSpider-2) Start! ==========
INFO:root:[2018-09-08 18:26:48] ========== (NewsSpider-3) Start! ==========
INFO:root:[2018-09-08 18:26:48] ========== (NewsSpider-4) Start! ==========
INFO:root:[2018-09-08 18:26:48] ========== (NewsSpider-5) Start! ==========
INFO:root:[2018-09-08 18:27:16] (NewsSpider-4) (1/152) Crawling and storing DONE - How E*Trade CIO Faces Obstacles to Agile
INFO:root:[2018-09-08 18:27:50] (NewsSpider-3) (2/152) Crawling and storing DONE - Deep Learning: Is it Approaching a Wall?
INFO:root:[2018-09-08 18:27:55] (NewsSpider-3) (3/152) Crawling and storing DONE - Tech Sector Hiring Slows in August
INFO:root:[2018-10-14 10:50:27] ========== (NewsSpider-1) Start! ==========
INFO:root:[2018-10-14 10:50:27] ========== (NewsSpider-2) Start! ==========
INFO:root:[2018-10-14 10:50:27] ========== (NewsSpider-3) Start! ==========
INFO:root:[2018-10-14 10:50:27] ========== (NewsSpider-4) Start! ==========
INFO:root:[2018-10-14 10:50:27] ========== (NewsSpider-5) Start! ==========
INFO:root:[2018-10-14 10:50:27] ========== (NewsSpider-6) Start! ==========
INFO:root:[2018-10-14 10:50:27] ========== (NewsSpider-7) Start! ==========
INFO:root:[2018-10-14 10:50:27] ========== (NewsSpider-8) Start! ==========
INFO:root:[2018-10-14 10:50:27] ========== (NewsSpider-9) Start! ==========
INFO:root:[2018-10-14 10:50:27] ========== (NewsSpider-10) Start! ==========
WARNING:root:[2018-10-14 10:50:53] (NewsSpider-9) Article Not Exists on https://www.wsj.com/news/business/media-marketing
WARNING:root:[2018-10-14 10:51:05] (NewsSpider-3) Article Not Exists on https://www.wsj.com/news/types/bookshelf
WARNING:root:[2018-10-14 10:51:19] (NewsSpider-5) Article Not Exists on https://www.wsj.com/articles/automation-and-the-changing-demand-for-workforce-skills-1539369960
WARNING:root:[2018-10-14 10:51:38] (NewsSpider-3) Article Not Exists on http://www.wsj.com/news/column/Corrections
WARNING:root:[2018-10-14 10:51:42] (NewsSpider-6) Article Not Exists on https://www.wsj.com/news/author/8600
WARNING:root:[2018-10-14 10:51:54] (NewsSpider-10) Article Not Exists on https://www.wsj.com/news/magazine/art-design
WARNING:root:[2018-10-14 10:51:58] (NewsSpider-2) Article Not Exists on https://www.wsj.com/articles/what-your-ceo-is-reading-the-post-laptop-ceo-boss-hobbies-neurotechnology-1539375110
WARNING:root:[2018-10-14 10:51:58] (NewsSpider-9) Article Not Exists on https://www.wsj.com/news/types/exhibition-review
WARNING:root:[2018-10-14 10:53:06] (NewsSpider-5) Article Not Exists on https://www.wsj.com/articles/the-morning-download-cloudera-ceo-bets-on-iot-and-ai-1539347409
INFO:root:[2018-10-14 10:54:30] ========== (NewsSpider-7) Thread END ==========
INFO:root:[2018-10-14 10:54:31] ========== (NewsSpider-9) Thread END ==========
INFO:root:[2018-10-14 10:54:32] ========== (NewsSpider-3) Thread END ==========
INFO:root:[2018-10-14 10:54:59] ========== (NewsSpider-10) Thread END ==========
INFO:root:[2018-10-14 10:55:02] ========== (NewsSpider-6) Thread END ==========
INFO:root:[2018-10-14 10:55:04] ========== (NewsSpider-2) Thread END ==========
INFO:root:[2018-10-14 10:55:06] ========== (NewsSpider-4) Thread END ==========
INFO:root:[2018-10-14 10:55:08] ========== (NewsSpider-5) Thread END ==========
INFO:root:[2018-10-14 10:55:20] ========== (NewsSpider-8) Thread END ==========
INFO:root:[2018-10-14 10:55:20] ========== (NewsSpider-1) Thread END ==========
INFO:root:[2018-10-14 17:44:11] ========== (NewsSpider-1) Start! ==========
INFO:root:[2018-10-14 17:44:11] ========== (NewsSpider-2) Start! ==========
INFO:root:[2018-10-14 17:44:11] ========== (NewsSpider-3) Start! ==========
INFO:root:[2018-10-14 17:44:11] ========== (NewsSpider-4) Start! ==========
INFO:root:[2018-10-14 17:44:11] ========== (NewsSpider-5) Start! ==========
INFO:root:[2018-10-14 17:48:20] ========== (NewsSpider-5) Thread END ==========
INFO:root:[2018-10-14 17:48:22] ========== (NewsSpider-4) Thread END ==========
INFO:root:[2018-10-14 17:48:25] ========== (NewsSpider-2) Thread END ==========
INFO:root:[2018-10-14 17:48:26] ========== (NewsSpider-3) Thread END ==========
INFO:root:[2018-10-14 17:48:26] ========== (NewsSpider-1) Thread END ==========
INFO:root:[2018-10-14 18:39:10] ========== (NewsSpider-1) Start! ==========
INFO:root:[2018-10-14 18:39:10] ========== (NewsSpider-2) Start! ==========
INFO:root:[2018-10-14 18:39:10] ========== (NewsSpider-3) Start! ==========
INFO:root:[2018-10-14 18:39:10] ========== (NewsSpider-4) Start! ==========
INFO:root:[2018-10-14 18:39:10] ========== (NewsSpider-5) Start! ==========
WARNING:root:[2018-10-14 18:40:34] (NewsSpider-1) Article Not Exists on https://www.wsj.com/articles/stolen-apple-ids-in-china-lead-to-mobile-payment-pilfering-1539261826
INFO:root:[2018-10-14 18:43:35] ========== (NewsSpider-2) Thread END ==========
INFO:root:[2018-10-14 18:43:35] ========== (NewsSpider-3) Thread END ==========
INFO:root:[2018-10-14 18:43:38] ========== (NewsSpider-1) Thread END ==========
INFO:root:[2018-10-14 18:43:38] ========== (NewsSpider-5) Thread END ==========
INFO:root:[2018-10-14 18:43:39] ========== (NewsSpider-4) Thread END ==========
INFO:root:[2018-10-14 19:27:39] ========== (NewsSpider-1) Start! ==========
INFO:root:[2018-10-14 19:27:39] ========== (NewsSpider-2) Start! ==========
INFO:root:[2018-10-14 19:27:39] ========== (NewsSpider-3) Start! ==========
INFO:root:[2018-10-14 19:27:39] ========== (NewsSpider-4) Start! ==========
INFO:root:[2018-10-14 19:27:39] ========== (NewsSpider-5) Start! ==========
INFO:root:[2018-10-14 19:31:20] ========== (NewsSpider-1) Thread END ==========
INFO:root:[2018-10-14 19:31:21] ========== (NewsSpider-3) Thread END ==========
INFO:root:[2018-10-14 19:31:21] ========== (NewsSpider-4) Thread END ==========
INFO:root:[2018-10-14 19:31:21] ========== (NewsSpider-5) Thread END ==========
INFO:root:[2018-10-14 19:31:22] ========== (NewsSpider-2) Thread END ==========
