CRITICAL:newspaper.network:[REQUEST FAILED] 404 Client Error: Not Found for url: http://www.mlb.com/all-star
CRITICAL:newspaper.network:[REQUEST FAILED] 404 Client Error: Not Found for url: http://www.mlb.com/feeds
CRITICAL:newspaper.network:[REQUEST FAILED] 404 Client Error: Not Found for url: http://www.mlb.com/feed/
CRITICAL:newspaper.network:[REQUEST FAILED] 404 Client Error: Not Found for url: http://www.mlb.com/rss
INFO:root:[2018-09-08 18:11:36] ========== (NewsSpider-1) Start! ==========
INFO:root:[2018-09-08 18:11:36] ========== (NewsSpider-2) Start! ==========
INFO:root:[2018-09-08 18:11:36] ========== (NewsSpider-3) Start! ==========
INFO:root:[2018-09-08 18:11:36] ========== (NewsSpider-4) Start! ==========
INFO:root:[2018-09-08 18:11:36] ========== (NewsSpider-5) Start! ==========
WARNING:root:[2018-09-08 18:11:52] (NewsSpider-4) Article Not Exists on http://mlbpaa.mlb.com/mlbpaa/news
WARNING:root:[2018-09-08 18:11:53] (NewsSpider-5) Article Not Exists on http://mlbpaa.mlb.com/mlbpaa/events/2018/san-diego-clinic
WARNING:root:[2018-09-08 18:11:55] (NewsSpider-4) Article Not Exists on https://securea.mlb.com/video/c-2476263283
WARNING:root:[2018-09-08 18:11:58] (NewsSpider-4) Article Not Exists on http://www.mlb.com/video/c-2476263283
WARNING:root:[2018-09-08 18:12:00] (NewsSpider-4) Article Not Exists on http://mlbpaa.mlb.com/mlbpaa/news/newsletter
CRITICAL:newspaper.network:[REQUEST FAILED] 404 Client Error: Not Found for url: http://www.mlb.com/all-star
CRITICAL:newspaper.network:[REQUEST FAILED] 404 Client Error: Not Found for url: http://www.mlb.com/feeds
CRITICAL:newspaper.network:[REQUEST FAILED] 404 Client Error: Not Found for url: http://www.mlb.com/rss
CRITICAL:newspaper.network:[REQUEST FAILED] 404 Client Error: Not Found for url: http://www.mlb.com/feed/
INFO:root:[2018-09-08 18:26:50] ========== (NewsSpider-1) Start! ==========
INFO:root:[2018-09-08 18:26:50] ========== (NewsSpider-2) Start! ==========
INFO:root:[2018-09-08 18:26:50] ========== (NewsSpider-3) Start! ==========
INFO:root:[2018-09-08 18:26:50] ========== (NewsSpider-4) Start! ==========
INFO:root:[2018-09-08 18:26:50] ========== (NewsSpider-5) Start! ==========
WARNING:root:[2018-09-08 18:26:50] (NewsSpider-5) Article Not Exists on http://mlbpaa.mlb.com/mlbpaa/events/2018/san-diego-clinic
WARNING:root:[2018-09-08 18:27:27] (NewsSpider-5) Article Not Exists on http://mlbpaa.mlb.com/mlbpaa/news/necrology-2018
CRITICAL:newspaper.network:[REQUEST FAILED] 404 Client Error: Not Found for url: http://www.mlb.com/all-star
CRITICAL:newspaper.network:[REQUEST FAILED] 404 Client Error: Not Found for url: http://www.mlb.com/feed/
CRITICAL:newspaper.network:[REQUEST FAILED] HTTPConnectionPool(host='www.mlb.com', port=80): Read timed out. (read timeout=7)
CRITICAL:newspaper.network:[REQUEST FAILED] HTTPConnectionPool(host='www.mlb.com', port=80): Read timed out. (read timeout=7)
INFO:root:[2018-10-14 10:50:15] ========== (NewsSpider-1) Start! ==========
INFO:root:[2018-10-14 10:50:15] ========== (NewsSpider-2) Start! ==========
INFO:root:[2018-10-14 10:50:15] ========== (NewsSpider-3) Start! ==========
INFO:root:[2018-10-14 10:50:15] ========== (NewsSpider-4) Start! ==========
INFO:root:[2018-10-14 10:50:15] ========== (NewsSpider-5) Start! ==========
INFO:root:[2018-10-14 10:50:15] ========== (NewsSpider-6) Start! ==========
INFO:root:[2018-10-14 10:50:15] ========== (NewsSpider-7) Start! ==========
INFO:root:[2018-10-14 10:50:15] ========== (NewsSpider-8) Start! ==========
INFO:root:[2018-10-14 10:50:15] ========== (NewsSpider-9) Start! ==========
INFO:root:[2018-10-14 10:50:15] ========== (NewsSpider-10) Start! ==========
WARNING:root:[2018-10-14 10:50:19] (NewsSpider-9) Article Not Exists on http://mlbpaa.mlb.com/mlbpaa/events/swing-with-the-legends-golf-series
WARNING:root:[2018-10-14 10:50:45] (NewsSpider-4) Article Not Exists on http://mlbpaa.mlb.com/mlbpaa/news/newsletter
WARNING:root:[2018-10-14 10:50:52] (NewsSpider-8) Article Not Exists on http://mlbpaa.mlb.com/mlbpaa/news/necrology-2018
WARNING:root:[2018-10-14 10:51:48] (NewsSpider-5) Article Not Exists on https://secure.mlb.com/video/c-2515777883?tid=94788780
WARNING:root:[2018-10-14 10:52:30] (NewsSpider-8) Article Not Exists on http://mlbpaa.mlb.com/mlbpaa/news
WARNING:root:[2018-10-14 10:52:56] (NewsSpider-8) Article Not Exists on http://www.mlb.com/video/c-2515777883?tid=94788780
CRITICAL:newspaper.network:[REQUEST FAILED] 404 Client Error: Not Found for url: http://www.mlb.com/all-star
CRITICAL:newspaper.network:[REQUEST FAILED] HTTPConnectionPool(host='www.mlb.com', port=80): Read timed out. (read timeout=7)
CRITICAL:newspaper.network:[REQUEST FAILED] 404 Client Error: Not Found for url: http://www.mlb.com/rss
CRITICAL:newspaper.network:[REQUEST FAILED] 404 Client Error: Not Found for url: http://www.mlb.com/feeds
CRITICAL:newspaper.network:[REQUEST FAILED] 404 Client Error: Not Found for url: http://www.mlb.com/feed/
INFO:root:[2018-10-14 17:44:09] ========== (NewsSpider-1) Start! ==========
INFO:root:[2018-10-14 17:44:09] ========== (NewsSpider-2) Start! ==========
INFO:root:[2018-10-14 17:44:09] ========== (NewsSpider-3) Start! ==========
INFO:root:[2018-10-14 17:44:09] ========== (NewsSpider-4) Start! ==========
INFO:root:[2018-10-14 17:44:09] ========== (NewsSpider-5) Start! ==========
WARNING:root:[2018-10-14 17:44:24] (NewsSpider-5) Article Not Exists on http://mlbpaa.mlb.com/mlbpaa/news
WARNING:root:[2018-10-14 17:44:26] (NewsSpider-3) Article Not Exists on http://mlbpaa.mlb.com/mlbpaa/news/newsletter
WARNING:root:[2018-10-14 17:44:42] (NewsSpider-2) Article Not Exists on http://mlbpaa.mlb.com/mlbpaa/events/swing-with-the-legends-golf-series
WARNING:root:[2018-10-14 17:45:32] (NewsSpider-3) Article Not Exists on https://www.mlb.com/video/t-32425698
WARNING:root:[2018-10-14 17:45:52] (NewsSpider-3) Article Not Exists on http://mlbpaa.mlb.com/mlbpaa/news/necrology-2018
CRITICAL:newspaper.network:[REQUEST FAILED] 404 Client Error: Not Found for url: http://www.mlb.com/all-star
CRITICAL:newspaper.network:[REQUEST FAILED] HTTPConnectionPool(host='www.mlb.com', port=80): Read timed out. (read timeout=7)
CRITICAL:newspaper.network:[REQUEST FAILED] HTTPConnectionPool(host='www.mlb.com', port=80): Read timed out. (read timeout=7)
CRITICAL:newspaper.network:[REQUEST FAILED] HTTPConnectionPool(host='www.mlb.com', port=80): Read timed out. (read timeout=7)
INFO:root:[2018-10-14 18:39:04] ========== (NewsSpider-1) Start! ==========
INFO:root:[2018-10-14 18:39:04] ========== (NewsSpider-2) Start! ==========
INFO:root:[2018-10-14 18:39:04] ========== (NewsSpider-3) Start! ==========
INFO:root:[2018-10-14 18:39:04] ========== (NewsSpider-4) Start! ==========
INFO:root:[2018-10-14 18:39:04] ========== (NewsSpider-5) Start! ==========
WARNING:root:[2018-10-14 18:39:27] (NewsSpider-4) Article Not Exists on http://mlbpaa.mlb.com/mlbpaa/events/swing-with-the-legends-golf-series
WARNING:root:[2018-10-14 18:40:12] (NewsSpider-5) Article Not Exists on http://mlbpaa.mlb.com/mlbpaa/news
WARNING:root:[2018-10-14 18:40:53] (NewsSpider-3) Article Not Exists on http://mlbpaa.mlb.com/mlbpaa/news/newsletter
WARNING:root:[2018-10-14 18:41:04] (NewsSpider-4) Article Not Exists on http://mlbpaa.mlb.com/mlbpaa/news/necrology-2018
INFO:root:[2018-10-14 18:41:05] ========== (NewsSpider-3) Thread END ==========
INFO:root:[2018-10-14 18:41:06] ========== (NewsSpider-2) Thread END ==========
INFO:root:[2018-10-14 18:41:07] ========== (NewsSpider-4) Thread END ==========
INFO:root:[2018-10-14 18:41:08] ========== (NewsSpider-5) Thread END ==========
INFO:root:[2018-10-14 18:41:09] ========== (NewsSpider-1) Thread END ==========
CRITICAL:newspaper.network:[REQUEST FAILED] 404 Client Error: Not Found for url: http://www.mlb.com/all-star
CRITICAL:newspaper.network:[REQUEST FAILED] HTTPConnectionPool(host='www.mlb.com', port=80): Read timed out. (read timeout=7)
CRITICAL:newspaper.network:[REQUEST FAILED] HTTPConnectionPool(host='www.mlb.com', port=80): Read timed out. (read timeout=7)
CRITICAL:newspaper.network:[REQUEST FAILED] HTTPConnectionPool(host='www.mlb.com', port=80): Read timed out. (read timeout=7)
INFO:root:[2018-10-14 19:27:32] ========== (NewsSpider-1) Start! ==========
INFO:root:[2018-10-14 19:27:32] ========== (NewsSpider-2) Start! ==========
INFO:root:[2018-10-14 19:27:32] ========== (NewsSpider-3) Start! ==========
INFO:root:[2018-10-14 19:27:32] ========== (NewsSpider-4) Start! ==========
INFO:root:[2018-10-14 19:27:32] ========== (NewsSpider-5) Start! ==========
WARNING:root:[2018-10-14 19:27:35] (NewsSpider-4) Article Not Exists on http://mlbpaa.mlb.com/mlbpaa/news/newsletter
WARNING:root:[2018-10-14 19:28:23] (NewsSpider-3) Article Not Exists on http://mlbpaa.mlb.com/mlbpaa/news
WARNING:root:[2018-10-14 19:28:27] (NewsSpider-4) Article Not Exists on http://mlbpaa.mlb.com/mlbpaa/news/necrology-2018
WARNING:root:[2018-10-14 19:28:27] (NewsSpider-3) Article Not Exists on http://mlbpaa.mlb.com/mlbpaa/events/swing-with-the-legends-golf-series
CRITICAL:newspaper.network:[REQUEST FAILED] 404 Client Error: Not Found for url: http://www.mlb.com/all-star
CRITICAL:newspaper.network:[REQUEST FAILED] 404 Client Error: Not Found for url: http://www.mlb.com/rss
CRITICAL:newspaper.network:[REQUEST FAILED] 404 Client Error: Not Found for url: http://www.mlb.com/feeds
CRITICAL:newspaper.network:[REQUEST FAILED] 404 Client Error: Not Found for url: http://www.mlb.com/feed/
INFO:root:[2018-10-21 14:02:06] ========== (NewsSpider-1) Start! ==========
INFO:root:[2018-10-21 14:02:06] ========== (NewsSpider-2) Start! ==========
INFO:root:[2018-10-21 14:02:06] ========== (NewsSpider-3) Start! ==========
INFO:root:[2018-10-21 14:02:06] ========== (NewsSpider-4) Start! ==========
INFO:root:[2018-10-21 14:02:06] ========== (NewsSpider-5) Start! ==========
WARNING:root:[2018-10-21 14:02:16] (NewsSpider-1) Article Not Exists on http://mlb.mlb.com/news/brad-ausmus-named-angels-manager/c-299430674
WARNING:root:[2018-10-21 14:02:24] (NewsSpider-2) Article Not Exists on http://mlbpaa.mlb.com/mlbpaa/news
WARNING:root:[2018-10-21 14:02:29] (NewsSpider-5) Article Not Exists on https://securea.mlb.com/news/brad-ausmus-named-angels-manager/c-299430674
WARNING:root:[2018-10-21 14:02:31] (NewsSpider-5) Article Not Exists on https://secure.mlb.com/news/brad-ausmus-named-angels-manager/c-299430674
WARNING:root:[2018-10-21 14:02:42] (NewsSpider-2) Article Not Exists on http://www.mlb.com/news/brad-ausmus-named-angels-manager/c-299430674
