CRITICAL:newspaper.network:[REQUEST FAILED] 404 Client Error: Not Found for url: https://thebusinessjournal.com/feeds
INFO:root:[2018-09-08 18:27:02] ========== (NewsSpider-1) Start! ==========
INFO:root:[2018-09-08 18:27:02] ========== (NewsSpider-2) Start! ==========
INFO:root:[2018-09-08 18:27:02] ========== (NewsSpider-3) Start! ==========
INFO:root:[2018-09-08 18:27:02] ========== (NewsSpider-4) Start! ==========
INFO:root:[2018-09-08 18:27:02] ========== (NewsSpider-5) Start! ==========
INFO:root:[2018-09-08 18:27:08] (NewsSpider-1) (2/57) Crawling and storing DONE - Fresno airport awarded $9.1M grant for taxiway project
INFO:root:[2018-09-08 18:27:09] (NewsSpider-5) (3/57) Crawling and storing DONE - Fresno VA opens new nursing facility
INFO:root:[2018-09-08 18:27:13] (NewsSpider-1) (4/57) Crawling and storing DONE - US stocks slip again as technology companies extend slump
INFO:root:[2018-09-08 18:27:16] (NewsSpider-5) (5/57) Crawling and storing DONE - Fresno man convicted of human trafficking
INFO:root:[2018-09-08 18:27:26] (NewsSpider-1) (8/57) Crawling and storing DONE - Madera Community Hospital launches chaplaincy program
INFO:root:[2018-09-08 18:27:26] (NewsSpider-2) (9/57) Crawling and storing DONE - Stocks wobble amid trade concerns
INFO:root:[2018-09-08 18:27:27] (NewsSpider-4) (10/57) Crawling and storing DONE - Valley economic outlook still positive despite dip, tariffs
INFO:root:[2018-09-08 18:27:31] (NewsSpider-2) (11/57) Crawling and storing DONE - App creators seek to revolutionize home energy use
INFO:root:[2018-09-08 18:27:45] (NewsSpider-5) (13/57) Crawling and storing DONE - Retailers express frustration over Prop. 47 realities
INFO:root:[2018-09-08 18:27:48] (NewsSpider-1) (14/57) Crawling and storing DONE - Fire keeps California north-south highway closed for 3rd day
INFO:root:[2018-09-08 18:27:48] (NewsSpider-4) (15/57) Crawling and storing DONE - Fresno Grizzlies prep for playoff run, focus on fan experience
INFO:root:[2018-09-08 18:27:52] (NewsSpider-4) (16/57) Crawling and storing DONE - BLOG: For malls to succeed, focus on dining options
INFO:root:[2018-09-08 18:27:56] (NewsSpider-5) (17/57) Crawling and storing DONE - Teacher strikes, unrest hit West Coast as unions flex muscle
INFO:root:[2018-09-08 18:27:59] (NewsSpider-4) (19/57) Crawling and storing DONE - San Joaquin Valley Homes announces 80-home subdivision
INFO:root:[2018-09-08 18:28:00] (NewsSpider-5) (20/57) Crawling and storing DONE - SBA offers disaster assistance to CA businesses impacted by fires
INFO:root:[2018-09-08 18:28:07] (NewsSpider-2) (21/57) Crawling and storing DONE - Tesla stock falls as CEO appears to smoke marijuana on video
INFO:root:[2018-09-08 18:28:09] (NewsSpider-4) (22/57) Crawling and storing DONE - US hiring picked up in August as pay surged most in 9 years
INFO:root:[2018-09-08 18:28:16] ========== (NewsSpider-4) Thread END ==========
INFO:root:[2018-09-08 18:28:16] ========== (NewsSpider-2) Thread END ==========
INFO:root:[2018-09-08 18:28:20] ========== (NewsSpider-1) Thread END ==========
INFO:root:[2018-09-08 18:28:21] ========== (NewsSpider-5) Thread END ==========
CRITICAL:newspaper.network:[REQUEST FAILED] 404 Client Error: Not Found for url: http://thebusinessjournal.com/feeds
INFO:root:[2018-10-14 10:50:41] ========== (NewsSpider-1) Start! ==========
INFO:root:[2018-10-14 10:50:41] ========== (NewsSpider-2) Start! ==========
INFO:root:[2018-10-14 10:50:41] ========== (NewsSpider-3) Start! ==========
INFO:root:[2018-10-14 10:50:41] ========== (NewsSpider-4) Start! ==========
INFO:root:[2018-10-14 10:50:41] ========== (NewsSpider-5) Start! ==========
INFO:root:[2018-10-14 10:50:41] ========== (NewsSpider-6) Start! ==========
INFO:root:[2018-10-14 10:50:41] ========== (NewsSpider-7) Start! ==========
INFO:root:[2018-10-14 10:50:41] ========== (NewsSpider-8) Start! ==========
INFO:root:[2018-10-14 10:50:41] ========== (NewsSpider-9) Start! ==========
INFO:root:[2018-10-14 10:50:41] ========== (NewsSpider-10) Start! ==========
INFO:root:[2018-10-14 10:50:58] (NewsSpider-1) (1/56) Crawling and storing DONE - Airlines to boost flights out of Fresno for holidays
INFO:root:[2018-10-14 10:50:58] (NewsSpider-8) (2/56) Crawling and storing DONE - Prospect of Trump-Xi talks raises hope for thaw in trade war
INFO:root:[2018-10-14 10:51:00] (NewsSpider-5) (4/56) Crawling and storing DONE - Rising interest rates weigh on high-flying tech stocks
INFO:root:[2018-10-14 10:51:18] (NewsSpider-8) (5/56) Crawling and storing DONE - California train agency fined $650,000 for 2 worker deaths
INFO:root:[2018-10-14 10:51:20] (NewsSpider-9) (6/56) Crawling and storing DONE - Nationals brass: Minor leaguers have better chance to win in Fresno
INFO:root:[2018-10-14 10:51:27] (NewsSpider-3) (8/56) Crawling and storing DONE - St. Francis Project expanding dog-treat operations
INFO:root:[2018-10-14 10:51:38] (NewsSpider-4) (9/56) Crawling and storing DONE - Senators say they did not sign off on judicial nominees
INFO:root:[2018-10-14 10:51:39] (NewsSpider-9) (10/56) Crawling and storing DONE - 134-home community in Tulare set to break ground
INFO:root:[2018-10-14 10:51:40] (NewsSpider-8) (11/56) Crawling and storing DONE - New technology, housekeeping among concerns in hotel strikes
INFO:root:[2018-10-14 10:51:42] (NewsSpider-5) (12/56) Crawling and storing DONE - Tulare Regional Medical Center braces for patients
INFO:root:[2018-10-14 10:51:43] (NewsSpider-6) (13/56) Crawling and storing DONE - BLOG: Ballot measures let legislators off the hook
INFO:root:[2018-10-14 10:52:01] (NewsSpider-5) (14/56) Crawling and storing DONE - Facebook: Hackers accessed personal data from 29M accounts
INFO:root:[2018-10-14 10:52:04] (NewsSpider-2) (15/56) Crawling and storing DONE - PressBox dine-and-dash sparks backlash, policy change
INFO:root:[2018-10-14 10:52:18] (NewsSpider-4) (16/56) Crawling and storing DONE - DA: Tulare hospital’s former CEO criminally liable
INFO:root:[2018-10-14 10:52:18] (NewsSpider-9) (17/56) Crawling and storing DONE - Tech stock rally helps snap losing streak as rough week ends
INFO:root:[2018-10-14 10:52:23] (NewsSpider-5) (19/56) Crawling and storing DONE - BLOG: The problem with polygraph tests
INFO:root:[2018-10-14 10:52:27] ========== (NewsSpider-7) Thread END ==========
INFO:root:[2018-10-14 10:52:27] ========== (NewsSpider-10) Thread END ==========
INFO:root:[2018-10-14 10:52:29] ========== (NewsSpider-2) Thread END ==========
INFO:root:[2018-10-14 10:52:32] ========== (NewsSpider-3) Thread END ==========
INFO:root:[2018-10-14 10:52:37] ========== (NewsSpider-9) Thread END ==========
INFO:root:[2018-10-14 10:52:39] ========== (NewsSpider-4) Thread END ==========
INFO:root:[2018-10-14 10:52:40] ========== (NewsSpider-6) Thread END ==========
INFO:root:[2018-10-14 10:52:42] ========== (NewsSpider-1) Thread END ==========
INFO:root:[2018-10-14 10:52:43] (NewsSpider-8) (20/56) Crawling and storing DONE - Retailers up their game after Toys R Us closures
INFO:root:[2018-10-14 10:52:43] ========== (NewsSpider-5) Thread END ==========
INFO:root:[2018-10-14 10:52:46] ========== (NewsSpider-8) Thread END ==========
CRITICAL:newspaper.network:[REQUEST FAILED] 404 Client Error: Not Found for url: http://thebusinessjournal.com/feeds
INFO:root:[2018-10-14 17:44:22] ========== (NewsSpider-1) Start! ==========
INFO:root:[2018-10-14 17:44:22] ========== (NewsSpider-2) Start! ==========
INFO:root:[2018-10-14 17:44:22] ========== (NewsSpider-3) Start! ==========
INFO:root:[2018-10-14 17:44:22] ========== (NewsSpider-4) Start! ==========
INFO:root:[2018-10-14 17:44:22] ========== (NewsSpider-5) Start! ==========
INFO:root:[2018-10-14 17:44:34] (NewsSpider-2) (1/56) Crawling and storing DONE - DA: Tulare hospital’s former CEO criminally liable
INFO:root:[2018-10-14 17:44:35] (NewsSpider-5) (2/56) Crawling and storing DONE - Retailers up their game after Toys R Us closures
INFO:root:[2018-10-14 17:44:37] (NewsSpider-3) (4/56) Crawling and storing DONE - St. Francis Project expanding dog-treat operations
INFO:root:[2018-10-14 17:44:49] (NewsSpider-2) (6/56) Crawling and storing DONE - New technology, housekeeping among concerns in hotel strikes
INFO:root:[2018-10-14 17:45:02] (NewsSpider-4) (7/56) Crawling and storing DONE - Rising interest rates weigh on high-flying tech stocks
INFO:root:[2018-10-14 17:45:12] (NewsSpider-5) (8/56) Crawling and storing DONE - California train agency fined $650,000 for 2 worker deaths
INFO:root:[2018-10-14 17:45:18] (NewsSpider-3) (9/56) Crawling and storing DONE - BLOG: The problem with polygraph tests
INFO:root:[2018-10-14 17:45:30] (NewsSpider-3) (10/56) Crawling and storing DONE - PressBox dine-and-dash sparks backlash, policy change
INFO:root:[2018-10-14 17:45:42] (NewsSpider-3) (11/56) Crawling and storing DONE - 134-home community in Tulare set to break ground
INFO:root:[2018-10-14 17:45:50] (NewsSpider-1) (12/56) Crawling and storing DONE - BLOG: Ballot measures let legislators off the hook
INFO:root:[2018-10-14 17:45:51] (NewsSpider-2) (13/56) Crawling and storing DONE - Tulare Regional Medical Center braces for patients
INFO:root:[2018-10-14 17:46:01] (NewsSpider-5) (14/56) Crawling and storing DONE - Nationals brass: Minor leaguers have better chance to win in Fresno
INFO:root:[2018-10-14 17:46:15] (NewsSpider-2) (15/56) Crawling and storing DONE - Senators say they did not sign off on judicial nominees
INFO:root:[2018-10-14 17:46:17] (NewsSpider-1) (16/56) Crawling and storing DONE - Prospect of Trump-Xi talks raises hope for thaw in trade war
INFO:root:[2018-10-14 17:46:24] (NewsSpider-4) (17/56) Crawling and storing DONE - Tech stock rally helps snap losing streak as rough week ends
INFO:root:[2018-10-14 17:46:35] (NewsSpider-4) (19/56) Crawling and storing DONE - Airlines to boost flights out of Fresno for holidays
INFO:root:[2018-10-14 17:46:42] ========== (NewsSpider-2) Thread END ==========
INFO:root:[2018-10-14 17:46:42] (NewsSpider-1) (20/56) Crawling and storing DONE - Facebook: Hackers accessed personal data from 29M accounts
INFO:root:[2018-10-14 17:46:43] ========== (NewsSpider-3) Thread END ==========
INFO:root:[2018-10-14 17:46:44] ========== (NewsSpider-1) Thread END ==========
INFO:root:[2018-10-14 17:46:47] ========== (NewsSpider-4) Thread END ==========
INFO:root:[2018-10-14 17:46:47] ========== (NewsSpider-5) Thread END ==========
CRITICAL:newspaper.network:[REQUEST FAILED] 404 Client Error: Not Found for url: http://thebusinessjournal.com/feeds
INFO:root:[2018-10-14 18:39:22] ========== (NewsSpider-1) Start! ==========
INFO:root:[2018-10-14 18:39:22] ========== (NewsSpider-2) Start! ==========
INFO:root:[2018-10-14 18:39:22] ========== (NewsSpider-3) Start! ==========
INFO:root:[2018-10-14 18:39:22] ========== (NewsSpider-4) Start! ==========
INFO:root:[2018-10-14 18:39:22] ========== (NewsSpider-5) Start! ==========
INFO:root:[2018-10-14 18:41:53] ========== (NewsSpider-2) Thread END ==========
INFO:root:[2018-10-14 18:41:54] ========== (NewsSpider-3) Thread END ==========
INFO:root:[2018-10-14 18:41:54] ========== (NewsSpider-5) Thread END ==========
INFO:root:[2018-10-14 18:41:56] ========== (NewsSpider-4) Thread END ==========
INFO:root:[2018-10-14 18:42:02] ========== (NewsSpider-1) Thread END ==========
CRITICAL:newspaper.network:[REQUEST FAILED] 404 Client Error: Not Found for url: http://thebusinessjournal.com/feeds
INFO:root:[2018-10-14 19:27:49] ========== (NewsSpider-1) Start! ==========
INFO:root:[2018-10-14 19:27:49] ========== (NewsSpider-2) Start! ==========
INFO:root:[2018-10-14 19:27:49] ========== (NewsSpider-3) Start! ==========
INFO:root:[2018-10-14 19:27:49] ========== (NewsSpider-4) Start! ==========
INFO:root:[2018-10-14 19:27:49] ========== (NewsSpider-5) Start! ==========
INFO:root:[2018-10-14 19:28:00] (NewsSpider-2) (1/56) Crawling and storing DONE - Prospect of Trump-Xi talks raises hope for thaw in trade war
INFO:root:[2018-10-14 19:28:00] (NewsSpider-1) (2/56) Crawling and storing DONE - Facebook: Hackers accessed personal data from 29M accounts
INFO:root:[2018-10-14 19:28:25] (NewsSpider-4) (3/56) Crawling and storing DONE - Airlines to boost flights out of Fresno for holidays
INFO:root:[2018-10-14 19:28:25] (NewsSpider-3) (4/56) Crawling and storing DONE - California train agency fined $650,000 for 2 worker deaths
INFO:root:[2018-10-14 19:28:26] (NewsSpider-1) (5/56) Crawling and storing DONE - St. Francis Project expanding dog-treat operations
INFO:root:[2018-10-14 19:28:50] (NewsSpider-4) (7/56) Crawling and storing DONE - Nationals brass: Minor leaguers have better chance to win in Fresno
INFO:root:[2018-10-14 19:28:52] (NewsSpider-3) (8/56) Crawling and storing DONE - New technology, housekeeping among concerns in hotel strikes
INFO:root:[2018-10-14 19:28:52] (NewsSpider-1) (9/56) Crawling and storing DONE - Retailers up their game after Toys R Us closures
INFO:root:[2018-10-14 19:29:07] (NewsSpider-2) (11/56) Crawling and storing DONE - 134-home community in Tulare set to break ground
INFO:root:[2018-10-14 19:29:12] (NewsSpider-4) (12/56) Crawling and storing DONE - Tech stock rally helps snap losing streak as rough week ends
INFO:root:[2018-10-14 19:29:17] (NewsSpider-2) (13/56) Crawling and storing DONE - Tulare Regional Medical Center braces for patients
INFO:root:[2018-10-14 19:29:30] (NewsSpider-1) (14/56) Crawling and storing DONE - BLOG: Ballot measures let legislators off the hook
INFO:root:[2018-10-14 19:29:34] (NewsSpider-4) (15/56) Crawling and storing DONE - BLOG: The problem with polygraph tests
INFO:root:[2018-10-14 19:29:41] (NewsSpider-5) (16/56) Crawling and storing DONE - PressBox dine-and-dash sparks backlash, policy change
INFO:root:[2018-10-14 19:29:52] (NewsSpider-1) (17/56) Crawling and storing DONE - Rising interest rates weigh on high-flying tech stocks
INFO:root:[2018-10-14 19:30:02] (NewsSpider-2) (18/56) Crawling and storing DONE - Senators say they did not sign off on judicial nominees
INFO:root:[2018-10-14 19:30:02] ========== (NewsSpider-2) Thread END ==========
INFO:root:[2018-10-14 19:30:02] ========== (NewsSpider-1) Thread END ==========
INFO:root:[2018-10-14 19:30:03] ========== (NewsSpider-5) Thread END ==========
INFO:root:[2018-10-14 19:30:05] ========== (NewsSpider-3) Thread END ==========
INFO:root:[2018-10-14 19:30:09] ========== (NewsSpider-4) Thread END ==========
