CRITICAL:newspaper.network:[REQUEST FAILED] 404 Client Error: Not Found for url: https://www.vice.com/feed
CRITICAL:newspaper.network:[REQUEST FAILED] 404 Client Error: Not Found for url: https://www.vice.com/feeds
INFO:root:[2018-09-08 18:11:35] ========== (NewsSpider-1) Start! ==========
INFO:root:[2018-09-08 18:11:36] ========== (NewsSpider-2) Start! ==========
INFO:root:[2018-09-08 18:11:36] ========== (NewsSpider-3) Start! ==========
INFO:root:[2018-09-08 18:11:36] ========== (NewsSpider-4) Start! ==========
INFO:root:[2018-09-08 18:11:36] ========== (NewsSpider-5) Start! ==========
INFO:root:[2018-09-08 18:11:37] (NewsSpider-3) (2/67) Crawling and storing DONE - The CDC Had to Screen Two More Planes a Day After That Emirates Flight
INFO:root:[2018-09-08 18:11:39] (NewsSpider-2) (5/67) Crawling and storing DONE - The Guide to Getting into Steve Albini, Studio Whiz and Noise-Rock Freak
INFO:root:[2018-09-08 18:11:39] (NewsSpider-3) (7/67) Crawling and storing DONE - Trump Is Still Desperately Trying to Keep Migrant Children Locked Up
INFO:root:[2018-09-08 18:11:42] (NewsSpider-2) (9/67) Crawling and storing DONE - Mac Miller Has Died at 26
INFO:root:[2018-09-08 18:11:44] (NewsSpider-2) (10/67) Crawling and storing DONE - Vicious Hornet Swarm at German Wine Festival Sends 13 to Hospital
WARNING:root:[2018-09-08 18:11:47] (NewsSpider-2) Article Not Exists on https://noisey.vice.com/en_us/article/undefined/undefined
INFO:root:[2018-09-08 18:11:49] (NewsSpider-2) (11/67) Crawling and storing DONE - The Abortion I Had While Trying to Stay Clean
CRITICAL:newspaper.network:[REQUEST FAILED] 404 Client Error: Not Found for url: https://www.vice.com/feed
CRITICAL:newspaper.network:[REQUEST FAILED] 404 Client Error: Not Found for url: https://www.vice.com/feeds
INFO:root:[2018-09-08 18:26:45] ========== (NewsSpider-1) Start! ==========
INFO:root:[2018-09-08 18:26:45] ========== (NewsSpider-2) Start! ==========
INFO:root:[2018-09-08 18:26:45] ========== (NewsSpider-3) Start! ==========
INFO:root:[2018-09-08 18:26:45] ========== (NewsSpider-4) Start! ==========
INFO:root:[2018-09-08 18:26:45] ========== (NewsSpider-5) Start! ==========
WARNING:root:[2018-09-08 18:26:46] (NewsSpider-3) Article Not Exists on https://munchies.vice.com/en_us/article/undefined/undefined
WARNING:root:[2018-09-08 18:26:47] (NewsSpider-5) Article Not Exists on https://vice.com/en_us/article/undefined/undefined
INFO:root:[2018-09-08 18:26:47] (NewsSpider-2) (1/67) Crawling and storing DONE - Kitty and Sam Ray Are a Rave-Pop Duo Now
INFO:root:[2018-09-08 18:26:47] (NewsSpider-1) (2/67) Crawling and storing DONE - Trump Is Still Desperately Trying to Keep Migrant Children Locked Up
INFO:root:[2018-09-08 18:26:48] (NewsSpider-3) (4/67) Crawling and storing DONE - 2,300 People Were Injured by Pizza in the US Last Year, Government Estimates
INFO:root:[2018-09-08 18:26:52] (NewsSpider-5) (6/67) Crawling and storing DONE - Weed Farmers Are Suing a California County After It Kicked Them Out
INFO:root:[2018-09-08 18:26:53] (NewsSpider-1) (7/67) Crawling and storing DONE - Trump Is Still Desperately Trying to Keep Migrant Children Locked Up
INFO:root:[2018-09-08 18:26:53] (NewsSpider-4) (8/67) Crawling and storing DONE - Nobody Can Figure Out Why This Orange Slice Turned Purple
INFO:root:[2018-09-08 18:26:58] (NewsSpider-5) (11/67) Crawling and storing DONE - The CDC Had to Screen Two More Planes a Day After That Emirates Flight
INFO:root:[2018-09-08 18:26:58] (NewsSpider-4) (12/67) Crawling and storing DONE - The Abortion I Had While Trying to Stay Clean
INFO:root:[2018-09-08 18:26:59] (NewsSpider-3) (13/67) Crawling and storing DONE - Passengers Asked to Pee in Trash Bags and Bottles on This Flight from Hell
INFO:root:[2018-09-08 18:27:04] (NewsSpider-5) (15/67) Crawling and storing DONE - Passengers Asked to Pee in Trash Bags and Bottles on This Flight from Hell
CRITICAL:newspaper.network:[REQUEST FAILED] 404 Client Error: Not Found for url: https://www.vice.com/feeds
CRITICAL:newspaper.network:[REQUEST FAILED] 404 Client Error: Not Found for url: https://www.vice.com/feed
INFO:root:[2018-10-14 10:50:47] ========== (NewsSpider-1) Start! ==========
INFO:root:[2018-10-14 10:50:47] ========== (NewsSpider-2) Start! ==========
INFO:root:[2018-10-14 10:50:47] ========== (NewsSpider-3) Start! ==========
INFO:root:[2018-10-14 10:50:47] ========== (NewsSpider-4) Start! ==========
INFO:root:[2018-10-14 10:50:47] ========== (NewsSpider-5) Start! ==========
INFO:root:[2018-10-14 10:50:47] ========== (NewsSpider-6) Start! ==========
INFO:root:[2018-10-14 10:50:47] ========== (NewsSpider-7) Start! ==========
INFO:root:[2018-10-14 10:50:47] ========== (NewsSpider-8) Start! ==========
INFO:root:[2018-10-14 10:50:47] ========== (NewsSpider-9) Start! ==========
INFO:root:[2018-10-14 10:50:47] ========== (NewsSpider-10) Start! ==========
INFO:root:[2018-10-14 10:51:05] (NewsSpider-9) (2/79) Crawling and storing DONE - Nearly $1 Million Awarded to Trans Women Denied Surgical Care
INFO:root:[2018-10-14 10:51:05] (NewsSpider-8) (3/79) Crawling and storing DONE - 2019 Met Gala Will Celebrate Camp Art
INFO:root:[2018-10-14 10:51:05] (NewsSpider-10) (4/79) Crawling and storing DONE - The Revolutionary Latinx Who Brought Feminism to a 60s Leftist Group
WARNING:root:[2018-10-14 10:51:12] (NewsSpider-1) Article Not Exists on https://munchies.vice.com/en_us/article/8xjbkp/instagram-cooking-videos-soothed-my-morning-sickness
WARNING:root:[2018-10-14 10:51:16] (NewsSpider-5) Article Not Exists on https://munchies.vice.com/en_us/article/9k7875/this-entire-czech-town-made-out-of-marzipan-is-a-rare-joy
WARNING:root:[2018-10-14 10:51:17] (NewsSpider-9) Article Not Exists on https://vice.com/en_us/article/wj9b4w/how-to-talk-dirty-in-bed-according-to-porn-stars
WARNING:root:[2018-10-14 10:51:17] (NewsSpider-7) Article Not Exists on https://vice.com/en_us/article/undefined/undefined
INFO:root:[2018-10-14 10:51:19] (NewsSpider-6) (9/79) Crawling and storing DONE - Stop Telling Black Writers to Stop Writing About Race
INFO:root:[2018-10-14 10:51:20] (NewsSpider-8) (10/79) Crawling and storing DONE - Shrimp and Hennessy Pasta Recipe
INFO:root:[2018-10-14 10:51:21] (NewsSpider-3) (11/79) Crawling and storing DONE - Why That Decades-Old KFC Meme Keeps Resurfacing—And Is Now After Taylor Swift
WARNING:root:[2018-10-14 10:51:22] (NewsSpider-4) Article Not Exists on https://vice.com/en_us/article/8xjbx3/a-manic-investigation-into-the-many-medical-uses-of-lasers
INFO:root:[2018-10-14 10:51:22] (NewsSpider-10) (12/79) Crawling and storing DONE - Stream of the Crop: 11 New Albums for Heavy Rotation
INFO:root:[2018-10-14 10:51:33] (NewsSpider-4) (15/79) Crawling and storing DONE - Tesla-Branded Tequila Might Soon Exist Thanks To You Nerds
INFO:root:[2018-10-14 10:51:34] (NewsSpider-8) (17/79) Crawling and storing DONE - What an NYC Chef Learns from Riding His Motorcycle Thousands of Miles in the Badlands
WARNING:root:[2018-10-14 10:51:35] (NewsSpider-1) Article Not Exists on https://vice.com/en_us/article/pa9w8m/a-star-is-born-is-bad-review
WARNING:root:[2018-10-14 10:51:36] (NewsSpider-8) Article Not Exists on http://en_us/article/undefined/undefined
WARNING:root:[2018-10-14 10:51:43] (NewsSpider-5) Article Not Exists on https://broadly.vice.com/en_us/article/59843k/sextortion-what-its-like-for-teens
WARNING:root:[2018-10-14 10:51:46] (NewsSpider-4) Article Not Exists on https://noisey.vice.com/en_us/article/undefined/undefined
INFO:root:[2018-10-14 10:51:49] (NewsSpider-1) (22/79) Crawling and storing DONE - Avocados Are Not Vegan, Argues BBC TV Show Host
WARNING:root:[2018-10-14 10:51:51] (NewsSpider-10) Article Not Exists on https://en_us/article/undefined/undefined
WARNING:root:[2018-10-14 10:51:51] (NewsSpider-3) Article Not Exists on https://www.vice.com/en_us/article/wj9b4w/how-to-talk-dirty-in-bed-according-to-porn-stars
WARNING:root:[2018-10-14 10:51:52] (NewsSpider-9) Article Not Exists on https://broadly.vice.com/en_us/article/undefined/undefined
WARNING:root:[2018-10-14 10:51:53] (NewsSpider-2) Article Not Exists on https://vice.com/en_us/article/7x3mjx/lebron-jamess-documentary-accuses-the-ncaa-of-screwing-student-athletes
WARNING:root:[2018-10-14 10:51:54] (NewsSpider-8) Article Not Exists on https://munchies.vice.com/en_us/article/undefined/undefined
WARNING:root:[2018-10-14 10:51:54] (NewsSpider-5) Article Not Exists on https://noisey.vice.com/en_us/article/gye33b/robert-christgau-on-ed-hamells-brutal-bastard-bashing-fantasies
INFO:root:[2018-10-14 10:52:04] (NewsSpider-2) (28/79) Crawling and storing DONE - Missy Elliott Has New Music On the Way
INFO:root:[2018-10-14 10:52:05] (NewsSpider-7) (29/79) Crawling and storing DONE - Snoop Dogg, Steelers Fan, Jumps on the Cleveland Browns, Erm, "Bandwagon"
INFO:root:[2018-10-14 10:52:11] (NewsSpider-9) (31/79) Crawling and storing DONE - This New Netflix Show Is About an Afro-Colombian, Time-Traveling Teen Witch
WARNING:root:[2018-10-14 10:52:12] (NewsSpider-8) Article Not Exists on http://www.vice.com/en_us/article/wj9b4w/how-to-talk-dirty-in-bed-according-to-porn-stars
WARNING:root:[2018-10-14 10:52:12] (NewsSpider-1) Article Not Exists on https://vice.com/en_us/article/mbd44n/brown-sugar-is-still-a-love-letter-to-the-golden-age-of-hip-hop
WARNING:root:[2018-10-14 10:52:15] (NewsSpider-10) Article Not Exists on https://broadly.vice.com/en_us/article/3km4zj/daily-horoscope-october-12-2018
WARNING:root:[2018-10-14 10:52:15] (NewsSpider-2) Article Not Exists on https://munchies.vice.com/en_us/article/7x3qz4/best-frozen-foods-recipes
WARNING:root:[2018-10-14 10:52:17] (NewsSpider-7) Article Not Exists on https://noisey.vice.com/en_us/article/7x3q8g/noisey-power-rankings-october-8-12
INFO:root:[2018-10-14 10:52:17] (NewsSpider-6) (33/79) Crawling and storing DONE - Stop Telling Black Writers to Stop Writing About Race
INFO:root:[2018-10-14 10:52:19] (NewsSpider-4) (34/79) Crawling and storing DONE - A Massachusetts Vote Could Threaten Trans Rights Everywhere
INFO:root:[2018-10-14 10:52:25] (NewsSpider-9) (35/79) Crawling and storing DONE - ‘Salt, Fat, Acid, Heat’ Is the Culinary Travel Show that Home Cooks Need Now
INFO:root:[2018-10-14 10:52:26] (NewsSpider-1) (36/79) Crawling and storing DONE - I Ate Monochromatic Meals For the Sake of Art
WARNING:root:[2018-10-14 10:52:33] (NewsSpider-7) Article Not Exists on http://www.vice.com/en_us/article/undefined/undefined
INFO:root:[2018-10-14 10:52:37] (NewsSpider-8) (41/79) Crawling and storing DONE - Everything You Need to Know About Dating a Libra
WARNING:root:[2018-10-14 10:52:39] (NewsSpider-5) Article Not Exists on https://www.vice.com/en_us/article/undefined/undefined
INFO:root:[2018-10-14 10:52:40] (NewsSpider-3) (42/79) Crawling and storing DONE - Heavy Metal Can Help You Survive Anything
INFO:root:[2018-10-14 10:52:42] (NewsSpider-4) (43/79) Crawling and storing DONE - Stop Telling Black Writers to Stop Writing About Race
INFO:root:[2018-10-14 10:52:47] (NewsSpider-7) (44/79) Crawling and storing DONE - Weekly Horoscope: October 8 - 14
INFO:root:[2018-10-14 10:52:47] ========== (NewsSpider-7) Thread END ==========
INFO:root:[2018-10-14 10:52:48] ========== (NewsSpider-8) Thread END ==========
INFO:root:[2018-10-14 10:52:48] (NewsSpider-10) (45/79) Crawling and storing DONE - Hardcore Legends Racetraitor Are on a Mission to Defeat White Supremacy
INFO:root:[2018-10-14 10:52:49] ========== (NewsSpider-2) Thread END ==========
INFO:root:[2018-10-14 10:52:50] ========== (NewsSpider-1) Thread END ==========
INFO:root:[2018-10-14 10:52:50] ========== (NewsSpider-10) Thread END ==========
INFO:root:[2018-10-14 10:52:52] (NewsSpider-3) (47/79) Crawling and storing DONE - José Andrés Fed 3 Million People in Puerto Rico, But Wishes It Had Been More
INFO:root:[2018-10-14 10:52:53] (NewsSpider-6) (48/79) Crawling and storing DONE - A Manic Investigation into the Many Medical Uses of Lasers
INFO:root:[2018-10-14 10:52:53] ========== (NewsSpider-6) Thread END ==========
INFO:root:[2018-10-14 10:52:54] (NewsSpider-9) (49/79) Crawling and storing DONE - A Manic Investigation into the Many Medical Uses of Lasers
INFO:root:[2018-10-14 10:52:54] ========== (NewsSpider-9) Thread END ==========
INFO:root:[2018-10-14 10:52:55] ========== (NewsSpider-3) Thread END ==========
INFO:root:[2018-10-14 10:52:56] (NewsSpider-4) (50/79) Crawling and storing DONE - Do We Really Need An Amy Winehouse Hologram Tour, Though?
INFO:root:[2018-10-14 10:52:56] (NewsSpider-5) (51/79) Crawling and storing DONE - Brendan Kelly’s “Shitty Margarita” Is an Ode to Shitty Margaritas
INFO:root:[2018-10-14 10:52:57] ========== (NewsSpider-5) Thread END ==========
INFO:root:[2018-10-14 10:52:58] ========== (NewsSpider-4) Thread END ==========
CRITICAL:newspaper.network:[REQUEST FAILED] 404 Client Error: Not Found for url: https://www.vice.com/feed
CRITICAL:newspaper.network:[REQUEST FAILED] 404 Client Error: Not Found for url: https://www.vice.com/feeds
INFO:root:[2018-10-14 17:44:25] ========== (NewsSpider-1) Start! ==========
INFO:root:[2018-10-14 17:44:25] ========== (NewsSpider-2) Start! ==========
INFO:root:[2018-10-14 17:44:25] ========== (NewsSpider-3) Start! ==========
INFO:root:[2018-10-14 17:44:25] ========== (NewsSpider-4) Start! ==========
INFO:root:[2018-10-14 17:44:25] ========== (NewsSpider-5) Start! ==========
WARNING:root:[2018-10-14 17:44:33] (NewsSpider-4) Article Not Exists on https://munchies.vice.com/en_us/article/undefined/undefined
INFO:root:[2018-10-14 17:44:35] (NewsSpider-5) (2/79) Crawling and storing DONE - Stop Telling Black Writers to Stop Writing About Race
INFO:root:[2018-10-14 17:44:43] (NewsSpider-1) (6/79) Crawling and storing DONE - 2019 Met Gala Will Celebrate Camp Art
INFO:root:[2018-10-14 17:44:46] (NewsSpider-3) (7/79) Crawling and storing DONE - Missy Elliott Has New Music On the Way
INFO:root:[2018-10-14 17:44:49] (NewsSpider-2) (8/79) Crawling and storing DONE - How to Talk Dirty in Bed, According to Porn Stars
INFO:root:[2018-10-14 17:45:00] (NewsSpider-1) (12/79) Crawling and storing DONE - Hardcore Legends Racetraitor Are on a Mission to Defeat White Supremacy
INFO:root:[2018-10-14 17:45:06] (NewsSpider-4) (15/79) Crawling and storing DONE - A Manic Investigation into the Many Medical Uses of Lasers
INFO:root:[2018-10-14 17:45:12] (NewsSpider-5) (17/79) Crawling and storing DONE - Do We Really Need An Amy Winehouse Hologram Tour, Though?
INFO:root:[2018-10-14 17:45:12] (NewsSpider-3) (18/79) Crawling and storing DONE - Nearly $1 Million Awarded to Trans Women Denied Surgical Care
INFO:root:[2018-10-14 17:45:21] (NewsSpider-4) (22/79) Crawling and storing DONE - Tesla-Branded Tequila Might Soon Exist Thanks To You Nerds
WARNING:root:[2018-10-14 17:45:22] (NewsSpider-5) Article Not Exists on http://www.vice.com/en_us/article/undefined/undefined
INFO:root:[2018-10-14 17:45:26] (NewsSpider-1) (24/79) Crawling and storing DONE - Heavy Metal Can Help You Survive Anything
INFO:root:[2018-10-14 17:45:28] (NewsSpider-3) (25/79) Crawling and storing DONE - Avocados Are Not Vegan, Argues BBC TV Show Host
INFO:root:[2018-10-14 17:45:29] (NewsSpider-4) (26/79) Crawling and storing DONE - The Revolutionary Latinx Who Brought Feminism to a 60s Leftist Group
INFO:root:[2018-10-14 17:45:30] (NewsSpider-5) (27/79) Crawling and storing DONE - José Andrés Fed 3 Million People in Puerto Rico, But Wishes It Had Been More
INFO:root:[2018-10-14 17:45:30] (NewsSpider-2) (28/79) Crawling and storing DONE - A Massachusetts Vote Could Threaten Trans Rights Everywhere
INFO:root:[2018-10-14 17:45:34] (NewsSpider-4) (29/79) Crawling and storing DONE - What an NYC Chef Learns from Riding His Motorcycle Thousands of Miles in the Badlands
INFO:root:[2018-10-14 17:45:35] (NewsSpider-5) (30/79) Crawling and storing DONE - Daily Horoscope: October 14, 2018
INFO:root:[2018-10-14 17:45:35] (NewsSpider-2) (31/79) Crawling and storing DONE - This New Netflix Show Is About an Afro-Colombian, Time-Traveling Teen Witch
INFO:root:[2018-10-14 17:45:37] (NewsSpider-3) (32/79) Crawling and storing DONE - How to Talk Dirty in Bed, According to Porn Stars
INFO:root:[2018-10-14 17:45:42] (NewsSpider-4) (34/79) Crawling and storing DONE - ‘Salt, Fat, Acid, Heat’ Is the Culinary Travel Show that Home Cooks Need Now
INFO:root:[2018-10-14 17:45:44] (NewsSpider-5) (36/79) Crawling and storing DONE - Brendan Kelly’s “Shitty Margarita” Is an Ode to Shitty Margaritas
INFO:root:[2018-10-14 17:45:49] (NewsSpider-2) (37/79) Crawling and storing DONE - Stop Telling Black Writers to Stop Writing About Race
INFO:root:[2018-10-14 17:45:50] (NewsSpider-1) (38/79) Crawling and storing DONE - A Manic Investigation into the Many Medical Uses of Lasers
WARNING:root:[2018-10-14 17:45:51] (NewsSpider-5) Article Not Exists on https://noisey.vice.com/en_us/article/undefined/undefined
INFO:root:[2018-10-14 17:45:57] (NewsSpider-2) (41/79) Crawling and storing DONE - Why That Decades-Old KFC Meme Keeps Resurfacing—And Is Now After Taylor Swift
INFO:root:[2018-10-14 17:46:00] (NewsSpider-5) (43/79) Crawling and storing DONE - This Entire Czech Town Made Out of Marzipan Is a Rare Joy
INFO:root:[2018-10-14 17:46:05] (NewsSpider-2) (44/79) Crawling and storing DONE - Weekly Horoscope: October 8 - 14
INFO:root:[2018-10-14 17:46:05] (NewsSpider-1) (45/79) Crawling and storing DONE - Noisey Power Rankings: October 8 - 12
WARNING:root:[2018-10-14 17:46:08] (NewsSpider-1) Article Not Exists on https://en_us/article/undefined/undefined
WARNING:root:[2018-10-14 17:46:13] (NewsSpider-4) Article Not Exists on https://broadly.vice.com/en_us/article/undefined/undefined
WARNING:root:[2018-10-14 17:46:14] (NewsSpider-3) Article Not Exists on https://www.vice.com/en_us/article/undefined/undefined
INFO:root:[2018-10-14 17:46:14] (NewsSpider-5) (48/79) Crawling and storing DONE - Snoop Dogg, Steelers Fan, Jumps on the Cleveland Browns, Erm, "Bandwagon"
INFO:root:[2018-10-14 17:46:18] (NewsSpider-2) (49/79) Crawling and storing DONE - How to Talk Dirty in Bed, According to Porn Stars
INFO:root:[2018-10-14 17:46:20] (NewsSpider-1) (50/79) Crawling and storing DONE - Stream of the Crop: 11 New Albums for Heavy Rotation
INFO:root:[2018-10-14 17:46:23] (NewsSpider-3) (51/79) Crawling and storing DONE - Shrimp and Hennessy Pasta Recipe
INFO:root:[2018-10-14 17:46:25] (NewsSpider-5) (53/79) Crawling and storing DONE - Instagram Cooking Videos Soothed My Morning Sickness
INFO:root:[2018-10-14 17:46:27] (NewsSpider-2) (54/79) Crawling and storing DONE - Everything You Need to Know About Dating a Libra
INFO:root:[2018-10-14 17:46:29] (NewsSpider-1) (55/79) Crawling and storing DONE - Stop Telling Black Writers to Stop Writing About Race
INFO:root:[2018-10-14 17:46:30] (NewsSpider-4) (56/79) Crawling and storing DONE - I Ate Monochromatic Meals For the Sake of Art
INFO:root:[2018-10-14 17:46:32] (NewsSpider-3) (57/79) Crawling and storing DONE - A Manic Investigation into the Many Medical Uses of Lasers
INFO:root:[2018-10-14 17:46:32] (NewsSpider-5) (58/79) Crawling and storing DONE - 18 Frozen Food Classics that Are Way Better Homemade
WARNING:root:[2018-10-14 17:46:39] (NewsSpider-2) Article Not Exists on http://en_us/article/undefined/undefined
WARNING:root:[2018-10-14 17:46:40] (NewsSpider-5) Article Not Exists on https://vice.com/en_us/article/undefined/undefined
INFO:root:[2018-10-14 17:46:41] ========== (NewsSpider-2) Thread END ==========
INFO:root:[2018-10-14 17:46:42] ========== (NewsSpider-1) Thread END ==========
INFO:root:[2018-10-14 17:46:45] ========== (NewsSpider-4) Thread END ==========
INFO:root:[2018-10-14 17:46:48] ========== (NewsSpider-3) Thread END ==========
INFO:root:[2018-10-14 17:46:48] ========== (NewsSpider-5) Thread END ==========
CRITICAL:newspaper.network:[REQUEST FAILED] 404 Client Error: Not Found for url: https://www.vice.com/feeds
CRITICAL:newspaper.network:[REQUEST FAILED] 404 Client Error: Not Found for url: https://www.vice.com/feed
INFO:root:[2018-10-14 18:39:29] ========== (NewsSpider-1) Start! ==========
INFO:root:[2018-10-14 18:39:29] ========== (NewsSpider-2) Start! ==========
INFO:root:[2018-10-14 18:39:29] ========== (NewsSpider-3) Start! ==========
INFO:root:[2018-10-14 18:39:29] ========== (NewsSpider-4) Start! ==========
INFO:root:[2018-10-14 18:39:29] ========== (NewsSpider-5) Start! ==========
WARNING:root:[2018-10-14 18:39:43] (NewsSpider-1) Article Not Exists on https://www.vice.com/en_us/article/undefined/undefined
WARNING:root:[2018-10-14 18:39:47] (NewsSpider-2) Article Not Exists on http://www.vice.com/en_us/article/undefined/undefined
WARNING:root:[2018-10-14 18:41:01] (NewsSpider-3) Article Not Exists on https://vice.com/en_us/article/undefined/undefined
WARNING:root:[2018-10-14 18:41:14] (NewsSpider-4) Article Not Exists on https://en_us/article/undefined/undefined
WARNING:root:[2018-10-14 18:41:15] (NewsSpider-1) Article Not Exists on https://noisey.vice.com/en_us/article/undefined/undefined
WARNING:root:[2018-10-14 18:41:20] (NewsSpider-4) Article Not Exists on https://munchies.vice.com/en_us/article/undefined/undefined
WARNING:root:[2018-10-14 18:41:22] (NewsSpider-2) Article Not Exists on http://en_us/article/undefined/undefined
WARNING:root:[2018-10-14 18:41:51] (NewsSpider-1) Article Not Exists on https://broadly.vice.com/en_us/article/undefined/undefined
INFO:root:[2018-10-14 18:41:52] ========== (NewsSpider-5) Thread END ==========
INFO:root:[2018-10-14 18:41:59] ========== (NewsSpider-2) Thread END ==========
INFO:root:[2018-10-14 18:41:59] ========== (NewsSpider-1) Thread END ==========
INFO:root:[2018-10-14 18:41:59] ========== (NewsSpider-3) Thread END ==========
INFO:root:[2018-10-14 18:42:02] ========== (NewsSpider-4) Thread END ==========
CRITICAL:newspaper.network:[REQUEST FAILED] 404 Client Error: Not Found for url: https://www.vice.com/feeds
CRITICAL:newspaper.network:[REQUEST FAILED] 404 Client Error: Not Found for url: https://www.vice.com/feed
INFO:root:[2018-10-14 19:27:42] ========== (NewsSpider-1) Start! ==========
INFO:root:[2018-10-14 19:27:42] ========== (NewsSpider-2) Start! ==========
INFO:root:[2018-10-14 19:27:42] ========== (NewsSpider-3) Start! ==========
INFO:root:[2018-10-14 19:27:42] ========== (NewsSpider-4) Start! ==========
INFO:root:[2018-10-14 19:27:42] ========== (NewsSpider-5) Start! ==========
INFO:root:[2018-10-14 19:27:49] (NewsSpider-2) (1/79) Crawling and storing DONE - This New Netflix Show Is About an Afro-Colombian, Time-Traveling Teen Witch
INFO:root:[2018-10-14 19:27:59] (NewsSpider-5) (5/79) Crawling and storing DONE - Daily Horoscope: October 14, 2018
WARNING:root:[2018-10-14 19:28:04] (NewsSpider-4) Article Not Exists on https://vice.com/en_us/article/undefined/undefined
WARNING:root:[2018-10-14 19:28:04] (NewsSpider-3) Article Not Exists on http://www.vice.com/en_us/article/undefined/undefined
INFO:root:[2018-10-14 19:28:06] (NewsSpider-5) (7/79) Crawling and storing DONE - Snoop Dogg, Steelers Fan, Jumps on the Cleveland Browns, Erm, "Bandwagon"
INFO:root:[2018-10-14 19:28:17] (NewsSpider-4) (11/79) Crawling and storing DONE - Instagram Cooking Videos Soothed My Morning Sickness
INFO:root:[2018-10-14 19:28:18] (NewsSpider-5) (12/79) Crawling and storing DONE - Stop Telling Black Writers to Stop Writing About Race
INFO:root:[2018-10-14 19:28:22] (NewsSpider-1) (13/79) Crawling and storing DONE - Avocados Are Not Vegan, Argues BBC TV Show Host
INFO:root:[2018-10-14 19:28:26] (NewsSpider-4) (16/79) Crawling and storing DONE - Stop Telling Black Writers to Stop Writing About Race
INFO:root:[2018-10-14 19:28:33] (NewsSpider-4) (18/79) Crawling and storing DONE - Do We Really Need An Amy Winehouse Hologram Tour, Though?
INFO:root:[2018-10-14 19:28:35] (NewsSpider-5) (20/79) Crawling and storing DONE - A Manic Investigation into the Many Medical Uses of Lasers
INFO:root:[2018-10-14 19:28:43] (NewsSpider-3) (22/79) Crawling and storing DONE - Noisey Power Rankings: October 8 - 12
INFO:root:[2018-10-14 19:28:43] (NewsSpider-4) (23/79) Crawling and storing DONE - Shrimp and Hennessy Pasta Recipe
INFO:root:[2018-10-14 19:28:46] (NewsSpider-2) (25/79) Crawling and storing DONE - Tesla-Branded Tequila Might Soon Exist Thanks To You Nerds
WARNING:root:[2018-10-14 19:28:48] (NewsSpider-5) Article Not Exists on https://broadly.vice.com/en_us/article/undefined/undefined
INFO:root:[2018-10-14 19:28:52] (NewsSpider-3) (26/79) Crawling and storing DONE - Nearly $1 Million Awarded to Trans Women Denied Surgical Care
INFO:root:[2018-10-14 19:28:54] (NewsSpider-2) (28/79) Crawling and storing DONE - Stream of the Crop: 11 New Albums for Heavy Rotation
WARNING:root:[2018-10-14 19:29:00] (NewsSpider-3) Article Not Exists on https://en_us/article/undefined/undefined
INFO:root:[2018-10-14 19:29:02] (NewsSpider-1) (31/79) Crawling and storing DONE - A Massachusetts Vote Could Threaten Trans Rights Everywhere
INFO:root:[2018-10-14 19:29:04] (NewsSpider-2) (33/79) Crawling and storing DONE - 18 Frozen Food Classics that Are Way Better Homemade
WARNING:root:[2018-10-14 19:29:06] (NewsSpider-2) Article Not Exists on http://en_us/article/undefined/undefined
INFO:root:[2018-10-14 19:29:06] (NewsSpider-5) (34/79) Crawling and storing DONE - Hardcore Legends Racetraitor Are on a Mission to Defeat White Supremacy
INFO:root:[2018-10-14 19:29:09] (NewsSpider-3) (35/79) Crawling and storing DONE - Missy Elliott Has New Music On the Way
INFO:root:[2018-10-14 19:29:14] (NewsSpider-5) (39/79) Crawling and storing DONE - A Manic Investigation into the Many Medical Uses of Lasers
WARNING:root:[2018-10-14 19:29:19] (NewsSpider-3) Article Not Exists on https://munchies.vice.com/en_us/article/undefined/undefined
INFO:root:[2018-10-14 19:29:22] (NewsSpider-5) (41/79) Crawling and storing DONE - Weekly Horoscope: October 8 - 14
INFO:root:[2018-10-14 19:29:23] (NewsSpider-4) (42/79) Crawling and storing DONE - 2019 Met Gala Will Celebrate Camp Art
INFO:root:[2018-10-14 19:29:24] (NewsSpider-2) (43/79) Crawling and storing DONE - How to Talk Dirty in Bed, According to Porn Stars
INFO:root:[2018-10-14 19:29:29] (NewsSpider-4) (46/79) Crawling and storing DONE - I Ate Monochromatic Meals For the Sake of Art
INFO:root:[2018-10-14 19:29:30] (NewsSpider-5) (47/79) Crawling and storing DONE - Everything You Need to Know About Dating a Libra
WARNING:root:[2018-10-14 19:29:31] (NewsSpider-2) Article Not Exists on https://www.vice.com/en_us/article/undefined/undefined
INFO:root:[2018-10-14 19:29:32] (NewsSpider-3) (48/79) Crawling and storing DONE - This Entire Czech Town Made Out of Marzipan Is a Rare Joy
INFO:root:[2018-10-14 19:29:37] (NewsSpider-5) (50/79) Crawling and storing DONE - What an NYC Chef Learns from Riding His Motorcycle Thousands of Miles in the Badlands
INFO:root:[2018-10-14 19:29:38] (NewsSpider-2) (52/79) Crawling and storing DONE - The Revolutionary Latinx Who Brought Feminism to a 60s Leftist Group
INFO:root:[2018-10-14 19:29:39] (NewsSpider-4) (53/79) Crawling and storing DONE - Stop Telling Black Writers to Stop Writing About Race
INFO:root:[2018-10-14 19:29:45] (NewsSpider-5) (56/79) Crawling and storing DONE - How to Talk Dirty in Bed, According to Porn Stars
INFO:root:[2018-10-14 19:29:45] (NewsSpider-1) (57/79) Crawling and storing DONE - Heavy Metal Can Help You Survive Anything
INFO:root:[2018-10-14 19:29:46] (NewsSpider-3) (58/79) Crawling and storing DONE - A Manic Investigation into the Many Medical Uses of Lasers
INFO:root:[2018-10-14 19:29:52] ========== (NewsSpider-2) Thread END ==========
WARNING:root:[2018-10-14 19:29:52] (NewsSpider-1) Article Not Exists on https://noisey.vice.com/en_us/article/undefined/undefined
INFO:root:[2018-10-14 19:29:53] ========== (NewsSpider-5) Thread END ==========
INFO:root:[2018-10-14 19:29:54] ========== (NewsSpider-1) Thread END ==========
INFO:root:[2018-10-14 19:29:54] ========== (NewsSpider-4) Thread END ==========
INFO:root:[2018-10-14 19:29:56] (NewsSpider-3) (61/79) Crawling and storing DONE - How to Talk Dirty in Bed, According to Porn Stars
INFO:root:[2018-10-14 19:29:58] ========== (NewsSpider-3) Thread END ==========
CRITICAL:newspaper.network:[REQUEST FAILED] 404 Client Error: Not Found for url: https://www.vice.com/feeds
CRITICAL:newspaper.network:[REQUEST FAILED] 404 Client Error: Not Found for url: https://www.vice.com/feed
INFO:root:[2018-10-21 14:02:19] ========== (NewsSpider-1) Start! ==========
INFO:root:[2018-10-21 14:02:19] ========== (NewsSpider-2) Start! ==========
INFO:root:[2018-10-21 14:02:19] ========== (NewsSpider-3) Start! ==========
INFO:root:[2018-10-21 14:02:19] ========== (NewsSpider-4) Start! ==========
INFO:root:[2018-10-21 14:02:19] ========== (NewsSpider-5) Start! ==========
INFO:root:[2018-10-21 14:02:22] (NewsSpider-2) (1/66) Crawling and storing DONE - Witchcraft in TV and Movies Has Always Been Gay as Hell
INFO:root:[2018-10-21 14:02:22] (NewsSpider-5) (3/66) Crawling and storing DONE - The Story Behind the Mysterious Guillotine on a Brooklyn Roof
INFO:root:[2018-10-21 14:02:26] (NewsSpider-3) (6/66) Crawling and storing DONE - Did Anyone Really, Genuinely, Seriously Care that the Bagel Emoji Was Bad?
WARNING:root:[2018-10-21 14:02:27] (NewsSpider-5) Article Not Exists on http://en_us/article/undefined/undefined
INFO:root:[2018-10-21 14:02:29] (NewsSpider-2) (8/66) Crawling and storing DONE - Daily Horoscope: October 21, 2018
WARNING:root:[2018-10-21 14:02:33] (NewsSpider-5) Article Not Exists on https://munchies.vice.com/en_us/article/undefined/undefined
WARNING:root:[2018-10-21 14:02:33] (NewsSpider-1) Article Not Exists on https://vice.com/en_us/article/undefined/undefined
INFO:root:[2018-10-21 14:02:34] (NewsSpider-4) (11/66) Crawling and storing DONE - This Bartender Is Secretly the Greatest Tetris Player in the World
INFO:root:[2018-10-21 14:02:37] (NewsSpider-1) (13/66) Crawling and storing DONE - The True Story of Tituba, the Slave at the Center of the Salem Witch Trials
INFO:root:[2018-10-21 14:02:38] (NewsSpider-4) (15/66) Crawling and storing DONE - Why I Left My Public School Job in Oklahoma to Teach in Abu Dhabi
INFO:root:[2018-10-21 14:02:39] (NewsSpider-2) (16/66) Crawling and storing DONE - Does Leveraging Whiteness in Corporate America Mean More Than Supporting Women of Color?
INFO:root:[2018-10-21 14:02:42] (NewsSpider-5) (18/66) Crawling and storing DONE - This Bartender Is Secretly the Greatest Tetris Player in the World
INFO:root:[2018-10-21 14:02:43] (NewsSpider-1) (19/66) Crawling and storing DONE - Does Leveraging Whiteness in Corporate America Mean More Than Supporting Women of Color?
INFO:root:[2018-10-21 14:02:43] (NewsSpider-3) (20/66) Crawling and storing DONE - This Guy Broke Into a House Just to Clip His Toenails and Make Eggs, Cops Say
INFO:root:[2018-10-21 14:02:44] (NewsSpider-5) (21/66) Crawling and storing DONE - Nebraska School Cook Allegedly Added Kangaroo Meat as Secret Ingredient in Cafeteria Chili
INFO:root:[2018-10-21 14:02:45] (NewsSpider-2) (22/66) Crawling and storing DONE - Respond to the Gender Recognition Act Consultation
INFO:root:[2018-10-21 14:02:48] (NewsSpider-4) (25/66) Crawling and storing DONE - Weekly Horoscope: October 15 - 21
INFO:root:[2018-10-21 14:02:49] (NewsSpider-1) (26/66) Crawling and storing DONE - How to Call Out an Offensive Professor
INFO:root:[2018-10-21 14:02:50] (NewsSpider-5) (28/66) Crawling and storing DONE - The Story Behind the Mysterious Guillotine on a Brooklyn Roof
INFO:root:[2018-10-21 14:02:51] (NewsSpider-3) (29/66) Crawling and storing DONE - New Website Offering Abortion Pills Online Launches in the US
INFO:root:[2018-10-21 14:02:52] (NewsSpider-2) (30/66) Crawling and storing DONE - Chicago Bar Will Host Wake for Beloved Taco Bell Scheduled for Demolition
WARNING:root:[2018-10-21 14:02:54] (NewsSpider-2) Article Not Exists on https://en_us/article/undefined/undefined
INFO:root:[2018-10-21 14:02:54] (NewsSpider-3) (32/66) Crawling and storing DONE - Everything You Need to Know Before Starting a Business with Friends
INFO:root:[2018-10-21 14:02:54] (NewsSpider-4) (33/66) Crawling and storing DONE - Everything You Need to Know Before Starting a Business with Friends
WARNING:root:[2018-10-21 14:02:54] (NewsSpider-5) Article Not Exists on https://broadly.vice.com/en_us/article/undefined/undefined
INFO:root:[2018-10-21 14:02:54] (NewsSpider-1) (34/66) Crawling and storing DONE - This Guy Broke Into a House Just to Clip His Toenails and Make Eggs, Cops Say
WARNING:root:[2018-10-21 14:02:57] (NewsSpider-4) Article Not Exists on https://www.vice.com/en_us/article/undefined/undefined
INFO:root:[2018-10-21 14:02:58] (NewsSpider-2) (36/66) Crawling and storing DONE - The Story Behind the Mysterious Guillotine on a Brooklyn Roof
INFO:root:[2018-10-21 14:03:00] (NewsSpider-4) (38/66) Crawling and storing DONE - How to Break Up With a Friend Without All the Drama
INFO:root:[2018-10-21 14:03:01] (NewsSpider-2) (39/66) Crawling and storing DONE - This Bartender Is Secretly the Greatest Tetris Player in the World
INFO:root:[2018-10-21 14:03:01] (NewsSpider-3) (40/66) Crawling and storing DONE - Why I Left My Public School Job in Oklahoma to Teach in Abu Dhabi
INFO:root:[2018-10-21 14:03:03] (NewsSpider-3) (41/66) Crawling and storing DONE - Does Leveraging Whiteness in Corporate America Mean More Than Supporting Women of Color?
INFO:root:[2018-10-21 14:03:04] (NewsSpider-4) (42/66) Crawling and storing DONE - Alaska King Crab Rolls Recipe
INFO:root:[2018-10-21 14:03:05] (NewsSpider-5) (44/66) Crawling and storing DONE - Everything You Need to Know Before Starting a Business with Friends
WARNING:root:[2018-10-21 14:03:05] (NewsSpider-3) Article Not Exists on http://www.vice.com/en_us/article/undefined/undefined
INFO:root:[2018-10-21 14:03:06] (NewsSpider-4) (45/66) Crawling and storing DONE - Why I Left My Public School Job in Oklahoma to Teach in Abu Dhabi
INFO:root:[2018-10-21 14:03:07] ========== (NewsSpider-4) Thread END ==========
INFO:root:[2018-10-21 14:03:07] ========== (NewsSpider-3) Thread END ==========
INFO:root:[2018-10-21 14:03:08] ========== (NewsSpider-5) Thread END ==========
INFO:root:[2018-10-21 14:03:08] ========== (NewsSpider-1) Thread END ==========
INFO:root:[2018-10-21 14:03:08] (NewsSpider-2) (46/66) Crawling and storing DONE - This Guy Broke Into a House Just to Clip His Toenails and Make Eggs, Cops Say
INFO:root:[2018-10-21 14:03:10] ========== (NewsSpider-2) Thread END ==========
