CRITICAL:newspaper.network:[REQUEST FAILED] 404 Client Error: Not Found for url: https://newrepublic.com/rss
CRITICAL:newspaper.network:[REQUEST FAILED] 404 Client Error: Not Found for url: https://newrepublic.com/feed
CRITICAL:newspaper.network:[REQUEST FAILED] 404 Client Error: Not Found for url: https://newrepublic.com/feeds
INFO:root:[2018-09-08 18:26:50] ========== (NewsSpider-1) Start! ==========
INFO:root:[2018-09-08 18:26:50] ========== (NewsSpider-2) Start! ==========
INFO:root:[2018-09-08 18:26:50] ========== (NewsSpider-3) Start! ==========
INFO:root:[2018-09-08 18:26:50] ========== (NewsSpider-4) Start! ==========
INFO:root:[2018-09-08 18:26:51] ========== (NewsSpider-5) Start! ==========
INFO:root:[2018-09-08 18:26:53] (NewsSpider-3) (1/44) Crawling and storing DONE - A Pivotal Moment for Hungry Americans
INFO:root:[2018-09-08 18:26:53] (NewsSpider-1) (2/44) Crawling and storing DONE - Who Wants to Buy Barnes & Noble?
INFO:root:[2018-09-08 18:26:53] (NewsSpider-5) (3/44) Crawling and storing DONE - Shakespeare Joins the Resistance
INFO:root:[2018-09-08 18:26:57] (NewsSpider-1) (4/44) Crawling and storing DONE - Did Brett Kavanaugh Really Lie to Congress?
INFO:root:[2018-09-08 18:26:58] (NewsSpider-2) (5/44) Crawling and storing DONE - Trump believes his speeches could one day rank with the Gettysburg Address.
INFO:root:[2018-09-08 18:26:59] (NewsSpider-1) (6/44) Crawling and storing DONE - Papal Wrongdoing, or Palace Intrigue?
INFO:root:[2018-09-08 18:27:00] (NewsSpider-3) (8/44) Crawling and storing DONE - The Economy Needs More Workers. Last Month, It Got Fewer.
INFO:root:[2018-09-08 18:27:07] (NewsSpider-5) (11/44) Crawling and storing DONE - Karen Bradley: I did not know people in Northern Ireland voted on constitutional lines
INFO:root:[2018-09-08 18:27:09] (NewsSpider-5) (12/44) Crawling and storing DONE - The Country Club
INFO:root:[2018-09-08 18:27:10] (NewsSpider-1) (13/44) Crawling and storing DONE - A Trans Memoir Explores Masculinity In Extremis
INFO:root:[2018-09-08 18:27:15] (NewsSpider-5) (14/44) Crawling and storing DONE - The British Secretary of State for Northern Ireland knows very little about Northern Ireland.
CRITICAL:newspaper.network:[REQUEST FAILED] 404 Client Error: Not Found for url: https://newrepublic.com/feed
CRITICAL:newspaper.network:[REQUEST FAILED] 404 Client Error: Not Found for url: https://newrepublic.com/feeds
CRITICAL:newspaper.network:[REQUEST FAILED] 404 Client Error: Not Found for url: https://newrepublic.com/rss
INFO:root:[2018-10-14 10:50:28] ========== (NewsSpider-1) Start! ==========
INFO:root:[2018-10-14 10:50:28] ========== (NewsSpider-2) Start! ==========
INFO:root:[2018-10-14 10:50:28] ========== (NewsSpider-3) Start! ==========
INFO:root:[2018-10-14 10:50:28] ========== (NewsSpider-4) Start! ==========
INFO:root:[2018-10-14 10:50:28] ========== (NewsSpider-5) Start! ==========
INFO:root:[2018-10-14 10:50:28] ========== (NewsSpider-6) Start! ==========
INFO:root:[2018-10-14 10:50:28] ========== (NewsSpider-7) Start! ==========
INFO:root:[2018-10-14 10:50:28] ========== (NewsSpider-8) Start! ==========
INFO:root:[2018-10-14 10:50:28] ========== (NewsSpider-9) Start! ==========
INFO:root:[2018-10-14 10:50:28] ========== (NewsSpider-10) Start! ==========
INFO:root:[2018-10-14 10:50:34] (NewsSpider-7) (1/72) Crawling and storing DONE - Senators push vote to block Saudi arms sales after Khashoggi disappearance
INFO:root:[2018-10-14 10:50:37] (NewsSpider-9) (2/72) Crawling and storing DONE - Media companies and top executives drop out of Saudi event over missing journalist Jamal Khashoggi
INFO:root:[2018-10-14 10:50:37] (NewsSpider-1) (3/72) Crawling and storing DONE - The Trail of Clues in the Disappearance of Jamal Khashoggi
INFO:root:[2018-10-14 10:50:37] (NewsSpider-10) (4/72) Crawling and storing DONE - Turkish officials accuse Saudi Arabia of lack of cooperation in Khashoggi probe
INFO:root:[2018-10-14 10:50:37] (NewsSpider-4) (5/72) Crawling and storing DONE - The end of the Saudi Whisperer
INFO:root:[2018-10-14 10:50:37] (NewsSpider-2) (6/72) Crawling and storing DONE - ‘An angry mob’: Republicans work to recast Democratic protests as out-of-control anarchy
INFO:root:[2018-10-14 10:50:41] (NewsSpider-8) (7/72) Crawling and storing DONE - Trump walks tightrope amid global outrage over disappearance of Saudi journalist
INFO:root:[2018-10-14 10:50:42] (NewsSpider-5) (8/72) Crawling and storing DONE - The Case for Climate Pessimism
INFO:root:[2018-10-14 10:50:43] (NewsSpider-3) (9/72) Crawling and storing DONE - The Abortion Case Likely Headed for the Supreme Court
INFO:root:[2018-10-14 10:50:43] (NewsSpider-7) (10/72) Crawling and storing DONE - GOP Poll Puts Morrisey and Manchin Almost Even After Kavanaugh Vote
INFO:root:[2018-10-14 10:50:45] (NewsSpider-9) (11/72) Crawling and storing DONE - The U.S. has no ambassador in Turkey or Saudi Arabia as it enters the diplomatic knife fight over journalist Jamal Khashoggi
INFO:root:[2018-10-14 10:50:56] (NewsSpider-4) (13/72) Crawling and storing DONE - The Fearless Rise of the Black Southern Progressive
INFO:root:[2018-10-14 10:50:56] (NewsSpider-7) (14/72) Crawling and storing DONE - Volunteers bolt Bredesen over Kavanaugh support
INFO:root:[2018-10-14 10:50:57] (NewsSpider-2) (15/72) Crawling and storing DONE - American Democracy Is on the Ballot in November
WARNING:root:[2018-10-14 10:51:00] (NewsSpider-3) Article Not Exists on http://www.newrepublic.com/minutes/151693/khashoggis-disappearance-really-turning-point-saudi-arabia
INFO:root:[2018-10-14 10:51:04] (NewsSpider-5) (17/72) Crawling and storing DONE - Brett Kavanaugh isn’t an electoral boon for Republicans after all.
INFO:root:[2018-10-14 10:51:06] (NewsSpider-4) (18/72) Crawling and storing DONE - GOP closes in on Heitkamp knockout — and control of the Senate
INFO:root:[2018-10-14 10:51:09] (NewsSpider-6) (20/72) Crawling and storing DONE - Turkish Officials Say Khashoggi Was Killed on Order of Saudi Leadership
INFO:root:[2018-10-14 10:51:10] (NewsSpider-7) (21/72) Crawling and storing DONE - Poll: Amid Kavanaugh Confirmation Battle, Democratic Enthusiasm Edge Evaporates
INFO:root:[2018-10-14 10:51:13] (NewsSpider-1) (22/72) Crawling and storing DONE - Brett Kavanaugh Disqualified Himself From the Supreme Court
INFO:root:[2018-10-14 10:51:14] (NewsSpider-8) (23/72) Crawling and storing DONE - Welcome to the jungle
INFO:root:[2018-10-14 10:51:15] (NewsSpider-3) (24/72) Crawling and storing DONE - Sheldon Adelson Sees a Lot to Like in Trump’s Washington
INFO:root:[2018-10-14 10:51:19] (NewsSpider-4) (25/72) Crawling and storing DONE - Kanye-Trump meeting turns into rant on mental health and the 13th Amendment
WARNING:root:[2018-10-14 10:51:22] (NewsSpider-7) Article Not Exists on https://www.newschannel5.com/news/election/congressional-races/blackburn-has-8-point-lead-over-bredesen-cbs-poll-finds
INFO:root:[2018-10-14 10:51:25] (NewsSpider-2) (26/72) Crawling and storing DONE - Denying Women’s Ability to Know
INFO:root:[2018-10-14 10:51:25] (NewsSpider-9) (27/72) Crawling and storing DONE - What in god’s name is going on at the White House?
INFO:root:[2018-10-14 10:51:26] (NewsSpider-1) (29/72) Crawling and storing DONE - Reeling Democrats confront brutal 2018 Senate map
INFO:root:[2018-10-14 10:51:28] (NewsSpider-6) (30/72) Crawling and storing DONE - In Defense of Politicizing Hurricanes
INFO:root:[2018-10-14 10:51:35] (NewsSpider-8) (32/72) Crawling and storing DONE - The Power Struggles Behind Khashoggi’s Disappearance
INFO:root:[2018-10-14 10:51:36] (NewsSpider-7) (33/72) Crawling and storing DONE - The Good Place Comes Down to Earth
INFO:root:[2018-10-14 10:51:40] (NewsSpider-3) (34/72) Crawling and storing DONE - My Private Oval Office Press Conference With Donald Trump
INFO:root:[2018-10-14 10:51:40] (NewsSpider-1) (35/72) Crawling and storing DONE - America deserves to know how much money Trump is getting from the Saudi government
INFO:root:[2018-10-14 10:51:41] (NewsSpider-5) (36/72) Crawling and storing DONE - Poll: Kavanaugh confirmation energizes Democrats more than GOP
INFO:root:[2018-10-14 10:51:44] (NewsSpider-10) (37/72) Crawling and storing DONE - Who Says Supreme Court Justices Get Lifetime Tenure?
INFO:root:[2018-10-14 10:51:44] (NewsSpider-2) (38/72) Crawling and storing DONE - The Office at the End of the World
WARNING:root:[2018-10-14 10:51:44] (NewsSpider-9) Article Not Exists on http://www.newrepublic.com/article/151597/brett-kavanaugh-confirmed-supreme-court-point-no-return
INFO:root:[2018-10-14 10:51:46] (NewsSpider-6) (39/72) Crawling and storing DONE - Brazil Is on the Brink of Authoritarianism
WARNING:root:[2018-10-14 10:51:52] (NewsSpider-8) Article Not Exists on http://www.newrepublic.com/minutes/151673/turkish-authorities-doubling-jamal-khashoggi-murder-dismemberment-theory
INFO:root:[2018-10-14 10:51:55] (NewsSpider-1) (41/72) Crawling and storing DONE - Brett Kavanaugh attacks backfire on Democrats, galvanize Republicans ahead of midterms
INFO:root:[2018-10-14 10:51:55] (NewsSpider-5) (42/72) Crawling and storing DONE - From Wall Street to K Street, Companies Gauge the Risks of Doing Business With Saudi Arabia
INFO:root:[2018-10-14 10:51:56] (NewsSpider-3) (43/72) Crawling and storing DONE - Crown prince sought to lure Khashoggi back to Saudi Arabia and detain him, U.S. intercepts show
INFO:root:[2018-10-14 10:51:57] (NewsSpider-10) (45/72) Crawling and storing DONE - Naming Names, Turks Turn Up Heat on Saudis in Consulate Case
INFO:root:[2018-10-14 10:51:59] (NewsSpider-6) (46/72) Crawling and storing DONE - CVS-Aetna Merger Wins Approval Only to Face Debt Cliff
INFO:root:[2018-10-14 10:52:04] (NewsSpider-2) (47/72) Crawling and storing DONE - How One Inuit Community Won Against Big Oil
INFO:root:[2018-10-14 10:52:08] (NewsSpider-5) (48/72) Crawling and storing DONE - Trump, Emboldened by Kavanaugh Victory, Assails ‘Unhinged’ Democrats
INFO:root:[2018-10-14 10:52:08] (NewsSpider-8) (49/72) Crawling and storing DONE - CNN poll: Democrats are fired up and maintain a strong 2018 lead
INFO:root:[2018-10-14 10:52:10] (NewsSpider-1) (50/72) Crawling and storing DONE - CVS’s $69 billion merger with Aetna is approved in deal that could transform health-care industry
INFO:root:[2018-10-14 10:52:12] (NewsSpider-7) (51/72) Crawling and storing DONE - In 22 July, Paul Greengrass Misses the Bigger Picture
INFO:root:[2018-10-14 10:52:13] (NewsSpider-3) (52/72) Crawling and storing DONE - Trump’s Patron-in-Chief: Casino Magnate Sheldon Adelson
INFO:root:[2018-10-14 10:52:15] (NewsSpider-4) (53/72) Crawling and storing DONE - When the Next Recession Hits
INFO:root:[2018-10-14 10:52:17] (NewsSpider-10) (54/72) Crawling and storing DONE - CVS and Aetna get the Trump administration’s approval to form a mega health care company.
INFO:root:[2018-10-14 10:52:17] (NewsSpider-2) (55/72) Crawling and storing DONE - Can Paul Ryan actually privatize Medicare?
INFO:root:[2018-10-14 10:52:18] ========== (NewsSpider-10) Thread END ==========
INFO:root:[2018-10-14 10:52:18] ========== (NewsSpider-2) Thread END ==========
INFO:root:[2018-10-14 10:52:18] ========== (NewsSpider-4) Thread END ==========
INFO:root:[2018-10-14 10:52:18] (NewsSpider-9) (56/72) Crawling and storing DONE - Republican candidate says he’ll “stomp” on his opponent’s face “with golf spikes.”
INFO:root:[2018-10-14 10:52:20] ========== (NewsSpider-9) Thread END ==========
INFO:root:[2018-10-14 10:52:23] (NewsSpider-5) (57/72) Crawling and storing DONE - CVS’s $69 billion merger with Aetna is approved in deal that could transform health-care industry
INFO:root:[2018-10-14 10:52:24] (NewsSpider-6) (58/72) Crawling and storing DONE - Will Donald Trump do anything about Jamal Khashoggi’s disappearance?
INFO:root:[2018-10-14 10:52:24] ========== (NewsSpider-5) Thread END ==========
INFO:root:[2018-10-14 10:52:25] (NewsSpider-8) (59/72) Crawling and storing DONE - In Maniac, the Human Mind Is the Only Real Place
INFO:root:[2018-10-14 10:52:26] ========== (NewsSpider-8) Thread END ==========
INFO:root:[2018-10-14 10:52:26] (NewsSpider-1) (60/72) Crawling and storing DONE - The Conservative Resistance Inside the Vatican
INFO:root:[2018-10-14 10:52:27] ========== (NewsSpider-6) Thread END ==========
INFO:root:[2018-10-14 10:52:28] ========== (NewsSpider-1) Thread END ==========
INFO:root:[2018-10-14 10:52:36] (NewsSpider-7) (61/72) Crawling and storing DONE - Report: Trump asked Japan’s prime minister to let a GOP megadonor build a casino.
INFO:root:[2018-10-14 10:52:36] (NewsSpider-3) (62/72) Crawling and storing DONE - CNN Poll: Democratic advantage grows in race for Congress
INFO:root:[2018-10-14 10:52:36] ========== (NewsSpider-3) Thread END ==========
INFO:root:[2018-10-14 10:52:38] ========== (NewsSpider-7) Thread END ==========
CRITICAL:newspaper.network:[REQUEST FAILED] 404 Client Error: Not Found for url: https://newrepublic.com/feeds
CRITICAL:newspaper.network:[REQUEST FAILED] 404 Client Error: Not Found for url: https://newrepublic.com/rss
CRITICAL:newspaper.network:[REQUEST FAILED] 404 Client Error: Not Found for url: https://newrepublic.com/feed
INFO:root:[2018-10-14 17:44:09] ========== (NewsSpider-1) Start! ==========
INFO:root:[2018-10-14 17:44:09] ========== (NewsSpider-2) Start! ==========
INFO:root:[2018-10-14 17:44:09] ========== (NewsSpider-3) Start! ==========
INFO:root:[2018-10-14 17:44:09] ========== (NewsSpider-4) Start! ==========
INFO:root:[2018-10-14 17:44:09] ========== (NewsSpider-5) Start! ==========
INFO:root:[2018-10-14 17:44:17] (NewsSpider-5) (2/72) Crawling and storing DONE - Sheldon Adelson Sees a Lot to Like in Trump’s Washington
INFO:root:[2018-10-14 17:44:20] (NewsSpider-1) (3/72) Crawling and storing DONE - Who Says Supreme Court Justices Get Lifetime Tenure?
INFO:root:[2018-10-14 17:44:21] (NewsSpider-3) (5/72) Crawling and storing DONE - Brett Kavanaugh isn’t an electoral boon for Republicans after all.
INFO:root:[2018-10-14 17:44:27] (NewsSpider-2) (6/72) Crawling and storing DONE - The Good Place Comes Down to Earth
INFO:root:[2018-10-14 17:44:28] (NewsSpider-1) (7/72) Crawling and storing DONE - Turkish officials accuse Saudi Arabia of lack of cooperation in Khashoggi probe
INFO:root:[2018-10-14 17:44:29] (NewsSpider-5) (8/72) Crawling and storing DONE - Brett Kavanaugh Disqualified Himself From the Supreme Court
INFO:root:[2018-10-14 17:44:30] (NewsSpider-3) (9/72) Crawling and storing DONE - Poll: Amid Kavanaugh Confirmation Battle, Democratic Enthusiasm Edge Evaporates
INFO:root:[2018-10-14 17:44:32] (NewsSpider-4) (10/72) Crawling and storing DONE - Is Khashoggi’s disappearance really a turning point with Saudi Arabia?
INFO:root:[2018-10-14 17:44:36] (NewsSpider-1) (11/72) Crawling and storing DONE - Volunteers bolt Bredesen over Kavanaugh support
INFO:root:[2018-10-14 17:44:39] (NewsSpider-4) (12/72) Crawling and storing DONE - Reeling Democrats confront brutal 2018 Senate map
INFO:root:[2018-10-14 17:44:41] (NewsSpider-2) (13/72) Crawling and storing DONE - In Maniac, the Human Mind Is the Only Real Place
INFO:root:[2018-10-14 17:44:41] (NewsSpider-5) (14/72) Crawling and storing DONE - CNN poll: Democrats are fired up and maintain a strong 2018 lead
INFO:root:[2018-10-14 17:44:48] (NewsSpider-2) (15/72) Crawling and storing DONE - CVS’s $69 billion merger with Aetna is approved in deal that could transform health-care industry
INFO:root:[2018-10-14 17:44:48] (NewsSpider-3) (16/72) Crawling and storing DONE - From Wall Street to K Street, Companies Gauge the Risks of Doing Business With Saudi Arabia
INFO:root:[2018-10-14 17:44:49] (NewsSpider-4) (18/72) Crawling and storing DONE - Can Paul Ryan actually privatize Medicare?
INFO:root:[2018-10-14 17:44:50] (NewsSpider-5) (19/72) Crawling and storing DONE - CVS’s $69 billion merger with Aetna is approved in deal that could transform health-care industry
INFO:root:[2018-10-14 17:44:54] (NewsSpider-2) (20/72) Crawling and storing DONE - GOP closes in on Heitkamp knockout — and control of the Senate
INFO:root:[2018-10-14 17:44:59] (NewsSpider-5) (21/72) Crawling and storing DONE - Denying Women’s Ability to Know
INFO:root:[2018-10-14 17:44:59] (NewsSpider-1) (22/72) Crawling and storing DONE - In Defense of Politicizing Hurricanes
INFO:root:[2018-10-14 17:44:59] (NewsSpider-3) (23/72) Crawling and storing DONE - CVS and Aetna get the Trump administration’s approval to form a mega health care company.
INFO:root:[2018-10-14 17:45:02] (NewsSpider-4) (24/72) Crawling and storing DONE - The Trail of Clues in the Disappearance of Jamal Khashoggi
INFO:root:[2018-10-14 17:45:03] (NewsSpider-2) (25/72) Crawling and storing DONE - When the Next Recession Hits
INFO:root:[2018-10-14 17:45:08] (NewsSpider-1) (26/72) Crawling and storing DONE - Turkish Officials Say Khashoggi Was Killed on Order of Saudi Leadership
INFO:root:[2018-10-14 17:45:09] (NewsSpider-3) (27/72) Crawling and storing DONE - Trump, Emboldened by Kavanaugh Victory, Assails ‘Unhinged’ Democrats
INFO:root:[2018-10-14 17:45:09] (NewsSpider-4) (28/72) Crawling and storing DONE - Senators push vote to block Saudi arms sales after Khashoggi disappearance
INFO:root:[2018-10-14 17:45:14] (NewsSpider-2) (29/72) Crawling and storing DONE - The Abortion Case Likely Headed for the Supreme Court
INFO:root:[2018-10-14 17:45:15] (NewsSpider-1) (30/72) Crawling and storing DONE - Crown prince sought to lure Khashoggi back to Saudi Arabia and detain him, U.S. intercepts show
INFO:root:[2018-10-14 17:45:17] (NewsSpider-5) (31/72) Crawling and storing DONE - Blackburn Has 8-Point Lead Over Bredesen, CBS News Poll Finds
INFO:root:[2018-10-14 17:45:19] (NewsSpider-4) (32/72) Crawling and storing DONE - How One Inuit Community Won Against Big Oil
INFO:root:[2018-10-14 17:45:19] (NewsSpider-3) (33/72) Crawling and storing DONE - Brett Kavanaugh Is the Point of No Return
INFO:root:[2018-10-14 17:45:25] (NewsSpider-2) (35/72) Crawling and storing DONE - The Case for Climate Pessimism
INFO:root:[2018-10-14 17:45:28] (NewsSpider-1) (36/72) Crawling and storing DONE - What in god’s name is going on at the White House?
INFO:root:[2018-10-14 17:45:29] (NewsSpider-4) (37/72) Crawling and storing DONE - The Power Struggles Behind Khashoggi’s Disappearance
INFO:root:[2018-10-14 17:45:31] (NewsSpider-5) (38/72) Crawling and storing DONE - Naming Names, Turks Turn Up Heat on Saudis in Consulate Case
INFO:root:[2018-10-14 17:45:33] (NewsSpider-2) (39/72) Crawling and storing DONE - In 22 July, Paul Greengrass Misses the Bigger Picture
INFO:root:[2018-10-14 17:45:34] (NewsSpider-3) (40/72) Crawling and storing DONE - GOP Poll Puts Morrisey and Manchin Almost Even After Kavanaugh Vote
INFO:root:[2018-10-14 17:45:34] (NewsSpider-1) (41/72) Crawling and storing DONE - Media companies and top executives drop out of Saudi event over missing journalist Jamal Khashoggi
INFO:root:[2018-10-14 17:45:40] (NewsSpider-1) (42/72) Crawling and storing DONE - The U.S. has no ambassador in Turkey or Saudi Arabia as it enters the diplomatic knife fight over journalist Jamal Khashoggi
INFO:root:[2018-10-14 17:45:41] (NewsSpider-3) (43/72) Crawling and storing DONE - Brett Kavanaugh attacks backfire on Democrats, galvanize Republicans ahead of midterms
INFO:root:[2018-10-14 17:45:42] (NewsSpider-5) (44/72) Crawling and storing DONE - The Office at the End of the World
INFO:root:[2018-10-14 17:45:43] (NewsSpider-2) (45/72) Crawling and storing DONE - Brazil Is on the Brink of Authoritarianism
INFO:root:[2018-10-14 17:45:50] (NewsSpider-3) (46/72) Crawling and storing DONE - The Fearless Rise of the Black Southern Progressive
INFO:root:[2018-10-14 17:45:51] (NewsSpider-2) (47/72) Crawling and storing DONE - ‘An angry mob’: Republicans work to recast Democratic protests as out-of-control anarchy
INFO:root:[2018-10-14 17:45:52] (NewsSpider-1) (48/72) Crawling and storing DONE - Trump walks tightrope amid global outrage over disappearance of Saudi journalist
INFO:root:[2018-10-14 17:45:54] (NewsSpider-4) (49/72) Crawling and storing DONE - CNN Poll: Democratic advantage grows in race for Congress
INFO:root:[2018-10-14 17:45:58] (NewsSpider-1) (52/72) Crawling and storing DONE - The end of the Saudi Whisperer
INFO:root:[2018-10-14 17:45:59] (NewsSpider-3) (53/72) Crawling and storing DONE - Welcome to the jungle
INFO:root:[2018-10-14 17:46:07] (NewsSpider-2) (55/72) Crawling and storing DONE - America deserves to know how much money Trump is getting from the Saudi government
INFO:root:[2018-10-14 17:46:09] (NewsSpider-4) (56/72) Crawling and storing DONE - Kanye-Trump meeting turns into rant on mental health and the 13th Amendment
INFO:root:[2018-10-14 17:46:10] (NewsSpider-1) (57/72) Crawling and storing DONE - Republican candidate says he’ll “stomp” on his opponent’s face “with golf spikes.”
INFO:root:[2018-10-14 17:46:11] (NewsSpider-3) (58/72) Crawling and storing DONE - Turkish authorities are doubling down on the Jamal Khashoggi murder-dismemberment theory.
INFO:root:[2018-10-14 17:46:14] (NewsSpider-5) (59/72) Crawling and storing DONE - Report: Trump asked Japan’s prime minister to let a GOP megadonor build a casino.
INFO:root:[2018-10-14 17:46:17] (NewsSpider-4) (60/72) Crawling and storing DONE - The Conservative Resistance Inside the Vatican
INFO:root:[2018-10-14 17:46:17] (NewsSpider-3) (61/72) Crawling and storing DONE - Poll: Kavanaugh confirmation energizes Democrats more than GOP
INFO:root:[2018-10-14 17:46:18] (NewsSpider-2) (62/72) Crawling and storing DONE - Will Donald Trump do anything about Jamal Khashoggi’s disappearance?
INFO:root:[2018-10-14 17:46:21] ========== (NewsSpider-2) Thread END ==========
INFO:root:[2018-10-14 17:46:23] (NewsSpider-1) (63/72) Crawling and storing DONE - My Private Oval Office Press Conference With Donald Trump
INFO:root:[2018-10-14 17:46:24] ========== (NewsSpider-1) Thread END ==========
INFO:root:[2018-10-14 17:46:25] (NewsSpider-4) (64/72) Crawling and storing DONE - Trump’s Patron-in-Chief: Casino Magnate Sheldon Adelson
INFO:root:[2018-10-14 17:46:25] (NewsSpider-5) (65/72) Crawling and storing DONE - American Democracy Is on the Ballot in November
INFO:root:[2018-10-14 17:46:25] (NewsSpider-3) (66/72) Crawling and storing DONE - CVS-Aetna Merger Wins Approval Only to Face Debt Cliff
INFO:root:[2018-10-14 17:46:25] ========== (NewsSpider-4) Thread END ==========
INFO:root:[2018-10-14 17:46:26] ========== (NewsSpider-3) Thread END ==========
INFO:root:[2018-10-14 17:46:27] ========== (NewsSpider-5) Thread END ==========
CRITICAL:newspaper.network:[REQUEST FAILED] 404 Client Error: Not Found for url: https://newrepublic.com/rss
CRITICAL:newspaper.network:[REQUEST FAILED] 404 Client Error: Not Found for url: https://newrepublic.com/feeds
CRITICAL:newspaper.network:[REQUEST FAILED] 404 Client Error: Not Found for url: https://newrepublic.com/feed
INFO:root:[2018-10-14 18:39:05] ========== (NewsSpider-1) Start! ==========
INFO:root:[2018-10-14 18:39:05] ========== (NewsSpider-2) Start! ==========
INFO:root:[2018-10-14 18:39:05] ========== (NewsSpider-3) Start! ==========
INFO:root:[2018-10-14 18:39:05] ========== (NewsSpider-4) Start! ==========
INFO:root:[2018-10-14 18:39:05] ========== (NewsSpider-5) Start! ==========
INFO:root:[2018-10-14 18:41:33] ========== (NewsSpider-3) Thread END ==========
INFO:root:[2018-10-14 18:41:35] ========== (NewsSpider-5) Thread END ==========
INFO:root:[2018-10-14 18:41:36] ========== (NewsSpider-4) Thread END ==========
INFO:root:[2018-10-14 18:41:36] ========== (NewsSpider-2) Thread END ==========
INFO:root:[2018-10-14 18:41:37] ========== (NewsSpider-1) Thread END ==========
CRITICAL:newspaper.network:[REQUEST FAILED] 404 Client Error: Not Found for url: https://newrepublic.com/feeds
CRITICAL:newspaper.network:[REQUEST FAILED] 404 Client Error: Not Found for url: https://newrepublic.com/rss
CRITICAL:newspaper.network:[REQUEST FAILED] 404 Client Error: Not Found for url: https://newrepublic.com/feed
INFO:root:[2018-10-14 19:27:25] ========== (NewsSpider-1) Start! ==========
INFO:root:[2018-10-14 19:27:25] ========== (NewsSpider-2) Start! ==========
INFO:root:[2018-10-14 19:27:25] ========== (NewsSpider-3) Start! ==========
INFO:root:[2018-10-14 19:27:25] ========== (NewsSpider-4) Start! ==========
INFO:root:[2018-10-14 19:27:25] ========== (NewsSpider-5) Start! ==========
INFO:root:[2018-10-14 19:27:31] (NewsSpider-3) (1/72) Crawling and storing DONE - Senators push vote to block Saudi arms sales after Khashoggi disappearance
INFO:root:[2018-10-14 19:27:34] (NewsSpider-4) (3/72) Crawling and storing DONE - Brazil Is on the Brink of Authoritarianism
INFO:root:[2018-10-14 19:27:38] (NewsSpider-5) (4/72) Crawling and storing DONE - Trump walks tightrope amid global outrage over disappearance of Saudi journalist
INFO:root:[2018-10-14 19:27:40] (NewsSpider-3) (5/72) Crawling and storing DONE - Brett Kavanaugh Is the Point of No Return
INFO:root:[2018-10-14 19:27:44] (NewsSpider-4) (6/72) Crawling and storing DONE - The Fearless Rise of the Black Southern Progressive
INFO:root:[2018-10-14 19:27:48] (NewsSpider-5) (7/72) Crawling and storing DONE - America deserves to know how much money Trump is getting from the Saudi government
INFO:root:[2018-10-14 19:27:51] (NewsSpider-4) (8/72) Crawling and storing DONE - Poll: Kavanaugh confirmation energizes Democrats more than GOP
INFO:root:[2018-10-14 19:27:54] (NewsSpider-5) (9/72) Crawling and storing DONE - Brett Kavanaugh attacks backfire on Democrats, galvanize Republicans ahead of midterms
INFO:root:[2018-10-14 19:27:55] (NewsSpider-1) (10/72) Crawling and storing DONE - The Conservative Resistance Inside the Vatican
INFO:root:[2018-10-14 19:27:58] (NewsSpider-2) (11/72) Crawling and storing DONE - Naming Names, Turks Turn Up Heat on Saudis in Consulate Case
INFO:root:[2018-10-14 19:28:00] (NewsSpider-1) (13/72) Crawling and storing DONE - Reeling Democrats confront brutal 2018 Senate map
INFO:root:[2018-10-14 19:28:06] (NewsSpider-3) (15/72) Crawling and storing DONE - The U.S. has no ambassador in Turkey or Saudi Arabia as it enters the diplomatic knife fight over journalist Jamal Khashoggi
INFO:root:[2018-10-14 19:28:12] (NewsSpider-2) (16/72) Crawling and storing DONE - CNN poll: Democrats are fired up and maintain a strong 2018 lead
INFO:root:[2018-10-14 19:28:15] (NewsSpider-5) (17/72) Crawling and storing DONE - My Private Oval Office Press Conference With Donald Trump
INFO:root:[2018-10-14 19:28:19] (NewsSpider-3) (18/72) Crawling and storing DONE - Who Says Supreme Court Justices Get Lifetime Tenure?
INFO:root:[2018-10-14 19:28:20] (NewsSpider-2) (19/72) Crawling and storing DONE - Media companies and top executives drop out of Saudi event over missing journalist Jamal Khashoggi
INFO:root:[2018-10-14 19:28:21] (NewsSpider-1) (20/72) Crawling and storing DONE - GOP Poll Puts Morrisey and Manchin Almost Even After Kavanaugh Vote
INFO:root:[2018-10-14 19:28:28] (NewsSpider-1) (22/72) Crawling and storing DONE - Turkish officials accuse Saudi Arabia of lack of cooperation in Khashoggi probe
INFO:root:[2018-10-14 19:28:31] (NewsSpider-5) (23/72) Crawling and storing DONE - The Trail of Clues in the Disappearance of Jamal Khashoggi
INFO:root:[2018-10-14 19:28:31] (NewsSpider-4) (24/72) Crawling and storing DONE - From Wall Street to K Street, Companies Gauge the Risks of Doing Business With Saudi Arabia
INFO:root:[2018-10-14 19:28:37] (NewsSpider-3) (25/72) Crawling and storing DONE - In Maniac, the Human Mind Is the Only Real Place
INFO:root:[2018-10-14 19:28:38] (NewsSpider-2) (26/72) Crawling and storing DONE - Brett Kavanaugh Disqualified Himself From the Supreme Court
INFO:root:[2018-10-14 19:28:42] (NewsSpider-4) (27/72) Crawling and storing DONE - When the Next Recession Hits
INFO:root:[2018-10-14 19:28:43] (NewsSpider-5) (28/72) Crawling and storing DONE - American Democracy Is on the Ballot in November
INFO:root:[2018-10-14 19:28:45] (NewsSpider-2) (29/72) Crawling and storing DONE - Can Paul Ryan actually privatize Medicare?
INFO:root:[2018-10-14 19:28:47] (NewsSpider-3) (30/72) Crawling and storing DONE - Turkish authorities are doubling down on the Jamal Khashoggi murder-dismemberment theory.
INFO:root:[2018-10-14 19:28:51] (NewsSpider-4) (31/72) Crawling and storing DONE - Welcome to the jungle
INFO:root:[2018-10-14 19:28:54] (NewsSpider-3) (32/72) Crawling and storing DONE - Crown prince sought to lure Khashoggi back to Saudi Arabia and detain him, U.S. intercepts show
INFO:root:[2018-10-14 19:28:59] (NewsSpider-5) (33/72) Crawling and storing DONE - The Case for Climate Pessimism
INFO:root:[2018-10-14 19:29:08] (NewsSpider-2) (35/72) Crawling and storing DONE - The Office at the End of the World
INFO:root:[2018-10-14 19:29:08] (NewsSpider-4) (36/72) Crawling and storing DONE - Kanye-Trump meeting turns into rant on mental health and the 13th Amendment
INFO:root:[2018-10-14 19:29:09] (NewsSpider-5) (37/72) Crawling and storing DONE - The Abortion Case Likely Headed for the Supreme Court
INFO:root:[2018-10-14 19:29:09] (NewsSpider-1) (38/72) Crawling and storing DONE - The end of the Saudi Whisperer
INFO:root:[2018-10-14 19:29:15] (NewsSpider-2) (39/72) Crawling and storing DONE - In Defense of Politicizing Hurricanes
INFO:root:[2018-10-14 19:29:19] (NewsSpider-5) (40/72) Crawling and storing DONE - How One Inuit Community Won Against Big Oil
INFO:root:[2018-10-14 19:29:22] (NewsSpider-2) (41/72) Crawling and storing DONE - Turkish Officials Say Khashoggi Was Killed on Order of Saudi Leadership
INFO:root:[2018-10-14 19:29:24] (NewsSpider-1) (42/72) Crawling and storing DONE - The Good Place Comes Down to Earth
INFO:root:[2018-10-14 19:29:27] (NewsSpider-4) (43/72) Crawling and storing DONE - In 22 July, Paul Greengrass Misses the Bigger Picture
INFO:root:[2018-10-14 19:29:28] (NewsSpider-5) (44/72) Crawling and storing DONE - CNN Poll: Democratic advantage grows in race for Congress
INFO:root:[2018-10-14 19:29:31] (NewsSpider-1) (46/72) Crawling and storing DONE - Blackburn Has 8-Point Lead Over Bredesen, CBS News Poll Finds
INFO:root:[2018-10-14 19:29:33] (NewsSpider-4) (47/72) Crawling and storing DONE - Poll: Amid Kavanaugh Confirmation Battle, Democratic Enthusiasm Edge Evaporates
INFO:root:[2018-10-14 19:29:35] ========== (NewsSpider-4) Thread END ==========
INFO:root:[2018-10-14 19:29:36] (NewsSpider-5) (48/72) Crawling and storing DONE - Volunteers bolt Bredesen over Kavanaugh support
INFO:root:[2018-10-14 19:29:37] (NewsSpider-1) (50/72) Crawling and storing DONE - CVS-Aetna Merger Wins Approval Only to Face Debt Cliff
INFO:root:[2018-10-14 19:29:38] ========== (NewsSpider-3) Thread END ==========
INFO:root:[2018-10-14 19:29:39] ========== (NewsSpider-2) Thread END ==========
INFO:root:[2018-10-14 19:29:39] ========== (NewsSpider-5) Thread END ==========
INFO:root:[2018-10-14 19:29:40] ========== (NewsSpider-1) Thread END ==========
