CRITICAL:newspaper.network:[REQUEST FAILED] 404 Client Error: Not Found for url: http://www.whosdatedwho.com/feed
CRITICAL:newspaper.network:[REQUEST FAILED] 404 Client Error: Not Found for url: http://www.whosdatedwho.com/feeds
CRITICAL:newspaper.network:[REQUEST FAILED] 404 Client Error: Not Found for url: http://www.whosdatedwho.com/rss
INFO:root:[2018-09-08 18:11:36] ========== (NewsSpider-1) Start! ==========
INFO:root:[2018-09-08 18:11:36] ========== (NewsSpider-2) Start! ==========
INFO:root:[2018-09-08 18:11:36] ========== (NewsSpider-3) Start! ==========
INFO:root:[2018-09-08 18:11:36] ========== (NewsSpider-4) Start! ==========
INFO:root:[2018-09-08 18:11:36] ========== (NewsSpider-5) Start! ==========
INFO:root:[2018-09-08 18:11:38] ========== (NewsSpider-2) Thread END ==========
INFO:root:[2018-09-08 18:11:38] ========== (NewsSpider-1) Thread END ==========
INFO:root:[2018-09-08 18:11:38] ========== (NewsSpider-4) Thread END ==========
INFO:root:[2018-09-08 18:11:39] ========== (NewsSpider-3) Thread END ==========
INFO:root:[2018-09-08 18:11:40] ========== (NewsSpider-5) Thread END ==========
CRITICAL:newspaper.network:[REQUEST FAILED] 404 Client Error: Not Found for url: http://www.whosdatedwho.com/feed
CRITICAL:newspaper.network:[REQUEST FAILED] 404 Client Error: Not Found for url: http://www.whosdatedwho.com/feeds
CRITICAL:newspaper.network:[REQUEST FAILED] 404 Client Error: Not Found for url: http://www.whosdatedwho.com/rss
INFO:root:[2018-09-08 18:26:46] ========== (NewsSpider-1) Start! ==========
INFO:root:[2018-09-08 18:26:46] ========== (NewsSpider-2) Start! ==========
INFO:root:[2018-09-08 18:26:46] ========== (NewsSpider-3) Start! ==========
INFO:root:[2018-09-08 18:26:46] ========== (NewsSpider-4) Start! ==========
INFO:root:[2018-09-08 18:26:46] ========== (NewsSpider-5) Start! ==========
INFO:root:[2018-09-08 18:26:48] ========== (NewsSpider-4) Thread END ==========
INFO:root:[2018-09-08 18:26:48] ========== (NewsSpider-1) Thread END ==========
INFO:root:[2018-09-08 18:26:50] ========== (NewsSpider-5) Thread END ==========
INFO:root:[2018-09-08 18:26:51] ========== (NewsSpider-3) Thread END ==========
INFO:root:[2018-09-08 18:26:51] ========== (NewsSpider-2) Thread END ==========
CRITICAL:newspaper.network:[REQUEST FAILED] 404 Client Error: Not Found for url: http://www.whosdatedwho.com/feed
CRITICAL:newspaper.network:[REQUEST FAILED] 404 Client Error: Not Found for url: http://www.whosdatedwho.com/rss
CRITICAL:newspaper.network:[REQUEST FAILED] 404 Client Error: Not Found for url: http://www.whosdatedwho.com/feeds
INFO:root:[2018-10-14 10:49:59] ========== (NewsSpider-1) Start! ==========
INFO:root:[2018-10-14 10:49:59] ========== (NewsSpider-2) Start! ==========
INFO:root:[2018-10-14 10:49:59] ========== (NewsSpider-3) Start! ==========
INFO:root:[2018-10-14 10:49:59] ========== (NewsSpider-4) Start! ==========
INFO:root:[2018-10-14 10:49:59] ========== (NewsSpider-4) Thread END ==========
INFO:root:[2018-10-14 10:49:59] ========== (NewsSpider-5) Start! ==========
INFO:root:[2018-10-14 10:49:59] ========== (NewsSpider-5) Thread END ==========
INFO:root:[2018-10-14 10:49:59] ========== (NewsSpider-6) Start! ==========
INFO:root:[2018-10-14 10:49:59] ========== (NewsSpider-6) Thread END ==========
INFO:root:[2018-10-14 10:49:59] ========== (NewsSpider-7) Start! ==========
INFO:root:[2018-10-14 10:49:59] ========== (NewsSpider-7) Thread END ==========
INFO:root:[2018-10-14 10:49:59] ========== (NewsSpider-8) Start! ==========
INFO:root:[2018-10-14 10:49:59] ========== (NewsSpider-8) Thread END ==========
INFO:root:[2018-10-14 10:49:59] ========== (NewsSpider-9) Start! ==========
INFO:root:[2018-10-14 10:49:59] ========== (NewsSpider-9) Thread END ==========
INFO:root:[2018-10-14 10:49:59] ========== (NewsSpider-10) Start! ==========
INFO:root:[2018-10-14 10:49:59] ========== (NewsSpider-10) Thread END ==========
INFO:root:[2018-10-14 10:50:04] ========== (NewsSpider-1) Thread END ==========
INFO:root:[2018-10-14 10:50:04] ========== (NewsSpider-3) Thread END ==========
INFO:root:[2018-10-14 10:50:05] ========== (NewsSpider-2) Thread END ==========
CRITICAL:newspaper.network:[REQUEST FAILED] 404 Client Error: Not Found for url: http://www.whosdatedwho.com/feeds
CRITICAL:newspaper.network:[REQUEST FAILED] 404 Client Error: Not Found for url: http://www.whosdatedwho.com/feed
CRITICAL:newspaper.network:[REQUEST FAILED] 404 Client Error: Not Found for url: http://www.whosdatedwho.com/rss
INFO:root:[2018-10-14 17:43:45] ========== (NewsSpider-1) Start! ==========
INFO:root:[2018-10-14 17:43:45] ========== (NewsSpider-2) Start! ==========
INFO:root:[2018-10-14 17:43:45] ========== (NewsSpider-3) Start! ==========
INFO:root:[2018-10-14 17:43:45] ========== (NewsSpider-4) Start! ==========
INFO:root:[2018-10-14 17:43:45] ========== (NewsSpider-5) Start! ==========
INFO:root:[2018-10-14 17:43:45] ========== (NewsSpider-5) Thread END ==========
INFO:root:[2018-10-14 17:43:50] ========== (NewsSpider-2) Thread END ==========
INFO:root:[2018-10-14 17:43:50] ========== (NewsSpider-4) Thread END ==========
INFO:root:[2018-10-14 17:43:50] ========== (NewsSpider-1) Thread END ==========
INFO:root:[2018-10-14 17:43:54] ========== (NewsSpider-3) Thread END ==========
CRITICAL:newspaper.network:[REQUEST FAILED] 404 Client Error: Not Found for url: http://www.whosdatedwho.com/feed
CRITICAL:newspaper.network:[REQUEST FAILED] 404 Client Error: Not Found for url: http://www.whosdatedwho.com/rss
CRITICAL:newspaper.network:[REQUEST FAILED] 404 Client Error: Not Found for url: http://www.whosdatedwho.com/feeds
INFO:root:[2018-10-14 18:38:43] ========== (NewsSpider-1) Start! ==========
INFO:root:[2018-10-14 18:38:43] ========== (NewsSpider-2) Start! ==========
INFO:root:[2018-10-14 18:38:43] ========== (NewsSpider-3) Start! ==========
INFO:root:[2018-10-14 18:38:43] ========== (NewsSpider-4) Start! ==========
INFO:root:[2018-10-14 18:38:43] ========== (NewsSpider-5) Start! ==========
INFO:root:[2018-10-14 18:38:43] ========== (NewsSpider-5) Thread END ==========
INFO:root:[2018-10-14 18:38:49] ========== (NewsSpider-2) Thread END ==========
INFO:root:[2018-10-14 18:38:50] ========== (NewsSpider-3) Thread END ==========
INFO:root:[2018-10-14 18:38:50] ========== (NewsSpider-1) Thread END ==========
INFO:root:[2018-10-14 18:38:50] ========== (NewsSpider-4) Thread END ==========
CRITICAL:newspaper.network:[REQUEST FAILED] 404 Client Error: Not Found for url: http://www.whosdatedwho.com/feed
CRITICAL:newspaper.network:[REQUEST FAILED] 404 Client Error: Not Found for url: http://www.whosdatedwho.com/rss
CRITICAL:newspaper.network:[REQUEST FAILED] 404 Client Error: Not Found for url: http://www.whosdatedwho.com/feeds
INFO:root:[2018-10-14 19:27:12] ========== (NewsSpider-1) Start! ==========
INFO:root:[2018-10-14 19:27:12] ========== (NewsSpider-2) Start! ==========
INFO:root:[2018-10-14 19:27:12] ========== (NewsSpider-3) Start! ==========
INFO:root:[2018-10-14 19:27:12] ========== (NewsSpider-4) Start! ==========
INFO:root:[2018-10-14 19:27:12] ========== (NewsSpider-5) Start! ==========
INFO:root:[2018-10-14 19:27:12] ========== (NewsSpider-5) Thread END ==========
INFO:root:[2018-10-14 19:27:19] ========== (NewsSpider-3) Thread END ==========
INFO:root:[2018-10-14 19:27:19] ========== (NewsSpider-1) Thread END ==========
INFO:root:[2018-10-14 19:27:19] ========== (NewsSpider-4) Thread END ==========
INFO:root:[2018-10-14 19:27:19] ========== (NewsSpider-2) Thread END ==========
CRITICAL:newspaper.network:[REQUEST FAILED] 404 Client Error: Not Found for url: https://www.whosdatedwho.com/rss
CRITICAL:newspaper.network:[REQUEST FAILED] 404 Client Error: Not Found for url: https://www.whosdatedwho.com/feed
CRITICAL:newspaper.network:[REQUEST FAILED] 404 Client Error: Not Found for url: https://www.whosdatedwho.com/feeds
INFO:root:[2018-10-21 14:02:08] ========== (NewsSpider-1) Start! ==========
INFO:root:[2018-10-21 14:02:08] ========== (NewsSpider-2) Start! ==========
INFO:root:[2018-10-21 14:02:08] ========== (NewsSpider-3) Start! ==========
INFO:root:[2018-10-21 14:02:08] ========== (NewsSpider-4) Start! ==========
INFO:root:[2018-10-21 14:02:08] ========== (NewsSpider-4) Thread END ==========
INFO:root:[2018-10-21 14:02:08] ========== (NewsSpider-5) Start! ==========
INFO:root:[2018-10-21 14:02:08] ========== (NewsSpider-5) Thread END ==========
INFO:root:[2018-10-21 14:02:13] ========== (NewsSpider-2) Thread END ==========
INFO:root:[2018-10-21 14:02:15] ========== (NewsSpider-3) Thread END ==========
INFO:root:[2018-10-21 14:02:15] ========== (NewsSpider-1) Thread END ==========
