CRITICAL:newspaper.network:[REQUEST FAILED] 404 Client Error: Not Found for url: http://time.com/feeds
INFO:root:[2018-09-08 18:11:35] ========== (NewsSpider-1) Start! ==========
INFO:root:[2018-09-08 18:11:35] ========== (NewsSpider-2) Start! ==========
INFO:root:[2018-09-08 18:11:35] ========== (NewsSpider-3) Start! ==========
INFO:root:[2018-09-08 18:11:36] ========== (NewsSpider-4) Start! ==========
INFO:root:[2018-09-08 18:11:36] ========== (NewsSpider-5) Start! ==========
WARNING:root:[2018-09-08 18:11:38] (NewsSpider-4) Article Not Exists on http://content.time.com/5275708/best-podcasts-of-2018-so-far/
WARNING:root:[2018-09-08 18:11:39] (NewsSpider-4) Article Not Exists on http://content.time.com/5390908/south-carolina-tropical-storm-florence-state-of-emergency/
INFO:root:[2018-09-08 18:11:40] (NewsSpider-2) (1/112) Crawling and storing DONE - The One Word Each Republican Candidate Wants You to Remember
INFO:root:[2018-09-08 18:11:41] (NewsSpider-3) (2/112) Crawling and storing DONE - How We Made the Candidates Speak 30 Times Slower
WARNING:root:[2018-09-08 18:11:43] (NewsSpider-4) Article Not Exists on http://content.time.com/5390895/nebraska-senator-leaving-gop-ben-sasse/
WARNING:root:[2018-09-08 18:11:46] (NewsSpider-4) Article Not Exists on http://content.time.com/5390792/plaid-shirt-guy-speaks-out-trump-rally/
WARNING:root:[2018-09-08 18:11:49] (NewsSpider-3) Article Not Exists on http://content.time.com/5389846/emerging-markets-brazil-russia-china-indonesia/
WARNING:root:[2018-09-08 18:11:53] (NewsSpider-3) Article Not Exists on http://content.time.com/aretha-franklin-performs-rock-of-ages-at-the-new-bethel-baptist-church/
INFO:root:[2018-09-08 18:12:03] (NewsSpider-4) (3/112) Crawling and storing DONE - How Rare is a Perfect Game Through Four Innings?
WARNING:root:[2018-09-08 18:12:03] (NewsSpider-4) Article Not Exists on http://content.time.com/5390614/ex-trump-campaign-advisor-papadopoulos-sentencing-fourteen-days-prison/
CRITICAL:newspaper.network:[REQUEST FAILED] 404 Client Error: Not Found for url: http://time.com/feeds
INFO:root:[2018-09-08 18:26:47] ========== (NewsSpider-1) Start! ==========
INFO:root:[2018-09-08 18:26:47] ========== (NewsSpider-2) Start! ==========
INFO:root:[2018-09-08 18:26:47] ========== (NewsSpider-3) Start! ==========
INFO:root:[2018-09-08 18:26:47] ========== (NewsSpider-4) Start! ==========
INFO:root:[2018-09-08 18:26:47] ========== (NewsSpider-5) Start! ==========
INFO:root:[2018-09-08 18:26:52] (NewsSpider-4) (1/112) Crawling and storing DONE - TIME Live Performance: Aretha Franklin
INFO:root:[2018-09-08 18:26:57] (NewsSpider-3) (2/112) Crawling and storing DONE - See How Well Your Neighbors Have Recovered From the Recession
WARNING:root:[2018-09-08 18:27:01] (NewsSpider-4) Article Not Exists on http://content.time.com/aretha-franklin-performs-rock-of-ages-at-the-new-bethel-baptist-church/
WARNING:root:[2018-09-08 18:27:02] (NewsSpider-2) Article Not Exists on http://content.time.com/5389621/fox-cuts-predator-scene-sex-offender/
WARNING:root:[2018-09-08 18:27:04] (NewsSpider-4) Article Not Exists on http://content.time.com/5386667/donald-trump-bob-woodward-book-mueller/
WARNING:root:[2018-09-08 18:27:04] (NewsSpider-2) Article Not Exists on http://content.time.com/5390792/plaid-shirt-guy-speaks-out-trump-rally/
WARNING:root:[2018-09-08 18:27:05] (NewsSpider-2) Article Not Exists on http://content.time.com/5390870/comic-sidekick-bill-daily-dead-91/
WARNING:root:[2018-09-08 18:27:11] (NewsSpider-2) Article Not Exists on http://content.time.com/5389846/emerging-markets-brazil-russia-china-indonesia/
WARNING:root:[2018-09-08 18:27:14] (NewsSpider-5) Article Not Exists on http://content.time.com/5390197/trump-sessions-investigate-op-ed-author/
CRITICAL:newspaper.network:[REQUEST FAILED] 404 Client Error: Not Found for url: http://time.com/feeds
INFO:root:[2018-10-14 10:49:59] ========== (NewsSpider-1) Start! ==========
INFO:root:[2018-10-14 10:49:59] ========== (NewsSpider-2) Start! ==========
INFO:root:[2018-10-14 10:49:59] ========== (NewsSpider-3) Start! ==========
INFO:root:[2018-10-14 10:49:59] ========== (NewsSpider-4) Start! ==========
INFO:root:[2018-10-14 10:49:59] ========== (NewsSpider-5) Start! ==========
INFO:root:[2018-10-14 10:49:59] ========== (NewsSpider-6) Start! ==========
INFO:root:[2018-10-14 10:49:59] ========== (NewsSpider-7) Start! ==========
INFO:root:[2018-10-14 10:49:59] ========== (NewsSpider-8) Start! ==========
INFO:root:[2018-10-14 10:49:59] ========== (NewsSpider-9) Start! ==========
INFO:root:[2018-10-14 10:49:59] ========== (NewsSpider-10) Start! ==========
WARNING:root:[2018-10-14 10:50:02] (NewsSpider-6) Article Not Exists on http://content.time.com/5275708/best-podcasts-of-2018-so-far/
WARNING:root:[2018-10-14 10:50:02] (NewsSpider-5) Article Not Exists on http://content.time.com/magazine/us/5401619/october-1st-2018-vol-192-no-13-u-s/
WARNING:root:[2018-10-14 10:50:02] (NewsSpider-4) Article Not Exists on http://content.time.com/5419899/eye-retina-vision-loss-treatment/
INFO:root:[2018-10-14 10:50:05] (NewsSpider-4) (1/138) Crawling and storing DONE - How Rare is a Perfect Game Through Four Innings?
WARNING:root:[2018-10-14 10:50:06] (NewsSpider-7) Article Not Exists on http://content.time.com/5419555/google-pixel-phone-home-speaker/
INFO:root:[2018-10-14 10:50:07] (NewsSpider-10) (2/138) Crawling and storing DONE - How We Made the Candidates Speak 30 Times Slower
WARNING:root:[2018-10-14 10:50:09] (NewsSpider-2) Article Not Exists on http://content.time.com/5424091/11-dead-suicide-bombing-somalia-baidoa/
INFO:root:[2018-10-14 10:50:10] (NewsSpider-1) (3/138) Crawling and storing DONE - October 8th, 2018 | Vol. 192, No. 14 | U.S.
WARNING:root:[2018-10-14 10:50:15] (NewsSpider-3) Article Not Exists on http://content.time.com/5419481/michael-myers-halloween-movies-ranking/
WARNING:root:[2018-10-14 10:50:20] (NewsSpider-7) Article Not Exists on http://content.time.com/5424109/jared-kushner-taxes-new-york-times/
WARNING:root:[2018-10-14 10:50:25] (NewsSpider-10) Article Not Exists on http://content.time.com/5424105/fda-vape-ecigarette-erectile-dysfunction-viagra-cialis/
INFO:root:[2018-10-14 10:50:28] (NewsSpider-8) (4/138) Crawling and storing DONE - See How Well Your Neighbors Have Recovered From the Recession
INFO:root:[2018-10-14 10:50:29] (NewsSpider-5) (5/138) Crawling and storing DONE - The One Word Each Republican Candidate Wants You to Remember
WARNING:root:[2018-10-14 10:50:29] (NewsSpider-6) Article Not Exists on http://content.time.com/5421311/terrace-house-review-reality-tv-romance/
WARNING:root:[2018-10-14 10:50:30] (NewsSpider-1) Article Not Exists on http://content.time.com/5420473/shangela-a-star-is-born/
WARNING:root:[2018-10-14 10:50:32] (NewsSpider-7) Article Not Exists on http://content.time.com/5420680/jamal-khashoggi-meng-hongwei-china-saudi-arabia-trump/
WARNING:root:[2018-10-14 10:50:34] (NewsSpider-8) Article Not Exists on http://content.time.com/5421134/hurricane-michael-mexico-beach-storm-videos/
WARNING:root:[2018-10-14 10:50:37] (NewsSpider-6) Article Not Exists on http://content.time.com/5421850/facebook-google-internet-bill-of-rights/
WARNING:root:[2018-10-14 10:50:37] (NewsSpider-2) Article Not Exists on http://content.time.com/5424034/trump-pastor-andrew-brunson-meet-turkey/
WARNING:root:[2018-10-14 10:50:40] (NewsSpider-10) Article Not Exists on http://content.time.com/5413109/brett-kavanaugh-supreme-court-survivors-trigger-ptsd/
INFO:root:[2018-10-14 10:50:43] (NewsSpider-1) (6/138) Crawling and storing DONE - October 8th, 2018 | Vol. 192, No. 14 | U.S.
WARNING:root:[2018-10-14 10:50:44] (NewsSpider-2) Article Not Exists on http://content.time.com/5424073/melania-trump-i-dont-really-care-jacket-message/
WARNING:root:[2018-10-14 10:50:45] (NewsSpider-4) Article Not Exists on http://content.time.com/magazine/us/5407893/october-8th-2018-vol-192-no-14-u-s/
INFO:root:[2018-10-14 10:50:47] (NewsSpider-5) (7/138) Crawling and storing DONE - October 1st, 2018 | Vol. 192, No. 13 | U.S.
INFO:root:[2018-10-14 10:50:50] (NewsSpider-6) (8/138) Crawling and storing DONE - October 22nd, 2018 | Vol. 192, No. 16 | U.S.
INFO:root:[2018-10-14 10:50:51] (NewsSpider-1) (9/138) Crawling and storing DONE - The Republican debate in 11 words
INFO:root:[2018-10-14 10:50:52] (NewsSpider-10) (10/138) Crawling and storing DONE - October 15th, 2018 | Vol. 192, No. 15 | U.S.
WARNING:root:[2018-10-14 10:50:53] (NewsSpider-3) Article Not Exists on http://content.time.com/5420044/google-home-hub-camera-smart-idea/
WARNING:root:[2018-10-14 10:50:55] (NewsSpider-5) Article Not Exists on http://content.time.com/5420305/hurricane-michael-path-updates/
WARNING:root:[2018-10-14 10:50:56] (NewsSpider-4) Article Not Exists on http://content.time.com/5419832/haunting-of-hill-house-red-room-explained/
INFO:root:[2018-10-14 10:51:00] (NewsSpider-9) (11/138) Crawling and storing DONE - See Who’s Gaining on China in the Race for MBAs
WARNING:root:[2018-10-14 10:51:01] (NewsSpider-6) Article Not Exists on http://content.time.com/magazine/us/5415016/october-15th-2018-vol-192-no-15-u-s/
WARNING:root:[2018-10-14 10:51:02] (NewsSpider-1) Article Not Exists on http://content.time.com/5379422/why-being-lazy-is-actually-good-for-you/
WARNING:root:[2018-10-14 10:51:07] (NewsSpider-7) Article Not Exists on http://content.time.com/5422546/facebook-removes-800-fake-news-accounts/
WARNING:root:[2018-10-14 10:51:23] (NewsSpider-5) Article Not Exists on http://content.time.com/longform/me-too-asia-china-south-korea/
WARNING:root:[2018-10-14 10:51:24] (NewsSpider-9) Article Not Exists on http://content.time.com/5423350/jamal-khashoggi-turkey-saudi-arabia-iran/
INFO:root:[2018-10-14 10:51:46] (NewsSpider-9) (12/138) Crawling and storing DONE - October 15th, 2018 | Vol. 192, No. 15 | U.S.
WARNING:root:[2018-10-14 10:51:46] (NewsSpider-8) Article Not Exists on http://content.time.com/5423273/climate-change-united-nations-exelon-macarthur/
WARNING:root:[2018-10-14 10:51:46] (NewsSpider-1) Article Not Exists on http://content.time.com/5418690/why-ignore-climate-change-warnings-un-report/
INFO:root:[2018-10-14 10:51:47] (NewsSpider-10) (13/138) Crawling and storing DONE - October 1st, 2018 | Vol. 192, No. 13 | U.S.
WARNING:root:[2018-10-14 10:51:52] (NewsSpider-3) Article Not Exists on http://content.time.com/5422953/pope-accepts-resignation-cardinal-wuerl-sex-abuse/
INFO:root:[2018-10-14 10:51:52] ========== (NewsSpider-6) Thread END ==========
INFO:root:[2018-10-14 10:51:52] ========== (NewsSpider-3) Thread END ==========
WARNING:root:[2018-10-14 10:51:56] (NewsSpider-5) Article Not Exists on http://content.time.com/magazine/us/5421567/october-22nd-2018-vol-192-no-16-u-s/
INFO:root:[2018-10-14 10:51:56] ========== (NewsSpider-5) Thread END ==========
INFO:root:[2018-10-14 10:51:56] ========== (NewsSpider-9) Thread END ==========
INFO:root:[2018-10-14 10:51:57] (NewsSpider-2) (14/138) Crawling and storing DONE - October 22nd, 2018 | Vol. 192, No. 16 | U.S.
INFO:root:[2018-10-14 10:51:58] ========== (NewsSpider-8) Thread END ==========
INFO:root:[2018-10-14 10:51:58] ========== (NewsSpider-1) Thread END ==========
INFO:root:[2018-10-14 10:51:58] ========== (NewsSpider-2) Thread END ==========
INFO:root:[2018-10-14 10:51:59] ========== (NewsSpider-7) Thread END ==========
INFO:root:[2018-10-14 10:52:02] ========== (NewsSpider-10) Thread END ==========
INFO:root:[2018-10-14 10:52:02] ========== (NewsSpider-4) Thread END ==========
CRITICAL:newspaper.network:[REQUEST FAILED] 404 Client Error: Not Found for url: http://time.com/feeds
INFO:root:[2018-10-14 17:43:55] ========== (NewsSpider-1) Start! ==========
INFO:root:[2018-10-14 17:43:55] ========== (NewsSpider-2) Start! ==========
INFO:root:[2018-10-14 17:43:55] ========== (NewsSpider-3) Start! ==========
INFO:root:[2018-10-14 17:43:55] ========== (NewsSpider-4) Start! ==========
INFO:root:[2018-10-14 17:43:55] ========== (NewsSpider-5) Start! ==========
INFO:root:[2018-10-14 17:44:02] (NewsSpider-4) (1/135) Crawling and storing DONE - October 8th, 2018 | Vol. 192, No. 14 | U.S.
WARNING:root:[2018-10-14 17:44:06] (NewsSpider-3) Article Not Exists on http://content.time.com/5424105/fda-vape-ecigarette-erectile-dysfunction-viagra-cialis/
WARNING:root:[2018-10-14 17:44:08] (NewsSpider-4) Article Not Exists on http://content.time.com/5275708/best-podcasts-of-2018-so-far/
WARNING:root:[2018-10-14 17:44:10] (NewsSpider-1) Article Not Exists on http://content.time.com/4809884/harry-potter-house-sorting-hat-quiz/
INFO:root:[2018-10-14 17:44:12] (NewsSpider-2) (2/135) Crawling and storing DONE - October 22nd, 2018 | Vol. 192, No. 16 | U.S.
INFO:root:[2018-10-14 17:44:20] (NewsSpider-3) (3/135) Crawling and storing DONE - October 22nd, 2018 | Vol. 192, No. 16 | U.S.
WARNING:root:[2018-10-14 17:44:21] (NewsSpider-5) Article Not Exists on http://content.time.com/5423350/jamal-khashoggi-turkey-saudi-arabia-iran/
WARNING:root:[2018-10-14 17:44:23] (NewsSpider-1) Article Not Exists on http://content.time.com/5421134/hurricane-michael-mexico-beach-storm-videos/
INFO:root:[2018-10-14 17:44:24] (NewsSpider-4) (4/135) Crawling and storing DONE - October 8th, 2018 | Vol. 192, No. 14 | U.S.
WARNING:root:[2018-10-14 17:44:25] (NewsSpider-3) Article Not Exists on http://content.time.com/5423273/climate-change-united-nations-exelon-macarthur/
WARNING:root:[2018-10-14 17:44:29] (NewsSpider-4) Article Not Exists on http://content.time.com/5421850/facebook-google-internet-bill-of-rights/
WARNING:root:[2018-10-14 17:44:36] (NewsSpider-3) Article Not Exists on http://content.time.com/5413109/brett-kavanaugh-supreme-court-survivors-trigger-ptsd/
WARNING:root:[2018-10-14 17:44:36] (NewsSpider-1) Article Not Exists on http://content.time.com/5424359/north-korea-economy-moon-jae-in/
INFO:root:[2018-10-14 17:44:42] (NewsSpider-3) (5/135) Crawling and storing DONE - The One Word Each Republican Candidate Wants You to Remember
WARNING:root:[2018-10-14 17:44:42] (NewsSpider-5) Article Not Exists on http://content.time.com/5419555/google-pixel-phone-home-speaker/
INFO:root:[2018-10-14 17:44:45] (NewsSpider-1) (6/135) Crawling and storing DONE - October 15th, 2018 | Vol. 192, No. 15 | U.S.
WARNING:root:[2018-10-14 17:44:47] (NewsSpider-5) Article Not Exists on http://content.time.com/magazine/us/5407893/october-8th-2018-vol-192-no-14-u-s/
WARNING:root:[2018-10-14 17:44:50] (NewsSpider-4) Article Not Exists on http://content.time.com/5419481/michael-myers-halloween-movies-ranking/
WARNING:root:[2018-10-14 17:44:52] (NewsSpider-1) Article Not Exists on http://content.time.com/5424289/brooklyn-witches-hex-supreme-court-brett-kavanaugh/
INFO:root:[2018-10-14 17:44:53] (NewsSpider-3) (7/135) Crawling and storing DONE - October 15th, 2018 | Vol. 192, No. 15 | U.S.
WARNING:root:[2018-10-14 17:44:57] (NewsSpider-2) Article Not Exists on http://content.time.com/5420044/google-home-hub-camera-smart-idea/
WARNING:root:[2018-10-14 17:45:08] (NewsSpider-5) Article Not Exists on http://content.time.com/5420305/hurricane-michael-path-updates/
WARNING:root:[2018-10-14 17:45:13] (NewsSpider-3) Article Not Exists on http://content.time.com/5420473/shangela-a-star-is-born/
INFO:root:[2018-10-14 17:45:24] (NewsSpider-2) (8/135) Crawling and storing DONE - How Rare is a Perfect Game Through Four Innings?
WARNING:root:[2018-10-14 17:45:27] (NewsSpider-5) Article Not Exists on http://content.time.com/magazine/us/5401619/october-1st-2018-vol-192-no-13-u-s/
INFO:root:[2018-10-14 17:45:30] (NewsSpider-2) (9/135) Crawling and storing DONE - See How Well Your Neighbors Have Recovered From the Recession
INFO:root:[2018-10-14 17:45:31] (NewsSpider-4) (10/135) Crawling and storing DONE - October 1st, 2018 | Vol. 192, No. 13 | U.S.
INFO:root:[2018-10-14 17:45:32] (NewsSpider-1) (11/135) Crawling and storing DONE - The Republican debate in 11 words
INFO:root:[2018-10-14 17:45:36] (NewsSpider-3) (12/135) Crawling and storing DONE - October 1st, 2018 | Vol. 192, No. 13 | U.S.
INFO:root:[2018-10-14 17:45:37] (NewsSpider-4) (13/135) Crawling and storing DONE - How We Made the Candidates Speak 30 Times Slower
WARNING:root:[2018-10-14 17:45:42] (NewsSpider-1) Article Not Exists on http://content.time.com/5418690/why-ignore-climate-change-warnings-un-report/
WARNING:root:[2018-10-14 17:45:44] (NewsSpider-2) Article Not Exists on http://content.time.com/5422546/facebook-removes-800-fake-news-accounts/
WARNING:root:[2018-10-14 17:45:51] (NewsSpider-4) Article Not Exists on http://content.time.com/5424224/snl-bizarre-meeting-kanye-west-donald-trump/
WARNING:root:[2018-10-14 17:45:54] (NewsSpider-1) Article Not Exists on http://content.time.com/5420680/jamal-khashoggi-meng-hongwei-china-saudi-arabia-trump/
WARNING:root:[2018-10-14 17:46:00] (NewsSpider-1) Article Not Exists on http://content.time.com/5424073/melania-trump-i-dont-really-care-jacket-message/
WARNING:root:[2018-10-14 17:46:02] (NewsSpider-5) Article Not Exists on http://content.time.com/magazine/us/5421567/october-22nd-2018-vol-192-no-16-u-s/
WARNING:root:[2018-10-14 17:46:09] (NewsSpider-3) Article Not Exists on http://content.time.com/longform/me-too-asia-china-south-korea/
WARNING:root:[2018-10-14 17:46:11] (NewsSpider-2) Article Not Exists on http://content.time.com/5419899/eye-retina-vision-loss-treatment/
WARNING:root:[2018-10-14 17:46:12] (NewsSpider-4) Article Not Exists on http://content.time.com/5424034/trump-pastor-andrew-brunson-meet-turkey/
INFO:root:[2018-10-14 17:46:17] (NewsSpider-4) (14/135) Crawling and storing DONE - See Who’s Gaining on China in the Race for MBAs
INFO:root:[2018-10-14 17:46:19] ========== (NewsSpider-3) Thread END ==========
WARNING:root:[2018-10-14 17:46:19] (NewsSpider-2) Article Not Exists on http://content.time.com/5422953/pope-accepts-resignation-cardinal-wuerl-sex-abuse/
INFO:root:[2018-10-14 17:46:19] ========== (NewsSpider-4) Thread END ==========
INFO:root:[2018-10-14 17:46:20] ========== (NewsSpider-5) Thread END ==========
INFO:root:[2018-10-14 17:46:22] ========== (NewsSpider-2) Thread END ==========
WARNING:root:[2018-10-14 17:46:22] (NewsSpider-1) Article Not Exists on http://content.time.com/magazine/us/5415016/october-15th-2018-vol-192-no-15-u-s/
INFO:root:[2018-10-14 17:46:23] ========== (NewsSpider-1) Thread END ==========
CRITICAL:newspaper.network:[REQUEST FAILED] 404 Client Error: Not Found for url: http://time.com/feeds
INFO:root:[2018-10-14 18:38:46] ========== (NewsSpider-1) Start! ==========
INFO:root:[2018-10-14 18:38:46] ========== (NewsSpider-2) Start! ==========
INFO:root:[2018-10-14 18:38:46] ========== (NewsSpider-3) Start! ==========
INFO:root:[2018-10-14 18:38:46] ========== (NewsSpider-4) Start! ==========
INFO:root:[2018-10-14 18:38:46] ========== (NewsSpider-5) Start! ==========
WARNING:root:[2018-10-14 18:38:51] (NewsSpider-4) Article Not Exists on http://content.time.com/5424289/brooklyn-witches-hex-supreme-court-brett-kavanaugh/
WARNING:root:[2018-10-14 18:38:51] (NewsSpider-3) Article Not Exists on http://content.time.com/magazine/us/5421567/october-22nd-2018-vol-192-no-16-u-s/
WARNING:root:[2018-10-14 18:38:58] (NewsSpider-3) Article Not Exists on http://content.time.com/5275708/best-podcasts-of-2018-so-far/
WARNING:root:[2018-10-14 18:39:05] (NewsSpider-1) Article Not Exists on http://content.time.com/5421134/hurricane-michael-mexico-beach-storm-videos/
WARNING:root:[2018-10-14 18:39:17] (NewsSpider-4) Article Not Exists on http://content.time.com/5424359/north-korea-economy-moon-jae-in/
WARNING:root:[2018-10-14 18:39:21] (NewsSpider-5) Article Not Exists on http://content.time.com/magazine/us/5415016/october-15th-2018-vol-192-no-15-u-s/
WARNING:root:[2018-10-14 18:39:24] (NewsSpider-4) Article Not Exists on http://content.time.com/longform/me-too-asia-china-south-korea/
WARNING:root:[2018-10-14 18:39:44] (NewsSpider-3) Article Not Exists on http://content.time.com/5424224/snl-bizarre-meeting-kanye-west-donald-trump/
WARNING:root:[2018-10-14 18:39:48] (NewsSpider-2) Article Not Exists on http://content.time.com/5420044/google-home-hub-camera-smart-idea/
WARNING:root:[2018-10-14 18:39:58] (NewsSpider-2) Article Not Exists on http://content.time.com/5422546/facebook-removes-800-fake-news-accounts/
WARNING:root:[2018-10-14 18:39:59] (NewsSpider-4) Article Not Exists on http://content.time.com/5424034/trump-pastor-andrew-brunson-meet-turkey/
WARNING:root:[2018-10-14 18:40:02] (NewsSpider-5) Article Not Exists on http://content.time.com/magazine/us/5401619/october-1st-2018-vol-192-no-13-u-s/
WARNING:root:[2018-10-14 18:40:11] (NewsSpider-1) Article Not Exists on http://content.time.com/5419555/google-pixel-phone-home-speaker/
WARNING:root:[2018-10-14 18:40:30] (NewsSpider-5) Article Not Exists on http://content.time.com/5421850/facebook-google-internet-bill-of-rights/
WARNING:root:[2018-10-14 18:40:45] (NewsSpider-2) Article Not Exists on http://content.time.com/5419481/michael-myers-halloween-movies-ranking/
WARNING:root:[2018-10-14 18:40:46] (NewsSpider-1) Article Not Exists on http://content.time.com/5413109/brett-kavanaugh-supreme-court-survivors-trigger-ptsd/
WARNING:root:[2018-10-14 18:40:54] (NewsSpider-5) Article Not Exists on http://content.time.com/5424105/fda-vape-ecigarette-erectile-dysfunction-viagra-cialis/
WARNING:root:[2018-10-14 18:41:00] (NewsSpider-5) Article Not Exists on http://content.time.com/5420473/shangela-a-star-is-born/
WARNING:root:[2018-10-14 18:41:05] (NewsSpider-4) Article Not Exists on http://content.time.com/5423273/climate-change-united-nations-exelon-macarthur/
WARNING:root:[2018-10-14 18:41:06] (NewsSpider-3) Article Not Exists on http://content.time.com/5420680/jamal-khashoggi-meng-hongwei-china-saudi-arabia-trump/
WARNING:root:[2018-10-14 18:41:09] (NewsSpider-4) Article Not Exists on http://content.time.com/5424073/melania-trump-i-dont-really-care-jacket-message/
WARNING:root:[2018-10-14 18:41:10] (NewsSpider-3) Article Not Exists on http://content.time.com/5419899/eye-retina-vision-loss-treatment/
WARNING:root:[2018-10-14 18:41:12] (NewsSpider-5) Article Not Exists on http://content.time.com/5420305/hurricane-michael-path-updates/
WARNING:root:[2018-10-14 18:41:14] (NewsSpider-3) Article Not Exists on http://content.time.com/magazine/us/5407893/october-8th-2018-vol-192-no-14-u-s/
INFO:root:[2018-10-14 18:41:19] ========== (NewsSpider-5) Thread END ==========
WARNING:root:[2018-10-14 18:41:20] (NewsSpider-1) Article Not Exists on http://content.time.com/5418690/why-ignore-climate-change-warnings-un-report/
INFO:root:[2018-10-14 18:41:20] ========== (NewsSpider-3) Thread END ==========
INFO:root:[2018-10-14 18:41:21] ========== (NewsSpider-1) Thread END ==========
INFO:root:[2018-10-14 18:41:22] ========== (NewsSpider-2) Thread END ==========
INFO:root:[2018-10-14 18:41:22] ========== (NewsSpider-4) Thread END ==========
CRITICAL:newspaper.network:[REQUEST FAILED] 404 Client Error: Not Found for url: http://time.com/feeds
INFO:root:[2018-10-14 19:27:07] ========== (NewsSpider-1) Start! ==========
INFO:root:[2018-10-14 19:27:07] ========== (NewsSpider-2) Start! ==========
INFO:root:[2018-10-14 19:27:07] ========== (NewsSpider-3) Start! ==========
INFO:root:[2018-10-14 19:27:07] ========== (NewsSpider-4) Start! ==========
INFO:root:[2018-10-14 19:27:07] ========== (NewsSpider-5) Start! ==========
WARNING:root:[2018-10-14 19:27:12] (NewsSpider-1) Article Not Exists on http://content.time.com/magazine/us/5415016/october-15th-2018-vol-192-no-15-u-s/
WARNING:root:[2018-10-14 19:27:17] (NewsSpider-5) Article Not Exists on http://content.time.com/5424289/brooklyn-witches-hex-supreme-court-brett-kavanaugh/
WARNING:root:[2018-10-14 19:27:20] (NewsSpider-3) Article Not Exists on http://content.time.com/magazine/us/5421567/october-22nd-2018-vol-192-no-16-u-s/
WARNING:root:[2018-10-14 19:27:20] (NewsSpider-4) Article Not Exists on http://content.time.com/5421850/facebook-google-internet-bill-of-rights/
WARNING:root:[2018-10-14 19:27:29] (NewsSpider-4) Article Not Exists on http://content.time.com/5049857/stranger-things-charlie-heaton-natalia-dyer-dating-in-real-life-internet-reactions/
INFO:root:[2018-10-14 19:27:30] (NewsSpider-1) (1/132) Crawling and storing DONE - The Republican debate in 11 words
INFO:root:[2018-10-14 19:27:32] (NewsSpider-4) (2/132) Crawling and storing DONE - How Rare is a Perfect Game Through Four Innings?
WARNING:root:[2018-10-14 19:27:35] (NewsSpider-2) Article Not Exists on http://content.time.com/5420044/google-home-hub-camera-smart-idea/
INFO:root:[2018-10-14 19:27:37] (NewsSpider-3) (3/132) Crawling and storing DONE - October 15th, 2018 | Vol. 192, No. 15 | U.S.
WARNING:root:[2018-10-14 19:27:38] (NewsSpider-4) Article Not Exists on http://content.time.com/5424359/north-korea-economy-moon-jae-in/
WARNING:root:[2018-10-14 19:27:40] (NewsSpider-5) Article Not Exists on http://content.time.com/5420473/shangela-a-star-is-born/
INFO:root:[2018-10-14 19:27:48] (NewsSpider-3) (4/132) Crawling and storing DONE - October 1st, 2018 | Vol. 192, No. 13 | U.S.
WARNING:root:[2018-10-14 19:27:50] (NewsSpider-1) Article Not Exists on http://content.time.com/5418690/why-ignore-climate-change-warnings-un-report/
WARNING:root:[2018-10-14 19:28:00] (NewsSpider-5) Article Not Exists on http://content.time.com/5420680/jamal-khashoggi-meng-hongwei-china-saudi-arabia-trump/
INFO:root:[2018-10-14 19:28:01] (NewsSpider-2) (5/132) Crawling and storing DONE - October 8th, 2018 | Vol. 192, No. 14 | U.S.
WARNING:root:[2018-10-14 19:28:03] (NewsSpider-3) Article Not Exists on http://content.time.com/longform/me-too-asia-china-south-korea/
WARNING:root:[2018-10-14 19:28:06] (NewsSpider-2) Article Not Exists on http://content.time.com/5275708/best-podcasts-of-2018-so-far/
INFO:root:[2018-10-14 19:28:10] (NewsSpider-5) (6/132) Crawling and storing DONE - October 8th, 2018 | Vol. 192, No. 14 | U.S.
WARNING:root:[2018-10-14 19:28:15] (NewsSpider-3) Article Not Exists on http://content.time.com/5424224/snl-bizarre-meeting-kanye-west-donald-trump/
INFO:root:[2018-10-14 19:28:19] (NewsSpider-3) (7/132) Crawling and storing DONE - The One Word Each Republican Candidate Wants You to Remember
INFO:root:[2018-10-14 19:28:23] (NewsSpider-3) (8/132) Crawling and storing DONE - How We Made the Candidates Speak 30 Times Slower
INFO:root:[2018-10-14 19:28:26] (NewsSpider-4) (9/132) Crawling and storing DONE - October 22nd, 2018 | Vol. 192, No. 16 | U.S.
WARNING:root:[2018-10-14 19:28:26] (NewsSpider-2) Article Not Exists on http://content.time.com/5424034/trump-pastor-andrew-brunson-meet-turkey/
WARNING:root:[2018-10-14 19:28:28] (NewsSpider-3) Article Not Exists on http://content.time.com/magazine/us/5401619/october-1st-2018-vol-192-no-13-u-s/
INFO:root:[2018-10-14 19:28:32] (NewsSpider-4) (10/132) Crawling and storing DONE - See How Well Your Neighbors Have Recovered From the Recession
WARNING:root:[2018-10-14 19:28:36] (NewsSpider-1) Article Not Exists on http://content.time.com/5420305/hurricane-michael-path-updates/
WARNING:root:[2018-10-14 19:28:49] (NewsSpider-5) Article Not Exists on http://content.time.com/5422546/facebook-removes-800-fake-news-accounts/
WARNING:root:[2018-10-14 19:28:51] (NewsSpider-2) Article Not Exists on http://content.time.com/5424073/melania-trump-i-dont-really-care-jacket-message/
INFO:root:[2018-10-14 19:28:53] (NewsSpider-4) (11/132) Crawling and storing DONE - October 22nd, 2018 | Vol. 192, No. 16 | U.S.
WARNING:root:[2018-10-14 19:28:53] (NewsSpider-1) Article Not Exists on http://content.time.com/5424105/fda-vape-ecigarette-erectile-dysfunction-viagra-cialis/
WARNING:root:[2018-10-14 19:28:59] (NewsSpider-2) Article Not Exists on http://content.time.com/5052044/tracee-ellis-ross-on-sexual-assault-kimmel/
INFO:root:[2018-10-14 19:29:05] (NewsSpider-2) (12/132) Crawling and storing DONE - October 1st, 2018 | Vol. 192, No. 13 | U.S.
WARNING:root:[2018-10-14 19:29:09] (NewsSpider-2) Article Not Exists on http://content.time.com/5421134/hurricane-michael-mexico-beach-storm-videos/
INFO:root:[2018-10-14 19:29:09] (NewsSpider-3) (13/132) Crawling and storing DONE - October 15th, 2018 | Vol. 192, No. 15 | U.S.
WARNING:root:[2018-10-14 19:29:09] (NewsSpider-1) Article Not Exists on http://content.time.com/5419899/eye-retina-vision-loss-treatment/
WARNING:root:[2018-10-14 19:29:14] (NewsSpider-5) Article Not Exists on http://content.time.com/5413109/brett-kavanaugh-supreme-court-survivors-trigger-ptsd/
WARNING:root:[2018-10-14 19:29:19] (NewsSpider-1) Article Not Exists on http://content.time.com/5419481/michael-myers-halloween-movies-ranking/
WARNING:root:[2018-10-14 19:29:22] (NewsSpider-5) Article Not Exists on http://content.time.com/5423273/climate-change-united-nations-exelon-macarthur/
WARNING:root:[2018-10-14 19:29:26] (NewsSpider-2) Article Not Exists on http://content.time.com/5419555/google-pixel-phone-home-speaker/
INFO:root:[2018-10-14 19:29:28] ========== (NewsSpider-3) Thread END ==========
WARNING:root:[2018-10-14 19:29:28] (NewsSpider-4) Article Not Exists on http://content.time.com/magazine/us/5407893/october-8th-2018-vol-192-no-14-u-s/
INFO:root:[2018-10-14 19:29:29] ========== (NewsSpider-2) Thread END ==========
INFO:root:[2018-10-14 19:29:30] ========== (NewsSpider-5) Thread END ==========
INFO:root:[2018-10-14 19:29:30] ========== (NewsSpider-1) Thread END ==========
INFO:root:[2018-10-14 19:29:31] ========== (NewsSpider-4) Thread END ==========
CRITICAL:newspaper.network:[REQUEST FAILED] 404 Client Error: Not Found for url: http://time.com/feeds
INFO:root:[2018-10-21 14:02:02] ========== (NewsSpider-1) Start! ==========
INFO:root:[2018-10-21 14:02:02] ========== (NewsSpider-2) Start! ==========
INFO:root:[2018-10-21 14:02:02] ========== (NewsSpider-3) Start! ==========
INFO:root:[2018-10-21 14:02:02] ========== (NewsSpider-4) Start! ==========
INFO:root:[2018-10-21 14:02:02] ========== (NewsSpider-5) Start! ==========
WARNING:root:[2018-10-21 14:02:05] (NewsSpider-3) Article Not Exists on http://content.time.com/5430172/mega-millions-jackpot-1-6-billion/
WARNING:root:[2018-10-21 14:02:05] (NewsSpider-4) Article Not Exists on http://content.time.com/5425977/fortnite-developer-epic-games-sues-youtuber/
WARNING:root:[2018-10-21 14:02:09] (NewsSpider-2) Article Not Exists on http://content.time.com/5430454/nebraska-school-cook-fired-kangaroo-meat/
WARNING:root:[2018-10-21 14:02:10] (NewsSpider-5) Article Not Exists on http://content.time.com/5430350/trump-pull-us-out-nuclear-treaty-russia/
INFO:root:[2018-10-21 14:02:13] (NewsSpider-1) (1/119) Crawling and storing DONE - How Rare is a Perfect Game Through Four Innings?
WARNING:root:[2018-10-21 14:02:17] (NewsSpider-4) Article Not Exists on http://content.time.com/5429733/immune-therapy-triple-negative-breast-cancer/
WARNING:root:[2018-10-21 14:02:17] (NewsSpider-3) Article Not Exists on http://content.time.com/5430203/new-study-not-exercising-worse-than-smoking/
INFO:root:[2018-10-21 14:02:18] (NewsSpider-2) (2/119) Crawling and storing DONE - October 15th, 2018 | Vol. 192, No. 15 | U.S.
WARNING:root:[2018-10-21 14:02:21] (NewsSpider-3) Article Not Exists on http://content.time.com/5275708/best-podcasts-of-2018-so-far/
WARNING:root:[2018-10-21 14:02:21] (NewsSpider-2) Article Not Exists on http://content.time.com/5430335/angela-merkel-european-leaders-facts-khashoggis-death/
WARNING:root:[2018-10-21 14:02:24] (NewsSpider-4) Article Not Exists on http://content.time.com/5430253/police-remains-63-fetuses-detroit-funeral-home/
INFO:root:[2018-10-21 14:02:25] (NewsSpider-3) (3/119) Crawling and storing DONE - The Republican debate in 11 words
INFO:root:[2018-10-21 14:02:26] (NewsSpider-5) (4/119) Crawling and storing DONE - October 29th, 2018 | Vol. 192, No. 17 | Asia, Europe, Middle East, and Africa, South Pacific
WARNING:root:[2018-10-21 14:02:27] (NewsSpider-3) Article Not Exists on http://content.time.com/5391193/can-you-ever-forgive-me-true-story/
WARNING:root:[2018-10-21 14:02:29] (NewsSpider-4) Article Not Exists on http://content.time.com/magazine/us/5415016/october-15th-2018-vol-192-no-15-u-s/
INFO:root:[2018-10-21 14:02:32] (NewsSpider-2) (5/119) Crawling and storing DONE - October 29th, 2018 | Vol. 192, No. 17 | U.S.
WARNING:root:[2018-10-21 14:02:34] (NewsSpider-3) Article Not Exists on http://content.time.com/5428161/melissa-mccarthy-can-you-ever-forgive-me/
INFO:root:[2018-10-21 14:02:36] (NewsSpider-5) (6/119) Crawling and storing DONE - October 22nd, 2018 | Vol. 192, No. 16 | U.S.
WARNING:root:[2018-10-21 14:02:37] (NewsSpider-2) Article Not Exists on http://content.time.com/5418690/why-ignore-climate-change-warnings-un-report/
WARNING:root:[2018-10-21 14:02:38] (NewsSpider-3) Article Not Exists on http://content.time.com/5428163/bill-gates-microsoft-paul-allen-death/
WARNING:root:[2018-10-21 14:02:39] (NewsSpider-5) Article Not Exists on http://content.time.com/5430289/numbers-decline-migrants-cross-mexico-guatemala/
WARNING:root:[2018-10-21 14:02:44] (NewsSpider-4) Article Not Exists on http://content.time.com/5430388/donald-trump-nuclear-weapons-treaty-inf-withdrawal/
WARNING:root:[2018-10-21 14:02:44] (NewsSpider-3) Article Not Exists on http://content.time.com/magazine/us/5421567/october-22nd-2018-vol-192-no-16-u-s/
INFO:root:[2018-10-21 14:02:47] (NewsSpider-2) (7/119) Crawling and storing DONE - October 29th, 2018 | Vol. 192, No. 17 | Asia, Europe, Middle East, and Africa, South Pacific
WARNING:root:[2018-10-21 14:02:47] (NewsSpider-1) Article Not Exists on http://content.time.com/5429329/tawakkol-karman-nobel-prize-saudi-arabia-khashoggi/
INFO:root:[2018-10-21 14:02:49] (NewsSpider-3) (8/119) Crawling and storing DONE - October 15th, 2018 | Vol. 192, No. 15 | U.S.
WARNING:root:[2018-10-21 14:02:50] (NewsSpider-1) Article Not Exists on http://content.time.com/longform/me-too-asia-china-south-korea/
INFO:root:[2018-10-21 14:02:50] (NewsSpider-4) (9/119) Crawling and storing DONE - The One Word Each Republican Candidate Wants You to Remember
INFO:root:[2018-10-21 14:02:54] (NewsSpider-3) (10/119) Crawling and storing DONE - See How Well Your Neighbors Have Recovered From the Recession
INFO:root:[2018-10-21 14:02:57] (NewsSpider-4) (11/119) Crawling and storing DONE - October 22nd, 2018 | Vol. 192, No. 16 | U.S.
WARNING:root:[2018-10-21 14:02:59] (NewsSpider-3) Article Not Exists on http://content.time.com/magazine/south-pacific/5428292/october-29th-2018-vol-192-no-17-asia-europe-middle-east-and-africa-south-pacific/
WARNING:root:[2018-10-21 14:03:02] (NewsSpider-2) Article Not Exists on http://content.time.com/5426869/brexit-threat-ireland-uk-europe-us/
WARNING:root:[2018-10-21 14:03:02] (NewsSpider-3) Article Not Exists on http://content.time.com/5430304/joe-biden-trump-nevada-shredding-american-values/
INFO:root:[2018-10-21 14:03:06] (NewsSpider-4) (12/119) Crawling and storing DONE - How We Made the Candidates Speak 30 Times Slower
WARNING:root:[2018-10-21 14:03:08] (NewsSpider-3) Article Not Exists on http://content.time.com/magazine/us/5428154/october-29th-2018-vol-192-no-17-u-s/
INFO:root:[2018-10-21 14:03:14] (NewsSpider-2) (13/119) Crawling and storing DONE - October 29th, 2018 | Vol. 192, No. 17 | U.S.
INFO:root:[2018-10-21 14:03:15] ========== (NewsSpider-2) Thread END ==========
INFO:root:[2018-10-21 14:03:15] ========== (NewsSpider-5) Thread END ==========
INFO:root:[2018-10-21 14:03:16] ========== (NewsSpider-4) Thread END ==========
INFO:root:[2018-10-21 14:03:17] ========== (NewsSpider-1) Thread END ==========
INFO:root:[2018-10-21 14:03:17] ========== (NewsSpider-3) Thread END ==========
