3->0->0 for http://www.morningstar.in
234->32->0 for http://www.morningstar.com
0->0->0 for http://screen.morningstar.com
278->30->0 for http://www.cn.morningstar.com
124->37->0 for http://www.morningstar.it
205->18->0 for http://www.morningstar.com/funds.html
234->32->0 for http://www.morningstar.com
181->13->0 for http://www.morningstar.com/etfs.html
169->97->0 for http://www.morningstar.es
128->58->9 for http://www.morningstar.com.au
0->0->0 for https://corporate1.morningstar.com
70->0->0 for http://msi.morningstar.com
73->0->0 for http://mdi.morningstar.com
195->20->0 for http://www.morningstar.com/stocks.html
167->1->0 for http://www.morningstar.com/markets.html
119->37->0 for http://www.morningstar.nl
96->23->0 for http://www.morningstar.no
176->0->0 for http://www.morningstar.com/tools.html
107->21->0 for http://www.morningstar.fr
48->8->6 for http://www.hk.morningstar.com
0->0->0 for http://news.morningstar.com
17->1->0 for http://www.morningstar.co.uk
98->40->0 for http://www.morningstar.ch
177->15->0 for http://www.morningstar.com/bonds.html
99->29->0 for http://www.morningstar.fi
86->0->0 for http://etf.morningstar.com
66->0->0 for https://socialize.morningstar.com
0->0->0 for http://corporate.morningstar.com
234->32->0 for https://www.morningstar.com
2->0->0 for http://www.morningstar.ca
0->0->0 for https://members.morningstar.com
133->0->0 for http://mfi.morningstar.com
0->0->0 for https://corporate.morningstar.com
[2018-10-14 19:27:51] ========== (NewsSpider-1) Start! ==========
[2018-10-14 19:27:51] ========== (NewsSpider-2) Start! ==========
[2018-10-14 19:27:51] ========== (NewsSpider-3) Start! ==========
[2018-10-14 19:27:51] ========== (NewsSpider-4) Start! ==========
[2018-10-14 19:27:51] ========== (NewsSpider-5) Start! ==========
[2018-10-14 19:27:59] (NewsSpider-4) Article Not Exists on http://www.hk.morningstar.com/
      ../news/%E5%BC%B7%E7%A9%8D%E9%87%91-%E9%80%80%E4%BC%91%E8%A8%88%E5%8A%83/170537/10%E5%A4%A7%E6%9C%80%E4%BD%B3%E8%A1%A8%E7%8F%BE%E5%BC%B7%E7%A9%8D%E9%87%91-(07092018-%E2%80%93-13092018).aspx
    
[2018-10-14 19:27:59] Error when printing
[2018-10-14 19:27:59] (NewsSpider-5) Article Not Exists on http://www.hk.morningstar.com/
      ../news/ETF-%E6%95%99%E8%82%B2%E4%B8%AD%E5%BF%83/170938/%E5%B8%82%E5%80%BC%E5%8A%A0%E6%AC%8A%E6%9C%80%E5%BC%B7%E4%B9%8B%E8%99%95%E4%B9%9F%E6%98%AF%E5%85%B6%E6%9C%80%E5%BC%B1%E4%B9%8B%E8%99%95%EF%BC%88%E7%AC%AC-2-%E9%83%A8%E5%88%86%EF%BC%89.aspx
    
[2018-10-14 19:27:59] Error when printing
[2018-10-14 19:27:59] (NewsSpider-1) Article Not Exists on http://www.hk.morningstar.com/
      ../news/ETF-%E6%95%99%E8%82%B2%E4%B8%AD%E5%BF%83/170484/%E5%88%86%E6%95%A3%E9%A2%A8%E9%9A%AA%EF%BC%8C%E8%B3%87%E7%94%A2%E9%87%8D%E7%BD%AE%E8%88%87%E5%86%8D%E5%B9%B3%E8%A1%A1.aspx
    
[2018-10-14 19:27:59] Error when printing
[2018-10-14 19:28:01] (NewsSpider-2) unsupported operand type(s) for +: 'NoneType' and 'str'
[2018-10-14 19:28:01] Error when printing
[2018-10-14 19:28:01] (NewsSpider-3) unsupported operand type(s) for +: 'NoneType' and 'str'
[2018-10-14 19:28:01] Error when printing
[2018-10-14 19:28:09] (NewsSpider-5) Article Not Exists on http://www.hk.morningstar.com/
      ../news/ETF-%E5%8B%95%E5%90%91/171015/%E4%BA%9E%E6%B4%B2ETF%E5%9B%9E%E9%A1%A7%EF%BC%88%E8%A1%8C%E6%A5%AD%EF%BC%89%E2%80%942018%E5%B9%B49%E6%9C%88.aspx
    
[2018-10-14 19:28:09] Error when printing
[2018-10-14 19:28:11] (NewsSpider-4) unsupported operand type(s) for +: 'NoneType' and 'str'
[2018-10-14 19:28:11] Error when printing
[2018-10-14 19:28:11] (NewsSpider-1) Article Not Exists on http://www.hk.morningstar.com/
      ../news/投資教室/157792/Morningstar-如何倡導金融業界的透明度.aspx
    
[2018-10-14 19:28:11] Error when printing
[2018-10-14 19:28:12] (NewsSpider-2) unsupported operand type(s) for +: 'NoneType' and 'str'
[2018-10-14 19:28:12] Error when printing
[2018-10-14 19:28:13] (NewsSpider-3) unsupported operand type(s) for +: 'NoneType' and 'str'
[2018-10-14 19:28:13] Error when printing
[2018-10-14 19:28:20] (NewsSpider-4) Article Not Exists on http://www.hk.morningstar.com/
      ../news/ETF-%E5%8B%95%E5%90%91/171013/%E4%BA%9E%E6%B4%B2ETF%E5%9B%9E%E9%A1%A7%EF%BC%88%E5%B8%82%E5%A0%B4%EF%BC%89%E2%80%94-2018%E5%B9%B49%E6%9C%88.aspx
    
[2018-10-14 19:28:20] Error when printing
[2018-10-14 19:28:22] (NewsSpider-1) unsupported operand type(s) for +: 'NoneType' and 'str'
[2018-10-14 19:28:22] Error when printing
[2018-10-14 19:28:22] (NewsSpider-5) unsupported operand type(s) for +: 'NoneType' and 'str'
[2018-10-14 19:28:22] Error when printing
[2018-10-14 19:28:22] ========== (NewsSpider-4) Thread END ==========
[2018-10-14 19:28:23] ========== (NewsSpider-1) Thread END ==========
[2018-10-14 19:28:24] ========== (NewsSpider-5) Thread END ==========
[2018-10-14 19:28:27] (NewsSpider-2) unsupported operand type(s) for +: 'NoneType' and 'str'
[2018-10-14 19:28:27] Error when printing
[2018-10-14 19:28:27] (NewsSpider-3) unsupported operand type(s) for +: 'NoneType' and 'str'
[2018-10-14 19:28:27] Error when printing
[2018-10-14 19:28:29] ========== (NewsSpider-2) Thread END ==========
[2018-10-14 19:28:29] ========== (NewsSpider-3) Thread END ==========
