322->169->78 for http://thecitizen.com
79->20->12 for http://showcase.thecitizen.com
322->169->0 for https://thecitizen.com
[2018-10-14 19:27:30] ========== (NewsSpider-1) Start! ==========
[2018-10-14 19:27:30] ========== (NewsSpider-2) Start! ==========
[2018-10-14 19:27:30] ========== (NewsSpider-3) Start! ==========
[2018-10-14 19:27:30] ========== (NewsSpider-4) Start! ==========
[2018-10-14 19:27:30] ========== (NewsSpider-5) Start! ==========
[2018-10-14 19:27:35] (NewsSpider-2) (1/90) Crawling and storing DONE - Night of wrestling Oct. 26
[2018-10-14 19:27:36] (NewsSpider-5) (2/90) Crawling and storing DONE - IHOP server arrested and charged with inflating her tips
[2018-10-14 19:27:36] (NewsSpider-1) unsupported operand type(s) for +: 'NoneType' and 'str'
[2018-10-14 19:27:36] Error when printing
[2018-10-14 19:27:36] (NewsSpider-4) (3/90) Crawling and storing DONE - Celebrate 200 issues with Fayette Woman LIVE Saturday
[2018-10-14 19:27:42] (NewsSpider-4) (4/90) Crawling and storing DONE - LIVE2LEAD Peachtree City LIVE simulcast is October 12
[2018-10-14 19:27:42] (NewsSpider-5) (5/90) Crawling and storing DONE - Maylon Dee Swann, 91, of Peachtree City
[2018-10-14 19:27:42] (NewsSpider-2) (6/90) Crawling and storing DONE - Quilt show is Oct. 12
[2018-10-14 19:27:49] (NewsSpider-3) unsupported operand type(s) for +: 'NoneType' and 'str'
[2018-10-14 19:27:49] Error when printing
[2018-10-14 19:27:50] (NewsSpider-2) (7/90) Crawling and storing DONE - Peggy Joan Trawick, age 73
[2018-10-14 19:27:50] (NewsSpider-1) unsupported operand type(s) for +: 'NoneType' and 'str'
[2018-10-14 19:27:50] Error when printing
[2018-10-14 19:27:50] (NewsSpider-5) (8/90) Crawling and storing DONE - Volleyball regular season coming to a close
[2018-10-14 19:27:57] (NewsSpider-1) (9/90) Crawling and storing DONE - Fayetteville police seek upgraded body cams
[2018-10-14 19:27:57] (NewsSpider-3) (10/90) Crawling and storing DONE - County previews draft transportation, master path plans
[2018-10-14 19:27:57] (NewsSpider-2) (11/90) Crawling and storing DONE - Fayette crime report: Burglary, multiple vehicles broken into
[2018-10-14 19:27:57] (NewsSpider-5) (12/90) Crawling and storing DONE - Fayette crime report: Burglary, multiple vehicles broken into
[2018-10-14 19:27:59] (NewsSpider-4) (13/90) Crawling and storing DONE - Peggy Joan Trawick, age 73
[2018-10-14 19:28:02] (NewsSpider-3) (14/90) Crawling and storing DONE - Kollmeyer moving and storage
[2018-10-14 19:28:03] (NewsSpider-1) (15/90) Crawling and storing DONE - Having enough
[2018-10-14 19:28:05] (NewsSpider-2) (16/90) Crawling and storing DONE - Moving pains solved simply for medical office manager
[2018-10-14 19:28:05] (NewsSpider-4) (17/90) Crawling and storing DONE - Ingraham-Fister engagement announced
[2018-10-14 19:28:08] (NewsSpider-1) (18/90) Crawling and storing DONE - September in Peachtree City was drier, hotter than normal
[2018-10-14 19:28:09] (NewsSpider-3) (19/90) Crawling and storing DONE - State softball playoffs start this week
[2018-10-14 19:28:13] (NewsSpider-5) (20/90) Crawling and storing DONE - County previews draft transportation, master path plans
[2018-10-14 19:28:13] (NewsSpider-4) unsupported operand type(s) for +: 'NoneType' and 'str'
[2018-10-14 19:28:13] Error when printing
[2018-10-14 19:28:14] (NewsSpider-2) (21/90) Crawling and storing DONE - Kollmeyer moving and storage
[2018-10-14 19:28:16] (NewsSpider-3) (22/90) Crawling and storing DONE - Pregame football ritual
[2018-10-14 19:28:16] (NewsSpider-1) (23/90) Crawling and storing DONE - Having enough
[2018-10-14 19:28:20] (NewsSpider-5) (24/90) Crawling and storing DONE - Can we secede from the loony left?
[2018-10-14 19:28:22] (NewsSpider-4) unsupported operand type(s) for +: 'NoneType' and 'str'
[2018-10-14 19:28:22] Error when printing
[2018-10-14 19:28:23] (NewsSpider-2) (25/90) Crawling and storing DONE - Masquerade gala is Oct.19
[2018-10-14 19:28:23] (NewsSpider-1) (26/90) Crawling and storing DONE - Quilt show is Oct. 12
[2018-10-14 19:28:23] (NewsSpider-3) (27/90) Crawling and storing DONE - WHS band is grand champion
[2018-10-14 19:28:27] (NewsSpider-4) (28/90) Crawling and storing DONE - WHS band is grand champion
[2018-10-14 19:28:29] (NewsSpider-2) unsupported operand type(s) for +: 'NoneType' and 'str'
[2018-10-14 19:28:29] Error when printing
[2018-10-14 19:28:29] (NewsSpider-5) (29/90) Crawling and storing DONE - Everett Lee Morrow, age 79, of Fayetteville
[2018-10-14 19:28:29] (NewsSpider-3) unsupported operand type(s) for +: 'NoneType' and 'str'
[2018-10-14 19:28:29] Error when printing
[2018-10-14 19:28:29] (NewsSpider-1) (30/90) Crawling and storing DONE - Fayette rezones 49 acres near Tyrone to build 36 homes
[2018-10-14 19:28:34] (NewsSpider-4) (31/90) Crawling and storing DONE - John Walter Lamble, Jr., age 79
[2018-10-14 19:28:34] (NewsSpider-3) unsupported operand type(s) for +: 'NoneType' and 'str'
[2018-10-14 19:28:34] Error when printing
[2018-10-14 19:28:35] (NewsSpider-2) unsupported operand type(s) for +: 'NoneType' and 'str'
[2018-10-14 19:28:35] Error when printing
[2018-10-14 19:28:35] (NewsSpider-5) (32/90) Crawling and storing DONE - Walking for kids
[2018-10-14 19:28:41] (NewsSpider-4) unsupported operand type(s) for +: 'NoneType' and 'str'
[2018-10-14 19:28:41] Error when printing
[2018-10-14 19:28:41] (NewsSpider-1) unsupported operand type(s) for +: 'NoneType' and 'str'
[2018-10-14 19:28:41] Error when printing
[2018-10-14 19:28:43] (NewsSpider-3) (33/90) Crawling and storing DONE - Volleyball regular season coming to a close
[2018-10-14 19:28:44] (NewsSpider-2) (34/90) Crawling and storing DONE - Controversial Fayette E-911 boss resigns
[2018-10-14 19:28:44] (NewsSpider-5) (35/90) Crawling and storing DONE - HS football results (Oct. 12)
[2018-10-14 19:28:48] (NewsSpider-1) (36/90) Crawling and storing DONE - Can we secede from the loony left?
[2018-10-14 19:28:52] (NewsSpider-3) (37/90) Crawling and storing DONE - Reissing-James engagement announced
[2018-10-14 19:28:53] (NewsSpider-4) unsupported operand type(s) for +: 'NoneType' and 'str'
[2018-10-14 19:28:53] Error when printing
[2018-10-14 19:28:54] (NewsSpider-1) (38/90) Crawling and storing DONE - State softball playoffs start this week
[2018-10-14 19:28:56] (NewsSpider-5) (39/90) Crawling and storing DONE - Early voting starts Oct. 15 at 3 Fayette sites
[2018-10-14 19:28:57] (NewsSpider-3) (40/90) Crawling and storing DONE - September in Peachtree City was drier, hotter than normal
[2018-10-14 19:28:58] (NewsSpider-2) (41/90) Crawling and storing DONE - Masquerade gala is Oct.19
[2018-10-14 19:29:01] (NewsSpider-1) (42/90) Crawling and storing DONE - Fayette approves rezoning to build 6 homes on Goza Road
[2018-10-14 19:29:02] (NewsSpider-4) unsupported operand type(s) for +: 'NoneType' and 'str'
[2018-10-14 19:29:02] Error when printing
[2018-10-14 19:29:03] (NewsSpider-5) (43/90) Crawling and storing DONE - Pam Reid leaves AVPRIDE, looks to her next chapter
[2018-10-14 19:29:05] (NewsSpider-3) (44/90) Crawling and storing DONE - PTC Planning Commission gives thumbs up to Bradshaw annexation request
[2018-10-14 19:29:07] (NewsSpider-1) (45/90) Crawling and storing DONE - Anderson-Sherman wedding announced
[2018-10-14 19:29:08] (NewsSpider-4) (46/90) Crawling and storing DONE - Walking for kids
[2018-10-14 19:29:09] (NewsSpider-2) unsupported operand type(s) for +: 'NoneType' and 'str'
[2018-10-14 19:29:09] Error when printing
[2018-10-14 19:29:10] (NewsSpider-5) (47/90) Crawling and storing DONE - Night of wrestling Oct. 26
[2018-10-14 19:29:13] (NewsSpider-4) (48/90) Crawling and storing DONE - Can we secede from the loony left?
[2018-10-14 19:29:15] (NewsSpider-2) (49/90) Crawling and storing DONE - John Walter Lamble, Jr., age 79
[2018-10-14 19:29:17] (NewsSpider-4) unsupported operand type(s) for +: 'NoneType' and 'str'
[2018-10-14 19:29:17] Error when printing
[2018-10-14 19:29:17] (NewsSpider-5) (50/90) Crawling and storing DONE - Fayetteville police seek upgraded body cams
[2018-10-14 19:29:21] (NewsSpider-1) (51/90) Crawling and storing DONE - Can we secede from the loony left?
[2018-10-14 19:29:21] (NewsSpider-2) (52/90) Crawling and storing DONE - Everett Lee Morrow, age 79, of Fayetteville
[2018-10-14 19:29:22] (NewsSpider-5) (53/90) Crawling and storing DONE - Pam Reid leaves AVPRIDE, looks to her next chapter
[2018-10-14 19:29:22] (NewsSpider-3) (54/90) Crawling and storing DONE - Pregame football ritual
[2018-10-14 19:29:22] (NewsSpider-4) (55/90) Crawling and storing DONE - Early voting starts Oct. 15 at 3 Fayette sites
[2018-10-14 19:29:26] (NewsSpider-2) unsupported operand type(s) for +: 'NoneType' and 'str'
[2018-10-14 19:29:26] Error when printing
[2018-10-14 19:29:27] (NewsSpider-4) unsupported operand type(s) for +: 'NoneType' and 'str'
[2018-10-14 19:29:27] Error when printing
[2018-10-14 19:29:28] (NewsSpider-1) (56/90) Crawling and storing DONE - Maylon Dee Swann, 91, of Peachtree City
[2018-10-14 19:29:28] ========== (NewsSpider-4) Thread END ==========
[2018-10-14 19:29:29] (NewsSpider-3) unsupported operand type(s) for +: 'NoneType' and 'str'
[2018-10-14 19:29:29] Error when printing
[2018-10-14 19:29:29] ========== (NewsSpider-1) Thread END ==========
[2018-10-14 19:29:29] ========== (NewsSpider-3) Thread END ==========
[2018-10-14 19:29:32] (NewsSpider-2) (57/90) Crawling and storing DONE - HS football results (Oct. 12)
[2018-10-14 19:29:32] (NewsSpider-5) unsupported operand type(s) for +: 'NoneType' and 'str'
[2018-10-14 19:29:32] Error when printing
[2018-10-14 19:29:34] ========== (NewsSpider-2) Thread END ==========
[2018-10-14 19:29:35] ========== (NewsSpider-5) Thread END ==========
