223->128->94 for http://www.solarnovus.com
193->93->3 for http://www.solarnovus.com/_C41.html
193->91->2 for http://www.solarnovus.com/_C45.html
128->49->2 for http://www.solarnovus.com/videos.html
193->95->4 for http://www.solarnovus.com/_C37.html
223->128->53 for https://www.solarnovus.com
192->95->4 for http://www.solarnovus.com/_C77.html
192->93->3 for http://www.solarnovus.com/_C16.html
128->49->0 for http://www.solarnovus.com/videos.html
[2018-10-14 19:27:40] ========== (NewsSpider-1) Start! ==========
[2018-10-14 19:27:40] ========== (NewsSpider-2) Start! ==========
[2018-10-14 19:27:40] ========== (NewsSpider-3) Start! ==========
[2018-10-14 19:27:40] ========== (NewsSpider-4) Start! ==========
[2018-10-14 19:27:40] ========== (NewsSpider-5) Start! ==========
[2018-10-14 19:27:45] (NewsSpider-2) unsupported operand type(s) for +: 'NoneType' and 'str'
[2018-10-14 19:27:45] Error when printing
[2018-10-14 19:27:46] (NewsSpider-3) unsupported operand type(s) for +: 'NoneType' and 'str'
[2018-10-14 19:27:46] Error when printing
[2018-10-14 19:27:46] (NewsSpider-1) unsupported operand type(s) for +: 'NoneType' and 'str'
[2018-10-14 19:27:46] Error when printing
[2018-10-14 19:27:46] (NewsSpider-4) unsupported operand type(s) for +: 'NoneType' and 'str'
[2018-10-14 19:27:46] Error when printing
[2018-10-14 19:27:48] (NewsSpider-5) unsupported operand type(s) for +: 'NoneType' and 'str'
[2018-10-14 19:27:48] Error when printing
[2018-10-14 19:27:53] (NewsSpider-2) unsupported operand type(s) for +: 'NoneType' and 'str'
[2018-10-14 19:27:53] Error when printing
[2018-10-14 19:27:54] (NewsSpider-1) unsupported operand type(s) for +: 'NoneType' and 'str'
[2018-10-14 19:27:54] Error when printing
[2018-10-14 19:27:55] (NewsSpider-5) unsupported operand type(s) for +: 'NoneType' and 'str'
[2018-10-14 19:27:55] Error when printing
[2018-10-14 19:27:56] (NewsSpider-4) unsupported operand type(s) for +: 'NoneType' and 'str'
[2018-10-14 19:27:56] Error when printing
[2018-10-14 19:27:56] (NewsSpider-3) unsupported operand type(s) for +: 'NoneType' and 'str'
[2018-10-14 19:27:56] Error when printing
[2018-10-14 19:28:01] (NewsSpider-2) unsupported operand type(s) for +: 'NoneType' and 'str'
[2018-10-14 19:28:01] Error when printing
[2018-10-14 19:28:02] (NewsSpider-1) unsupported operand type(s) for +: 'NoneType' and 'str'
[2018-10-14 19:28:02] Error when printing
[2018-10-14 19:28:02] (NewsSpider-3) unsupported operand type(s) for +: 'NoneType' and 'str'
[2018-10-14 19:28:02] Error when printing
[2018-10-14 19:28:02] (NewsSpider-4) unsupported operand type(s) for +: 'NoneType' and 'str'
[2018-10-14 19:28:02] Error when printing
[2018-10-14 19:28:04] (NewsSpider-5) unsupported operand type(s) for +: 'NoneType' and 'str'
[2018-10-14 19:28:04] Error when printing
[2018-10-14 19:28:10] (NewsSpider-2) unsupported operand type(s) for +: 'NoneType' and 'str'
[2018-10-14 19:28:10] Error when printing
[2018-10-14 19:28:12] (NewsSpider-4) unsupported operand type(s) for +: 'NoneType' and 'str'
[2018-10-14 19:28:12] Error when printing
[2018-10-14 19:28:13] (NewsSpider-5) unsupported operand type(s) for +: 'NoneType' and 'str'
[2018-10-14 19:28:13] Error when printing
[2018-10-14 19:28:14] (NewsSpider-3) unsupported operand type(s) for +: 'NoneType' and 'str'
[2018-10-14 19:28:14] Error when printing
[2018-10-14 19:28:17] (NewsSpider-1) unsupported operand type(s) for +: 'NoneType' and 'str'
[2018-10-14 19:28:17] Error when printing
[2018-10-14 19:28:18] (NewsSpider-2) unsupported operand type(s) for +: 'NoneType' and 'str'
[2018-10-14 19:28:18] Error when printing
[2018-10-14 19:28:22] (NewsSpider-4) unsupported operand type(s) for +: 'NoneType' and 'str'
[2018-10-14 19:28:22] Error when printing
[2018-10-14 19:28:23] (NewsSpider-5) unsupported operand type(s) for +: 'NoneType' and 'str'
[2018-10-14 19:28:23] Error when printing
[2018-10-14 19:28:25] (NewsSpider-3) unsupported operand type(s) for +: 'NoneType' and 'str'
[2018-10-14 19:28:25] Error when printing
[2018-10-14 19:28:25] (NewsSpider-1) unsupported operand type(s) for +: 'NoneType' and 'str'
[2018-10-14 19:28:25] Error when printing
[2018-10-14 19:28:26] (NewsSpider-2) unsupported operand type(s) for +: 'NoneType' and 'str'
[2018-10-14 19:28:26] Error when printing
[2018-10-14 19:28:28] (NewsSpider-4) unsupported operand type(s) for +: 'NoneType' and 'str'
[2018-10-14 19:28:28] Error when printing
[2018-10-14 19:28:30] (NewsSpider-3) unsupported operand type(s) for +: 'NoneType' and 'str'
[2018-10-14 19:28:30] Error when printing
[2018-10-14 19:28:33] (NewsSpider-2) unsupported operand type(s) for +: 'NoneType' and 'str'
[2018-10-14 19:28:33] Error when printing
[2018-10-14 19:28:33] (NewsSpider-5) [Errno 2] No such file or directory: 'articles/articles_solarnovus/Perovskite/CIGS Tandem Solar Cell Sets 22.4% Efficiency Record'
[2018-10-14 19:28:33] Error when printing
[2018-10-14 19:28:34] (NewsSpider-1) unsupported operand type(s) for +: 'NoneType' and 'str'
[2018-10-14 19:28:34] Error when printing
[2018-10-14 19:28:35] (NewsSpider-4) unsupported operand type(s) for +: 'NoneType' and 'str'
[2018-10-14 19:28:35] Error when printing
[2018-10-14 19:28:40] (NewsSpider-2) unsupported operand type(s) for +: 'NoneType' and 'str'
[2018-10-14 19:28:40] Error when printing
[2018-10-14 19:28:42] (NewsSpider-3) unsupported operand type(s) for +: 'NoneType' and 'str'
[2018-10-14 19:28:42] Error when printing
[2018-10-14 19:28:44] (NewsSpider-1) unsupported operand type(s) for +: 'NoneType' and 'str'
[2018-10-14 19:28:44] Error when printing
[2018-10-14 19:28:44] (NewsSpider-4) unsupported operand type(s) for +: 'NoneType' and 'str'
[2018-10-14 19:28:44] Error when printing
[2018-10-14 19:28:46] (NewsSpider-2) unsupported operand type(s) for +: 'NoneType' and 'str'
[2018-10-14 19:28:46] Error when printing
[2018-10-14 19:28:51] (NewsSpider-1) unsupported operand type(s) for +: 'NoneType' and 'str'
[2018-10-14 19:28:51] Error when printing
[2018-10-14 19:28:51] (NewsSpider-3) unsupported operand type(s) for +: 'NoneType' and 'str'
[2018-10-14 19:28:51] Error when printing
[2018-10-14 19:28:52] (NewsSpider-4) unsupported operand type(s) for +: 'NoneType' and 'str'
[2018-10-14 19:28:52] Error when printing
[2018-10-14 19:28:55] (NewsSpider-2) unsupported operand type(s) for +: 'NoneType' and 'str'
[2018-10-14 19:28:55] Error when printing
[2018-10-14 19:28:56] (NewsSpider-1) unsupported operand type(s) for +: 'NoneType' and 'str'
[2018-10-14 19:28:56] Error when printing
[2018-10-14 19:28:59] (NewsSpider-3) unsupported operand type(s) for +: 'NoneType' and 'str'
[2018-10-14 19:28:59] Error when printing
[2018-10-14 19:29:01] (NewsSpider-4) unsupported operand type(s) for +: 'NoneType' and 'str'
[2018-10-14 19:29:01] Error when printing
[2018-10-14 19:29:02] (NewsSpider-2) unsupported operand type(s) for +: 'NoneType' and 'str'
[2018-10-14 19:29:02] Error when printing
[2018-10-14 19:29:06] (NewsSpider-1) unsupported operand type(s) for +: 'NoneType' and 'str'
[2018-10-14 19:29:06] Error when printing
[2018-10-14 19:29:09] (NewsSpider-3) unsupported operand type(s) for +: 'NoneType' and 'str'
[2018-10-14 19:29:09] Error when printing
[2018-10-14 19:29:10] (NewsSpider-2) unsupported operand type(s) for +: 'NoneType' and 'str'
[2018-10-14 19:29:10] Error when printing
[2018-10-14 19:29:10] (NewsSpider-4) unsupported operand type(s) for +: 'NoneType' and 'str'
[2018-10-14 19:29:10] Error when printing
[2018-10-14 19:29:11] (NewsSpider-1) unsupported operand type(s) for +: 'NoneType' and 'str'
[2018-10-14 19:29:11] Error when printing
[2018-10-14 19:29:17] (NewsSpider-4) unsupported operand type(s) for +: 'NoneType' and 'str'
[2018-10-14 19:29:17] Error when printing
[2018-10-14 19:29:17] (NewsSpider-3) unsupported operand type(s) for +: 'NoneType' and 'str'
[2018-10-14 19:29:17] Error when printing
[2018-10-14 19:29:17] (NewsSpider-2) unsupported operand type(s) for +: 'NoneType' and 'str'
[2018-10-14 19:29:17] Error when printing
[2018-10-14 19:29:19] (NewsSpider-1) unsupported operand type(s) for +: 'NoneType' and 'str'
[2018-10-14 19:29:19] Error when printing
[2018-10-14 19:29:24] (NewsSpider-1) unsupported operand type(s) for +: 'NoneType' and 'str'
[2018-10-14 19:29:24] Error when printing
[2018-10-14 19:29:26] (NewsSpider-3) unsupported operand type(s) for +: 'NoneType' and 'str'
[2018-10-14 19:29:26] Error when printing
[2018-10-14 19:29:27] (NewsSpider-4) unsupported operand type(s) for +: 'NoneType' and 'str'
[2018-10-14 19:29:27] Error when printing
[2018-10-14 19:29:27] (NewsSpider-2) unsupported operand type(s) for +: 'NoneType' and 'str'
[2018-10-14 19:29:27] Error when printing
[2018-10-14 19:29:33] (NewsSpider-3) unsupported operand type(s) for +: 'NoneType' and 'str'
[2018-10-14 19:29:33] Error when printing
[2018-10-14 19:29:33] (NewsSpider-1) unsupported operand type(s) for +: 'NoneType' and 'str'
[2018-10-14 19:29:33] Error when printing
[2018-10-14 19:29:34] (NewsSpider-4) unsupported operand type(s) for +: 'NoneType' and 'str'
[2018-10-14 19:29:34] Error when printing
[2018-10-14 19:29:34] (NewsSpider-2) unsupported operand type(s) for +: 'NoneType' and 'str'
[2018-10-14 19:29:34] Error when printing
[2018-10-14 19:29:40] (NewsSpider-3) unsupported operand type(s) for +: 'NoneType' and 'str'
[2018-10-14 19:29:40] Error when printing
[2018-10-14 19:29:41] (NewsSpider-2) unsupported operand type(s) for +: 'NoneType' and 'str'
[2018-10-14 19:29:41] Error when printing
[2018-10-14 19:29:42] (NewsSpider-4) unsupported operand type(s) for +: 'NoneType' and 'str'
[2018-10-14 19:29:42] Error when printing
[2018-10-14 19:29:42] (NewsSpider-1) unsupported operand type(s) for +: 'NoneType' and 'str'
[2018-10-14 19:29:42] Error when printing
[2018-10-14 19:29:45] (NewsSpider-4) unsupported operand type(s) for +: 'NoneType' and 'str'
[2018-10-14 19:29:45] Error when printing
[2018-10-14 19:29:48] (NewsSpider-3) unsupported operand type(s) for +: 'NoneType' and 'str'
[2018-10-14 19:29:48] Error when printing
[2018-10-14 19:29:48] (NewsSpider-1) unsupported operand type(s) for +: 'NoneType' and 'str'
[2018-10-14 19:29:48] Error when printing
[2018-10-14 19:29:49] (NewsSpider-2) unsupported operand type(s) for +: 'NoneType' and 'str'
[2018-10-14 19:29:49] Error when printing
[2018-10-14 19:29:52] (NewsSpider-4) unsupported operand type(s) for +: 'NoneType' and 'str'
[2018-10-14 19:29:52] Error when printing
[2018-10-14 19:29:52] (NewsSpider-3) unsupported operand type(s) for +: 'NoneType' and 'str'
[2018-10-14 19:29:52] Error when printing
[2018-10-14 19:29:53] (NewsSpider-1) unsupported operand type(s) for +: 'NoneType' and 'str'
[2018-10-14 19:29:53] Error when printing
[2018-10-14 19:29:58] (NewsSpider-4) unsupported operand type(s) for +: 'NoneType' and 'str'
[2018-10-14 19:29:58] Error when printing
[2018-10-14 19:29:58] (NewsSpider-2) unsupported operand type(s) for +: 'NoneType' and 'str'
[2018-10-14 19:29:58] Error when printing
[2018-10-14 19:29:58] (NewsSpider-3) unsupported operand type(s) for +: 'NoneType' and 'str'
[2018-10-14 19:29:58] Error when printing
[2018-10-14 19:30:00] (NewsSpider-1) unsupported operand type(s) for +: 'NoneType' and 'str'
[2018-10-14 19:30:00] Error when printing
[2018-10-14 19:30:02] (NewsSpider-4) unsupported operand type(s) for +: 'NoneType' and 'str'
[2018-10-14 19:30:02] Error when printing
[2018-10-14 19:30:07] (NewsSpider-3) unsupported operand type(s) for +: 'NoneType' and 'str'
[2018-10-14 19:30:07] Error when printing
[2018-10-14 19:30:07] (NewsSpider-2) unsupported operand type(s) for +: 'NoneType' and 'str'
[2018-10-14 19:30:07] Error when printing
[2018-10-14 19:30:08] (NewsSpider-4) unsupported operand type(s) for +: 'NoneType' and 'str'
[2018-10-14 19:30:08] Error when printing
[2018-10-14 19:30:09] (NewsSpider-1) unsupported operand type(s) for +: 'NoneType' and 'str'
[2018-10-14 19:30:09] Error when printing
[2018-10-14 19:30:12] (NewsSpider-2) unsupported operand type(s) for +: 'NoneType' and 'str'
[2018-10-14 19:30:12] Error when printing
[2018-10-14 19:30:12] (NewsSpider-3) unsupported operand type(s) for +: 'NoneType' and 'str'
[2018-10-14 19:30:12] Error when printing
[2018-10-14 19:30:13] (NewsSpider-4) unsupported operand type(s) for +: 'NoneType' and 'str'
[2018-10-14 19:30:13] Error when printing
[2018-10-14 19:30:14] (NewsSpider-1) unsupported operand type(s) for +: 'NoneType' and 'str'
[2018-10-14 19:30:14] Error when printing
[2018-10-14 19:30:15] (NewsSpider-3) unsupported operand type(s) for +: 'NoneType' and 'str'
[2018-10-14 19:30:15] Error when printing
[2018-10-14 19:30:16] (NewsSpider-2) unsupported operand type(s) for +: 'NoneType' and 'str'
[2018-10-14 19:30:16] Error when printing
[2018-10-14 19:30:17] (NewsSpider-4) unsupported operand type(s) for +: 'NoneType' and 'str'
[2018-10-14 19:30:17] Error when printing
[2018-10-14 19:30:19] (NewsSpider-1) unsupported operand type(s) for +: 'NoneType' and 'str'
[2018-10-14 19:30:19] Error when printing
[2018-10-14 19:30:21] (NewsSpider-4) unsupported operand type(s) for +: 'NoneType' and 'str'
[2018-10-14 19:30:21] Error when printing
[2018-10-14 19:30:22] (NewsSpider-3) unsupported operand type(s) for +: 'NoneType' and 'str'
[2018-10-14 19:30:22] Error when printing
[2018-10-14 19:30:23] (NewsSpider-2) unsupported operand type(s) for +: 'NoneType' and 'str'
[2018-10-14 19:30:23] Error when printing
[2018-10-14 19:30:24] (NewsSpider-1) unsupported operand type(s) for +: 'NoneType' and 'str'
[2018-10-14 19:30:24] Error when printing
[2018-10-14 19:30:26] (NewsSpider-3) unsupported operand type(s) for +: 'NoneType' and 'str'
[2018-10-14 19:30:26] Error when printing
[2018-10-14 19:30:27] (NewsSpider-4) unsupported operand type(s) for +: 'NoneType' and 'str'
[2018-10-14 19:30:27] Error when printing
[2018-10-14 19:30:29] (NewsSpider-2) unsupported operand type(s) for +: 'NoneType' and 'str'
[2018-10-14 19:30:29] Error when printing
[2018-10-14 19:30:29] (NewsSpider-1) unsupported operand type(s) for +: 'NoneType' and 'str'
[2018-10-14 19:30:29] Error when printing
[2018-10-14 19:30:30] (NewsSpider-3) unsupported operand type(s) for +: 'NoneType' and 'str'
[2018-10-14 19:30:30] Error when printing
[2018-10-14 19:30:34] (NewsSpider-2) unsupported operand type(s) for +: 'NoneType' and 'str'
[2018-10-14 19:30:34] Error when printing
[2018-10-14 19:30:34] (NewsSpider-4) unsupported operand type(s) for +: 'NoneType' and 'str'
[2018-10-14 19:30:34] Error when printing
[2018-10-14 19:30:37] (NewsSpider-3) unsupported operand type(s) for +: 'NoneType' and 'str'
[2018-10-14 19:30:37] Error when printing
[2018-10-14 19:30:37] (NewsSpider-1) unsupported operand type(s) for +: 'NoneType' and 'str'
[2018-10-14 19:30:37] Error when printing
[2018-10-14 19:30:39] (NewsSpider-2) unsupported operand type(s) for +: 'NoneType' and 'str'
[2018-10-14 19:30:39] Error when printing
[2018-10-14 19:30:40] (NewsSpider-4) unsupported operand type(s) for +: 'NoneType' and 'str'
[2018-10-14 19:30:40] Error when printing
[2018-10-14 19:30:41] (NewsSpider-1) unsupported operand type(s) for +: 'NoneType' and 'str'
[2018-10-14 19:30:41] Error when printing
[2018-10-14 19:30:41] (NewsSpider-3) unsupported operand type(s) for +: 'NoneType' and 'str'
[2018-10-14 19:30:41] Error when printing
[2018-10-14 19:30:45] (NewsSpider-1) unsupported operand type(s) for +: 'NoneType' and 'str'
[2018-10-14 19:30:45] Error when printing
[2018-10-14 19:30:47] (NewsSpider-4) unsupported operand type(s) for +: 'NoneType' and 'str'
[2018-10-14 19:30:47] Error when printing
[2018-10-14 19:30:47] (NewsSpider-3) unsupported operand type(s) for +: 'NoneType' and 'str'
[2018-10-14 19:30:47] Error when printing
[2018-10-14 19:30:47] (NewsSpider-2) unsupported operand type(s) for +: 'NoneType' and 'str'
[2018-10-14 19:30:47] Error when printing
[2018-10-14 19:30:49] (NewsSpider-1) unsupported operand type(s) for +: 'NoneType' and 'str'
[2018-10-14 19:30:49] Error when printing
[2018-10-14 19:30:50] (NewsSpider-2) unsupported operand type(s) for +: 'NoneType' and 'str'
[2018-10-14 19:30:50] Error when printing
[2018-10-14 19:30:53] (NewsSpider-3) unsupported operand type(s) for +: 'NoneType' and 'str'
[2018-10-14 19:30:53] Error when printing
[2018-10-14 19:30:53] (NewsSpider-4) unsupported operand type(s) for +: 'NoneType' and 'str'
[2018-10-14 19:30:53] Error when printing
[2018-10-14 19:30:55] (NewsSpider-1) unsupported operand type(s) for +: 'NoneType' and 'str'
[2018-10-14 19:30:55] Error when printing
[2018-10-14 19:30:56] (NewsSpider-2) unsupported operand type(s) for +: 'NoneType' and 'str'
[2018-10-14 19:30:56] Error when printing
[2018-10-14 19:30:56] (NewsSpider-3) unsupported operand type(s) for +: 'NoneType' and 'str'
[2018-10-14 19:30:56] Error when printing
[2018-10-14 19:30:58] (NewsSpider-1) unsupported operand type(s) for +: 'NoneType' and 'str'
[2018-10-14 19:30:58] Error when printing
[2018-10-14 19:30:58] (NewsSpider-4) unsupported operand type(s) for +: 'NoneType' and 'str'
[2018-10-14 19:30:58] Error when printing
[2018-10-14 19:31:00] (NewsSpider-3) unsupported operand type(s) for +: 'NoneType' and 'str'
[2018-10-14 19:31:00] Error when printing
[2018-10-14 19:31:00] (NewsSpider-2) unsupported operand type(s) for +: 'NoneType' and 'str'Exception in thread NewsSpider-5:
Traceback (most recent call last):
  File "/usr/lib/python3.5/threading.py", line 914, in _bootstrap_inner
    self.run()
  File "/usr/lib/python3.5/threading.py", line 862, in run
    self._target(*self._args, **self._kwargs)
  File "news_spider.py", line 168, in run
    self.crawl(thread_name, article, stat, mutex_store_article, storage_type, storage_des, enable_cache, config_args)
  File "news_spider.py", line 142, in crawl
    mutex_store_article.release()
RuntimeError: release unlocked lock

Exception in thread NewsSpider-3:
Traceback (most recent call last):
  File "/usr/lib/python3.5/threading.py", line 914, in _bootstrap_inner
    self.run()
  File "/usr/lib/python3.5/threading.py", line 862, in run
    self._target(*self._args, **self._kwargs)
  File "news_spider.py", line 168, in run
    self.crawl(thread_name, article, stat, mutex_store_article, storage_type, storage_des, enable_cache, config_args)
  File "news_spider.py", line 142, in crawl
    mutex_store_article.release()
RuntimeError: release unlocked lock


[2018-10-14 19:31:00] Error when printing
[2018-10-14 19:31:01] (NewsSpider-1) unsupported operand type(s) for +: 'NoneType' and 'str'
[2018-10-14 19:31:01] Error when printing
[2018-10-14 19:31:02] (NewsSpider-4) unsupported operand type(s) for +: 'NoneType' and 'str'
[2018-10-14 19:31:02] Error when printing
[2018-10-14 19:31:04] (NewsSpider-2) unsupported operand type(s) for +: 'NoneType' and 'str'
[2018-10-14 19:31:04] Error when printing
[2018-10-14 19:31:04] (NewsSpider-3) unsupported operand type(s) for +: 'NoneType' and 'str'
[2018-10-14 19:31:04] Error when printing
[2018-10-14 19:31:04] (NewsSpider-1) unsupported operand type(s) for +: 'NoneType' and 'str'
[2018-10-14 19:31:04] Error when printing
[2018-10-14 19:31:05] (NewsSpider-4) unsupported operand type(s) for +: 'NoneType' and 'str'
[2018-10-14 19:31:05] Error when printing
[2018-10-14 19:31:08] (NewsSpider-1) unsupported operand type(s) for +: 'NoneType' and 'str'
[2018-10-14 19:31:08] Error when printing
[2018-10-14 19:31:08] (NewsSpider-3) unsupported operand type(s) for +: 'NoneType' and 'str'
[2018-10-14 19:31:08] Error when printing
[2018-10-14 19:31:09] (NewsSpider-2) unsupported operand type(s) for +: 'NoneType' and 'str'
[2018-10-14 19:31:09] Error when printing
[2018-10-14 19:31:10] (NewsSpider-4) unsupported operand type(s) for +: 'NoneType' and 'str'
[2018-10-14 19:31:10] Error when printing
[2018-10-14 19:31:11] (NewsSpider-2) unsupported operand type(s) for +: 'NoneType' and 'str'
[2018-10-14 19:31:11] Error when printing
[2018-10-14 19:31:14] (NewsSpider-2) unsupported operand type(s) for +: 'NoneType' and 'str'
[2018-10-14 19:31:14] Error when printing
[2018-10-14 19:31:14] (NewsSpider-1) unsupported operand type(s) for +: 'NoneType' and 'str'
[2018-10-14 19:31:14] Error when printing
[2018-10-14 19:31:14] (NewsSpider-3) unsupported operand type(s) for +: 'NoneType' and 'str'
[2018-10-14 19:31:14] Error when printing
[2018-10-14 19:31:15] (NewsSpider-4) unsupported operand type(s) for +: 'NoneType' and 'str'
[2018-10-14 19:31:15] Error when printing
[2018-10-14 19:31:16] (NewsSpider-2) unsupported operand type(s) for +: 'NoneType' and 'str'
[2018-10-14 19:31:16] Error when printing
[2018-10-14 19:31:17] (NewsSpider-3) unsupported operand type(s) for +: 'NoneType' and 'str'
[2018-10-14 19:31:17] Error when printing
[2018-10-14 19:31:18] (NewsSpider-4) unsupported operand type(s) for +: 'NoneType' and 'str'
[2018-10-14 19:31:18] Error when printing
[2018-10-14 19:31:19] (NewsSpider-1) unsupported operand type(s) for +: 'NoneType' and 'str'
[2018-10-14 19:31:19] Error when printing
[2018-10-14 19:31:20] (NewsSpider-3) [Errno 2] No such file or directory: 'articles/articles_solarnovus/Perovskite/CIGS Tandem Solar Cell Sets 22.4% Efficiency Record'
[2018-10-14 19:31:20] Error when printing
[2018-10-14 19:31:21] (NewsSpider-2) unsupported operand type(s) for +: 'NoneType' and 'str'
[2018-10-14 19:31:21] Error when printing
[2018-10-14 19:31:23] (NewsSpider-4) unsupported operand type(s) for +: 'NoneType' and 'str'
[2018-10-14 19:31:23] Error when printing
[2018-10-14 19:31:23] (NewsSpider-1) unsupported operand type(s) for +: 'NoneType' and 'str'
[2018-10-14 19:31:23] Error when printing
[2018-10-14 19:31:25] (NewsSpider-2) unsupported operand type(s) for +: 'NoneType' and 'str'
[2018-10-14 19:31:25] Error when printing
[2018-10-14 19:31:26] (NewsSpider-4) unsupported operand type(s) for +: 'NoneType' and 'str'
[2018-10-14 19:31:26] Error when printing
[2018-10-14 19:31:27] (NewsSpider-1) unsupported operand type(s) for +: 'NoneType' and 'str'
[2018-10-14 19:31:27] Error when printing
[2018-10-14 19:31:29] (NewsSpider-2) unsupported operand type(s) for +: 'NoneType' and 'str'
[2018-10-14 19:31:29] Error when printing
[2018-10-14 19:31:30] (NewsSpider-4) unsupported operand type(s) for +: 'NoneType' and 'str'
[2018-10-14 19:31:30] Error when printing
[2018-10-14 19:31:30] (NewsSpider-1) unsupported operand type(s) for +: 'NoneType' and 'str'
[2018-10-14 19:31:30] Error when printing
[2018-10-14 19:31:31] (NewsSpider-2) unsupported operand type(s) for +: 'NoneType' and 'str'
[2018-10-14 19:31:31] Error when printing
[2018-10-14 19:31:33] (NewsSpider-1) unsupported operand type(s) for +: 'NoneType' and 'str'
[2018-10-14 19:31:33] Error when printing
[2018-10-14 19:31:33] (NewsSpider-4) unsupported operand type(s) for +: 'NoneType' and 'str'
[2018-10-14 19:31:33] Error when printing
[2018-10-14 19:31:34] (NewsSpider-2) unsupported operand type(s) for +: 'NoneType' and 'str'
[2018-10-14 19:31:34] Error when printing
[2018-10-14 19:31:36] (NewsSpider-1) unsupported operand type(s) for +: 'NoneType' and 'str'
[2018-10-14 19:31:36] Error when printing
[2018-10-14 19:31:37] (NewsSpider-4) unsupported operand type(s) for +: 'NoneType' and 'str'
[2018-10-14 19:31:37] Error when printing
[2018-10-14 19:31:38] (NewsSpider-2) unsupported operand type(s) for +: 'NoneType' and 'str'
[2018-10-14 19:31:38] Error when printing
[2018-10-14 19:31:39] (NewsSpider-1) unsupported operand type(s) for +: 'NoneType' and 'str'
[2018-10-14 19:31:39] Error when printing
[2018-10-14 19:31:39] (NewsSpider-2) unsupported operand type(s) for +: 'NoneType' and 'str'
[2018-10-14 19:31:39] Error when printing
[2018-10-14 19:31:40] (NewsSpider-4) unsupported operand type(s) for +: 'NoneType' and 'str'
[2018-10-14 19:31:40] Error when printing
[2018-10-14 19:31:41] (NewsSpider-1) unsupported operand type(s) for +: 'NoneType' and 'str'
[2018-10-14 19:31:41] Error when printing
[2018-10-14 19:31:41] (NewsSpider-2) unsupported operand type(s) for +: 'NoneType' and 'str'
[2018-10-14 19:31:41] Error when printing
[2018-10-14 19:31:43] ========== (NewsSpider-2) Thread END ==========
[2018-10-14 19:31:43] (NewsSpider-1) unsupported operand type(s) for +: 'NoneType' and 'str'
[2018-10-14 19:31:43] Error when printing
[2018-10-14 19:31:43] ========== (NewsSpider-1) Thread END ==========
[2018-10-14 19:31:44] (NewsSpider-4) unsupported operand type(s) for +: 'NoneType' and 'str'
[2018-10-14 19:31:44] Error when printing
[2018-10-14 19:31:45] ========== (NewsSpider-4) Thread END ==========
