234->31->22 for http://www.gamefaqs.com
192->6->5 for http://www.gamefaqs.com/xbox360
212->36->29 for http://www.gamefaqs.com/vita
183->6->6 for http://www.gamefaqs.com/gba
248->16->14 for http://www.gamefaqs.com/switch
246->22->18 for http://www.gamefaqs.com/xboxone
185->6->6 for http://www.gamefaqs.com/gamecube
168->15->13 for http://www.gamefaqs.com/answers
189->14->14 for http://www.gamefaqs.com/psp
186->8->8 for http://www.gamefaqs.com/ds
185->9->9 for http://www.gamefaqs.com/n64
203->14->12 for http://www.gamefaqs.com/new
184->3->3 for http://www.gamefaqs.com/genesis
247->20->11 for http://www.gamefaqs.com/ps4
186->7->7 for http://www.gamefaqs.com/snes
203->9->9 for http://www.gamefaqs.com/wii
210->10->8 for http://www.gamefaqs.com/3ds
199->6->6 for http://www.gamefaqs.com/iphone
192->11->10 for http://www.gamefaqs.com/ps3
185->8->8 for http://www.gamefaqs.com/arcade
210->6->5 for http://www.gamefaqs.com/wii-u
194->18->3 for http://www.gamefaqs.com/games
186->8->8 for http://www.gamefaqs.com/ps2
205->11->11 for http://www.gamefaqs.com/community
250->22->20 for http://www.gamefaqs.com/pc
185->8->7 for http://www.gamefaqs.com/ps
186->8->8 for http://www.gamefaqs.com/dreamcast
185->1->1 for http://www.gamefaqs.com/nes
186->7->7 for http://www.gamefaqs.com/xbox
122->0->0 for http://www.gamefaqs.com/contribute
184->6->6 for http://www.gamefaqs.com/android
[2018-10-14 19:28:03] ========== (NewsSpider-1) Start! ==========
[2018-10-14 19:28:03] ========== (NewsSpider-2) Start! ==========
[2018-10-14 19:28:03] ========== (NewsSpider-3) Start! ==========
[2018-10-14 19:28:03] ========== (NewsSpider-4) Start! ==========
[2018-10-14 19:28:03] ========== (NewsSpider-5) Start! ==========
[2018-10-14 19:28:14] (NewsSpider-2) unsupported operand type(s) for +: 'NoneType' and 'str'
[2018-10-14 19:28:14] Error when printing
[2018-10-14 19:28:14] (NewsSpider-4) unsupported operand type(s) for +: 'NoneType' and 'str'
[2018-10-14 19:28:14] Error when printing
[2018-10-14 19:28:14] (NewsSpider-1) unsupported operand type(s) for +: 'NoneType' and 'str'
[2018-10-14 19:28:14] Error when printing
[2018-10-14 19:28:15] (NewsSpider-3) unsupported operand type(s) for +: 'NoneType' and 'str'
[2018-10-14 19:28:15] Error when printing
[2018-10-14 19:28:15] (NewsSpider-5) unsupported operand type(s) for +: 'NoneType' and 'str'
[2018-10-14 19:28:15] Error when printing
[2018-10-14 19:28:24] (NewsSpider-2) unsupported operand type(s) for +: 'NoneType' and 'str'
[2018-10-14 19:28:24] Error when printing
[2018-10-14 19:28:25] (NewsSpider-1) unsupported operand type(s) for +: 'NoneType' and 'str'
[2018-10-14 19:28:25] Error when printing
[2018-10-14 19:28:25] (NewsSpider-3) unsupported operand type(s) for +: 'NoneType' and 'str'
[2018-10-14 19:28:25] Error when printing
[2018-10-14 19:28:26] (NewsSpider-4) unsupported operand type(s) for +: 'NoneType' and 'str'
[2018-10-14 19:28:26] Error when printing
[2018-10-14 19:28:26] (NewsSpider-5) unsupported operand type(s) for +: 'NoneType' and 'str'
[2018-10-14 19:28:26] Error when printing
[2018-10-14 19:28:35] (NewsSpider-3) [Errno 2] No such file or directory: 'articles/articles_gamefaqs/Touhou Soujinengi V: The Genius of Sappheiros / Touhou Genso Maroku W: The Devil of Decline Double Pack for PlayStation 4'
[2018-10-14 19:28:35] Error when printing
[2018-10-14 19:28:35] (NewsSpider-2) unsupported operand type(s) for +: 'NoneType' and 'str'
[2018-10-14 19:28:35] Error when printing
[2018-10-14 19:28:37] (NewsSpider-1) unsupported operand type(s) for +: 'NoneType' and 'str'
[2018-10-14 19:28:37] Error when printing
[2018-10-14 19:28:38] (NewsSpider-5) unsupported operand type(s) for +: 'NoneType' and 'str'
[2018-10-14 19:28:38] Error when printing
[2018-10-14 19:28:42] (NewsSpider-4) unsupported operand type(s) for +: 'NoneType' and 'str'
[2018-10-14 19:28:42] Error when printing
[2018-10-14 19:28:46] (NewsSpider-1) unsupported operand type(s) for +: 'NoneType' and 'str'
[2018-10-14 19:28:46] Error when printing
[2018-10-14 19:28:47] (NewsSpider-2) unsupported operand type(s) for +: 'NoneType' and 'str'
[2018-10-14 19:28:47] Error when printing
[2018-10-14 19:28:50] (NewsSpider-5) unsupported operand type(s) for +: 'NoneType' and 'str'
[2018-10-14 19:28:50] Error when printing
[2018-10-14 19:28:53] (NewsSpider-4) unsupported operand type(s) for +: 'NoneType' and 'str'
[2018-10-14 19:28:53] Error when printing
[2018-10-14 19:28:56] (NewsSpider-1) unsupported operand type(s) for +: 'NoneType' and 'str'
[2018-10-14 19:28:56] Error when printing
[2018-10-14 19:28:56] (NewsSpider-2) unsupported operand type(s) for +: 'NoneType' and 'str'
[2018-10-14 19:28:56] Error when printing
[2018-10-14 19:29:00] (NewsSpider-5) unsupported operand type(s) for +: 'NoneType' and 'str'
[2018-10-14 19:29:00] Error when printing
[2018-10-14 19:29:04] (NewsSpider-4) unsupported operand type(s) for +: 'NoneType' and 'str'
[2018-10-14 19:29:04] Error when printing
[2018-10-14 19:29:06] (NewsSpider-2) unsupported operand type(s) for +: 'NoneType' and 'str'
[2018-10-14 19:29:06] Error when printing
[2018-10-14 19:29:07] (NewsSpider-1) unsupported operand type(s) for +: 'NoneType' and 'str'
[2018-10-14 19:29:07] Error when printing
[2018-10-14 19:29:10] (NewsSpider-5) [Errno 2] No such file or directory: 'articles/articles_gamefaqs/Resonance of Fate 4K / HD Edtion for PlayStation 4'
[2018-10-14 19:29:10] Error when printing
[2018-10-14 19:29:12] (NewsSpider-4) unsupported operand type(s) for +: 'NoneType' and 'str'
[2018-10-14 19:29:12] Error when printing
[2018-10-14 19:29:13] (NewsSpider-1) unsupported operand type(s) for +: 'NoneType' and 'str'
[2018-10-14 19:29:13] Error when printing
[2018-10-14 19:29:13] (NewsSpider-2) unsupported operand type(s) for +: 'NoneType' and 'str'
[2018-10-14 19:29:13] Error when printing
[2018-10-14 19:29:21] (NewsSpider-2) unsupported operand type(s) for +: 'NoneType' and 'str'
[2018-10-14 19:29:21] Error when printing
[2018-10-14 19:29:21] (NewsSpider-4) unsupported operand type(s) for +: 'NoneType' and 'str'
[2018-10-14 19:29:21] Error when printing
[2018-10-14 19:29:22] (NewsSpider-1) unsupported operand type(s) for +: 'NoneType' and 'str'
[2018-10-14 19:29:22] Error when printing
[2018-10-14 19:29:29] (NewsSpider-2) unsupported operand type(s) for +: 'NoneType' and 'str'
[2018-10-14 19:29:29] Error when printing
[2018-10-14 19:29:29] (NewsSpider-1) unsupported operand type(s) for +: 'NoneType' and 'str'
[2018-10-14 19:29:29] Error when printing
[2018-10-14 19:29:30] (NewsSpider-4) unsupported operand type(s) for +: 'NoneType' and 'str'
[2018-10-14 19:29:30] Error when printing
[2018-10-14 19:29:36] (NewsSpider-2) unsupported operand type(s) for +: 'NoneType' and 'str'
[2018-10-14 19:29:36] Error when printing
[2018-10-14 19:29:36] (NewsSpider-1) unsupported operand type(s) for +: 'NoneType' and 'str'
[2018-10-14 19:29:36] Error when printing
[2018-10-14 19:29:37] (NewsSpider-4) unsupported operand type(s) for +: 'NoneType' and 'str'
[2018-10-14 19:29:37] Error when printing
[2018-10-14 19:29:43] (NewsSpider-2) unsupported operand type(s) for +: 'NoneType' and 'str'
[2018-10-14 19:29:43] Error when printing
[2018-10-14 19:29:43] (NewsSpider-4) unsupported operand type(s) for +: 'NoneType' and 'str'
[2018-10-14 19:29:43] Error when printing
[2018-10-14 19:29:44] (NewsSpider-1) unsupported operand type(s) for +: 'NoneType' and 'str'
[2018-10-14 19:29:44] Error when printing
[2018-10-14 19:29:49] (NewsSpider-2) unsupported operand type(s) for +: 'NoneType' and 'str'
[2018-10-14 19:29:49] Error when printing
[2018-10-14 19:29:51] (NewsSpider-1) unsupported operand type(s) for +: 'NoneType' and 'str'
[2018-10-14 19:29:51] Error when printing
[2018-10-14 19:29:52] (NewsSpider-4) unsupported operand type(s) for +: 'NoneType' and 'str'
[2018-10-14 19:29:52] Error when printing
[2018-10-14 19:29:59] (NewsSpider-2) unsupported operand type(s) for +: 'NoneType' and 'str'
[2018-10-14 19:29:59] Error when printing
[2018-10-14 19:29:59] (NewsSpider-1) unsupported operand type(s) for +: 'NoneType' and 'str'
[2018-10-14 19:29:59] Error when printing
[2018-10-14 19:30:00] (NewsSpider-4) unsupported operand type(s) for +: 'NoneType' and 'str'
[2018-10-14 19:30:00] Error when printing
[2018-10-14 19:30:05] (NewsSpider-2) unsupported operand type(s) for +: 'NoneType' and 'str'
[2018-10-14 19:30:05] Error when printing
[2018-10-14 19:30:06] (NewsSpider-1) [Errno 2] No such file or directory: 'articles/articles_gamefaqs/Dragon Ball: Xenoverse / Dragon Ball: Xenoverse 2 for PlayStation 4'
[2018-10-14 19:30:06] Error when printing
[2018-10-14 19:30:08] (NewsSpider-4) unsupported operand type(s) for +: 'NoneType' and 'str'
[2018-10-14 19:30:08] Error when printing
[2018-10-14 19:30:12] (NewsSpider-2) unsupported operand type(s) for +: 'NoneType' and 'str'
[2018-10-14 19:30:12] Error when printing
[2018-10-14 19:30:16] (NewsSpider-4) unsupported operand type(s) for +: 'NoneType' and 'str'
[2018-10-14 19:30:16] Error when printing
[2018-10-14 19:30:19] (NewsSpider-2) unsupported operand type(s) for +: 'NoneType' and 'str'
[2018-10-14 19:30:19] Error when printing
[2018-10-14 19:30:21] (NewsSpider-4) unsupported operand type(s) for +: 'NoneType' and 'str'
[2018-10-14 19:30:21] Error when printing
[2018-10-14 19:30:26] (NewsSpider-2) unsupported operand type(s) for +: 'NoneType' and 'str'
[2018-10-14 19:30:26] Error when printing
[2018-10-14 19:30:27] (NewsSpider-4) unsupported operand type(s) for +: 'NoneType' and 'str'
[2018-10-14 19:30:27] Error when printing
[2018-10-14 19:30:30] (NewsSpider-2) unsupported operand type(s) for +: 'NoneType' and 'str'
[2018-10-14 19:30:30] Error when printing
[2018-10-14 19:30:34] (NewsSpider-4) unsupported operand type(s) for +: 'NoneType' and 'str'
[2018-10-14 19:30:34] Error when printing
[2018-10-14 19:30:37] (NewsSpider-2) unsupported operand type(s) for +: 'NoneType' and 'str'Exception in thread NewsSpider-3:
Traceback (most recent call last):
  File "/usr/lib/python3.5/threading.py", line 914, in _bootstrap_inner
    self.run()
  File "/usr/lib/python3.5/threading.py", line 862, in run
    self._target(*self._args, **self._kwargs)
  File "news_spider.py", line 168, in run
    self.crawl(thread_name, article, stat, mutex_store_article, storage_type, storage_des, enable_cache, config_args)
  File "news_spider.py", line 142, in crawl
    mutex_store_article.release()
RuntimeError: release unlocked lock

Exception in thread NewsSpider-5:
Traceback (most recent call last):
  File "/usr/lib/python3.5/threading.py", line 914, in _bootstrap_inner
    self.run()
  File "/usr/lib/python3.5/threading.py", line 862, in run
    self._target(*self._args, **self._kwargs)
  File "news_spider.py", line 168, in run
    self.crawl(thread_name, article, stat, mutex_store_article, storage_type, storage_des, enable_cache, config_args)
  File "news_spider.py", line 142, in crawl
    mutex_store_article.release()
RuntimeError: release unlocked lock

Exception in thread NewsSpider-1:
Traceback (most recent call last):
  File "/usr/lib/python3.5/threading.py", line 914, in _bootstrap_inner
    self.run()
  File "/usr/lib/python3.5/threading.py", line 862, in run
    self._target(*self._args, **self._kwargs)
  File "news_spider.py", line 168, in run
    self.crawl(thread_name, article, stat, mutex_store_article, storage_type, storage_des, enable_cache, config_args)
  File "news_spider.py", line 142, in crawl
    mutex_store_article.release()
RuntimeError: release unlocked lock

Exception in thread NewsSpider-2:
Traceback (most recent call last):
  File "/usr/lib/python3.5/threading.py", line 914, in _bootstrap_inner
    self.run()
  File "/usr/lib/python3.5/threading.py", line 862, in run
    self._target(*self._args, **self._kwargs)
  File "news_spider.py", line 168, in run
    self.crawl(thread_name, article, stat, mutex_store_article, storage_type, storage_des, enable_cache, config_args)
  File "news_spider.py", line 142, in crawl
    mutex_store_article.release()
RuntimeError: release unlocked lock

Exception in thread NewsSpider-4:
Traceback (most recent call last):
  File "/usr/lib/python3.5/threading.py", line 914, in _bootstrap_inner
    self.run()
  File "/usr/lib/python3.5/threading.py", line 862, in run
    self._target(*self._args, **self._kwargs)
  File "news_spider.py", line 168, in run
    self.crawl(thread_name, article, stat, mutex_store_article, storage_type, storage_des, enable_cache, config_args)
  File "news_spider.py", line 142, in crawl
    mutex_store_article.release()
RuntimeError: release unlocked lock


[2018-10-14 19:30:37] Error when printing
[2018-10-14 19:30:40] (NewsSpider-4) unsupported operand type(s) for +: 'NoneType' and 'str'
[2018-10-14 19:30:40] Error when printing
[2018-10-14 19:30:44] (NewsSpider-2) unsupported operand type(s) for +: 'NoneType' and 'str'
[2018-10-14 19:30:44] Error when printing
[2018-10-14 19:30:45] (NewsSpider-4) unsupported operand type(s) for +: 'NoneType' and 'str'
[2018-10-14 19:30:45] Error when printing
[2018-10-14 19:30:49] (NewsSpider-2) unsupported operand type(s) for +: 'NoneType' and 'str'
[2018-10-14 19:30:49] Error when printing
[2018-10-14 19:30:50] (NewsSpider-4) unsupported operand type(s) for +: 'NoneType' and 'str'
[2018-10-14 19:30:50] Error when printing
[2018-10-14 19:30:53] (NewsSpider-2) unsupported operand type(s) for +: 'NoneType' and 'str'
[2018-10-14 19:30:53] Error when printing
[2018-10-14 19:30:56] (NewsSpider-4) unsupported operand type(s) for +: 'NoneType' and 'str'
[2018-10-14 19:30:56] Error when printing
[2018-10-14 19:30:58] (NewsSpider-2) unsupported operand type(s) for +: 'NoneType' and 'str'
[2018-10-14 19:30:58] Error when printing
[2018-10-14 19:31:02] (NewsSpider-4) unsupported operand type(s) for +: 'NoneType' and 'str'
[2018-10-14 19:31:02] Error when printing
[2018-10-14 19:31:03] (NewsSpider-2) [Errno 2] No such file or directory: 'articles/articles_gamefaqs/Final Fantasy X / X-2 HD Remaster for PlayStation 3'
[2018-10-14 19:31:03] Error when printing
[2018-10-14 19:31:04] (NewsSpider-4) [Errno 2] No such file or directory: 'articles/articles_gamefaqs/Dragon Ball FighterZ / Dragon Ball: Xenoverse 2 for PlayStation 4'
[2018-10-14 19:31:04] Error when printing
