116->33->16 for http://www.businessinsider.com
135->46->15 for http://www.businessinsider.com/politics
417->270->107 for https://it.businessinsider.com
54->0->0 for http://intelligence.businessinsider.com
116->33->0 for https://www.businessinsider.com
402->0->0 for https://www.businessinsider.in
161->70->28 for https://www.businessinsider.sg
112->32->13 for http://www.businessinsider.com/sai
315->12->8 for https://www.businessinsider.com.pl
162->70->29 for https://www.businessinsider.my
116->33->0 for https://www.businessinsider.de
240->0->0 for https://www.businessinsider.jp
91->40->28 for https://www.businessinsider.com.au
808->708->354 for https://nordic.businessinsider.com
143->52->23 for http://www.businessinsider.com/prime
141->57->27 for https://www.businessinsider.fr
86->0->0 for http://www.businessinsider.com/all
153->54->19 for http://www.businessinsider.com/thelife
256->75->30 for http://markets.businessinsider.com
68->0->0 for http://www.businessinsider.com/disclaimer
116->33->0 for https://uk.businessinsider.com
147->50->22 for http://www.businessinsider.com/warroom
83->21->11 for https://www.businessinsider.co.za
181->92->41 for https://www.businessinsider.es
116->33->0 for http://www.businessinsider.com
281->50->46 for https://www.businessinsider.nl
166->64->19 for http://www.businessinsider.com/clusterstock
[2018-10-14 19:27:49] ========== (NewsSpider-1) Start! ==========
[2018-10-14 19:27:49] ========== (NewsSpider-2) Start! ==========
[2018-10-14 19:27:49] ========== (NewsSpider-3) Start! ==========
[2018-10-14 19:27:50] ========== (NewsSpider-4) Start! ==========
[2018-10-14 19:27:50] ========== (NewsSpider-5) Start! ==========
[2018-10-14 19:27:57] (NewsSpider-5) (1/835) Crawling and storing DONE - The scariest parts of the new climate change report: The goals the world set are inadequate, and the track we're on is disastrous
[2018-10-14 19:27:57] Error when printing
[2018-10-14 19:27:57] (NewsSpider-1) unsupported operand type(s) for +: 'NoneType' and 'str'
[2018-10-14 19:27:57] Error when printing
[2018-10-14 19:28:03] (NewsSpider-4) (2/835) Crawling and storing DONE - 'SNL' spoofs Kanye West's bizarre Oval Office meeting with Trump
[2018-10-14 19:28:03] Error when printing
[2018-10-14 19:28:03] (NewsSpider-2) (3/835) Crawling and storing DONE - Los 5 mejores cursos para aprender sobre inteligencia artificial
[2018-10-14 19:28:03] (NewsSpider-1) (4/835) Crawling and storing DONE - Mind-blowing pictures show what it's like to cook outside in one of the coldest places on Earth
[2018-10-14 19:28:03] Error when printing
[2018-10-14 19:28:10] (NewsSpider-4) (5/835) Crawling and storing DONE - A writer named on a Google spreadsheet of media men accused of sexual misconduct is suing the woman who created it
[2018-10-14 19:28:11] (NewsSpider-1) (6/835) Crawling and storing DONE - President Trump calls Princess Eugenie 'a truly beautiful bride' who has 'been through so much' 2 days after her wedding
[2018-10-14 19:28:11] Error when printing
[2018-10-14 19:28:11] (NewsSpider-5) (7/835) Crawling and storing DONE - Bank of America shares its investing playbook for raking in profits as stocks make a comeback
[2018-10-14 19:28:14] (NewsSpider-2) (8/835) Crawling and storing DONE - The top 12 venture-capital firms making deals in the booming cannabis industry that's set to skyrocket to $75 billion
[2018-10-14 19:28:14] Error when printing
[2018-10-14 19:28:23] (NewsSpider-2) (9/835) Crawling and storing DONE - 'Leave me alone': Mike Pence's wife reportedly refused to kiss him after Trump won
[2018-10-14 19:28:23] Error when printing
[2018-10-14 19:28:30] (NewsSpider-1) (10/835) Crawling and storing DONE - Stocks swing between gains and losses after Wall Street's worst day in 8 months
[2018-10-14 19:28:30] Error when printing
[2018-10-14 19:28:31] (NewsSpider-3) (11/835) Crawling and storing DONE - Michael Kors agrees to buy Versace
[2018-10-14 19:28:33] (NewsSpider-5) (12/835) Crawling and storing DONE - A Finnish startup has created a fully biodegradable packaging alternative to help reduce the 8 billion tonnes of plastic we use worldwide
[2018-10-14 19:28:38] (NewsSpider-2) (13/835) Crawling and storing DONE - In Cina i campi di dentenzione (che ufficialmente non esistono) diventano legali
[2018-10-14 19:28:39] (NewsSpider-4) unsupported operand type(s) for +: 'NoneType' and 'str'
[2018-10-14 19:28:39] Error when printing
[2018-10-14 19:28:40] (NewsSpider-3) (14/835) Crawling and storing DONE - 'Shark Tank' star and real-estate mogul Barbara Corcoran is coming to IGNITION 2018 to discuss her extraordinary career
[2018-10-14 19:28:40] Error when printing
[2018-10-14 19:28:42] (NewsSpider-5) (15/835) Crawling and storing DONE - The most popular Halloween candy in every US state
[2018-10-14 19:28:44] (NewsSpider-2) unsupported operand type(s) for +: 'NoneType' and 'str'
[2018-10-14 19:28:44] Error when printing
[2018-10-14 19:28:44] (NewsSpider-1) (16/835) Crawling and storing DONE - 'If you get to 700, 750, we'll cut your mortgage costs a little bit': JPMorgan is working on ways to reward you for improving your credit score, and it may be the future of consumer finance
[2018-10-14 19:28:44] Error when printing
[2018-10-14 19:28:48] (NewsSpider-4) (17/835) Crawling and storing DONE - A former Googler and Facebook exec shares the first thing you should do when you start a new job
[2018-10-14 19:28:51] (NewsSpider-2) (18/835) Crawling and storing DONE - Lo Spotify dei vestiti: paghi una tariffa fissa e puoi prendere tutti i vestiti che vuoi
[2018-10-14 19:28:54] (NewsSpider-3) (19/835) Crawling and storing DONE - The 20 richest billionaires who own sports teams
[2018-10-14 19:28:59] (NewsSpider-5) (20/835) Crawling and storing DONE - Watch this industrial robot turn into a ballet dancer in ground-breaking performance in Stockholm
[2018-10-14 19:29:03] (NewsSpider-4) (21/835) Crawling and storing DONE - How to move to Canada and become a Canadian citizen
[2018-10-14 19:29:04] (NewsSpider-3) (22/835) Crawling and storing DONE - The wife of the missing Interpol president says her husband sent her an image of a knife as a danger signal
[2018-10-14 19:29:06] (NewsSpider-5) (23/835) Crawling and storing DONE - Kate Middleton had a slight wardrobe malfunction at Princess Eugenie's wedding and handled it like a total pro
[2018-10-14 19:29:06] Error when printing
[2018-10-14 19:29:07] (NewsSpider-2) (24/835) Crawling and storing DONE - Birth control app Natural Cycles is in trouble after misleading people with claims it is 'highly accurate'
[2018-10-14 19:29:07] Error when printing
[2018-10-14 19:29:10] (NewsSpider-4) (25/835) Crawling and storing DONE - An ex-Googler who was part of a Noble Peace Prize-nominated project wants to reinvent the photography market
[2018-10-14 19:29:11] (NewsSpider-3) (26/835) Crawling and storing DONE - A former Navy SEAL commander says you can't be a great leader without knowing when to be a follower
[2018-10-14 19:29:11] Error when printing
[2018-10-14 19:29:11] (NewsSpider-2) (27/835) Crawling and storing DONE - This court case could hand Theresa May the power to stop Brexit
[2018-10-14 19:29:11] (NewsSpider-5) (28/835) Crawling and storing DONE - Adidas CEO explains why the company's relationship with Amazon can be a 'battle'
[2018-10-14 19:29:11] Error when printing
[2018-10-14 19:29:17] (NewsSpider-4) (29/835) Crawling and storing DONE - The New York City Police Department employs an elite bee cop with his own hive atop a precinct. Take a look.
[2018-10-14 19:29:18] (NewsSpider-1) (30/835) Crawling and storing DONE - The Magic Leap Con
[2018-10-14 19:29:18] (NewsSpider-5) (31/835) Crawling and storing DONE - Kids as young as 7 are finding ingenious ways around Apple's screen time controls
[2018-10-14 19:29:18] Error when printing
[2018-10-14 19:29:19] (NewsSpider-2) (32/835) Crawling and storing DONE - Conor McGregor and Khabib Nurmagomedov to be suspended for post-fight brawl
[2018-10-14 19:29:19] (NewsSpider-3) (33/835) Crawling and storing DONE - 'There's no teeth': Here's why a push to self-regulate the crypto industry won't stamp out fraud
[2018-10-14 19:29:19] Error when printing
[2018-10-14 19:29:24] (NewsSpider-5) (34/835) Crawling and storing DONE - Princess Eugenie's second dress for her wedding reception broke with a royal tradition followed by both Meghan Markle and Kate Middleton
[2018-10-14 19:29:24] Error when printing
[2018-10-14 19:29:26] (NewsSpider-3) (35/835) Crawling and storing DONE - Zara has a fleet of secret stores where it plots how to get you to spend more money and win the fast-fashion arms race
[2018-10-14 19:29:29] (NewsSpider-4) (36/835) Crawling and storing DONE - The Bill and Melinda Gates Foundation says there's opportunity in these 13 areas to make the world better
[2018-10-14 19:29:29] Error when printing
[2018-10-14 19:29:29] (NewsSpider-1) (37/835) Crawling and storing DONE - Esto es lo que le pasa a tu cuerpo y tu cerebro cuando te haces vegano
[2018-10-14 19:29:32] (NewsSpider-3) (38/835) Crawling and storing DONE - It's time for better capitalism
[2018-10-14 19:29:32] Error when printing
[2018-10-14 19:29:36] (NewsSpider-2) (39/835) Crawling and storing DONE - Omarosa Manigault admits that her startling remarks about Trump's enemies 'was stupid'
[2018-10-14 19:29:36] Error when printing
[2018-10-14 19:29:37] (NewsSpider-5) (40/835) Crawling and storing DONE - One in seven IKEA employees accept offer to quit
[2018-10-14 19:29:38] (NewsSpider-3) (41/835) Crawling and storing DONE - 'I'm going to stomp all over your face with golf spikes': Pennsylvania gubernatorial candidate appears to threaten his opponent in Facebook video rant
[2018-10-14 19:29:38] Error when printing
[2018-10-14 19:29:40] (NewsSpider-1) (42/835) Crawling and storing DONE - JetBlue will sell you $31 one-way tickets on select routes for one day only
[2018-10-14 19:29:41] (NewsSpider-2) (43/835) Crawling and storing DONE - Paul Romer and William Nordhaus win the 2018 Nobel Prize in economics
[2018-10-14 19:29:41] (NewsSpider-4) (44/835) Crawling and storing DONE - Sugar cookies inspired by 'Elf' are now a thing and people are seriously excited
[2018-10-14 19:29:41] Error when printing
[2018-10-14 19:29:44] (NewsSpider-5) (45/835) Crawling and storing DONE - Companies like IKEA and Accenture are following in Google's footsteps to stay ahead of the curve
[2018-10-14 19:29:44] Error when printing
[2018-10-14 19:29:44] (NewsSpider-1) (46/835) Crawling and storing DONE - Theresa May given until Monday to change her Brexit plan or suffer Cabinet walkouts
[2018-10-14 19:29:47] (NewsSpider-4) (47/835) Crawling and storing DONE - Barclays to challenge Goldman in digital-only bank market: FT
[2018-10-14 19:29:49] (NewsSpider-2) (48/835) Crawling and storing DONE - The iPhone XR is coming soon: Here are 9 reasons you should buy it instead of an iPhone XS or XS Max
[2018-10-14 19:29:53] (NewsSpider-3) (49/835) Crawling and storing DONE - 5 errori comuni che possono farvi perdere tempo ai controlli in aeroporto
[2018-10-14 19:29:56] (NewsSpider-2) (50/835) Crawling and storing DONE - La musica al tempo dello streaming: le top10 di brani e artisti dopo 10 anni di Spotify
[2018-10-14 19:29:56] (NewsSpider-5) (51/835) Crawling and storing DONE - Amazon uses a fake name from the TV show 'Seinfeld' to hide a secret data center in Virginia, according to WikiLeaks
[2018-10-14 19:29:56] Error when printing
[2018-10-14 19:30:00] (NewsSpider-2) (52/835) Crawling and storing DONE - MAS tightens for the second time this year with eye on trade risks
[2018-10-14 19:30:01] (NewsSpider-1) (53/835) Crawling and storing DONE - Melania Trump says the message on her controversial 'I really don't care, do u?' jacket was meant for 'the left-wing media who are criticizing me'
[2018-10-14 19:30:01] Error when printing
[2018-10-14 19:30:01] (NewsSpider-4) (54/835) Crawling and storing DONE - RANKED: The 50 cheapest Michelin-starred meals in the world
[2018-10-14 19:30:07] (NewsSpider-1) (55/835) Crawling and storing DONE - Beurspaniek: waarom de dollar geen veilige haven is bij de huidige marktonrust
[2018-10-14 19:30:07] (NewsSpider-3) unsupported operand type(s) for +: 'NoneType' and 'str'
[2018-10-14 19:30:07] Error when printing
[2018-10-14 19:30:07] (NewsSpider-5) (56/835) Crawling and storing DONE - IKEA, H&M and Nokia dominate the ranking of the 20 most valuable brands in the Nordics
[2018-10-14 19:30:11] (NewsSpider-1) (57/835) Crawling and storing DONE - Emmanuel Macron e Mark Rutte fanno le prove per un cartello elettorale comune alle Europee
[2018-10-14 19:30:12] (NewsSpider-5) (58/835) Crawling and storing DONE - Prince Harry's ex-girlfriend Cressida Bonas attended Princess Eugenie's wedding in a blue velvet dress that looks a lot like one Kate Middleton wore
[2018-10-14 19:30:12] Error when printing
[2018-10-14 19:30:13] (NewsSpider-2) (59/835) Crawling and storing DONE - This 'Game of Thrones' themed hotel is made entirely of snow and ice
[2018-10-14 19:30:13] Error when printing
[2018-10-14 19:30:17] (NewsSpider-5) (60/835) Crawling and storing DONE - Jon Gruden is reportedly set to start a 'fire sale' in Oakland and trade away 2 more top players
[2018-10-14 19:30:17] Error when printing
[2018-10-14 19:30:18] (NewsSpider-3) (61/835) Crawling and storing DONE - Bob Woodward says journalists should use even more anonymous sourcing and shares the best advice he got after Watergate
[2018-10-14 19:30:18] (NewsSpider-1) (62/835) Crawling and storing DONE - All the 2018 Emmy nominees, with 'Game of Thrones' and Netflix leading the pack
[2018-10-14 19:30:18] Error when printing
[2018-10-14 19:30:22] (NewsSpider-3) (63/835) Crawling and storing DONE - Kanye West mysteriously quits social media amid backlash over his pro-Trump SNL rant and plan to amend the 13th amendment
[2018-10-14 19:30:23] (NewsSpider-1) (64/835) Crawling and storing DONE - The cofounder of Refinery29 explains how she built a global media brand that reaches 425 million people a year
[2018-10-14 19:30:25] (NewsSpider-2) (65/835) Crawling and storing DONE - 'Everybody's going to have a lot of losers': Most biotech investors are getting burned even as fledgling companies are raising money hand-over-fist
[2018-10-14 19:30:25] Error when printing
[2018-10-14 19:30:25] (NewsSpider-4) (66/835) Crawling and storing DONE - Hoax alert: The latest spammy viral Facebook post warns users about account 'cloning'
[2018-10-14 19:30:25] Error when printing
[2018-10-14 19:30:27] (NewsSpider-5) (67/835) Crawling and storing DONE - One of Vladimir Putin's most prominent critics was released from jail, arrested on his way out, and sentenced to another 20 days in detention
[2018-10-14 19:30:27] Error when printing
[2018-10-14 19:30:28] (NewsSpider-3) (68/835) Crawling and storing DONE - Saudi Arabia rejects Trump's threats of punishment over Khashoggi row as its market tanks 6.8%
[2018-10-14 19:30:28] Error when printing
[2018-10-14 19:30:29] (NewsSpider-1) unsupported operand type(s) for +: 'NoneType' and 'str'
[2018-10-14 19:30:29] Error when printing
[2018-10-14 19:30:32] (NewsSpider-3) (69/835) Crawling and storing DONE - This court case could hand Theresa May the power to stop Brexit
[2018-10-14 19:30:34] (NewsSpider-1) (70/835) Crawling and storing DONE - Ford may be taking a hit, but a Lincoln exec reveals a bright spot in the company's future
[2018-10-14 19:30:34] Error when printing
[2018-10-14 19:30:35] (NewsSpider-3) (71/835) Crawling and storing DONE - Billionaire AOL cofounder Steve Case says we're at the start of the internet's third wave, and he's laying the groundwork to benefit from it
[2018-10-14 19:30:35] Error when printing
[2018-10-14 19:30:36] (NewsSpider-4) (72/835) Crawling and storing DONE - Faraday Future is trying to cancel a $2 billion investment as it reportedly struggles to pay suppliers
[2018-10-14 19:30:37] (NewsSpider-2) (73/835) Crawling and storing DONE - These are the biggest clothing companies in America
[2018-10-14 19:30:37] (NewsSpider-5) (74/835) Crawling and storing DONE - Zo blijf je zelf griepvrij, als je zorgt voor een zieke in je huis
[2018-10-14 19:30:41] (NewsSpider-3) (75/835) Crawling and storing DONE - Hillary Clinton: My husband's relationship with Monica Lewinsky was not an abuse of power
[2018-10-14 19:30:41] Error when printing
[2018-10-14 19:30:44] (NewsSpider-2) (76/835) Crawling and storing DONE - Apple buys music analytics company Asaii: Axios
[2018-10-14 19:30:47] (NewsSpider-3) (77/835) Crawling and storing DONE - Melania Trump responds to Donald Trump's fiery tweets in revealing interview
[2018-10-14 19:30:47] Error when printing
[2018-10-14 19:30:47] (NewsSpider-4) (78/835) Crawling and storing DONE - An acclaimed American charity working with girls was secretly committing acts of sexual abuse
[2018-10-14 19:30:49] (NewsSpider-1) (79/835) Crawling and storing DONE - Amazon built an AI tool to hire people but had to shut it down because it was discriminating against women
[2018-10-14 19:30:52] (NewsSpider-3) (80/835) Crawling and storing DONE - Saudi Arabia takes a page out of Putin's playbook with a baffling response to Khashoggi disappearance
[2018-10-14 19:30:52] Error when printing
[2018-10-14 19:30:52] (NewsSpider-5) (81/835) Crawling and storing DONE - 'Shark Tank' star and real-estate mogul Barbara Corcoran is coming to IGNITION 2018 to discuss her extraordinary career
[2018-10-14 19:30:52] Error when printing
[2018-10-14 19:30:54] (NewsSpider-1) unsupported operand type(s) for +: 'NoneType' and 'str'
[2018-10-14 19:30:54] Error when printing
[2018-10-14 19:30:56] (NewsSpider-5) (82/835) Crawling and storing DONE - I spent 10 years planning to become CEO, but I never got the job until I changed my perspective completely
[2018-10-14 19:30:58] (NewsSpider-4) (83/835) Crawling and storing DONE - One of California's most famous surf towns is threatened by rising sea levels that could overtake beaches and million-dollar homes
[2018-10-14 19:30:58] Error when printing
[2018-10-14 19:31:00] (NewsSpider-3) (84/835) Crawling and storing DONE - Here are IKEA's secrets to keeping its prices so low
[2018-10-14 19:31:00] Error when printing
[2018-10-14 19:31:01] (NewsSpider-2) (85/835) Crawling and storing DONE - Prince's estate is asking Donald Trump to 'cease all use' of his music at his rallies
[2018-10-14 19:31:01] Error when printing
[2018-10-14 19:31:01] (NewsSpider-5) (86/835) Crawling and storing DONE - Still not sure what mirrorless cameras are? Here's how they compare to DSLRs
[2018-10-14 19:31:01] Error when printing
[2018-10-14 19:31:04] (NewsSpider-2) (87/835) Crawling and storing DONE - Fans tell us how they think Rick will leave 'The Walking Dead' and they're divided
[2018-10-14 19:31:04] Error when printing
[2018-10-14 19:31:06] (NewsSpider-4) (88/835) Crawling and storing DONE - Tutti i pro e i contro della manovra economica di Salvini e Di Maio
[2018-10-14 19:31:09] (NewsSpider-2) (89/835) Crawling and storing DONE - Sweden axes 'world's most democratic Twitter account'
[2018-10-14 19:31:09] Error when printing
[2018-10-14 19:31:09] (NewsSpider-5) (90/835) Crawling and storing DONE - Trump's unusual Fed bashing raises the stakes of a policy blunder that damages the economy
[2018-10-14 19:31:09] Error when printing
[2018-10-14 19:31:10] (NewsSpider-3) (91/835) Crawling and storing DONE - Joe Biden leads a wide field of Democratic contenders for the 2020 presidential election, according to new CNN poll
[2018-10-14 19:31:12] (NewsSpider-1) (92/835) Crawling and storing DONE - 11 things you should never do at a costume store during Halloween
[2018-10-14 19:31:12] (NewsSpider-2) (93/835) Crawling and storing DONE - The legendary economist who predicted the housing crisis says the US will win the trade war
[2018-10-14 19:31:17] (NewsSpider-2) (94/835) Crawling and storing DONE - It looks like China just laid out how it wants Google to help it persecute its Muslim minority
[2018-10-14 19:31:19] (NewsSpider-4) (95/835) Crawling and storing DONE - This speculative SpaceX timeline reveals roughly when, where, and how Elon Musk plans to colonize Mars
[2018-10-14 19:31:19] (NewsSpider-5) (96/835) Crawling and storing DONE - LEGO goes sustainable with blocks made from sugarcane
[2018-10-14 19:31:23] (NewsSpider-4) (97/835) Crawling and storing DONE - Le premier incident de la capsule Soyouz depuis 35 ans signifie que les 3 astronautes actuellement en mission sur l'ISS ne savent pas encore exactement quand ils reviendront sur Terre
[2018-10-14 19:31:23] Error when printing
[2018-10-14 19:31:25] (NewsSpider-3) (98/835) Crawling and storing DONE - Italy's stocks are in bear market territory as the global market rout reignites budget crisis fears
[2018-10-14 19:31:25] Error when printing
[2018-10-14 19:31:28] (NewsSpider-2) unsupported operand type(s) for +: 'NoneType' and 'str'
[2018-10-14 19:31:28] Error when printing
[2018-10-14 19:31:28] (NewsSpider-1) (99/835) Crawling and storing DONE - How To Fix A 'CPU Temperature Error' When Your Computer Gets Too Hot
[2018-10-14 19:31:28] Error when printing
[2018-10-14 19:31:28] (NewsSpider-3) (100/835) Crawling and storing DONE - 9 Reasons It Might Be Time To Switch To Microsoft Edge
[2018-10-14 19:31:28] (NewsSpider-4) (101/835) Crawling and storing DONE - BHP is about to receive a $15 billion cash windfall -- here's what global investors think the company should do with it
[2018-10-14 19:31:28] Error when printing
[2018-10-14 19:31:30] (NewsSpider-3) (102/835) Crawling and storing DONE - Legalized weed could be the boost beverage giants like Coke and Pepsi need as Americans ditch sugary sodas
[2018-10-14 19:31:30] (NewsSpider-4) (103/835) Crawling and storing DONE - THE BIG ONE: Trump slams China with tariffs on $200 billion worth of goods, taking the trade war to the next level
[2018-10-14 19:31:32] (NewsSpider-5) (104/835) Crawling and storing DONE - Zo zorg je ervoor dat mensen je binnen 4 seconden mogen
[2018-10-14 19:31:32] (NewsSpider-1) (105/835) Crawling and storing DONE - How to move to Canada and become a Canadian citizen
[2018-10-14 19:31:33] (NewsSpider-5) (106/835) Crawling and storing DONE - All the best hats from Princess Eugenie's royal wedding
[2018-10-14 19:31:33] Error when printing
[2018-10-14 19:31:34] (NewsSpider-4) (107/835) Crawling and storing DONE - The CEO of Nasdaq took a project at age 28 that taught her 2 lessons and changed the way she shaped her career
[2018-10-14 19:31:34] (NewsSpider-2) unsupported operand type(s) for +: 'NoneType' and 'str'
[2018-10-14 19:31:34] Error when printing
[2018-10-14 19:31:34] (NewsSpider-3) (108/835) Crawling and storing DONE - Walmart and PayPal are joining forces to help some of the most vulnerable Americans manage their money
[2018-10-14 19:31:37] (NewsSpider-1) (109/835) Crawling and storing DONE - Talk Amongst Yourselves
[2018-10-14 19:31:37] (NewsSpider-5) (110/835) Crawling and storing DONE - Facebook says it hasn't seen any evidence that the hackers used stolen keys to access users' Tinder, Spotify, or Instagram accounts
[2018-10-14 19:31:37] Error when printing
[2018-10-14 19:31:39] (NewsSpider-4) (111/835) Crawling and storing DONE - Elon Musk says it's time to create a 'mecha' or giant fighting anime robot
[2018-10-14 19:31:39] Error when printing
[2018-10-14 19:31:39] (NewsSpider-5) (112/835) Crawling and storing DONE - Why global markets are collapsing right now, and who you should blame for it
[2018-10-14 19:31:41] (NewsSpider-3) (113/835) Crawling and storing DONE - A $736 billion investor that survived the stock-market crash of a lifetime has 3 simple pieces of advice for everyone who's just starting out
[2018-10-14 19:31:41] Error when printing
[2018-10-14 19:31:41] (NewsSpider-1) (114/835) Crawling and storing DONE - Dit Sloveense bedrijf verkoopt jarretelgordels voor mannen, zodat je overhemd altijd in je broek blijft
[2018-10-14 19:31:41] (NewsSpider-4) (115/835) Crawling and storing DONE - Brett Kavanaugh's Yale classmate claims Kavanaugh told different story about virginity in college than in Fox News interview
[2018-10-14 19:31:41] Error when printing
[2018-10-14 19:31:42] (NewsSpider-2) (116/835) Crawling and storing DONE - The US Army, Navy, and Air Force are teaming up to field unstoppable hypersonic weapons to take on China and Russia
[2018-10-14 19:31:42] (NewsSpider-5) (117/835) Crawling and storing DONE - Questi due esercizi fisici mantengono giovane e in forma il tuo cervello secondo diversi studi scientifici
[2018-10-14 19:31:43] (NewsSpider-1) (118/835) Crawling and storing DONE - 16 termen uit de mannenmode die je niet kent uitgelegd
[2018-10-14 19:31:45] (NewsSpider-5) (119/835) Crawling and storing DONE - Danske Bank could be fined $8 billion after its huge money laundering scandal, analysts say
[2018-10-14 19:31:45] (NewsSpider-3) unsupported operand type(s) for +: 'NoneType' and 'str'
[2018-10-14 19:31:45] Error when printing
[2018-10-14 19:31:45] (NewsSpider-2) (120/835) Crawling and storing DONE - Bill and Melinda Gates are backing a new tool that lets you type in any illness symptoms and learn what's ailing you
[2018-10-14 19:31:45] Error when printing
[2018-10-14 19:31:45] (NewsSpider-4) (121/835) Crawling and storing DONE - Richard Branson and Virgin Group are cutting ties with the Saudi Government after the disappearance of Jamal Khashoggi
[2018-10-14 19:31:48] (NewsSpider-1) (122/835) Crawling and storing DONE - 13 surprising things you never knew about MTV's 'The Challenge'
[2018-10-14 19:31:48] Error when printing
[2018-10-14 19:31:49] (NewsSpider-2) (123/835) Crawling and storing DONE - Over 300 reindeer were struck by lightning in the same spot in Norway, and their carcasses have had a surprising effect on the landscape
[2018-10-14 19:31:49] (NewsSpider-4) (124/835) Crawling and storing DONE - 12 times Princess Charlotte and Prince George stole the show at Princess Eugenie's wedding
[2018-10-14 19:31:49] Error when printing
[2018-10-14 19:31:52] (NewsSpider-4) (125/835) Crawling and storing DONE - Treasury Secretary Mnuchin will attend 'Davos in the Desert' in Saudi Arabia despite CEOs ditching the conference after the disappearance of journalist Jamal Khashoggi
[2018-10-14 19:31:52] Error when printing
[2018-10-14 19:31:52] (NewsSpider-3) (126/835) Crawling and storing DONE - Billionaire investor Steve Case said a book he read in 1980 set him on the path to founding AOL, and it still influences him today
[2018-10-14 19:31:53] (NewsSpider-2) (127/835) Crawling and storing DONE - Google took a savage swipe at cryptocurrency in an advert for its new Pixel 3 phone
[2018-10-14 19:31:53] (NewsSpider-2) (128/835) Crawling and storing DONE - These photos show how your face changes from 7 a.m. to 7 p.m.
[2018-10-14 19:31:55] (NewsSpider-1) (129/835) Crawling and storing DONE - Still not sure what mirrorless cameras are? Here's how they compare to DSLRs
[2018-10-14 19:31:55] Error when printing
[2018-10-14 19:31:55] (NewsSpider-5) (130/835) Crawling and storing DONE - The huge hack affecting 30 million people came at the worst possible time for Facebook
[2018-10-14 19:31:56] (NewsSpider-4) (131/835) Crawling and storing DONE - Friend of disappeared journalist Khashoggi says Saudi Arabia likely took Trump's anti-media rhetoric to heart
[2018-10-14 19:31:56] Error when printing
[2018-10-14 19:32:00] (NewsSpider-4) (132/835) Crawling and storing DONE - Meghan Markle wore a surprisingly low-key dress to Princess Eugenie's wedding, and it was totally different from Kate Middleton's approach
[2018-10-14 19:32:00] Error when printing
[2018-10-14 19:32:00] (NewsSpider-2) (133/835) Crawling and storing DONE - The 11 new cars people most regularly ditch after just one year of ownership
[2018-10-14 19:32:02] (NewsSpider-3) (134/835) Crawling and storing DONE - Here's how Google's new $150 Home Hub compares to the Amazon Echo Show
[2018-10-14 19:32:02] Error when printing
[2018-10-14 19:32:04] (NewsSpider-5) unsupported operand type(s) for +: 'NoneType' and 'str'
[2018-10-14 19:32:04] Error when printing
[2018-10-14 19:32:05] (NewsSpider-2) (135/835) Crawling and storing DONE - The Audi e-tron all-electric SUV is here, and it may have just eaten Tesla's lunch
[2018-10-14 19:32:05] Error when printing
[2018-10-14 19:32:06] (NewsSpider-3) (136/835) Crawling and storing DONE - How To Switch From Machines To Free Weights
[2018-10-14 19:32:08] (NewsSpider-1) (137/835) Crawling and storing DONE - Startups are on the brink of solving one of the biggest problems with shopping online
[2018-10-14 19:32:08] (NewsSpider-5) (138/835) Crawling and storing DONE - 22 astounding facts about the moon landing from 'First Man' that are actually true
[2018-10-14 19:32:08] Error when printing
[2018-10-14 19:32:09] (NewsSpider-2) (139/835) Crawling and storing DONE - Meghan Markle's makeup artist reveals his beauty secrets
[2018-10-14 19:32:09] Error when printing
[2018-10-14 19:32:10] (NewsSpider-1) (140/835) Crawling and storing DONE - Police say a man shot his cousin over salt and vinegar potato chips: 'Do not touch my chips, or I'll shoot you'
[2018-10-14 19:32:10] Error when printing
[2018-10-14 19:32:11] (NewsSpider-2) (141/835) Crawling and storing DONE - Richard Branson tells Elon Musk to stop tweeting and get some more sleep
[2018-10-14 19:32:13] (NewsSpider-3) (142/835) Crawling and storing DONE - Minimal emission housing is the Finnish journey to a zero-emission future
[2018-10-14 19:32:14] (NewsSpider-5) unsupported operand type(s) for +: 'NoneType' and 'str'
[2018-10-14 19:32:14] Error when printing
[2018-10-14 19:32:14] (NewsSpider-4) (143/835) Crawling and storing DONE - There May Still Be Hope For NASA's Sleeping Opportunity Rover
[2018-10-14 19:32:14] Error when printing
[2018-10-14 19:32:15] (NewsSpider-2) unsupported operand type(s) for +: 'NoneType' and 'str'
[2018-10-14 19:32:15] Error when printing
[2018-10-14 19:32:16] (NewsSpider-4) (144/835) Crawling and storing DONE - Bitcoin 101: Your essential guide to cryptocurrency
[2018-10-14 19:32:17] (NewsSpider-3) (145/835) Crawling and storing DONE - Leaked Andreessen Horowitz data reveals how much Silicon Valley startups pay for talent
[2018-10-14 19:32:18] (NewsSpider-3) (146/835) Crawling and storing DONE - Il rialzo tassi della Fed sta facendo scoppiare la bolla dei bond ad alto rendimento europei
[2018-10-14 19:32:18] (NewsSpider-5) (147/835) Crawling and storing DONE - If you're constantly on the search for headphones that deliver enough bass, your search is over
[2018-10-14 19:32:18] Error when printing
[2018-10-14 19:32:18] (NewsSpider-1) (148/835) Crawling and storing DONE - These photos show women fighters from around the world in frontline combat jobs
[2018-10-14 19:32:18] (NewsSpider-3) (149/835) Crawling and storing DONE - I cofounded Harry's and Warby Parker. Here's the best advice I can give you about raising money.
[2018-10-14 19:32:18] Error when printing
[2018-10-14 19:32:19] (NewsSpider-4) (150/835) Crawling and storing DONE - Melania addresses President Trump's alleged infidelities in lengthy interview: 'It is not concern and focus of mine'
[2018-10-14 19:32:19] Error when printing
[2018-10-14 19:32:21] (NewsSpider-1) (151/835) Crawling and storing DONE - Hoe kies je de beste zakelijke smartphone die zijn geld waard is?
[2018-10-14 19:32:21] (NewsSpider-3) (152/835) Crawling and storing DONE - It looks like China just laid out how it wants Google to help it persecute its Muslim minority
[2018-10-14 19:32:22] (NewsSpider-5) (153/835) Crawling and storing DONE - Here is the polygraph test Christine Blasey Ford took following her sexual assault allegations against Brett Kavanaugh
[2018-10-14 19:32:24] (NewsSpider-5) (154/835) Crawling and storing DONE - IKEA is following in Costco's footsteps and adding a vegan option to its food-court menu. Here's the verdict.
[2018-10-14 19:32:24] Error when printing
[2018-10-14 19:32:24] (NewsSpider-4) (155/835) Crawling and storing DONE - 13 preguntas que se hacen en una entrevista de trabajo para descubrir tu personalidad
[2018-10-14 19:32:24] (NewsSpider-2) unsupported operand type(s) for +: 'NoneType' and 'str'
[2018-10-14 19:32:24] Error when printing
[2018-10-14 19:32:25] (NewsSpider-4) (156/835) Crawling and storing DONE - Tech billionaires Marc Benioff and Jack Dorsey are clashing over a key law that could seriously impact the San Francisco homelessness crisis
[2018-10-14 19:32:25] (NewsSpider-3) (157/835) Crawling and storing DONE - Amazon reportedly wants to be one of the largest convenience chains in America with 3,000 cashierless stores
[2018-10-14 19:32:26] (NewsSpider-4) (158/835) Crawling and storing DONE - Trump says Mattis is 'sort of a Democrat' and that the defense secretary 'may leave' the administration
[2018-10-14 19:32:26] Error when printing
[2018-10-14 19:32:27] (NewsSpider-3) (159/835) Crawling and storing DONE - Forget owning a sports team: Rich people are snapping up race horses for up to $2.4 million, and they'll probably never get that money back
[2018-10-14 19:32:27] Error when printing
[2018-10-14 19:32:27] (NewsSpider-1) (160/835) Crawling and storing DONE - North Carolina pastor detained in Turkey for two years on terrorism and espionage charges has been released by a Turkish court
[2018-10-14 19:32:29] (NewsSpider-2) (161/835) Crawling and storing DONE - 6 business gurus, startup founders and tech CEOs reveal their best advice to a 20-year-old self
[2018-10-14 19:32:30] (NewsSpider-4) (162/835) Crawling and storing DONE - Apple, Waymo, and even Amazon will have a huge advantage against Tesla in the race to launch self-driving taxis, one Wall Street analyst says
[2018-10-14 19:32:30] (NewsSpider-1) (163/835) Crawling and storing DONE - La fortuna del fundador de Alibaba crece un 35%, pero sigue por debajo de Jeff Bezos
[2018-10-14 19:32:31] (NewsSpider-4) (164/835) Crawling and storing DONE - A former Googler and Facebook exec says your parents' career path is just about dead, and there's a better way to move up in the world
[2018-10-14 19:32:31] Error when printing
[2018-10-14 19:32:32] (NewsSpider-2) (165/835) Crawling and storing DONE - Companies are sticking to a practice that Warren Buffett and other business titans warn is damaging the economy
[2018-10-14 19:32:32] (NewsSpider-1) (166/835) Crawling and storing DONE - Sei cose che dovreste sempre tenere sulla scrivania
[2018-10-14 19:32:33] (NewsSpider-2) (167/835) Crawling and storing DONE - 'We needed to re-educate the market on Hulu': The video streaming provider's CMO explains why it needed a refresh
[2018-10-14 19:32:33] Error when printing
[2018-10-14 19:32:34] (NewsSpider-3) unsupported operand type(s) for +: 'NoneType' and 'str'
[2018-10-14 19:32:34] Error when printing
[2018-10-14 19:32:36] (NewsSpider-1) (168/835) Crawling and storing DONE - The CEO of the biggest cannabis company in the US reveals what's next following a $682 million acquisition
[2018-10-14 19:32:36] Error when printing
[2018-10-14 19:32:38] (NewsSpider-4) (169/835) Crawling and storing DONE - 9 belangrijke dingen die zich nu afspelen in de wereld
[2018-10-14 19:32:38] (NewsSpider-2) (170/835) Crawling and storing DONE - The 21-year-old who built a robot lawyer to fight parking tickets has a new tool to help you automatically sue companies who get hacked
[2018-10-14 19:32:38] (NewsSpider-3) unsupported operand type(s) for +: 'NoneType' and 'str'
[2018-10-14 19:32:38] Error when printing
[2018-10-14 19:32:39] (NewsSpider-1) (171/835) Crawling and storing DONE - Princess Eugenie's wedding dress combined elements of Meghan Markle's and Kate Middleton's, but it had one major difference
[2018-10-14 19:32:39] Error when printing
[2018-10-14 19:32:41] (NewsSpider-2) (172/835) Crawling and storing DONE - 10 things in tech you need to know today
[2018-10-14 19:32:43] (NewsSpider-4) unsupported operand type(s) for +: 'NoneType' and 'str'
[2018-10-14 19:32:43] Error when printing
[2018-10-14 19:32:44] (NewsSpider-5) (173/835) Crawling and storing DONE - What to do when game-changing technology is coming to steamroll your business, by an executive who lived it firsthand
[2018-10-14 19:32:46] (NewsSpider-4) (174/835) Crawling and storing DONE - Bill Gates, Jeff Bezos, and other billionaires are betting on a bacteria that could change the way we grow food
[2018-10-14 19:32:47] (NewsSpider-2) (175/835) Crawling and storing DONE - Democrats are embracing a radical change to US healthcare, and it could be the defining political fight for years to come
[2018-10-14 19:32:47] (NewsSpider-3) (176/835) Crawling and storing DONE - Trump says Mattis is 'sort of a Democrat' and that the defense secretary 'may leave' the administration
[2018-10-14 19:32:47] Error when printing
[2018-10-14 19:32:49] (NewsSpider-2) (177/835) Crawling and storing DONE - This mysterious website charges you 99 cents to see who else has paid 99 cents
[2018-10-14 19:32:49] (NewsSpider-3) unsupported operand type(s) for +: 'NoneType' and 'str'
[2018-10-14 19:32:49] Error when printing
[2018-10-14 19:32:49] (NewsSpider-4) (178/835) Crawling and storing DONE - 17 actors who went to extreme lengths for roles
[2018-10-14 19:32:51] (NewsSpider-1) (179/835) Crawling and storing DONE - Our 7 best bets for Week 7 of the college football season
[2018-10-14 19:32:51] (NewsSpider-2) (180/835) Crawling and storing DONE - The stock market has given James Bond carmaker Aston Martin a frosty reception
[2018-10-14 19:32:52] (NewsSpider-4) (181/835) Crawling and storing DONE - What 25 highly successful people were doing at age 25
[2018-10-14 19:32:54] (NewsSpider-2) (182/835) Crawling and storing DONE - PewDiePie could be about to lose his King of YouTube crown to a Bollywood production company
[2018-10-14 19:32:54] (NewsSpider-4) (183/835) Crawling and storing DONE - Lonzo Ball forced to cover up tattoo due to NBA rules
[2018-10-14 19:32:55] (NewsSpider-3) (184/835) Crawling and storing DONE - I nuovi sondaggi sulle elezioni di Mid Term: tutto come prima del caso Kavanaugh
[2018-10-14 19:32:56] (NewsSpider-1) (185/835) Crawling and storing DONE - Chinese tech stocks are surging (BABA, NIO, JD, IQ, BILI, HUYA, PDD, BIDU)
[2018-10-14 19:32:59] (NewsSpider-3) (186/835) Crawling and storing DONE - The 10 most important things in the world right now
[2018-10-14 19:32:59] (NewsSpider-1) (187/835) Crawling and storing DONE - The creative accounting that reportedly allowed Jared Kushner to dodge paying income taxes for years is totally legal
[2018-10-14 19:32:59] (NewsSpider-2) (188/835) Crawling and storing DONE - Spotify shared its 10 most popular songs of the summer, and Drake won by a landslide
[2018-10-14 19:33:00] (NewsSpider-4) (189/835) Crawling and storing DONE - 2 major brokerages are suing Goldman Sachs for blocking their clients from investing in IPOs (AMTD)
[2018-10-14 19:33:00] (NewsSpider-5) unsupported operand type(s) for +: 'NoneType' and 'str'
[2018-10-14 19:33:00] Error when printing
[2018-10-14 19:33:01] (NewsSpider-1) (190/835) Crawling and storing DONE - Embraer just revealed a new $21 million private jet with a luxury interior design to remind you of the beaches of Brazil
[2018-10-14 19:33:01] (NewsSpider-3) (191/835) Crawling and storing DONE - Theresa May's government accused of lying about '30 Labour MPs' backing her Brexit deal
[2018-10-14 19:33:01] Error when printing
[2018-10-14 19:33:02] (NewsSpider-5) (192/835) Crawling and storing DONE - Watch: Sweden's Supreme Commander sings an Elvis hit at EuroPride
[2018-10-14 19:33:02] Error when printing
[2018-10-14 19:33:03] (NewsSpider-4) (193/835) Crawling and storing DONE - A school bus carrying 9 children in Orlando crashed into someone's yard and nose-dived into a swimming pool
[2018-10-14 19:33:03] Error when printing
[2018-10-14 19:33:07] (NewsSpider-2) (194/835) Crawling and storing DONE - Nicki Minaj blamed Spotify for her album not reaching No. 1, but the streaming giant dismissed her claims
[2018-10-14 19:33:07] (NewsSpider-4) (195/835) Crawling and storing DONE - Mexico's state-owned oil giant just announced a major discovery that could transform the country's struggling industry
[2018-10-14 19:33:07] Error when printing
[2018-10-14 19:33:07] (NewsSpider-5) (196/835) Crawling and storing DONE - 3 ways a no-deal Brexit would make life harder
[2018-10-14 19:33:09] (NewsSpider-1) (197/835) Crawling and storing DONE - Texas Democrat Beto O'Rourke raised more money than any Senate candidate ever this quarter, but may still lose against Ted Cruz
[2018-10-14 19:33:09] Error when printing
[2018-10-14 19:33:10] (NewsSpider-4) (198/835) Crawling and storing DONE - Facebook just revealed that a huge hack affected 30 million people, and Wall Street doesn't seem to care
[2018-10-14 19:33:10] Error when printing
[2018-10-14 19:33:10] (NewsSpider-5) (199/835) Crawling and storing DONE - The 10 most important things in the world right now
[2018-10-14 19:33:11] (NewsSpider-2) (200/835) Crawling and storing DONE - Tesla has officially filed to trademark Elon Musk's 'Teslaquila' (TSLA)
[2018-10-14 19:33:11] Error when printing
[2018-10-14 19:33:13] (NewsSpider-2) (201/835) Crawling and storing DONE - Former NASA-engineer will sail from Finland to Estonia in solar-powered sauna
[2018-10-14 19:33:16] (NewsSpider-2) (202/835) Crawling and storing DONE - Ford Motor chairman cancels visit to Saudi investor conference
[2018-10-14 19:33:16] (NewsSpider-4) (203/835) Crawling and storing DONE - Kate Middleton wore a hot pink outfit to Princess Eugenie's wedding that was a huge departure from her usual style
[2018-10-14 19:33:16] Error when printing
[2018-10-14 19:33:17] (NewsSpider-1) (204/835) Crawling and storing DONE - Most of the big banks are rallying after JPMorgan, Citigroup, and Wells Fargo kicked off earnings season (JPM, BOA, GS, C, WFC, MS)
[2018-10-14 19:33:19] (NewsSpider-2) (205/835) Crawling and storing DONE - Sirius XM agrees to pay $3.5 billion in stock for Pandora to create the world's largest audio-entertainment company
[2018-10-14 19:33:19] Error when printing
[2018-10-14 19:33:20] (NewsSpider-4) unsupported operand type(s) for +: 'NoneType' and 'str'
[2018-10-14 19:33:20] Error when printing
[2018-10-14 19:33:22] (NewsSpider-5) (206/835) Crawling and storing DONE - 10 things in tech you need to know today
[2018-10-14 19:33:24] (NewsSpider-5) (207/835) Crawling and storing DONE - It looks like the Chinese Navy has a new bomber, and its arsenal of anti-ship missiles could raise the stakes in contested seas
[2018-10-14 19:33:25] (NewsSpider-1) unsupported operand type(s) for +: 'NoneType' and 'str'
[2018-10-14 19:33:25] Error when printing
[2018-10-14 19:33:26] (NewsSpider-2) (208/835) Crawling and storing DONE - The best and worst new fall TV shows, according to critics
[2018-10-14 19:33:26] (NewsSpider-4) unsupported operand type(s) for +: 'NoneType' and 'str'
[2018-10-14 19:33:26] Error when printing
[2018-10-14 19:33:27] (NewsSpider-1) unsupported operand type(s) for +: 'NoneType' and 'str'
[2018-10-14 19:33:27] Error when printing
[2018-10-14 19:33:28] (NewsSpider-3) (209/835) Crawling and storing DONE - A Swedish startup that came up with a clever way of cutting food waste has raised $12 million
[2018-10-14 19:33:29] (NewsSpider-1) (210/835) Crawling and storing DONE - Billionaire investor Steve Case says the failure of the 2000 AOL Time Warner mega merger taught him a crucial lesson about execution
[2018-10-14 19:33:29] (NewsSpider-2) (211/835) Crawling and storing DONE - The one proven thing you can do to get on your boss's good side
[2018-10-14 19:33:29] Error when printing
[2018-10-14 19:33:33] (NewsSpider-2) (212/835) Crawling and storing DONE - 20 clever group Halloween costumes you'll want to wear with your friends
[2018-10-14 19:33:33] Error when printing
[2018-10-14 19:33:33] (NewsSpider-5) (213/835) Crawling and storing DONE - Police say the remains of 11 infants were found in the ceiling of a defunct funeral home in Detroit
[2018-10-14 19:33:34] (NewsSpider-1) (214/835) Crawling and storing DONE - The creative accounting that reportedly allowed Jared Kushner to dodge paying income taxes for years is totally legal
[2018-10-14 19:33:35] (NewsSpider-3) unsupported operand type(s) for +: 'NoneType' and 'str'
[2018-10-14 19:33:35] Error when printing
[2018-10-14 19:33:36] (NewsSpider-3) (215/835) Crawling and storing DONE - 10 things you need to know in markets today
[2018-10-14 19:33:36] (NewsSpider-5) (216/835) Crawling and storing DONE - Hoax alert: The latest spammy viral Facebook post warns users about account 'cloning'
[2018-10-14 19:33:36] Error when printing
[2018-10-14 19:33:36] (NewsSpider-4) (217/835) Crawling and storing DONE - Mediaset, audience in caduta libera: perso un milione di spettatori, il settembre nero del Biscione
[2018-10-14 19:33:36] (NewsSpider-2) unsupported operand type(s) for +: 'NoneType' and 'str'
[2018-10-14 19:33:36] Error when printing
[2018-10-14 19:33:38] (NewsSpider-3) (218/835) Crawling and storing DONE - People at Burning Man are transfixed by a huge, shiny orb created by two Danish star architects
[2018-10-14 19:33:38] (NewsSpider-1) (219/835) Crawling and storing DONE - 51 fotos que muestran las diferencias entre los McDonald's de todo el mundo
[2018-10-14 19:33:38] Error when printing
[2018-10-14 19:33:38] (NewsSpider-5) (220/835) Crawling and storing DONE - The Dow jumps as much as 400 points
[2018-10-14 19:33:40] (NewsSpider-5) (221/835) Crawling and storing DONE - How the researchers who won the Nobel Prize in medicine transformed the way we treat cancer
[2018-10-14 19:33:40] (NewsSpider-2) (222/835) Crawling and storing DONE - Este es el orden correcto para ver las series de Marvel en Netflix
[2018-10-14 19:33:41] (NewsSpider-5) (223/835) Crawling and storing DONE - The best and worst new fall TV shows, according to critics
[2018-10-14 19:33:41] (NewsSpider-1) (224/835) Crawling and storing DONE - *, -, .., filetype: ecc: i trucchi per trovare qualsiasi cosa su Google. Velocemente
[2018-10-14 19:33:42] (NewsSpider-4) unsupported operand type(s) for +: 'NoneType' and 'str'
[2018-10-14 19:33:42] Error when printing
[2018-10-14 19:33:42] (NewsSpider-2) (225/835) Crawling and storing DONE - The 4 movies and TV shows coming to Netflix this week that are worth watching
[2018-10-14 19:33:44] (NewsSpider-3) (226/835) Crawling and storing DONE - The 12 actors behind terrifying movie villains
[2018-10-14 19:33:44] (NewsSpider-1) (227/835) Crawling and storing DONE - The buyer of the $1.4 million Banksy painting that shredded itself has decided to keep her purchase
[2018-10-14 19:33:44] (NewsSpider-4) (228/835) Crawling and storing DONE - One year after Ben McAdoo was ripped for benching Eli Manning the move has proven prophetic
[2018-10-14 19:33:45] (NewsSpider-2) (229/835) Crawling and storing DONE - Watch Amazon warehouse employees go wild as news breaks of the company's new $15 minimum wage
[2018-10-14 19:33:45] Error when printing
[2018-10-14 19:33:45] (NewsSpider-3) (230/835) Crawling and storing DONE - The Finnish AI-driven real estate platform Kodit just raised EUR 1.7 million with its eyes set on European expansion
[2018-10-14 19:33:46] (NewsSpider-5) unsupported operand type(s) for +: 'NoneType' and 'str'
[2018-10-14 19:33:46] Error when printing
[2018-10-14 19:33:49] (NewsSpider-3) (231/835) Crawling and storing DONE - An ex-Googler who was part of a Noble Peace Prize-nominated project wants to reinvent the photography market
[2018-10-14 19:33:51] (NewsSpider-5) (232/835) Crawling and storing DONE - The best value plays in your DraftKings lineup for Week 6 of the NFL season
[2018-10-14 19:33:52] (NewsSpider-2) (233/835) Crawling and storing DONE - Melania Trump dropped a subtle hint about her relationship with Donald Trump in the White House
[2018-10-14 19:33:54] (NewsSpider-1) (234/835) Crawling and storing DONE - THE SEC SUES ELON MUSK, WANTS TO BAR HIM FROM BEING CEO OF A PUBLIC COMPANY
[2018-10-14 19:33:54] (NewsSpider-3) (235/835) Crawling and storing DONE - Here are some of the biggest arguments against Bernie Sanders' 'Medicare for All' plan, which is gaining popularity among Democrats
[2018-10-14 19:33:54] Error when printing
[2018-10-14 19:33:55] (NewsSpider-5) (236/835) Crawling and storing DONE - The company behind the $530 smartphone that's as good as the iPhone will release its first-ever TV
[2018-10-14 19:33:55] Error when printing
[2018-10-14 19:33:56] (NewsSpider-2) (237/835) Crawling and storing DONE - Wikipedia founder Jimmy Wales: There's going to be an 'enormous backlash' against Donald Trump's lies
[2018-10-14 19:33:56] Error when printing
[2018-10-14 19:33:56] (NewsSpider-4) (238/835) Crawling and storing DONE - 30 million Facebook accounts were hacked and people are furious
[2018-10-14 19:33:57] (NewsSpider-1) (239/835) Crawling and storing DONE - Investigators Told Not To Look At Phones With Face ID To Avoid Lock-Out
[2018-10-14 19:33:58] (NewsSpider-3) (240/835) Crawling and storing DONE - Elon Musk just revealed who will fly to the moon on SpaceX's new rocket ship
[2018-10-14 19:33:58] Error when printing
[2018-10-14 19:33:58] (NewsSpider-2) (241/835) Crawling and storing DONE - Trump will reportedly tap DOJ veteran Pat Cipollone to replace Don McGahn as White House counsel as he takes a more combative approach to Mueller
[2018-10-14 19:34:00] (NewsSpider-3) (242/835) Crawling and storing DONE - Ford's sales in China collapsed 43% in September amid Trump's trade war and an economic slowdown
[2018-10-14 19:34:00] Error when printing
[2018-10-14 19:34:01] (NewsSpider-5) (243/835) Crawling and storing DONE - Joe Biden leads a wide field of Democratic contenders for the 2020 presidential election, according to new CNN poll
[2018-10-14 19:34:01] (NewsSpider-1) unsupported operand type(s) for +: 'NoneType' and 'str'
[2018-10-14 19:34:01] Error when printing
[2018-10-14 19:34:02] (NewsSpider-2) (244/835) Crawling and storing DONE - Google Pixel 3, Home Hub et tablette Pixel Slate: voici tout ce que Google vient d'annoncer
[2018-10-14 19:34:02] Error when printing
[2018-10-14 19:34:03] (NewsSpider-4) unsupported operand type(s) for +: 'NoneType' and 'str'
[2018-10-14 19:34:03] Error when printing
[2018-10-14 19:34:04] (NewsSpider-1) (245/835) Crawling and storing DONE - Gundlach says Trump is 'being crazy like a Fox' to blame the Fed for the market sell-off and explains why interest rates will keep rising
[2018-10-14 19:34:04] Error when printing
[2018-10-14 19:34:05] (NewsSpider-2) (246/835) Crawling and storing DONE - Mastercard launches Bill Pay Exchange
[2018-10-14 19:34:05] (NewsSpider-5) unsupported operand type(s) for +: 'NoneType' and 'str'
[2018-10-14 19:34:05] Error when printing
[2018-10-14 19:34:06] (NewsSpider-4) (247/835) Crawling and storing DONE - The American pastor freed from Turkey has arrived in the US and prayed with Trump in Oval Office
[2018-10-14 19:34:07] (NewsSpider-1) (248/835) Crawling and storing DONE - 16 celebrities reveal their favorite junk foods
[2018-10-14 19:34:07] (NewsSpider-2) unsupported operand type(s) for +: 'NoneType' and 'str'
[2018-10-14 19:34:07] Error when printing
[2018-10-14 19:34:08] (NewsSpider-3) (249/835) Crawling and storing DONE - Elon Musk is building a spaceship that's so ambitious, some experts call it 'science fiction.' Here's what SpaceX and its engineers are up against.
[2018-10-14 19:34:08] Error when printing
[2018-10-14 19:34:09] (NewsSpider-5) unsupported operand type(s) for +: 'NoneType' and 'str'
[2018-10-14 19:34:09] Error when printing
[2018-10-14 19:34:10] (NewsSpider-4) (250/835) Crawling and storing DONE - Rockpool Dining Group is the latest high profile restaurant company forced to hand over millions to underpaid staff
[2018-10-14 19:34:10] (NewsSpider-1) Article Not Exists on https://nordic.businessinsider.com/a-22-year-old-finnish-bitcoin-millionaire-lost-a-fortune-in-a-huge-scam-in-thailand--/
[2018-10-14 19:34:10] (NewsSpider-4) (251/835) Crawling and storing DONE - 'Venom' tops the box office for a 2nd consecutive weekend while 'First Man' has a sluggish launch
[2018-10-14 19:34:10] Error when printing
[2018-10-14 19:34:11] (NewsSpider-2) (252/835) Crawling and storing DONE - The meteoric rise of Saudi's powerful Prince Mohammed bin Salman, who is now suspected of ordering the assassination of journalist Jamal Khashoggi
[2018-10-14 19:34:11] Error when printing
[2018-10-14 19:34:11] (NewsSpider-3) (253/835) Crawling and storing DONE - Wall Street bankers are getting paid more than at any time since the financial crisis
[2018-10-14 19:34:14] (NewsSpider-1) (254/835) Crawling and storing DONE - People spent more time playing 'Candy Crush Saga' and 'Clash of Clans' than 'Fortnite' this summer
[2018-10-14 19:34:14] Error when printing
[2018-10-14 19:34:16] (NewsSpider-3) (255/835) Crawling and storing DONE - Hackers stole Facebook information from 29 million people, including phone numbers and birth dates
[2018-10-14 19:34:16] (NewsSpider-5) (256/835) Crawling and storing DONE - Saudi Arabia market tanks up to 7% as the kingdom rejects Trump's threats of punishment over Jamal Khashoggi disappearance
[2018-10-14 19:34:16] Error when printing
[2018-10-14 19:34:18] (NewsSpider-1) (257/835) Crawling and storing DONE - Does Apple Rip People Off On Repairs?
[2018-10-14 19:34:19] (NewsSpider-2) (258/835) Crawling and storing DONE - APPLY NOW: Insider Inc. is hiring an editorial recruiting manager
[2018-10-14 19:34:19] (NewsSpider-4) (259/835) Crawling and storing DONE - 'TOO LATE': 4 charts about the fragility of the markets that ought to make investors scared
[2018-10-14 19:34:19] Error when printing
[2018-10-14 19:34:20] (NewsSpider-3) (260/835) Crawling and storing DONE - I've taught more than 500 people how to start a side hustle, and I've flagged 5 signs someone can turn their side job into a full-time career
[2018-10-14 19:34:20] Error when printing
[2018-10-14 19:34:21] (NewsSpider-2) (261/835) Crawling and storing DONE - Renault just unveiled a stunning self-driving electric concept car that's a swanky luxury hotel on wheels
[2018-10-14 19:34:21] Error when printing
[2018-10-14 19:34:21] (NewsSpider-5) unsupported operand type(s) for +: 'NoneType' and 'str'
[2018-10-14 19:34:21] Error when printing
[2018-10-14 19:34:21] (NewsSpider-1) (262/835) Crawling and storing DONE - Tesla has officially filed to trademark Elon Musk's 'Teslaquila'
[2018-10-14 19:34:21] Error when printing
[2018-10-14 19:34:24] (NewsSpider-4) unsupported operand type(s) for +: 'NoneType' and 'str'
[2018-10-14 19:34:24] Error when printing
[2018-10-14 19:34:24] (NewsSpider-5) (263/835) Crawling and storing DONE - Billionaire investor Steve Case says the failure of the 2000 AOL Time Warner mega merger taught him a crucial lesson about execution
[2018-10-14 19:34:26] (NewsSpider-5) (264/835) Crawling and storing DONE - Red Dead Redemption 2 On Xbox: 88.57GB
[2018-10-14 19:34:28] (NewsSpider-4) (265/835) Crawling and storing DONE - Jamal Khashoggi's disappearance is an 'embarrassing' 'crisis' for Trump and 'one of the roughest foreign-policy challenges' he's faced yet, experts say
[2018-10-14 19:34:28] Error when printing
[2018-10-14 19:34:28] (NewsSpider-3) (266/835) Crawling and storing DONE - This speculative SpaceX timeline reveals roughly when, where, and how Elon Musk plans to colonise Mars
[2018-10-14 19:34:28] (NewsSpider-1) unsupported operand type(s) for +: 'NoneType' and 'str'
[2018-10-14 19:34:28] Error when printing
[2018-10-14 19:34:30] (NewsSpider-5) (267/835) Crawling and storing DONE - Richard Branson's The B-Team launches in Australia
[2018-10-14 19:34:30] Error when printing
[2018-10-14 19:34:30] (NewsSpider-2) (268/835) Crawling and storing DONE - Why George and Amal Clooney skipped Princess Eugenie's wedding
[2018-10-14 19:34:30] Error when printing
[2018-10-14 19:34:34] (NewsSpider-4) (269/835) Crawling and storing DONE - Bitcoin tanks as cryptocurrencies join in global market bloodbath
[2018-10-14 19:34:34] (NewsSpider-2) (270/835) Crawling and storing DONE - These 10 cars have the best resale value after 5 years
[2018-10-14 19:34:36] (NewsSpider-1) unsupported operand type(s) for +: 'NoneType' and 'str'
[2018-10-14 19:34:36] Error when printing
[2018-10-14 19:34:36] (NewsSpider-5) (271/835) Crawling and storing DONE - CEO Sundar Pichai warns Googlers: Don't get too political, or else
[2018-10-14 19:34:36] Error when printing
[2018-10-14 19:34:37] (NewsSpider-2) (272/835) Crawling and storing DONE - Hackers stole $60 million from a crypto exchange in Japan's second major bitcoin heist this year
[2018-10-14 19:34:37] Error when printing
[2018-10-14 19:34:38] (NewsSpider-4) (273/835) Crawling and storing DONE - 11 life questions to answer before you turn 30
[2018-10-14 19:34:39] (NewsSpider-3) (274/835) Crawling and storing DONE - Karlie Kloss shuts down speculation that she and Taylor Swift aren't friends anymore
[2018-10-14 19:34:39] Error when printing
[2018-10-14 19:34:40] (NewsSpider-1) (275/835) Crawling and storing DONE - After being laughed at, Trump to double down on Iran criticism as head of UN Security Council
[2018-10-14 19:34:41] (NewsSpider-5) (276/835) Crawling and storing DONE - A Swedish startup that matches your resume with 200 NGOs around the world has raised $800k and partnered with Harvard
[2018-10-14 19:34:41] (NewsSpider-4) (277/835) Crawling and storing DONE - Jack Brooksbank said these heart-melting words when he saw Princess Eugenie walk down the aisle at their wedding, according to a lip reader
[2018-10-14 19:34:42] (NewsSpider-3) (278/835) Crawling and storing DONE - Facebook slides after Instagram's cofounders resign
[2018-10-14 19:34:42] Error when printing
[2018-10-14 19:34:43] (NewsSpider-3) (279/835) Crawling and storing DONE - A Google engineer took a 50% pay cut to leave his job and join a startup, and 3 years later, he isn't sorry
[2018-10-14 19:34:43] Error when printing
[2018-10-14 19:34:43] (NewsSpider-1) (280/835) Crawling and storing DONE - Hurricane Michael: Devastating photos show how Tyndall Air Force base and its F-22 Raptors got rocked
[2018-10-14 19:34:44] (NewsSpider-5) (281/835) Crawling and storing DONE - A white woman called the police on a black child she wrongly accused of sexual assault. After being confronted with video footage, she apologized.
[2018-10-14 19:34:45] (NewsSpider-2) unsupported operand type(s) for +: 'NoneType' and 'str'
[2018-10-14 19:34:45] Error when printing
[2018-10-14 19:34:45] (NewsSpider-3) (282/835) Crawling and storing DONE - THEN AND NOW: The cast of 'Wizards of Waverly Place' 11 years later
[2018-10-14 19:34:45] Error when printing
[2018-10-14 19:34:47] (NewsSpider-5) (283/835) Crawling and storing DONE - Spotify caters to artists by helping them connect with their biggest fans
[2018-10-14 19:34:48] (NewsSpider-2) (284/835) Crawling and storing DONE - Why global markets are collapsing right now, and who you should blame for it
[2018-10-14 19:34:48] (NewsSpider-4) (285/835) Crawling and storing DONE - BANK OF AMERICA: Corporate America is about to unleash 'dry powder' onto the market that could end the sell-off, and 2 sectors will spearhead the profits
[2018-10-14 19:34:48] Error when printing
[2018-10-14 19:34:49] (NewsSpider-1) (286/835) Crawling and storing DONE - A neuroscientist who studies motivation and behavior found there are 7 factors that can help you change anyone's mind
[2018-10-14 19:34:49] Error when printing
[2018-10-14 19:34:49] (NewsSpider-1) (287/835) Crawling and storing DONE - Florida officials fear Hurricane Michael's death toll will rise as search-and-rescues continue
[2018-10-14 19:34:49] Error when printing
[2018-10-14 19:34:49] (NewsSpider-3) (288/835) Crawling and storing DONE - An ongoing market trend that typically appears during global recessions could have a 'phenomenally painful' ending, the $603 billion investor Allianz says
[2018-10-14 19:34:49] Error when printing
[2018-10-14 19:34:50] (NewsSpider-2) (289/835) Crawling and storing DONE - All the ways Princess Eugenie's wedding broke from royal tradition
[2018-10-14 19:34:50] Error when printing
[2018-10-14 19:34:50] (NewsSpider-4) (290/835) Crawling and storing DONE - La campagna di Trump si ritrova a difendere Julian Assange e Wikileaks
[2018-10-14 19:34:51] (NewsSpider-1) (291/835) Crawling and storing DONE - Malaysia to abolish colonial-era Sedition Act, death penalty
[2018-10-14 19:34:51] (NewsSpider-3) (292/835) Crawling and storing DONE - Why the world's largest wealth manager isn't ditching stocks after this week's chaos and what it's telling clients to buy now
[2018-10-14 19:34:51] Error when printing
[2018-10-14 19:34:52] (NewsSpider-2) (293/835) Crawling and storing DONE - Intervenire con decisione sui cambiamenti climatici produrrebbe 65 milioni di nuovi posti di lavoro, ma alla Russia di Putin non conviene
[2018-10-14 19:34:52] (NewsSpider-3) (294/835) Crawling and storing DONE - Still not sure what mirrorless cameras are? Here's how they compare to DSLRs
[2018-10-14 19:34:52] Error when printing
[2018-10-14 19:34:52] (NewsSpider-2) (295/835) Crawling and storing DONE - The 35 best business schools in the US
[2018-10-14 19:34:53] (NewsSpider-1) (296/835) Crawling and storing DONE - This is the greatest Tesla chart of all time
[2018-10-14 19:34:55] (NewsSpider-4) (297/835) Crawling and storing DONE - Check out our exclusive list of the top 12 venture capital firms making deals in the booming marijuana industry
[2018-10-14 19:34:56] (NewsSpider-5) Article Not Exists on http://markets.businessinsider.com/etfs/ipath-exchange-traded-notes-s&p-500-vix-st-ftrs-a
[2018-10-14 19:34:56] (NewsSpider-3) (298/835) Crawling and storing DONE - FBI nello scandalo: numerosi agenti coinvolti in un giro di prostituzione minorile
[2018-10-14 19:34:56] (NewsSpider-1) (299/835) Crawling and storing DONE - 'I'm confident we're going to win': Republicans are now bullish about confirming Brett Kavanaugh very soon
[2018-10-14 19:34:56] Error when printing
[2018-10-14 19:34:56] (NewsSpider-2) (300/835) Crawling and storing DONE - Embraer just revealed a new $21 million private jet with a luxury interior design to remind you of the beaches of Brazil
[2018-10-14 19:34:57] (NewsSpider-1) (301/835) Crawling and storing DONE - A biotech that's developing a drug for a rare metabolic disorder is exploring going public in 2019
[2018-10-14 19:34:57] Error when printing
[2018-10-14 19:34:58] (NewsSpider-3) (302/835) Crawling and storing DONE - Kimbal Musk said Tesla can 'probably' deliver customers' Model 3 cars this week if they reach out to the company
[2018-10-14 19:34:58] Error when printing
[2018-10-14 19:34:59] (NewsSpider-5) (303/835) Crawling and storing DONE - Energy stocks get whacked after OPEC says oil is 'well supplied' (CVX, XOM)
[2018-10-14 19:34:59] Error when printing
[2018-10-14 19:34:59] (NewsSpider-2) (304/835) Crawling and storing DONE - Jared Kushner 'thinks he's the smartest guy in the room': Omarosa Manigault jabs Trump's son-in-law in freewheeling interview
[2018-10-14 19:34:59] Error when printing
[2018-10-14 19:35:01] (NewsSpider-3) (305/835) Crawling and storing DONE - Video appears to show members of far-right 'Proud Boys' group beating up anti-fascist protesters outside Republican club in NYC
[2018-10-14 19:35:01] Error when printing
[2018-10-14 19:35:03] (NewsSpider-4) (306/835) Crawling and storing DONE - This entrepreneur uses Minecraft to simulate being a refugee
[2018-10-14 19:35:03] (NewsSpider-2) (307/835) Crawling and storing DONE - 10 important things to consider when you decide to adopt a dog
[2018-10-14 19:35:04] (NewsSpider-2) (308/835) Crawling and storing DONE - The 10 most important things in the world right now
[2018-10-14 19:35:05] (NewsSpider-3) (309/835) Crawling and storing DONE - Video appears to show members of far-right 'Proud Boys' group beating up anti-fascist protesters outside Republican club in NYC
[2018-10-14 19:35:05] Error when printing
[2018-10-14 19:35:06] (NewsSpider-5) (310/835) Crawling and storing DONE - 'Bad Times at the El Royale' is a violent and fascinating thriller but it's not for everyone
[2018-10-14 19:35:06] Error when printing
[2018-10-14 19:35:07] (NewsSpider-1) (311/835) Crawling and storing DONE - Beijing calls Swedish satire show racist after it warned Chinese tourists not to eat dogs
[2018-10-14 19:35:07] (NewsSpider-2) (312/835) Crawling and storing DONE - 'The team knows they can do a better job': Bank of America's investment banking chief's out after a tumultuous year
[2018-10-14 19:35:07] Error when printing
[2018-10-14 19:35:08] (NewsSpider-1) (313/835) Crawling and storing DONE - Wealthy venture capitalist and political activist Nick Hanauer says there have been 3 fundamental failures of capitalism over the past 40 years
[2018-10-14 19:35:09] (NewsSpider-4) (314/835) Crawling and storing DONE - Here's what McDonald's restaurants look like around the world
[2018-10-14 19:35:09] Error when printing
[2018-10-14 19:35:11] (NewsSpider-3) (315/835) Crawling and storing DONE - Europe's extreme summer is so hot it melted the highest peak in Sweden, and now it's only the second-highest
[2018-10-14 19:35:11] Error when printing
[2018-10-14 19:35:12] (NewsSpider-4) (316/835) Crawling and storing DONE - Adidas CEO explains why the company's relationship with Amazon can be a 'battle'
[2018-10-14 19:35:12] Error when printing
[2018-10-14 19:35:12] (NewsSpider-5) (317/835) Crawling and storing DONE - Connected-planning platform Anaplan surges 30% in its trading debut
[2018-10-14 19:35:13] (NewsSpider-1) unsupported operand type(s) for +: 'NoneType' and 'str'
[2018-10-14 19:35:13] Error when printing
[2018-10-14 19:35:16] (NewsSpider-1) (318/835) Crawling and storing DONE - LaCroix slams insecticide lawsuit in an over-the-top press release that calls itself a 'cult' deserving of 'patriotism'
[2018-10-14 19:35:16] Error when printing
[2018-10-14 19:35:16] (NewsSpider-3) (319/835) Crawling and storing DONE - The Dow surges nearly 300 points, snapping its 3-day skid
[2018-10-14 19:35:17] (NewsSpider-5) (320/835) Crawling and storing DONE - Meet the 'High Priest of Hollywood Tattoo Artists,' who started out illegally tattooing bike gangs and now calls Johnny Depp 'brother'
[2018-10-14 19:35:17] Error when printing
[2018-10-14 19:35:17] (NewsSpider-3) (321/835) Crawling and storing DONE - Les 21 passeports les plus puissants au monde
[2018-10-14 19:35:19] (NewsSpider-5) (322/835) Crawling and storing DONE - Turbolenza di mercato: le valutazioni aiutano, la politica no
[2018-10-14 19:35:20] (NewsSpider-2) (323/835) Crawling and storing DONE - It feels like Apple is being cheap by not including an important accessory with the $1,000 iPhone XS
[2018-10-14 19:35:20] (NewsSpider-1) (324/835) Crawling and storing DONE - 'If they don't have the barrels, they don't have the barrels': Oil could soar to $100 as Trump shuts Iran out of the market
[2018-10-14 19:35:20] Error when printing
[2018-10-14 19:35:21] (NewsSpider-1) (325/835) Crawling and storing DONE - Here's what happens to your mind and body when you stop drinking alcohol, according to a doctor
[2018-10-14 19:35:21] Error when printing
[2018-10-14 19:35:21] (NewsSpider-2) (326/835) Crawling and storing DONE - Marco Rubio says if Saudi Arabia is behind Jamal Khashoggi's disappearance and Trump doesn't do anything about it, Congress will
[2018-10-14 19:35:21] Error when printing
[2018-10-14 19:35:22] (NewsSpider-4) (327/835) Crawling and storing DONE - Tesla is reportedly facing a US criminal probe over Elon Musk's statements about taking the company private
[2018-10-14 19:35:22] Error when printing
[2018-10-14 19:35:25] (NewsSpider-2) (328/835) Crawling and storing DONE - WWE is 'monitoring' Saudi Arabia's reported involvement in the disappearance of a Washington Post columnist amid multi-million dollar pay-per-view deal with the country
[2018-10-14 19:35:25] Error when printing
[2018-10-14 19:35:25] (NewsSpider-4) (329/835) Crawling and storing DONE - Def, balletti di cifre senza documenti: il governo brucia i miliardi promessi agli elettori
[2018-10-14 19:35:26] (NewsSpider-3) (330/835) Crawling and storing DONE - A look inside the cult jewellery brand that makes everything from laser-cut coloured plastic
[2018-10-14 19:35:26] (NewsSpider-1) (331/835) Crawling and storing DONE - How you act when you're in love, based on your zodiac sign
[2018-10-14 19:35:26] Error when printing
[2018-10-14 19:35:28] (NewsSpider-3) (332/835) Crawling and storing DONE - Trump drops 138 spots on Forbes' wealthiest Americans list after losing over a $1 billion since announcing his presidential bid in 2015
[2018-10-14 19:35:28] Error when printing
[2018-10-14 19:35:29] (NewsSpider-1) (333/835) Crawling and storing DONE - Trump's likely replacement for Don McGahn indicates the White House is preparing to take a more combative approach toward Mueller
[2018-10-14 19:35:29] Error when printing
[2018-10-14 19:35:29] (NewsSpider-4) (334/835) Crawling and storing DONE - 'The Fed has gone crazy': Trump rails against Federal Reserve over rate hikes amid market plunge
[2018-10-14 19:35:29] Error when printing
[2018-10-14 19:35:30] (NewsSpider-4) (335/835) Crawling and storing DONE - Here's how Google's new $800 Pixel 3 compares to the $750 iPhone XR
[2018-10-14 19:35:30] Error when printing
[2018-10-14 19:35:31] (NewsSpider-2) (336/835) Crawling and storing DONE - The 50 best bars in the world in 2018
[2018-10-14 19:35:31] (NewsSpider-1) (337/835) Crawling and storing DONE - 30 million Facebook accounts were hacked and people are furious (FB)
[2018-10-14 19:35:32] (NewsSpider-3) unsupported operand type(s) for +: 'NoneType' and 'str'
[2018-10-14 19:35:32] Error when printing
[2018-10-14 19:35:35] (NewsSpider-4) (338/835) Crawling and storing DONE - A 'classic topping formation' that has shown up in every stock-market peak over the past 5 decades is rearing its head once again
[2018-10-14 19:35:35] Error when printing
[2018-10-14 19:35:35] (NewsSpider-1) (339/835) Crawling and storing DONE - 2 of NATO's biggest militaries are taking a 1,200-mile road trip before massive war games start
[2018-10-14 19:35:35] Error when printing
[2018-10-14 19:35:35] (NewsSpider-3) (340/835) Crawling and storing DONE - The Swedish startup that sells old food online rescued 2,000 tons from being wasted and doubled earnings
[2018-10-14 19:35:36] (NewsSpider-5) (341/835) Crawling and storing DONE - John Kelly reportedly got into a 'physical altercation' with a Chinese official over the nuclear football and wanted an apology under the US flag
[2018-10-14 19:35:36] Error when printing
[2018-10-14 19:35:37] (NewsSpider-2) (342/835) Crawling and storing DONE - In the Google+ case, the lack of transparency from Google is likely the biggest problem for managers, experts say
[2018-10-14 19:35:38] (NewsSpider-4) (343/835) Crawling and storing DONE - 23 tips and tricks to get the most out of your Apple Watch
[2018-10-14 19:35:38] (NewsSpider-1) (344/835) Crawling and storing DONE - Here are some of the biggest arguments against Bernie Sanders' 'Medicare for All' plan, which is gaining popularity among Democrats
[2018-10-14 19:35:38] Error when printing
[2018-10-14 19:35:39] (NewsSpider-5) (345/835) Crawling and storing DONE - Now This Is Retro Love
[2018-10-14 19:35:40] (NewsSpider-3) (346/835) Crawling and storing DONE - Keep your day job, move slowly, and don't worry about building a unicorn: A New York 'startup school' eschews everything Silicon Valley ever preached
[2018-10-14 19:35:40] Error when printing
[2018-10-14 19:35:41] (NewsSpider-5) (347/835) Crawling and storing DONE - The US State Department withdrew Hillary Clinton's security clearance and those of several former Clinton aides
[2018-10-14 19:35:41] Error when printing
[2018-10-14 19:35:41] (NewsSpider-2) unsupported operand type(s) for +: 'NoneType' and 'str'
[2018-10-14 19:35:41] Error when printing
[2018-10-14 19:35:41] (NewsSpider-1) (348/835) Crawling and storing DONE - 10 things to know about Princess Eugenie's new husband Jack Brooksbank
[2018-10-14 19:35:41] Error when printing
[2018-10-14 19:35:43] (NewsSpider-3) unsupported operand type(s) for +: 'NoneType' and 'str'
[2018-10-14 19:35:43] Error when printing
[2018-10-14 19:35:44] (NewsSpider-2) (349/835) Crawling and storing DONE - The New York City Police Department employs an elite bee cop with his own hive atop a precinct. Take a look.
[2018-10-14 19:35:44] (NewsSpider-4) (350/835) Crawling and storing DONE - A top Senate panel is going after Google for failing to disclose its massive data exposure
[2018-10-14 19:35:44] (NewsSpider-5) (351/835) Crawling and storing DONE - Elon Musk says it's time to create a 'mecha' or giant fighting anime robot
[2018-10-14 19:35:44] Error when printing
[2018-10-14 19:35:45] (NewsSpider-3) unsupported operand type(s) for +: 'NoneType' and 'str'
[2018-10-14 19:35:45] Error when printing
[2018-10-14 19:35:47] (NewsSpider-2) (352/835) Crawling and storing DONE - Pope Francis says Catholic Church sex abuse scandal shouldn't be judged by today's standards because everyone used to cover up crimes
[2018-10-14 19:35:47] Error when printing
[2018-10-14 19:35:48] (NewsSpider-5) (353/835) Crawling and storing DONE - 10 things in tech you need to know today
[2018-10-14 19:35:48] (NewsSpider-3) (354/835) Crawling and storing DONE - LEGO envisions a future of toys that defy the distinction between physical and digital
[2018-10-14 19:35:50] (NewsSpider-5) (355/835) Crawling and storing DONE - When CEO Satya Nadella took over Microsoft, he started defusing its toxic culture by handing each of his execs a 15-year-old book by a psychologist
[2018-10-14 19:35:51] (NewsSpider-2) (356/835) Crawling and storing DONE - Tesla needs over $1 billion in cash over the next 6 months, and Wall Street is going nuts figuring out where it's going to come from
[2018-10-14 19:35:51] Error when printing
[2018-10-14 19:35:51] (NewsSpider-3) (357/835) Crawling and storing DONE - The 20 most visited cities around the world in 2018
[2018-10-14 19:35:52] (NewsSpider-2) (358/835) Crawling and storing DONE - Jack Ma said Trump's trade war with China will wreck Alibaba's plans to add 1 million US jobs
[2018-10-14 19:35:52] Error when printing
[2018-10-14 19:35:55] (NewsSpider-2) (359/835) Crawling and storing DONE - An entrepreneur who landed a $250,000 offer on 'Shark Tank' was thrilled when a Shark said her company 'sucks' and questioned its valuation
[2018-10-14 19:35:55] Error when printing
[2018-10-14 19:35:55] (NewsSpider-5) (360/835) Crawling and storing DONE - LIST: The 31 Hottest Nordic Startups to look out for in 2018, according to VCs
[2018-10-14 19:35:56] (NewsSpider-1) (361/835) Crawling and storing DONE - Een vrouw die een datingservice voor de superrijken runt, vertelt waarom beroemdheden niet op Tinder zitten
[2018-10-14 19:35:57] (NewsSpider-4) (362/835) Crawling and storing DONE - 8 Minutes From Pokemon Let's Go! Pikachu
[2018-10-14 19:35:57] Error when printing
[2018-10-14 19:35:57] (NewsSpider-5) (363/835) Crawling and storing DONE - Jared Kushner reportedly dodged paying income taxes for years
[2018-10-14 19:35:58] (NewsSpider-1) (364/835) Crawling and storing DONE - Snap is an 'attractive candidate to go private' if management can't reverse its usage trends, analyst says (SNAP)
[2018-10-14 19:35:58] Error when printing
[2018-10-14 19:35:59] (NewsSpider-3) (365/835) Crawling and storing DONE - Why it's totally unsurprising that Amazon's recruitment AI was biased against women
[2018-10-14 19:35:59] Error when printing
[2018-10-14 19:35:59] (NewsSpider-4) (366/835) Crawling and storing DONE - Turkey's currency jumps after Washington and Ankara reportedly reach deal to release detained American pastor
[2018-10-14 19:35:59] Error when printing
[2018-10-14 19:36:00] (NewsSpider-2) (367/835) Crawling and storing DONE - A writer named on a Google spreadsheet of media men accused of sexual misconduct is suing the woman who created it
[2018-10-14 19:36:01] (NewsSpider-3) (368/835) Crawling and storing DONE - Le patron d'Adidas explique pourquoi il ne pense pas que Kanye West soit mauvais pour ses affaires
[2018-10-14 19:36:01] Error when printing
[2018-10-14 19:36:02] (NewsSpider-1) unsupported operand type(s) for +: 'NoneType' and 'str'
[2018-10-14 19:36:02] Error when printing
[2018-10-14 19:36:02] (NewsSpider-5) unsupported operand type(s) for +: 'NoneType' and 'str'
[2018-10-14 19:36:02] Error when printing
[2018-10-14 19:36:06] (NewsSpider-2) (369/835) Crawling and storing DONE - Professor: Social media makes increasing number of Swedes expect a disaster despite a booming economy
[2018-10-14 19:36:07] (NewsSpider-1) unsupported operand type(s) for +: 'NoneType' and 'str'
[2018-10-14 19:36:07] Error when printing
[2018-10-14 19:36:08] (NewsSpider-3) (370/835) Crawling and storing DONE - Trump doubles down on trade war with China and warns: 'If countries will not make fair deals with us, they will be "Tariffed!"'
[2018-10-14 19:36:08] Error when printing
[2018-10-14 19:36:10] (NewsSpider-2) (371/835) Crawling and storing DONE - Marco Rubio says the US can't continue 'business as usual' with Saudi Arabia until we find out if they're behind Jamal Khashoggi's disappearance
[2018-10-14 19:36:10] Error when printing
[2018-10-14 19:36:10] (NewsSpider-5) (372/835) Crawling and storing DONE - Last Week's 10 Biggest Posts
[2018-10-14 19:36:10] Error when printing
[2018-10-14 19:36:10] (NewsSpider-4) (373/835) Crawling and storing DONE - Morgan Stanley has 4 strategies for how clients can withstand the impact of higher interest rates
[2018-10-14 19:36:11] (NewsSpider-1) (374/835) Crawling and storing DONE - The 75 celebrities and influencers who make the most money per Instagram post, ranked
[2018-10-14 19:36:12] (NewsSpider-5) unsupported operand type(s) for +: 'NoneType' and 'str'
[2018-10-14 19:36:12] Error when printing
[2018-10-14 19:36:12] (NewsSpider-3) (375/835) Crawling and storing DONE - Les 11 marques qui ont pris le plus de valeur en un an parmi les plus puissantes du monde
[2018-10-14 19:36:13] (NewsSpider-1) (376/835) Crawling and storing DONE - ISIS smuggled around $400 million out of Syria
[2018-10-14 19:36:13] (NewsSpider-4) (377/835) Crawling and storing DONE - A white woman called the police on a black child she wrongly accused of sexual assault. After being confronted with video footage, she apologized.
[2018-10-14 19:36:14] (NewsSpider-1) (378/835) Crawling and storing DONE - An American Airlines flight to China was diverted twice and forced to make an emergency landing after a passenger suffered a medical emergency and the plane wings had mechanical issues
[2018-10-14 19:36:14] (NewsSpider-5) (379/835) Crawling and storing DONE - It looks like China just laid out how it wants Google to help it persecute its Muslim minority
[2018-10-14 19:36:15] (NewsSpider-4) (380/835) Crawling and storing DONE - What you need to know in advertising today
[2018-10-14 19:36:16] (NewsSpider-5) (381/835) Crawling and storing DONE - 10 things in tech you need to know today
[2018-10-14 19:36:16] (NewsSpider-3) (382/835) Crawling and storing DONE - If you want to buy a Tesla, you have until October 15 to make sure you get the full $7,500 federal tax credit for EVs
[2018-10-14 19:36:17] (NewsSpider-2) (383/835) Crawling and storing DONE - A day in the life of Professor, a 3-year-old golden doodle who works full-time at Mount Sinai's Kravis Children's Hospital
[2018-10-14 19:36:17] Error when printing
[2018-10-14 19:36:17] (NewsSpider-4) (384/835) Crawling and storing DONE - 'Big agencies with a lot of overhead are not going to work': The CMO of Bank of America explains how ad agencies are going to have to change
[2018-10-14 19:36:17] Error when printing
[2018-10-14 19:36:17] (NewsSpider-1) (385/835) Crawling and storing DONE - This mysterious website charges you 99 cents to see who else has paid 99 cents
[2018-10-14 19:36:20] (NewsSpider-1) (386/835) Crawling and storing DONE - Apple's original content could be free for all iPhone and iPad owners with the launch of its new video streaming service
[2018-10-14 19:36:20] Error when printing
[2018-10-14 19:36:20] (NewsSpider-2) (387/835) Crawling and storing DONE - The CEO of Denmark's biggest bank is out after a money laundering scandal that may have involved up to $235 billion of payments
[2018-10-14 19:36:20] Error when printing
[2018-10-14 19:36:23] (NewsSpider-4) (388/835) Crawling and storing DONE - Comment savoir si vous avez un compte Google+ et comment le supprimer
[2018-10-14 19:36:23] (NewsSpider-5) (389/835) Crawling and storing DONE - We shopped at IKEA and Target to see which is a better place to buy inexpensive furniture. Here's the verdict.
[2018-10-14 19:36:23] Error when printing
[2018-10-14 19:36:24] (NewsSpider-5) (390/835) Crawling and storing DONE - The Trump administration is reportedly considering a new family separation policy for immigrants
[2018-10-14 19:36:24] (NewsSpider-2) (391/835) Crawling and storing DONE - Tria non faccia come Padoan e dimostri di saper tagliare la spesa pubblica. Scontentando le lobby e le famiglie abbienti
[2018-10-14 19:36:26] (NewsSpider-1) (392/835) Crawling and storing DONE - The 16 countries with the world's best healthcare systems
[2018-10-14 19:36:26] Error when printing
[2018-10-14 19:36:26] (NewsSpider-4) (393/835) Crawling and storing DONE - El cohousing senior: ventajas y desventajas de esta alternativa de vivienda para mayores
[2018-10-14 19:36:27] (NewsSpider-1) (394/835) Crawling and storing DONE - 'SNL' spoofs Kanye West's bizarre Oval Office meeting with Trump
[2018-10-14 19:36:27] Error when printing
[2018-10-14 19:36:28] (NewsSpider-2) (395/835) Crawling and storing DONE - Rutte denkt aan verlaging vennootschapsbelasting als alternatief voor schrappen dividendtaks
[2018-10-14 19:36:28] (NewsSpider-4) (396/835) Crawling and storing DONE - These 12 apps and services can help you ditch Google completely
[2018-10-14 19:36:30] (NewsSpider-4) (397/835) Crawling and storing DONE - Trump again floats Ivanka as potentially 'incredible' UN ambassador but says he can 'already hear the chants of Nepotism!'
[2018-10-14 19:36:30] Error when printing
[2018-10-14 19:36:32] (NewsSpider-1) (398/835) Crawling and storing DONE - Facebook says the FBI has asked it not to reveal who might be behind an hack that affected 30 million people
[2018-10-14 19:36:33] (NewsSpider-3) (399/835) Crawling and storing DONE - The 10 best used cars to buy to get the most for your money
[2018-10-14 19:36:34] (NewsSpider-1) (400/835) Crawling and storing DONE - I trekked to the legendary Great Wall of China to see the 13,000-mile treasure for myself, and it's even more incredible than I expected
[2018-10-14 19:36:34] Error when printing
[2018-10-14 19:36:34] (NewsSpider-4) (401/835) Crawling and storing DONE - Bmw punta 3,6 miliardi sulla Cina e si mette al riparo dalla guerra dei dazi di Trump
[2018-10-14 19:36:36] (NewsSpider-1) (402/835) Crawling and storing DONE - After millions of Facebook accounts were hacked, here's how to secure your social media accounts and operating systems
[2018-10-14 19:36:36] Error when printing
[2018-10-14 19:36:37] (NewsSpider-4) (403/835) Crawling and storing DONE - These are the biggest clothing companies in America
[2018-10-14 19:36:37] (NewsSpider-2) (404/835) Crawling and storing DONE - As bidding closes, Amazon's cloud is the favorite to win a $10 billion defense deal. Here's why everybody else is so mad about it
[2018-10-14 19:36:37] Error when printing
[2018-10-14 19:36:38] (NewsSpider-3) (405/835) Crawling and storing DONE - 7 great movies you can watch on Netflix this weekend
[2018-10-14 19:36:39] (NewsSpider-1) (406/835) Crawling and storing DONE - Sears is reportedly nearing a deal to immediately close certain stores and keep others open through Christmas
[2018-10-14 19:36:41] (NewsSpider-4) (407/835) Crawling and storing DONE - Simone Biles received a perfect score on a vault never attempted before en route to winning worlds selection camp
[2018-10-14 19:36:41] (NewsSpider-2) (408/835) Crawling and storing DONE - The 10 most important things in the world right now
[2018-10-14 19:36:42] (NewsSpider-5) (409/835) Crawling and storing DONE - Swedish business leaders complain that politicians aren't ambitious enough - threats of leaving the country are coming true
[2018-10-14 19:36:42] Error when printing
[2018-10-14 19:36:43] (NewsSpider-3) (410/835) Crawling and storing DONE - 10 things in tech you need to know today
[2018-10-14 19:36:43] (NewsSpider-1) (411/835) Crawling and storing DONE - Chinese stocks fall almost 5% in market bloodbath as investors digest a week of bad news in a single day
[2018-10-14 19:36:43] (NewsSpider-5) (412/835) Crawling and storing DONE - The 10 most important things in the world right now
[2018-10-14 19:36:44] (NewsSpider-5) (413/835) Crawling and storing DONE - These 12 apps and services can help you ditch Google completely
[2018-10-14 19:36:44] (NewsSpider-4) (414/835) Crawling and storing DONE - These are the 10 clothing brands that teens are obsessed with
[2018-10-14 19:36:46] (NewsSpider-4) (415/835) Crawling and storing DONE - Here's how Google's new $800 Pixel 3 compares to the $750 iPhone XR
[2018-10-14 19:36:46] Error when printing
[2018-10-14 19:36:46] (NewsSpider-1) (416/835) Crawling and storing DONE - The first app to get approved as birth-control has gotten a green light in the US, despite controversy in Sweden
[2018-10-14 19:36:47] (NewsSpider-3) (417/835) Crawling and storing DONE - Dit lijkt op een avocado, maar het is vegan avocado-ijs
[2018-10-14 19:36:47] (NewsSpider-5) (418/835) Crawling and storing DONE - Chinese tech stocks are surging
[2018-10-14 19:36:47] (NewsSpider-2) (419/835) Crawling and storing DONE - These 7 photos of nighttime missions show how the US military fights at night
[2018-10-14 19:36:49] (NewsSpider-4) (420/835) Crawling and storing DONE - Les meilleures astuces d'entrepreneurs pour gagner du temps
[2018-10-14 19:36:49] Error when printing
[2018-10-14 19:36:49] (NewsSpider-3) (421/835) Crawling and storing DONE - Alex Rodriguez was 'cleaning out storage' and found a signed Jennifer Lopez photo from almost 20 years ago
[2018-10-14 19:36:49] Error when printing
[2018-10-14 19:36:49] (NewsSpider-1) (422/835) Crawling and storing DONE - 20 things we could do right now to prevent the wave of natural disasters, poverty, and pollution to come
[2018-10-14 19:36:50] (NewsSpider-5) (423/835) Crawling and storing DONE - Walmart buys lingerie site Bare Necessities in its latest push to expand its online empire
[2018-10-14 19:36:52] (NewsSpider-1) (424/835) Crawling and storing DONE - Keira Knightley denies slamming Kate Middleton's 'beautiful' post-birth appearance
[2018-10-14 19:36:52] Error when printing
[2018-10-14 19:36:52] (NewsSpider-3) (425/835) Crawling and storing DONE - Walmart agrees to pay $65 million to nearly 100,000 current and former cashiers who sued for not being able to sit down at the registers
[2018-10-14 19:38:28] (NewsSpider-5) Article Not Exists on https://nordic.businessinsider.com/the-10-most-important-things-in-the-world-right-now-october-8-2018-10/
[2018-10-14 19:38:28] (NewsSpider-4) (426/835) Crawling and storing DONE - Chinese construction firm plans US$2.4 billion investments in Malaysia
[2018-10-14 19:38:28] (NewsSpider-3) (427/835) Crawling and storing DONE - 10 things you need to know in markets today
[2018-10-14 19:38:28] (NewsSpider-2) unsupported operand type(s) for +: 'NoneType' and 'str'
[2018-10-14 19:38:28] Error when printing
[2018-10-14 19:38:30] (NewsSpider-5) (428/835) Crawling and storing DONE - Here's how Google's new $150 Home Hub compares to the Amazon Echo Show
[2018-10-14 19:38:30] Error when printing
[2018-10-14 19:38:31] (NewsSpider-4) (429/835) Crawling and storing DONE - Zlatan Ibrahimovic scores 500th goal on unreal roundhouse kick that was so good even opposing fans were cheering
[2018-10-14 19:38:33] (NewsSpider-4) (430/835) Crawling and storing DONE - Hillary Clinton: My husband's relationship with Monica Lewinsky was not an abuse of power
[2018-10-14 19:38:33] Error when printing
[2018-10-14 19:38:35] (NewsSpider-3) (431/835) Crawling and storing DONE - 'Venom' tops the box office for a 2nd consecutive weekend while 'First Man' has a sluggish launch
[2018-10-14 19:38:35] Error when printing
[2018-10-14 19:38:35] (NewsSpider-1) (432/835) Crawling and storing DONE - US soldiers' readiness to fight wars is very soon going to be in the hands of really smart machines
[2018-10-14 19:38:35] Error when printing
[2018-10-14 19:38:39] (NewsSpider-1) (433/835) Crawling and storing DONE - Over a million people asked Amazon's Alexa to marry them in 2017 and it turned them all down
[2018-10-14 19:38:39] Error when printing
[2018-10-14 19:38:56] (NewsSpider-4) Article Not Exists on http://markets.businessinsider.com/rates/u-s--rates-2-years
[2018-10-14 19:39:18] (NewsSpider-2) Article Not Exists on https://nordic.businessinsider.com/sears-bankruptcy-reports-downfall-photos-2018-10/
[2018-10-14 19:39:22] (NewsSpider-3) (434/835) Crawling and storing DONE - Emotional photo captures a woman who had 6 miscarriages becoming a mom for the first time thanks to her best friend acting as surrogate
[2018-10-14 19:39:22] (NewsSpider-4) (435/835) Crawling and storing DONE - Volkswagen is bringing back the iconic microbus in two new electric models and they look awesome
[2018-10-14 19:39:22] (NewsSpider-5) (436/835) Crawling and storing DONE - Embraer launches longer-range midsized private jets in turnaround push
[2018-10-14 19:39:23] (NewsSpider-1) (437/835) Crawling and storing DONE - Trump has held more than 2 dozen rallies as he kicks into high gear ahead of the high-stakes midterms
[2018-10-14 19:39:24] (NewsSpider-2) unsupported operand type(s) for +: 'NoneType' and 'str'
[2018-10-14 19:39:24] Error when printing
[2018-10-14 19:39:24] (NewsSpider-3) (438/835) Crawling and storing DONE - C-Suite exits and frustrated investors: Citigroup is undergoing its most significant changes in half a decade
[2018-10-14 19:39:25] (NewsSpider-5) (439/835) Crawling and storing DONE - 'Supergirl' star Mehcad Brooks is proud of the show's record of 'waking people up' to issues of equality
[2018-10-14 19:39:25] Error when printing
[2018-10-14 19:39:27] (NewsSpider-5) (440/835) Crawling and storing DONE - Danish architect Bjarke Ingels is crowdsourcing $50,000 to bring a giant orb to Burning Man
[2018-10-14 19:46:02] (NewsSpider-3) (441/835) Crawling and storing DONE - Coles sales have been making a big comeback
[2018-10-14 19:46:05] ========== (NewsSpider-3) Thread END ==========
[2018-10-14 19:46:07] (NewsSpider-5) unsupported operand type(s) for +: 'NoneType' and 'str'
[2018-10-14 19:46:07] Error when printing
[2018-10-14 19:46:08] ========== (NewsSpider-5) Thread END ==========
[2018-10-14 19:46:09] ========== (NewsSpider-2) Thread END ==========
[2018-10-14 19:47:07] (NewsSpider-1) unsupported operand type(s) for +: 'NoneType' and 'str'
[2018-10-14 19:47:07] Error when printing
[2018-10-14 19:47:08] (NewsSpider-4) (442/835) Crawling and storing DONE - Democrats are embracing a radical change to US healthcare, and it could be the defining political fight for years to come
[2018-10-14 19:47:08] ========== (NewsSpider-1) Thread END ==========
[2018-10-14 19:47:10] ========== (NewsSpider-4) Thread END ==========
