164->91->54 for http://thebusinessjournal.com
164->91->0 for https://thebusinessjournal.com
178->104->2 for http://thebusinessjournal.com/news
[2018-10-14 19:27:49] ========== (NewsSpider-1) Start! ==========
[2018-10-14 19:27:49] ========== (NewsSpider-2) Start! ==========
[2018-10-14 19:27:49] ========== (NewsSpider-3) Start! ==========
[2018-10-14 19:27:49] ========== (NewsSpider-4) Start! ==========
[2018-10-14 19:27:49] ========== (NewsSpider-5) Start! ==========
[2018-10-14 19:27:59] (NewsSpider-5) unsupported operand type(s) for +: 'NoneType' and 'str'
[2018-10-14 19:27:59] Error when printing
[2018-10-14 19:27:59] (NewsSpider-3) unsupported operand type(s) for +: 'NoneType' and 'str'
[2018-10-14 19:27:59] Error when printing
[2018-10-14 19:27:59] (NewsSpider-4) unsupported operand type(s) for +: 'NoneType' and 'str'
[2018-10-14 19:27:59] Error when printing
[2018-10-14 19:28:00] (NewsSpider-2) (1/56) Crawling and storing DONE - Prospect of Trump-Xi talks raises hope for thaw in trade war
[2018-10-14 19:28:00] (NewsSpider-1) (2/56) Crawling and storing DONE - Facebook: Hackers accessed personal data from 29M accounts
[2018-10-14 19:28:12] (NewsSpider-4) unsupported operand type(s) for +: 'NoneType' and 'str'
[2018-10-14 19:28:12] Error when printing
[2018-10-14 19:28:13] (NewsSpider-1) unsupported operand type(s) for +: 'NoneType' and 'str'
[2018-10-14 19:28:13] Error when printing
[2018-10-14 19:28:15] (NewsSpider-5) unsupported operand type(s) for +: 'NoneType' and 'str'
[2018-10-14 19:28:15] Error when printing
[2018-10-14 19:28:15] (NewsSpider-2) unsupported operand type(s) for +: 'NoneType' and 'str'
[2018-10-14 19:28:15] Error when printing
[2018-10-14 19:28:25] (NewsSpider-4) (3/56) Crawling and storing DONE - Airlines to boost flights out of Fresno for holidays
[2018-10-14 19:28:25] (NewsSpider-3) (4/56) Crawling and storing DONE - California train agency fined $650,000 for 2 worker deaths
[2018-10-14 19:28:26] (NewsSpider-1) (5/56) Crawling and storing DONE - St. Francis Project expanding dog-treat operations
[2018-10-14 19:28:26] (NewsSpider-5) (6/56) Crawling and storing DONE - Central Valley's second recreational pot dispensary opens Saturday
[2018-10-14 19:28:26] Error when printing
[2018-10-14 19:28:27] (NewsSpider-2) unsupported operand type(s) for +: 'NoneType' and 'str'
[2018-10-14 19:28:27] Error when printing
[2018-10-14 19:28:38] (NewsSpider-4) unsupported operand type(s) for +: 'NoneType' and 'str'
[2018-10-14 19:28:38] Error when printing
[2018-10-14 19:28:38] (NewsSpider-3) unsupported operand type(s) for +: 'NoneType' and 'str'
[2018-10-14 19:28:38] Error when printing
[2018-10-14 19:28:40] (NewsSpider-5) unsupported operand type(s) for +: 'NoneType' and 'str'
[2018-10-14 19:28:40] Error when printing
[2018-10-14 19:28:40] (NewsSpider-1) unsupported operand type(s) for +: 'NoneType' and 'str'
[2018-10-14 19:28:40] Error when printing
[2018-10-14 19:28:41] (NewsSpider-2) unsupported operand type(s) for +: 'NoneType' and 'str'
[2018-10-14 19:28:41] Error when printing
[2018-10-14 19:28:50] (NewsSpider-4) (7/56) Crawling and storing DONE - Nationals brass: Minor leaguers have better chance to win in Fresno
[2018-10-14 19:28:52] (NewsSpider-3) (8/56) Crawling and storing DONE - New technology, housekeeping among concerns in hotel strikes
[2018-10-14 19:28:52] (NewsSpider-1) (9/56) Crawling and storing DONE - Retailers up their game after Toys R Us closures
[2018-10-14 19:28:53] (NewsSpider-2) (10/56) Crawling and storing DONE - Trump steps up his attacks on Federal Reserve's rate hikes
[2018-10-14 19:28:53] Error when printing
[2018-10-14 19:28:53] (NewsSpider-5) unsupported operand type(s) for +: 'NoneType' and 'str'
[2018-10-14 19:28:53] Error when printing
[2018-10-14 19:29:03] (NewsSpider-4) unsupported operand type(s) for +: 'NoneType' and 'str'
[2018-10-14 19:29:03] Error when printing
[2018-10-14 19:29:03] (NewsSpider-3) unsupported operand type(s) for +: 'NoneType' and 'str'
[2018-10-14 19:29:03] Error when printing
[2018-10-14 19:29:03] (NewsSpider-1) unsupported operand type(s) for +: 'NoneType' and 'str'
[2018-10-14 19:29:03] Error when printing
[2018-10-14 19:29:06] (NewsSpider-5) unsupported operand type(s) for +: 'NoneType' and 'str'
[2018-10-14 19:29:06] Error when printing
[2018-10-14 19:29:07] (NewsSpider-2) (11/56) Crawling and storing DONE - 134-home community in Tulare set to break ground
[2018-10-14 19:29:12] (NewsSpider-4) (12/56) Crawling and storing DONE - Tech stock rally helps snap losing streak as rough week ends
[2018-10-14 19:29:16] (NewsSpider-3) unsupported operand type(s) for +: 'NoneType' and 'str'
[2018-10-14 19:29:16] Error when printing
[2018-10-14 19:29:16] (NewsSpider-1) unsupported operand type(s) for +: 'NoneType' and 'str'
[2018-10-14 19:29:16] Error when printing
[2018-10-14 19:29:17] (NewsSpider-2) (13/56) Crawling and storing DONE - Tulare Regional Medical Center braces for patients
[2018-10-14 19:29:22] (NewsSpider-4) unsupported operand type(s) for +: 'NoneType' and 'str'
[2018-10-14 19:29:22] Error when printing
[2018-10-14 19:29:28] (NewsSpider-5) unsupported operand type(s) for +: 'NoneType' and 'str'
[2018-10-14 19:29:28] Error when printing
[2018-10-14 19:29:30] (NewsSpider-1) (14/56) Crawling and storing DONE - BLOG: Ballot measures let legislators off the hook
[2018-10-14 19:29:30] (NewsSpider-2) unsupported operand type(s) for +: 'NoneType' and 'str'
[2018-10-14 19:29:30] Error when printing
[2018-10-14 19:29:30] (NewsSpider-3) unsupported operand type(s) for +: 'NoneType' and 'str'
[2018-10-14 19:29:30] Error when printing
[2018-10-14 19:29:34] (NewsSpider-4) (15/56) Crawling and storing DONE - BLOG: The problem with polygraph tests
[2018-10-14 19:29:40] (NewsSpider-1) unsupported operand type(s) for +: 'NoneType' and 'str'
[2018-10-14 19:29:40] Error when printing
[2018-10-14 19:29:41] (NewsSpider-5) (16/56) Crawling and storing DONE - PressBox dine-and-dash sparks backlash, policy change
[2018-10-14 19:29:41] (NewsSpider-2) unsupported operand type(s) for +: 'NoneType' and 'str'
[2018-10-14 19:29:41] Error when printing
[2018-10-14 19:29:42] (NewsSpider-3) unsupported operand type(s) for +: 'NoneType' and 'str'
[2018-10-14 19:29:42] Error when printing
[2018-10-14 19:29:47] (NewsSpider-4) unsupported operand type(s) for +: 'NoneType' and 'str'
[2018-10-14 19:29:47] Error when printing
[2018-10-14 19:29:49] (NewsSpider-2) unsupported operand type(s) for +: 'NoneType' and 'str'
[2018-10-14 19:29:49] Error when printing
[2018-10-14 19:29:52] (NewsSpider-1) (17/56) Crawling and storing DONE - Rising interest rates weigh on high-flying tech stocks
[2018-10-14 19:29:52] (NewsSpider-3) unsupported operand type(s) for +: 'NoneType' and 'str'
[2018-10-14 19:29:52] Error when printing
[2018-10-14 19:29:52] (NewsSpider-5) unsupported operand type(s) for +: 'NoneType' and 'str'
[2018-10-14 19:29:52] Error when printing
[2018-10-14 19:29:55] (NewsSpider-4) unsupported operand type(s) for +: 'NoneType' and 'str'
[2018-10-14 19:29:55] Error when printing
[2018-10-14 19:30:01] (NewsSpider-1) unsupported operand type(s) for +: 'NoneType' and 'str'
[2018-10-14 19:30:01] Error when printing
[2018-10-14 19:30:02] (NewsSpider-2) (18/56) Crawling and storing DONE - Senators say they did not sign off on judicial nominees
[2018-10-14 19:30:02] ========== (NewsSpider-2) Thread END ==========
[2018-10-14 19:30:02] (NewsSpider-5) (19/56) Crawling and storing DONE - AP Exclusive: Tests show toxin in chain stores' jewelry
[2018-10-14 19:30:02] Error when printing
[2018-10-14 19:30:02] ========== (NewsSpider-1) Thread END ==========
[2018-10-14 19:30:03] (NewsSpider-3) unsupported operand type(s) for +: 'NoneType' and 'str'
[2018-10-14 19:30:03] Error when printing
[2018-10-14 19:30:03] ========== (NewsSpider-5) Thread END ==========
[2018-10-14 19:30:05] ========== (NewsSpider-3) Thread END ==========
[2018-10-14 19:30:07] (NewsSpider-4) unsupported operand type(s) for +: 'NoneType' and 'str'
[2018-10-14 19:30:07] Error when printing
[2018-10-14 19:30:09] ========== (NewsSpider-4) Thread END ==========
