('deleting category', 'https://world.ign.com', 'due to download err')
3->0->0 for https://corp.ign.com
156->27->2 for http://www.ign.com/articles
251->123->4 for http://www.ign.com/movies
260->127->0 for http://www.ign.com/comics
178->87->0 for http://www.ign.com/video
260->91->0 for http://www.ign.com/xbox-one
73->5->0 for http://www.ign.com/trailers
163->53->2 for http://www.ign.com
163->53->0 for http://www.ign.com
264->94->1 for http://www.ign.com/wireless
262->102->0 for http://www.ign.com/nintendo
226->91->0 for http://www.ign.com/tech
163->53->0 for https://www.ign.com
101->24->0 for http://www.ign.com/watch
15->0->0 for https://studios.ign.com
195->16->0 for http://www.ign.com/wikis
255->90->0 for http://www.ign.com/pc
257->90->0 for http://www.ign.com/ps4
156->39->2 for http://www.ign.com/podcasts
244->111->0 for http://www.ign.com/tv
[2018-10-14 19:27:48] ========== (NewsSpider-1) Start! ==========
[2018-10-14 19:27:48] ========== (NewsSpider-2) Start! ==========
[2018-10-14 19:27:48] ========== (NewsSpider-3) Start! ==========
[2018-10-14 19:27:48] ========== (NewsSpider-4) Start! ==========
[2018-10-14 19:27:48] ========== (NewsSpider-5) Start! ==========
[2018-10-14 19:27:54] (NewsSpider-3) (1/11) Crawling and storing DONE - How Fan-Based Projects Are Helping Preserve Video Games History
[2018-10-14 19:27:54] (NewsSpider-2) unsupported operand type(s) for +: 'NoneType' and 'str'
[2018-10-14 19:27:54] Error when printing
[2018-10-14 19:27:55] (NewsSpider-4) (2/11) Crawling and storing DONE - Game Scoop! 496: Our Take on Spider-Man PS4
[2018-10-14 19:27:56] (NewsSpider-5) (3/11) Crawling and storing DONE - Our Reaction to Super Smash Bros. Nintendo Direct
[2018-10-14 19:27:58] (NewsSpider-1) (4/11) Crawling and storing DONE - My Hero Academia Offers More Relatable Superheroes with Refreshing Motivations
[2018-10-14 19:28:01] (NewsSpider-3) (5/11) Crawling and storing DONE - The Best Samsung Galaxy Note 9 Cases
[2018-10-14 19:28:03] (NewsSpider-5) (6/11) Crawling and storing DONE - How Fan-Based Projects Are Helping Preserve Video Games History
[2018-10-14 19:28:04] ========== (NewsSpider-5) Thread END ==========
[2018-10-14 19:28:04] (NewsSpider-4) unsupported operand type(s) for +: 'NoneType' and 'str'
[2018-10-14 19:28:04] Error when printing
[2018-10-14 19:28:06] (NewsSpider-2) unsupported operand type(s) for +: 'NoneType' and 'str'
[2018-10-14 19:28:06] Error when printing
[2018-10-14 19:28:06] ========== (NewsSpider-4) Thread END ==========
[2018-10-14 19:28:06] ========== (NewsSpider-2) Thread END ==========
[2018-10-14 19:28:09] (NewsSpider-1) (7/11) Crawling and storing DONE - 10 Best Call of Duty Games of All Time
[2018-10-14 19:28:09] (NewsSpider-3) (8/11) Crawling and storing DONE - Aladdin: How the New Teaser Trailer Recreates the Animated Disney Movie
[2018-10-14 19:28:10] ========== (NewsSpider-1) Thread END ==========
[2018-10-14 19:28:10] ========== (NewsSpider-3) Thread END ==========
