65->19->19 for http://www.newrepublic.com
155->56->52 for http://www.newrepublic.com/minutes
58->20->1 for http://www.newrepublic.com/latest
27->0->0 for http://www.newrepublic.com/magazine
[2018-10-14 19:27:25] ========== (NewsSpider-1) Start! ==========
[2018-10-14 19:27:25] ========== (NewsSpider-2) Start! ==========
[2018-10-14 19:27:25] ========== (NewsSpider-3) Start! ==========
[2018-10-14 19:27:25] ========== (NewsSpider-4) Start! ==========
[2018-10-14 19:27:25] ========== (NewsSpider-5) Start! ==========
[2018-10-14 19:27:31] (NewsSpider-3) (1/72) Crawling and storing DONE - Senators push vote to block Saudi arms sales after Khashoggi disappearance
[2018-10-14 19:27:32] (NewsSpider-2) (2/72) Crawling and storing DONE - Kanye West called himself a 'motherf---er' in the Oval Office and gave Trump a massive hug during his White House visit
[2018-10-14 19:27:32] Error when printing
[2018-10-14 19:27:34] (NewsSpider-4) (3/72) Crawling and storing DONE - Brazil Is on the Brink of Authoritarianism
[2018-10-14 19:27:38] (NewsSpider-5) (4/72) Crawling and storing DONE - Trump walks tightrope amid global outrage over disappearance of Saudi journalist
[2018-10-14 19:27:40] (NewsSpider-3) (5/72) Crawling and storing DONE - Brett Kavanaugh Is the Point of No Return
[2018-10-14 19:27:44] (NewsSpider-4) (6/72) Crawling and storing DONE - The Fearless Rise of the Black Southern Progressive
[2018-10-14 19:27:48] (NewsSpider-5) (7/72) Crawling and storing DONE - America deserves to know how much money Trump is getting from the Saudi government
[2018-10-14 19:27:51] (NewsSpider-4) (8/72) Crawling and storing DONE - Poll: Kavanaugh confirmation energizes Democrats more than GOP
[2018-10-14 19:27:54] (NewsSpider-5) (9/72) Crawling and storing DONE - Brett Kavanaugh attacks backfire on Democrats, galvanize Republicans ahead of midterms
[2018-10-14 19:27:55] (NewsSpider-1) (10/72) Crawling and storing DONE - The Conservative Resistance Inside the Vatican
[2018-10-14 19:27:58] (NewsSpider-2) (11/72) Crawling and storing DONE - Naming Names, Turks Turn Up Heat on Saudis in Consulate Case
[2018-10-14 19:28:00] (NewsSpider-3) (12/72) Crawling and storing DONE - Ted Cruz cementing lead as Beto O'Rourke lags by 9 points in new Texas Senate race poll
[2018-10-14 19:28:00] Error when printing
[2018-10-14 19:28:00] (NewsSpider-1) (13/72) Crawling and storing DONE - Reeling Democrats confront brutal 2018 Senate map
[2018-10-14 19:28:04] (NewsSpider-4) (14/72) Crawling and storing DONE - 'Do you believe survivors?' Activists descend on Washington to protest Kavanaugh
[2018-10-14 19:28:04] Error when printing
[2018-10-14 19:28:06] (NewsSpider-3) (15/72) Crawling and storing DONE - The U.S. has no ambassador in Turkey or Saudi Arabia as it enters the diplomatic knife fight over journalist Jamal Khashoggi
[2018-10-14 19:28:09] (NewsSpider-1) unsupported operand type(s) for +: 'NoneType' and 'str'
[2018-10-14 19:28:09] Error when printing
[2018-10-14 19:28:12] (NewsSpider-2) (16/72) Crawling and storing DONE - CNN poll: Democrats are fired up and maintain a strong 2018 lead
[2018-10-14 19:28:15] (NewsSpider-5) (17/72) Crawling and storing DONE - My Private Oval Office Press Conference With Donald Trump
[2018-10-14 19:28:19] (NewsSpider-3) (18/72) Crawling and storing DONE - Who Says Supreme Court Justices Get Lifetime Tenure?
[2018-10-14 19:28:20] (NewsSpider-2) (19/72) Crawling and storing DONE - Media companies and top executives drop out of Saudi event over missing journalist Jamal Khashoggi
[2018-10-14 19:28:21] (NewsSpider-1) (20/72) Crawling and storing DONE - GOP Poll Puts Morrisey and Manchin Almost Even After Kavanaugh Vote
[2018-10-14 19:28:22] (NewsSpider-4) (21/72) Crawling and storing DONE - Interpol chief's arrest shows one-party rule is the only important thing to China
[2018-10-14 19:28:22] Error when printing
[2018-10-14 19:28:28] (NewsSpider-1) (22/72) Crawling and storing DONE - Turkish officials accuse Saudi Arabia of lack of cooperation in Khashoggi probe
[2018-10-14 19:28:31] (NewsSpider-5) (23/72) Crawling and storing DONE - The Trail of Clues in the Disappearance of Jamal Khashoggi
[2018-10-14 19:28:31] (NewsSpider-4) (24/72) Crawling and storing DONE - From Wall Street to K Street, Companies Gauge the Risks of Doing Business With Saudi Arabia
[2018-10-14 19:28:35] (NewsSpider-1) unsupported operand type(s) for +: 'NoneType' and 'str'
[2018-10-14 19:28:35] Error when printing
[2018-10-14 19:28:37] (NewsSpider-3) (25/72) Crawling and storing DONE - In Maniac, the Human Mind Is the Only Real Place
[2018-10-14 19:28:38] (NewsSpider-2) (26/72) Crawling and storing DONE - Brett Kavanaugh Disqualified Himself From the Supreme Court
[2018-10-14 19:28:42] (NewsSpider-4) (27/72) Crawling and storing DONE - When the Next Recession Hits
[2018-10-14 19:28:43] (NewsSpider-5) (28/72) Crawling and storing DONE - American Democracy Is on the Ballot in November
[2018-10-14 19:28:45] (NewsSpider-2) (29/72) Crawling and storing DONE - Can Paul Ryan actually privatize Medicare?
[2018-10-14 19:28:46] (NewsSpider-1) unsupported operand type(s) for +: 'NoneType' and 'str'
[2018-10-14 19:28:46] Error when printing
[2018-10-14 19:28:47] (NewsSpider-3) (30/72) Crawling and storing DONE - Turkish authorities are doubling down on the Jamal Khashoggi murder-dismemberment theory.
[2018-10-14 19:28:51] (NewsSpider-4) (31/72) Crawling and storing DONE - Welcome to the jungle
[2018-10-14 19:28:54] (NewsSpider-3) (32/72) Crawling and storing DONE - Crown prince sought to lure Khashoggi back to Saudi Arabia and detain him, U.S. intercepts show
[2018-10-14 19:28:54] (NewsSpider-1) unsupported operand type(s) for +: 'NoneType' and 'str'
[2018-10-14 19:28:54] Error when printing
[2018-10-14 19:28:59] (NewsSpider-5) (33/72) Crawling and storing DONE - The Case for Climate Pessimism
[2018-10-14 19:28:59] (NewsSpider-4) (34/72) Crawling and storing DONE - Donald Trump: Democrats 'Medicare for All' plan will demolish promises to seniors
[2018-10-14 19:28:59] Error when printing
[2018-10-14 19:29:02] (NewsSpider-1) unsupported operand type(s) for +: 'NoneType' and 'str'
[2018-10-14 19:29:02] Error when printing
[2018-10-14 19:29:08] (NewsSpider-2) (35/72) Crawling and storing DONE - The Office at the End of the World
[2018-10-14 19:29:08] (NewsSpider-4) (36/72) Crawling and storing DONE - Kanye-Trump meeting turns into rant on mental health and the 13th Amendment
[2018-10-14 19:29:09] (NewsSpider-5) (37/72) Crawling and storing DONE - The Abortion Case Likely Headed for the Supreme Court
[2018-10-14 19:29:09] (NewsSpider-1) (38/72) Crawling and storing DONE - The end of the Saudi Whisperer
[2018-10-14 19:29:15] (NewsSpider-2) (39/72) Crawling and storing DONE - In Defense of Politicizing Hurricanes
[2018-10-14 19:29:17] (NewsSpider-1) unsupported operand type(s) for +: 'NoneType' and 'str'
[2018-10-14 19:29:17] Error when printing
[2018-10-14 19:29:19] (NewsSpider-5) (40/72) Crawling and storing DONE - How One Inuit Community Won Against Big Oil
[2018-10-14 19:29:22] (NewsSpider-2) (41/72) Crawling and storing DONE - Turkish Officials Say Khashoggi Was Killed on Order of Saudi Leadership
[2018-10-14 19:29:24] (NewsSpider-1) (42/72) Crawling and storing DONE - The Good Place Comes Down to Earth
[2018-10-14 19:29:27] (NewsSpider-4) (43/72) Crawling and storing DONE - In 22 July, Paul Greengrass Misses the Bigger Picture
[2018-10-14 19:29:28] (NewsSpider-5) (44/72) Crawling and storing DONE - CNN Poll: Democratic advantage grows in race for Congress
[2018-10-14 19:29:29] (NewsSpider-3) (45/72) Crawling and storing DONE - Scott Wagner to Gov. Tom Wolf: 'I'm going to stomp all over your face with golf spikes'
[2018-10-14 19:29:29] Error when printing
[2018-10-14 19:29:31] (NewsSpider-1) (46/72) Crawling and storing DONE - Blackburn Has 8-Point Lead Over Bredesen, CBS News Poll Finds
[2018-10-14 19:29:33] (NewsSpider-4) (47/72) Crawling and storing DONE - Poll: Amid Kavanaugh Confirmation Battle, Democratic Enthusiasm Edge Evaporates
[2018-10-14 19:29:35] ========== (NewsSpider-4) Thread END ==========
[2018-10-14 19:29:36] (NewsSpider-5) (48/72) Crawling and storing DONE - Volunteers bolt Bredesen over Kavanaugh support
[2018-10-14 19:29:36] (NewsSpider-2) (49/72) Crawling and storing DONE - GOP, home to Trump and tea party, decries Dems' 'mob rule'
[2018-10-14 19:29:36] Error when printing
[2018-10-14 19:29:37] (NewsSpider-1) (50/72) Crawling and storing DONE - CVS-Aetna Merger Wins Approval Only to Face Debt Cliff
[2018-10-14 19:29:38] ========== (NewsSpider-3) Thread END ==========
[2018-10-14 19:29:39] ========== (NewsSpider-2) Thread END ==========
[2018-10-14 19:29:39] ========== (NewsSpider-5) Thread END ==========
[2018-10-14 19:29:40] ========== (NewsSpider-1) Thread END ==========
