320->116->51 for http://kotaku.com
315->108->41 for http://steamed.kotaku.com
320->116->0 for http://kotaku.com
297->96->39 for http://thebests.kotaku.com
313->99->37 for http://cosplay.kotaku.com
320->116->0 for https://kotaku.com
[2018-10-14 19:27:37] ========== (NewsSpider-1) Start! ==========
[2018-10-14 19:27:37] ========== (NewsSpider-2) Start! ==========
[2018-10-14 19:27:37] ========== (NewsSpider-3) Start! ==========
[2018-10-14 19:27:37] ========== (NewsSpider-4) Start! ==========
[2018-10-14 19:27:37] ========== (NewsSpider-5) Start! ==========
[2018-10-14 19:27:46] (NewsSpider-2) unsupported operand type(s) for +: 'NoneType' and 'str'
[2018-10-14 19:27:46] Error when printing
[2018-10-14 19:27:46] (NewsSpider-1) unsupported operand type(s) for +: 'NoneType' and 'str'
[2018-10-14 19:27:46] Error when printing
[2018-10-14 19:27:46] (NewsSpider-3) unsupported operand type(s) for +: 'NoneType' and 'str'
[2018-10-14 19:27:46] Error when printing
[2018-10-14 19:27:50] (NewsSpider-4) unsupported operand type(s) for +: 'NoneType' and 'str'
[2018-10-14 19:27:50] Error when printing
[2018-10-14 19:27:56] (NewsSpider-1) unsupported operand type(s) for +: 'NoneType' and 'str'
[2018-10-14 19:27:56] Error when printing
[2018-10-14 19:27:56] (NewsSpider-2) unsupported operand type(s) for +: 'NoneType' and 'str'
[2018-10-14 19:27:56] Error when printing
[2018-10-14 19:27:56] (NewsSpider-3) unsupported operand type(s) for +: 'NoneType' and 'str'
[2018-10-14 19:27:56] Error when printing
[2018-10-14 19:27:57] (NewsSpider-5) unsupported operand type(s) for +: 'NoneType' and 'str'
[2018-10-14 19:27:57] Error when printing
[2018-10-14 19:28:03] (NewsSpider-4) unsupported operand type(s) for +: 'NoneType' and 'str'
[2018-10-14 19:28:03] Error when printing
[2018-10-14 19:28:03] (NewsSpider-1) unsupported operand type(s) for +: 'NoneType' and 'str'
[2018-10-14 19:28:03] Error when printing
[2018-10-14 19:28:05] (NewsSpider-3) unsupported operand type(s) for +: 'NoneType' and 'str'
[2018-10-14 19:28:05] Error when printing
[2018-10-14 19:28:06] (NewsSpider-2) unsupported operand type(s) for +: 'NoneType' and 'str'
[2018-10-14 19:28:06] Error when printing
[2018-10-14 19:28:07] (NewsSpider-5) unsupported operand type(s) for +: 'NoneType' and 'str'
[2018-10-14 19:28:07] Error when printing
[2018-10-14 19:28:14] (NewsSpider-4) unsupported operand type(s) for +: 'NoneType' and 'str'
[2018-10-14 19:28:14] Error when printing
[2018-10-14 19:28:18] (NewsSpider-1) unsupported operand type(s) for +: 'NoneType' and 'str'
[2018-10-14 19:28:18] Error when printing
[2018-10-14 19:28:21] (NewsSpider-2) unsupported operand type(s) for +: 'NoneType' and 'str'
[2018-10-14 19:28:21] Error when printing
[2018-10-14 19:28:21] (NewsSpider-3) unsupported operand type(s) for +: 'NoneType' and 'str'
[2018-10-14 19:28:21] Error when printing
[2018-10-14 19:28:21] (NewsSpider-5) unsupported operand type(s) for +: 'NoneType' and 'str'
[2018-10-14 19:28:21] Error when printing
[2018-10-14 19:28:27] (NewsSpider-1) unsupported operand type(s) for +: 'NoneType' and 'str'
[2018-10-14 19:28:27] Error when printing
[2018-10-14 19:28:27] (NewsSpider-4) unsupported operand type(s) for +: 'NoneType' and 'str'
[2018-10-14 19:28:27] Error when printing
[2018-10-14 19:28:29] (NewsSpider-5) unsupported operand type(s) for +: 'NoneType' and 'str'
[2018-10-14 19:28:29] Error when printing
[2018-10-14 19:28:29] (NewsSpider-2) unsupported operand type(s) for +: 'NoneType' and 'str'
[2018-10-14 19:28:29] Error when printing
[2018-10-14 19:28:31] (NewsSpider-3) unsupported operand type(s) for +: 'NoneType' and 'str'
[2018-10-14 19:28:31] Error when printing
[2018-10-14 19:28:38] (NewsSpider-4) unsupported operand type(s) for +: 'NoneType' and 'str'
[2018-10-14 19:28:38] Error when printing
[2018-10-14 19:28:38] (NewsSpider-1) unsupported operand type(s) for +: 'NoneType' and 'str'
[2018-10-14 19:28:38] Error when printing
[2018-10-14 19:28:39] (NewsSpider-5) unsupported operand type(s) for +: 'NoneType' and 'str'
[2018-10-14 19:28:39] Error when printing
[2018-10-14 19:28:39] (NewsSpider-2) unsupported operand type(s) for +: 'NoneType' and 'str'
[2018-10-14 19:28:39] Error when printing
[2018-10-14 19:28:41] (NewsSpider-3) unsupported operand type(s) for +: 'NoneType' and 'str'
[2018-10-14 19:28:41] Error when printing
[2018-10-14 19:28:47] (NewsSpider-2) unsupported operand type(s) for +: 'NoneType' and 'str'
[2018-10-14 19:28:47] Error when printing
[2018-10-14 19:28:49] (NewsSpider-1) unsupported operand type(s) for +: 'NoneType' and 'str'
[2018-10-14 19:28:49] Error when printing
[2018-10-14 19:28:49] (NewsSpider-4) unsupported operand type(s) for +: 'NoneType' and 'str'
[2018-10-14 19:28:49] Error when printing
[2018-10-14 19:28:49] (NewsSpider-3) unsupported operand type(s) for +: 'NoneType' and 'str'
[2018-10-14 19:28:49] Error when printing
[2018-10-14 19:28:50] (NewsSpider-5) unsupported operand type(s) for +: 'NoneType' and 'str'
[2018-10-14 19:28:50] Error when printing
[2018-10-14 19:28:57] (NewsSpider-2) unsupported operand type(s) for +: 'NoneType' and 'str'
[2018-10-14 19:28:57] Error when printing
[2018-10-14 19:28:57] (NewsSpider-5) unsupported operand type(s) for +: 'NoneType' and 'str'
[2018-10-14 19:28:57] Error when printing
[2018-10-14 19:28:59] (NewsSpider-1) unsupported operand type(s) for +: 'NoneType' and 'str'
[2018-10-14 19:28:59] Error when printing
[2018-10-14 19:28:59] (NewsSpider-3) unsupported operand type(s) for +: 'NoneType' and 'str'
[2018-10-14 19:28:59] Error when printing
[2018-10-14 19:28:59] (NewsSpider-4) unsupported operand type(s) for +: 'NoneType' and 'str'
[2018-10-14 19:28:59] Error when printing
[2018-10-14 19:29:08] (NewsSpider-5) unsupported operand type(s) for +: 'NoneType' and 'str'
[2018-10-14 19:29:08] Error when printing
[2018-10-14 19:29:08] (NewsSpider-1) unsupported operand type(s) for +: 'NoneType' and 'str'
[2018-10-14 19:29:08] Error when printing
[2018-10-14 19:29:10] (NewsSpider-4) unsupported operand type(s) for +: 'NoneType' and 'str'
[2018-10-14 19:29:10] Error when printing
[2018-10-14 19:29:10] (NewsSpider-3) unsupported operand type(s) for +: 'NoneType' and 'str'
[2018-10-14 19:29:10] Error when printing
[2018-10-14 19:29:12] (NewsSpider-2) unsupported operand type(s) for +: 'NoneType' and 'str'
[2018-10-14 19:29:12] Error when printing
[2018-10-14 19:29:14] (NewsSpider-1) unsupported operand type(s) for +: 'NoneType' and 'str'
[2018-10-14 19:29:14] Error when printing
[2018-10-14 19:29:15] (NewsSpider-5) unsupported operand type(s) for +: 'NoneType' and 'str'
[2018-10-14 19:29:15] Error when printing
[2018-10-14 19:29:19] (NewsSpider-3) unsupported operand type(s) for +: 'NoneType' and 'str'
[2018-10-14 19:29:19] Error when printing
[2018-10-14 19:29:19] (NewsSpider-4) unsupported operand type(s) for +: 'NoneType' and 'str'
[2018-10-14 19:29:19] Error when printing
[2018-10-14 19:29:19] (NewsSpider-2) unsupported operand type(s) for +: 'NoneType' and 'str'
[2018-10-14 19:29:19] Error when printing
[2018-10-14 19:29:21] (NewsSpider-1) unsupported operand type(s) for +: 'NoneType' and 'str'
[2018-10-14 19:29:21] Error when printing
[2018-10-14 19:29:23] (NewsSpider-5) unsupported operand type(s) for +: 'NoneType' and 'str'
[2018-10-14 19:29:23] Error when printing
[2018-10-14 19:29:26] (NewsSpider-3) unsupported operand type(s) for +: 'NoneType' and 'str'
[2018-10-14 19:29:26] Error when printing
[2018-10-14 19:29:26] (NewsSpider-4) unsupported operand type(s) for +: 'NoneType' and 'str'
[2018-10-14 19:29:26] Error when printing
[2018-10-14 19:29:27] (NewsSpider-2) unsupported operand type(s) for +: 'NoneType' and 'str'
[2018-10-14 19:29:27] Error when printing
[2018-10-14 19:29:28] (NewsSpider-1) unsupported operand type(s) for +: 'NoneType' and 'str'
[2018-10-14 19:29:28] Error when printing
[2018-10-14 19:29:32] (NewsSpider-4) unsupported operand type(s) for +: 'NoneType' and 'str'
[2018-10-14 19:29:32] Error when printing
[2018-10-14 19:29:33] (NewsSpider-5) unsupported operand type(s) for +: 'NoneType' and 'str'
[2018-10-14 19:29:33] Error when printing
[2018-10-14 19:29:33] (NewsSpider-3) unsupported operand type(s) for +: 'NoneType' and 'str'
[2018-10-14 19:29:33] Error when printing
[2018-10-14 19:29:35] (NewsSpider-1) unsupported operand type(s) for +: 'NoneType' and 'str'
[2018-10-14 19:29:35] Error when printing
[2018-10-14 19:29:35] (NewsSpider-2) unsupported operand type(s) for +: 'NoneType' and 'str'
[2018-10-14 19:29:35] Error when printing
[2018-10-14 19:29:39] (NewsSpider-4) unsupported operand type(s) for +: 'NoneType' and 'str'
[2018-10-14 19:29:39] Error when printing
[2018-10-14 19:29:39] (NewsSpider-3) unsupported operand type(s) for +: 'NoneType' and 'str'
[2018-10-14 19:29:39] Error when printing
[2018-10-14 19:29:40] (NewsSpider-5) unsupported operand type(s) for +: 'NoneType' and 'str'
[2018-10-14 19:29:40] Error when printing
[2018-10-14 19:29:41] (NewsSpider-2) unsupported operand type(s) for +: 'NoneType' and 'str'
[2018-10-14 19:29:41] Error when printing
[2018-10-14 19:29:42] (NewsSpider-1) unsupported operand type(s) for +: 'NoneType' and 'str'
[2018-10-14 19:29:42] Error when printing
[2018-10-14 19:29:45] (NewsSpider-3) unsupported operand type(s) for +: 'NoneType' and 'str'
[2018-10-14 19:29:45] Error when printing
[2018-10-14 19:29:46] (NewsSpider-4) unsupported operand type(s) for +: 'NoneType' and 'str'
[2018-10-14 19:29:46] Error when printing
[2018-10-14 19:29:48] (NewsSpider-5) unsupported operand type(s) for +: 'NoneType' and 'str'
[2018-10-14 19:29:48] Error when printing
[2018-10-14 19:29:48] (NewsSpider-2) unsupported operand type(s) for +: 'NoneType' and 'str'
[2018-10-14 19:29:48] Error when printing
[2018-10-14 19:29:49] (NewsSpider-1) unsupported operand type(s) for +: 'NoneType' and 'str'
[2018-10-14 19:29:49] Error when printing
[2018-10-14 19:29:53] (NewsSpider-3) unsupported operand type(s) for +: 'NoneType' and 'str'
[2018-10-14 19:29:53] Error when printing
[2018-10-14 19:29:54] (NewsSpider-4) unsupported operand type(s) for +: 'NoneType' and 'str'
[2018-10-14 19:29:54] Error when printing
[2018-10-14 19:29:54] (NewsSpider-5) unsupported operand type(s) for +: 'NoneType' and 'str'
[2018-10-14 19:29:54] Error when printing
[2018-10-14 19:29:56] (NewsSpider-2) unsupported operand type(s) for +: 'NoneType' and 'str'
[2018-10-14 19:29:56] Error when printing
[2018-10-14 19:29:57] (NewsSpider-1) unsupported operand type(s) for +: 'NoneType' and 'str'
[2018-10-14 19:29:57] Error when printing
[2018-10-14 19:30:00] (NewsSpider-5) unsupported operand type(s) for +: 'NoneType' and 'str'
[2018-10-14 19:30:00] Error when printing
[2018-10-14 19:30:00] (NewsSpider-3) unsupported operand type(s) for +: 'NoneType' and 'str'
[2018-10-14 19:30:00] Error when printing
[2018-10-14 19:30:02] (NewsSpider-4) unsupported operand type(s) for +: 'NoneType' and 'str'
[2018-10-14 19:30:02] Error when printing
[2018-10-14 19:30:03] (NewsSpider-2) unsupported operand type(s) for +: 'NoneType' and 'str'
[2018-10-14 19:30:03] Error when printing
[2018-10-14 19:30:04] (NewsSpider-1) unsupported operand type(s) for +: 'NoneType' and 'str'
[2018-10-14 19:30:04] Error when printing
[2018-10-14 19:30:08] (NewsSpider-3) unsupported operand type(s) for +: 'NoneType' and 'str'
[2018-10-14 19:30:08] Error when printing
[2018-10-14 19:30:08] (NewsSpider-5) unsupported operand type(s) for +: 'NoneType' and 'str'
[2018-10-14 19:30:08] Error when printing
[2018-10-14 19:30:11] (NewsSpider-2) unsupported operand type(s) for +: 'NoneType' and 'str'
[2018-10-14 19:30:11] Error when printing
[2018-10-14 19:30:11] (NewsSpider-1) unsupported operand type(s) for +: 'NoneType' and 'str'
[2018-10-14 19:30:11] Error when printing
[2018-10-14 19:30:11] (NewsSpider-4) unsupported operand type(s) for +: 'NoneType' and 'str'
[2018-10-14 19:30:11] Error when printing
[2018-10-14 19:30:13] (NewsSpider-3) unsupported operand type(s) for +: 'NoneType' and 'str'
[2018-10-14 19:30:13] Error when printing
[2018-10-14 19:30:14] (NewsSpider-5) unsupported operand type(s) for +: 'NoneType' and 'str'
[2018-10-14 19:30:14] Error when printing
[2018-10-14 19:30:16] (NewsSpider-1) unsupported operand type(s) for +: 'NoneType' and 'str'
[2018-10-14 19:30:16] Error when printing
[2018-10-14 19:30:17] (NewsSpider-2) unsupported operand type(s) for +: 'NoneType' and 'str'
[2018-10-14 19:30:17] Error when printing
[2018-10-14 19:30:18] (NewsSpider-3) unsupported operand type(s) for +: 'NoneType' and 'str'
[2018-10-14 19:30:18] Error when printing
[2018-10-14 19:30:19] (NewsSpider-4) unsupported operand type(s) for +: 'NoneType' and 'str'
[2018-10-14 19:30:19] Error when printing
[2018-10-14 19:30:20] (NewsSpider-5) unsupported operand type(s) for +: 'NoneType' and 'str'
[2018-10-14 19:30:20] Error when printing
[2018-10-14 19:30:22] (NewsSpider-1) unsupported operand type(s) for +: 'NoneType' and 'str'
[2018-10-14 19:30:22] Error when printing
[2018-10-14 19:30:22] (NewsSpider-2) unsupported operand type(s) for +: 'NoneType' and 'str'
[2018-10-14 19:30:22] Error when printing
[2018-10-14 19:30:25] (NewsSpider-3) unsupported operand type(s) for +: 'NoneType' and 'str'
[2018-10-14 19:30:25] Error when printing
[2018-10-14 19:30:25] (NewsSpider-4) unsupported operand type(s) for +: 'NoneType' and 'str'
[2018-10-14 19:30:25] Error when printing
[2018-10-14 19:30:27] (NewsSpider-2) unsupported operand type(s) for +: 'NoneType' and 'str'
[2018-10-14 19:30:27] Error when printing
[2018-10-14 19:30:27] (NewsSpider-1) unsupported operand type(s) for +: 'NoneType' and 'str'
[2018-10-14 19:30:27] Error when printing
[2018-10-14 19:30:27] (NewsSpider-5) unsupported operand type(s) for +: 'NoneType' and 'str'
[2018-10-14 19:30:27] Error when printing
[2018-10-14 19:30:31] (NewsSpider-2) unsupported operand type(s) for +: 'NoneType' and 'str'
[2018-10-14 19:30:31] Error when printing
[2018-10-14 19:30:31] (NewsSpider-3) unsupported operand type(s) for +: 'NoneType' and 'str'
[2018-10-14 19:30:31] Error when printing
[2018-10-14 19:30:32] (NewsSpider-5) unsupported operand type(s) for +: 'NoneType' and 'str'
[2018-10-14 19:30:32] Error when printing
[2018-10-14 19:30:33] (NewsSpider-4) unsupported operand type(s) for +: 'NoneType' and 'str'
[2018-10-14 19:30:33] Error when printing
[2018-10-14 19:30:34] (NewsSpider-1) unsupported operand type(s) for +: 'NoneType' and 'str'
[2018-10-14 19:30:34] Error when printing
[2018-10-14 19:30:37] (NewsSpider-3) unsupported operand type(s) for +: 'NoneType' and 'str'
[2018-10-14 19:30:37] Error when printing
[2018-10-14 19:30:37] (NewsSpider-4) unsupported operand type(s) for +: 'NoneType' and 'str'
[2018-10-14 19:30:37] Error when printing
[2018-10-14 19:30:39] (NewsSpider-5) unsupported operand type(s) for +: 'NoneType' and 'str'
[2018-10-14 19:30:39] Error when printing
[2018-10-14 19:30:40] (NewsSpider-1) unsupported operand type(s) for +: 'NoneType' and 'str'
[2018-10-14 19:30:40] Error when printing
[2018-10-14 19:30:41] (NewsSpider-3) unsupported operand type(s) for +: 'NoneType' and 'str'
[2018-10-14 19:30:41] Error when printing
[2018-10-14 19:30:41] (NewsSpider-2) unsupported operand type(s) for +: 'NoneType' and 'str'
[2018-10-14 19:30:41] Error when printing
[2018-10-14 19:30:42] (NewsSpider-4) unsupported operand type(s) for +: 'NoneType' and 'str'
[2018-10-14 19:30:42] Error when printing
[2018-10-14 19:30:45] (NewsSpider-5) unsupported operand type(s) for +: 'NoneType' and 'str'
[2018-10-14 19:30:45] Error when printing
[2018-10-14 19:30:47] (NewsSpider-1) unsupported operand type(s) for +: 'NoneType' and 'str'
[2018-10-14 19:30:47] Error when printing
[2018-10-14 19:30:47] (NewsSpider-3) unsupported operand type(s) for +: 'NoneType' and 'str'
[2018-10-14 19:30:47] Error when printing
[2018-10-14 19:30:47] (NewsSpider-2) unsupported operand type(s) for +: 'NoneType' and 'str'
[2018-10-14 19:30:47] Error when printing
[2018-10-14 19:30:48] (NewsSpider-4) unsupported operand type(s) for +: 'NoneType' and 'str'
[2018-10-14 19:30:48] Error when printing
[2018-10-14 19:30:51] (NewsSpider-3) unsupported operand type(s) for +: 'NoneType' and 'str'
[2018-10-14 19:30:51] Error when printing
[2018-10-14 19:30:52] (NewsSpider-4) unsupported operand type(s) for +: 'NoneType' and 'str'
[2018-10-14 19:30:52] Error when printing
[2018-10-14 19:30:52] (NewsSpider-5) unsupported operand type(s) for +: 'NoneType' and 'str'
[2018-10-14 19:30:52] Error when printing
[2018-10-14 19:30:52] (NewsSpider-1) unsupported operand type(s) for +: 'NoneType' and 'str'
[2018-10-14 19:30:52] Error when printing
[2018-10-14 19:30:52] (NewsSpider-2) unsupported operand type(s) for +: 'NoneType' and 'str'
[2018-10-14 19:30:52] Error when printing
[2018-10-14 19:30:54] (NewsSpider-3) unsupported operand type(s) for +: 'NoneType' and 'str'
[2018-10-14 19:30:54] Error when printing
[2018-10-14 19:30:57] (NewsSpider-1) unsupported operand type(s) for +: 'NoneType' and 'str'
[2018-10-14 19:30:57] Error when printing
[2018-10-14 19:30:57] (NewsSpider-4) unsupported operand type(s) for +: 'NoneType' and 'str'
[2018-10-14 19:30:57] Error when printing
[2018-10-14 19:30:58] (NewsSpider-5) unsupported operand type(s) for +: 'NoneType' and 'str'
[2018-10-14 19:30:58] Error when printing
[2018-10-14 19:30:58] (NewsSpider-2) unsupported operand type(s) for +: 'NoneType' and 'str'
[2018-10-14 19:30:58] Error when printing
[2018-10-14 19:30:59] (NewsSpider-3) unsupported operand type(s) for +: 'NoneType' and 'str'
[2018-10-14 19:30:59] Error when printing
[2018-10-14 19:31:01] (NewsSpider-1) unsupported operand type(s) for +: 'NoneType' and 'str'
[2018-10-14 19:31:01] Error when printing
[2018-10-14 19:31:01] (NewsSpider-4) unsupported operand type(s) for +: 'NoneType' and 'str'
[2018-10-14 19:31:01] Error when printing
[2018-10-14 19:31:03] (NewsSpider-5) unsupported operand type(s) for +: 'NoneType' and 'str'
[2018-10-14 19:31:03] Error when printing
[2018-10-14 19:31:03] (NewsSpider-2) unsupported operand type(s) for +: 'NoneType' and 'str'
[2018-10-14 19:31:03] Error when printing
[2018-10-14 19:31:03] (NewsSpider-1) unsupported operand type(s) for +: 'NoneType' and 'str'
[2018-10-14 19:31:03] Error when printing
[2018-10-14 19:31:04] (NewsSpider-5) unsupported operand type(s) for +: 'NoneType' and 'str'
[2018-10-14 19:31:04] Error when printing
[2018-10-14 19:31:06] (NewsSpider-4) unsupported operand type(s) for +: 'NoneType' and 'str'
[2018-10-14 19:31:06] Error when printing
[2018-10-14 19:31:07] (NewsSpider-2) unsupported operand type(s) for +: 'NoneType' and 'str'
[2018-10-14 19:31:07] Error when printing
[2018-10-14 19:31:07] (NewsSpider-3) unsupported operand type(s) for +: 'NoneType' and 'str'
[2018-10-14 19:31:07] Error when printing
[2018-10-14 19:31:08] (NewsSpider-1) unsupported operand type(s) for +: 'NoneType' and 'str'
[2018-10-14 19:31:08] Error when printing
[2018-10-14 19:31:11] (NewsSpider-3) unsupported operand type(s) for +: 'NoneType' and 'str'
[2018-10-14 19:31:11] Error when printing
[2018-10-14 19:31:11] (NewsSpider-4) unsupported operand type(s) for +: 'NoneType' and 'str'
[2018-10-14 19:31:11] Error when printing
[2018-10-14 19:31:12] (NewsSpider-1) unsupported operand type(s) for +: 'NoneType' and 'str'
[2018-10-14 19:31:12] Error when printing
[2018-10-14 19:31:13] (NewsSpider-2) unsupported operand type(s) for +: 'NoneType' and 'str'
[2018-10-14 19:31:13] Error when printing
[2018-10-14 19:31:13] (NewsSpider-5) unsupported operand type(s) for +: 'NoneType' and 'str'
[2018-10-14 19:31:13] Error when printing
[2018-10-14 19:31:15] (NewsSpider-3) unsupported operand type(s) for +: 'NoneType' and 'str'
[2018-10-14 19:31:15] Error when printing
[2018-10-14 19:31:15] (NewsSpider-2) unsupported operand type(s) for +: 'NoneType' and 'str'
[2018-10-14 19:31:15] Error when printing
[2018-10-14 19:31:16] (NewsSpider-1) unsupported operand type(s) for +: 'NoneType' and 'str'
[2018-10-14 19:31:16] Error when printing
[2018-10-14 19:31:16] (NewsSpider-4) unsupported operand type(s) for +: 'NoneType' and 'str'
[2018-10-14 19:31:16] Error when printing
[2018-10-14 19:31:17] (NewsSpider-5) unsupported operand type(s) for +: 'NoneType' and 'str'
[2018-10-14 19:31:17] Error when printing
[2018-10-14 19:31:19] (NewsSpider-3) unsupported operand type(s) for +: 'NoneType' and 'str'
[2018-10-14 19:31:19] Error when printing
[2018-10-14 19:31:20] (NewsSpider-1) unsupported operand type(s) for +: 'NoneType' and 'str'
[2018-10-14 19:31:20] Error when printing
[2018-10-14 19:31:21] (NewsSpider-2) unsupported operand type(s) for +: 'NoneType' and 'str'
[2018-10-14 19:31:21] Error when printing
[2018-10-14 19:31:21] (NewsSpider-5) unsupported operand type(s) for +: 'NoneType' and 'str'
[2018-10-14 19:31:21] Error when printing
[2018-10-14 19:31:22] (NewsSpider-4) unsupported operand type(s) for +: 'NoneType' and 'str'
[2018-10-14 19:31:22] Error when printing
[2018-10-14 19:31:22] (NewsSpider-3) unsupported operand type(s) for +: 'NoneType' and 'str'
[2018-10-14 19:31:22] Error when printing
[2018-10-14 19:31:23] (NewsSpider-1) unsupported operand type(s) for +: 'NoneType' and 'str'
[2018-10-14 19:31:23] Error when printing
[2018-10-14 19:31:23] (NewsSpider-2) unsupported operand type(s) for +: 'NoneType' and 'str'
[2018-10-14 19:31:23] Error when printing
[2018-10-14 19:31:24] (NewsSpider-4) unsupported operand type(s) for +: 'NoneType' and 'str'
[2018-10-14 19:31:24] Error when printing
[2018-10-14 19:31:24] (NewsSpider-5) unsupported operand type(s) for +: 'NoneType' and 'str'
[2018-10-14 19:31:24] Error when printing
[2018-10-14 19:31:25] (NewsSpider-1) unsupported operand type(s) for +: 'NoneType' and 'str'
[2018-10-14 19:31:25] Error when printing
[2018-10-14 19:31:26] (NewsSpider-2) unsupported operand type(s) for +: 'NoneType' and 'str'
[2018-10-14 19:31:26] Error when printing
[2018-10-14 19:31:26] (NewsSpider-3) unsupported operand type(s) for +: 'NoneType' and 'str'
[2018-10-14 19:31:26] Error when printing
[2018-10-14 19:31:27] (NewsSpider-4) unsupported operand type(s) for +: 'NoneType' and 'str'
[2018-10-14 19:31:27] Error when printing
[2018-10-14 19:31:28] ========== (NewsSpider-1) Thread END ==========
[2018-10-14 19:31:28] ========== (NewsSpider-4) Thread END ==========
[2018-10-14 19:31:29] (NewsSpider-5) unsupported operand type(s) for +: 'NoneType' and 'str'
[2018-10-14 19:31:29] Error when printing
[2018-10-14 19:31:29] (NewsSpider-3) unsupported operand type(s) for +: 'NoneType' and 'str'
[2018-10-14 19:31:29] Error when printing
[2018-10-14 19:31:29] (NewsSpider-2) unsupported operand type(s) for +: 'NoneType' and 'str'
[2018-10-14 19:31:29] Error when printing
[2018-10-14 19:31:30] ========== (NewsSpider-3) Thread END ==========
[2018-10-14 19:31:30] ========== (NewsSpider-2) Thread END ==========
[2018-10-14 19:31:31] ========== (NewsSpider-5) Thread END ==========
