470->206->70 for http://www.suntimes.com
0->0->0 for https://elections.suntimes.com
15->7->6 for https://graphics.suntimes.com
470->206->0 for http://suntimes.com
67->0->0 for http://marketplace.suntimes.com
70->24->16 for http://www.suntimes.com/feed
130->10->5 for http://games.chicago.suntimes.com
137->19->12 for http://legacy.suntimes.com
470->206->0 for https://chicago.suntimes.com
129->0->0 for https://31bullets.suntimes.com
470->206->0 for http://chicago.suntimes.com
[2018-10-14 19:27:55] ========== (NewsSpider-1) Start! ==========
[2018-10-14 19:27:55] ========== (NewsSpider-2) Start! ==========
[2018-10-14 19:27:55] ========== (NewsSpider-3) Start! ==========
[2018-10-14 19:27:55] ========== (NewsSpider-4) Start! ==========
[2018-10-14 19:27:55] ========== (NewsSpider-5) Start! ==========
[2018-10-14 19:28:00] (NewsSpider-3) (1/109) Crawling and storing DONE - All over in overtime: Bears miss field goal, lose wild finish to Dolphins
[2018-10-14 19:28:01] (NewsSpider-1) (2/109) Crawling and storing DONE - Fact-check: Bruce Rauner overstates facts about states with graduated income tax
[2018-10-14 19:28:02] (NewsSpider-4) (3/109) Crawling and storing DONE - MWRD Democratic nominee for 6-year term: Marcelino Garcia
[2018-10-14 19:28:02] (NewsSpider-5) (4/109) Crawling and storing DONE - Republican nominee for Illinois governor: Bruce Rauner
[2018-10-14 19:28:07] (NewsSpider-4) unsupported operand type(s) for +: 'NoneType' and 'str'
[2018-10-14 19:28:07] Error when printing
[2018-10-14 19:28:07] (NewsSpider-3) (5/109) Crawling and storing DONE - MWRD Democratic nominee for 6-year term: Debra Shore
[2018-10-14 19:28:08] (NewsSpider-1) (6/109) Crawling and storing DONE - LGBTQ Democrat running for County Board calls Republican attack ad homophobic
[2018-10-14 19:28:08] (NewsSpider-2) (7/109) Crawling and storing DONE - Priest at Little Village parish charged with sexually abusing 2 women
[2018-10-14 19:28:15] (NewsSpider-1) (8/109) Crawling and storing DONE - In a blow to Cook County Circuit Judge Matthew Coghlan, his colleagues give reelection money to Democratic Party
[2018-10-14 19:28:16] (NewsSpider-3) unsupported operand type(s) for +: 'NoneType' and 'str'
[2018-10-14 19:28:16] Error when printing
[2018-10-14 19:28:16] (NewsSpider-2) (9/109) Crawling and storing DONE - Leon Lederman, Nobel Prize-winning physicist who led Fermilab, has died at 96
[2018-10-14 19:28:22] (NewsSpider-4) (10/109) Crawling and storing DONE - Ukrainian Village: Churches, history, where to eat, shop, things to do
[2018-10-14 19:28:24] (NewsSpider-2) (11/109) Crawling and storing DONE - MWRD Democratic nominee for 6-year term: Kari K. Steele
[2018-10-14 19:28:25] (NewsSpider-1) unsupported operand type(s) for +: 'NoneType' and 'str'
[2018-10-14 19:28:25] Error when printing
[2018-10-14 19:28:27] (NewsSpider-5) (12/109) Crawling and storing DONE - Debatus interruptus: Rauner and Pritzker bring sharp elbows to Sun-Times debate
[2018-10-14 19:28:29] (NewsSpider-4) (13/109) Crawling and storing DONE - Man critically wounded in East Garfield Park shooting
[2018-10-14 19:28:30] (NewsSpider-2) (14/109) Crawling and storing DONE - Fittingly, Duncan Keith and Brent Seabrook hit milestones on same night
[2018-10-14 19:28:32] (NewsSpider-1) (15/109) Crawling and storing DONE - Ready or not, Bulls players are poised for the start of the regular season
[2018-10-14 19:28:34] (NewsSpider-3) (16/109) Crawling and storing DONE - Food We Love: Making the perfect cup of chai
[2018-10-14 19:28:38] (NewsSpider-2) (17/109) Crawling and storing DONE - Private Chicago city hauler is diverting tons of recyclables to its landfills
[2018-10-14 19:28:41] (NewsSpider-5) (18/109) Crawling and storing DONE - ENDORSEMENT: Jesse White for Illinois secretary of state
[2018-10-14 19:28:46] (NewsSpider-4) (19/109) Crawling and storing DONE - Dear Abby: My therapist finds me on dating site, starts flirting
[2018-10-14 19:28:46] (NewsSpider-2) (20/109) Crawling and storing DONE - Chicago pastry Chef Mindy Segal launches 2nd line of cannabis-infused sweets
[2018-10-14 19:28:49] (NewsSpider-3) (21/109) Crawling and storing DONE - ENDORSEMENT: Susana A. Mendoza for Illinois comptroller
[2018-10-14 19:28:50] (NewsSpider-5) (22/109) Crawling and storing DONE - Police: 5-year-old girl dead, 5 kids among 7 others hurt in SW Side crash
[2018-10-14 19:28:54] (NewsSpider-4) unsupported operand type(s) for +: 'NoneType' and 'str'
[2018-10-14 19:28:54] Error when printing
[2018-10-14 19:28:56] (NewsSpider-3) (23/109) Crawling and storing DONE - Shooting on I-57 wounds 3, shuts down expressway for hours
[2018-10-14 19:28:56] (NewsSpider-5) unsupported operand type(s) for +: 'NoneType' and 'str'
[2018-10-14 19:28:56] Error when printing
[2018-10-14 19:29:05] (NewsSpider-3) (24/109) Crawling and storing DONE - Every day on Chicago streets, there are 319 crashes; Chatham block has the most
[2018-10-14 19:29:05] (NewsSpider-5) (25/109) Crawling and storing DONE - Bears vs. Dolphins: Final score and highlights for Week 6
[2018-10-14 19:29:07] (NewsSpider-2) (26/109) Crawling and storing DONE - 50 years for gunman who killed neighbor in River West apartment building gym
[2018-10-14 19:29:10] (NewsSpider-4) (27/109) Crawling and storing DONE - Man, 60, charged with shooting man to death in Robbins
[2018-10-14 19:29:10] (NewsSpider-1) (28/109) Crawling and storing DONE - John H. Bryan Jr., renowned Chicago philanthropist, longtime Sara Lee CEO, dies
[2018-10-14 19:29:11] (NewsSpider-2) (29/109) Crawling and storing DONE - The Grid: Exploring the Pullman neighborhood
[2018-10-14 19:29:12] (NewsSpider-5) unsupported operand type(s) for +: 'NoneType' and 'str'
[2018-10-14 19:29:12] Error when printing
[2018-10-14 19:29:15] (NewsSpider-1) (30/109) Crawling and storing DONE - How a feline lover got tricked into becoming a dog person
[2018-10-14 19:29:17] (NewsSpider-4) (31/109) Crawling and storing DONE - Democratic nominee for Illinois governor: J.B. Pritzker
[2018-10-14 19:29:17] (NewsSpider-5) unsupported operand type(s) for +: 'NoneType' and 'str'
[2018-10-14 19:29:17] Error when printing
[2018-10-14 19:29:17] (NewsSpider-3) (32/109) Crawling and storing DONE - Community activist raises reward for info on Rogers Park killer to $23K
[2018-10-14 19:29:22] (NewsSpider-4) unsupported operand type(s) for +: 'NoneType' and 'str'
[2018-10-14 19:29:22] Error when printing
[2018-10-14 19:29:23] (NewsSpider-2) unsupported operand type(s) for +: 'NoneType' and 'str'
[2018-10-14 19:29:23] Error when printing
[2018-10-14 19:29:28] (NewsSpider-3) unsupported operand type(s) for +: 'NoneType' and 'str'
[2018-10-14 19:29:28] Error when printing
[2018-10-14 19:29:29] (NewsSpider-1) (33/109) Crawling and storing DONE - Watch the 2018 Race for Illinois Governor Forum in Its Entirety
[2018-10-14 19:29:29] (NewsSpider-4) unsupported operand type(s) for +: 'NoneType' and 'str'
[2018-10-14 19:29:29] Error when printing
[2018-10-14 19:29:30] (NewsSpider-2) (34/109) Crawling and storing DONE - Illinois Politics Becomes the Plaything of the Rich
[2018-10-14 19:29:31] (NewsSpider-5) unsupported operand type(s) for +: 'NoneType' and 'str'
[2018-10-14 19:29:31] Error when printing
[2018-10-14 19:29:33] (NewsSpider-4) (35/109) Crawling and storing DONE - Rauner falsely claims graduated income taxes always hurt the middle class
[2018-10-14 19:29:34] (NewsSpider-1) unsupported operand type(s) for +: 'NoneType' and 'str'
[2018-10-14 19:29:34] Error when printing
[2018-10-14 19:29:39] (NewsSpider-4) unsupported operand type(s) for +: 'NoneType' and 'str'
[2018-10-14 19:29:39] Error when printing
[2018-10-14 19:29:41] (NewsSpider-1) (36/109) Crawling and storing DONE - J.B. and the Gov: The One Percent takes on The One Percent
[2018-10-14 19:29:44] (NewsSpider-3) (37/109) Crawling and storing DONE - Teen shot in West Pullman
[2018-10-14 19:29:45] (NewsSpider-4) (38/109) Crawling and storing DONE - Architect Peter Roesch dies, was among last living students of Mies van der Rohe
[2018-10-14 19:29:48] (NewsSpider-4) (39/109) Crawling and storing DONE - ENDORSEMENT: Kwame Raoul for Illinois attorney general
[2018-10-14 19:29:49] (NewsSpider-1) unsupported operand type(s) for +: 'NoneType' and 'str'
[2018-10-14 19:29:49] Error when printing
[2018-10-14 19:29:51] (NewsSpider-3) (40/109) Crawling and storing DONE - WATCH: Rauner, Pritzker face Sun-Times Editorial Board
[2018-10-14 19:29:54] (NewsSpider-5) (41/109) Crawling and storing DONE - MWRD Green Party nominee for 6-year term: Karen Roothaan
[2018-10-14 19:29:56] (NewsSpider-4) (42/109) Crawling and storing DONE - The Grid: Exploring the Bridgeport neighborhood
[2018-10-14 19:29:56] (NewsSpider-1) unsupported operand type(s) for +: 'NoneType' and 'str'
[2018-10-14 19:29:56] Error when printing
[2018-10-14 19:29:59] (NewsSpider-3) (43/109) Crawling and storing DONE - The Grid: Exploring the Edison Park neighborhood
[2018-10-14 19:30:02] (NewsSpider-1) (44/109) Crawling and storing DONE - Citing safety concerns, officials ship Van Dyke to jail 3 hours west of Chicago
[2018-10-14 19:30:02] (NewsSpider-2) unsupported operand type(s) for +: 'NoneType' and 'str'
[2018-10-14 19:30:02] Error when printing
[2018-10-14 19:30:03] (NewsSpider-3) (45/109) Crawling and storing DONE - 2 films today at the Chicago International Film Festival
[2018-10-14 19:30:05] (NewsSpider-4) unsupported operand type(s) for +: 'NoneType' and 'str'
[2018-10-14 19:30:05] Error when printing
[2018-10-14 19:30:08] (NewsSpider-2) (46/109) Crawling and storing DONE - Chance the Rapper pizza sales to benefit his charity
[2018-10-14 19:30:08] (NewsSpider-1) (47/109) Crawling and storing DONE - Alec Baldwin vows to break the talk show model by going deep
[2018-10-14 19:30:10] (NewsSpider-3) unsupported operand type(s) for +: 'NoneType' and 'str'
[2018-10-14 19:30:10] Error when printing
[2018-10-14 19:30:11] (NewsSpider-5) (48/109) Crawling and storing DONE - Flood of Colombian cocaine headed to Chicago, other big U.S. cities, DEA says
[2018-10-14 19:30:11] (NewsSpider-4) unsupported operand type(s) for +: 'NoneType' and 'str'
[2018-10-14 19:30:11] Error when printing
[2018-10-14 19:30:12] (NewsSpider-2) (49/109) Crawling and storing DONE - Teen shot to death in Austin
[2018-10-14 19:30:12] (NewsSpider-1) (50/109) Crawling and storing DONE - Abhi the Nomad has lived in many lands on his way to hip-hop succes
[2018-10-14 19:30:14] (NewsSpider-5) unsupported operand type(s) for +: 'NoneType' and 'str'
[2018-10-14 19:30:14] Error when printing
[2018-10-14 19:30:14] (NewsSpider-3) (51/109) Crawling and storing DONE - Before and after Laquan, I stand at a Chicago crossroads of love and hate
[2018-10-14 19:30:16] (NewsSpider-4) (52/109) Crawling and storing DONE - Jason Van Dyke reading, writing letters from Rock Island as he awaits sentencing
[2018-10-14 19:30:16] (NewsSpider-2) unsupported operand type(s) for +: 'NoneType' and 'str'
[2018-10-14 19:30:16] Error when printing
[2018-10-14 19:30:16] (NewsSpider-1) unsupported operand type(s) for +: 'NoneType' and 'str'
[2018-10-14 19:30:16] Error when printing
[2018-10-14 19:30:17] ========== (NewsSpider-1) Thread END ==========
[2018-10-14 19:30:18] ========== (NewsSpider-2) Thread END ==========
[2018-10-14 19:30:18] ========== (NewsSpider-4) Thread END ==========
[2018-10-14 19:30:21] ========== (NewsSpider-3) Thread END ==========
[2018-10-14 19:30:22] ========== (NewsSpider-5) Thread END ==========
