333->175->151 for http://allthingsd.com
[2018-10-14 19:27:39] ========== (NewsSpider-1) Start! ==========
[2018-10-14 19:27:39] ========== (NewsSpider-2) Start! ==========
[2018-10-14 19:27:39] ========== (NewsSpider-3) Start! ==========
[2018-10-14 19:27:39] ========== (NewsSpider-4) Start! ==========
[2018-10-14 19:27:39] ========== (NewsSpider-5) Start! ==========
[2018-10-14 19:27:45] (NewsSpider-4) unsupported operand type(s) for +: 'NoneType' and 'str'
[2018-10-14 19:27:45] Error when printing
[2018-10-14 19:27:46] (NewsSpider-2) unsupported operand type(s) for +: 'NoneType' and 'str'
[2018-10-14 19:27:46] Error when printing
[2018-10-14 19:27:47] (NewsSpider-3) unsupported operand type(s) for +: 'NoneType' and 'str'
[2018-10-14 19:27:47] Error when printing
[2018-10-14 19:27:47] (NewsSpider-5) unsupported operand type(s) for +: 'NoneType' and 'str'
[2018-10-14 19:27:47] Error when printing
[2018-10-14 19:27:48] (NewsSpider-1) unsupported operand type(s) for +: 'NoneType' and 'str'
[2018-10-14 19:27:48] Error when printing
[2018-10-14 19:27:55] (NewsSpider-2) unsupported operand type(s) for +: 'NoneType' and 'str'
[2018-10-14 19:27:55] Error when printing
[2018-10-14 19:27:55] (NewsSpider-4) unsupported operand type(s) for +: 'NoneType' and 'str'
[2018-10-14 19:27:55] Error when printing
[2018-10-14 19:27:57] (NewsSpider-3) unsupported operand type(s) for +: 'NoneType' and 'str'
[2018-10-14 19:27:57] Error when printing
[2018-10-14 19:27:57] (NewsSpider-5) unsupported operand type(s) for +: 'NoneType' and 'str'
[2018-10-14 19:27:57] Error when printing
[2018-10-14 19:27:58] (NewsSpider-1) unsupported operand type(s) for +: 'NoneType' and 'str'
[2018-10-14 19:27:58] Error when printing
[2018-10-14 19:28:02] (NewsSpider-4) unsupported operand type(s) for +: 'NoneType' and 'str'
[2018-10-14 19:28:02] Error when printing
[2018-10-14 19:28:04] (NewsSpider-2) unsupported operand type(s) for +: 'NoneType' and 'str'
[2018-10-14 19:28:04] Error when printing
[2018-10-14 19:28:06] (NewsSpider-3) unsupported operand type(s) for +: 'NoneType' and 'str'
[2018-10-14 19:28:06] Error when printing
[2018-10-14 19:28:08] (NewsSpider-5) unsupported operand type(s) for +: 'NoneType' and 'str'
[2018-10-14 19:28:08] Error when printing
[2018-10-14 19:28:08] (NewsSpider-1) unsupported operand type(s) for +: 'NoneType' and 'str'
[2018-10-14 19:28:08] Error when printing
[2018-10-14 19:28:12] (NewsSpider-4) unsupported operand type(s) for +: 'NoneType' and 'str'
[2018-10-14 19:28:12] Error when printing
[2018-10-14 19:28:16] (NewsSpider-2) unsupported operand type(s) for +: 'NoneType' and 'str'
[2018-10-14 19:28:16] Error when printing
[2018-10-14 19:28:17] (NewsSpider-3) unsupported operand type(s) for +: 'NoneType' and 'str'
[2018-10-14 19:28:17] Error when printing
[2018-10-14 19:28:18] (NewsSpider-5) unsupported operand type(s) for +: 'NoneType' and 'str'
[2018-10-14 19:28:18] Error when printing
[2018-10-14 19:28:26] (NewsSpider-2) unsupported operand type(s) for +: 'NoneType' and 'str'
[2018-10-14 19:28:26] Error when printing
[2018-10-14 19:28:29] (NewsSpider-3) unsupported operand type(s) for +: 'NoneType' and 'str'
[2018-10-14 19:28:29] Error when printing
[2018-10-14 19:28:31] (NewsSpider-1) unsupported operand type(s) for +: 'NoneType' and 'str'
[2018-10-14 19:28:31] Error when printing
[2018-10-14 19:28:33] (NewsSpider-5) unsupported operand type(s) for +: 'NoneType' and 'str'
[2018-10-14 19:28:33] Error when printing
[2018-10-14 19:28:33] (NewsSpider-4) unsupported operand type(s) for +: 'NoneType' and 'str'
[2018-10-14 19:28:33] Error when printing
[2018-10-14 19:28:38] (NewsSpider-2) unsupported operand type(s) for +: 'NoneType' and 'str'
[2018-10-14 19:28:38] Error when printing
[2018-10-14 19:28:42] (NewsSpider-1) unsupported operand type(s) for +: 'NoneType' and 'str'
[2018-10-14 19:28:42] Error when printing
[2018-10-14 19:28:43] (NewsSpider-5) unsupported operand type(s) for +: 'NoneType' and 'str'
[2018-10-14 19:28:43] Error when printing
[2018-10-14 19:28:43] (NewsSpider-4) unsupported operand type(s) for +: 'NoneType' and 'str'
[2018-10-14 19:28:43] Error when printing
[2018-10-14 19:28:47] (NewsSpider-3) unsupported operand type(s) for +: 'NoneType' and 'str'
[2018-10-14 19:28:47] Error when printing
[2018-10-14 19:28:49] (NewsSpider-1) unsupported operand type(s) for +: 'NoneType' and 'str'
[2018-10-14 19:28:49] Error when printing
[2018-10-14 19:28:50] (NewsSpider-5) unsupported operand type(s) for +: 'NoneType' and 'str'
[2018-10-14 19:28:50] Error when printing
[2018-10-14 19:28:51] (NewsSpider-4) unsupported operand type(s) for +: 'NoneType' and 'str'
[2018-10-14 19:28:51] Error when printing
[2018-10-14 19:28:57] (NewsSpider-3) unsupported operand type(s) for +: 'NoneType' and 'str'
[2018-10-14 19:28:57] Error when printing
[2018-10-14 19:28:58] (NewsSpider-1) unsupported operand type(s) for +: 'NoneType' and 'str'
[2018-10-14 19:28:58] Error when printing
[2018-10-14 19:28:58] (NewsSpider-5) unsupported operand type(s) for +: 'NoneType' and 'str'
[2018-10-14 19:28:58] Error when printing
[2018-10-14 19:28:59] (NewsSpider-2) unsupported operand type(s) for +: 'NoneType' and 'str'
[2018-10-14 19:28:59] Error when printing
[2018-10-14 19:29:06] (NewsSpider-5) unsupported operand type(s) for +: 'NoneType' and 'str'
[2018-10-14 19:29:06] Error when printing
[2018-10-14 19:29:09] (NewsSpider-2) unsupported operand type(s) for +: 'NoneType' and 'str'
[2018-10-14 19:29:09] Error when printing
[2018-10-14 19:29:09] (NewsSpider-1) unsupported operand type(s) for +: 'NoneType' and 'str'
[2018-10-14 19:29:09] Error when printing
[2018-10-14 19:29:09] (NewsSpider-3) unsupported operand type(s) for +: 'NoneType' and 'str'
[2018-10-14 19:29:09] Error when printing
[2018-10-14 19:29:10] (NewsSpider-4) unsupported operand type(s) for +: 'NoneType' and 'str'
[2018-10-14 19:29:10] Error when printing
[2018-10-14 19:29:12] (NewsSpider-5) unsupported operand type(s) for +: 'NoneType' and 'str'
[2018-10-14 19:29:12] Error when printing
[2018-10-14 19:29:12] (NewsSpider-1) unsupported operand type(s) for +: 'NoneType' and 'str'
[2018-10-14 19:29:12] Error when printing
[2018-10-14 19:29:14] (NewsSpider-3) unsupported operand type(s) for +: 'NoneType' and 'str'
[2018-10-14 19:29:14] Error when printing
[2018-10-14 19:29:17] (NewsSpider-2) unsupported operand type(s) for +: 'NoneType' and 'str'
[2018-10-14 19:29:17] Error when printing
[2018-10-14 19:29:19] (NewsSpider-1) unsupported operand type(s) for +: 'NoneType' and 'str'
[2018-10-14 19:29:19] Error when printing
[2018-10-14 19:29:20] (NewsSpider-4) unsupported operand type(s) for +: 'NoneType' and 'str'
[2018-10-14 19:29:20] Error when printing
[2018-10-14 19:29:21] (NewsSpider-5) unsupported operand type(s) for +: 'NoneType' and 'str'
[2018-10-14 19:29:21] Error when printing
[2018-10-14 19:29:21] (NewsSpider-3) unsupported operand type(s) for +: 'NoneType' and 'str'
[2018-10-14 19:29:21] Error when printing
[2018-10-14 19:29:26] (NewsSpider-1) unsupported operand type(s) for +: 'NoneType' and 'str'
[2018-10-14 19:29:26] Error when printing
[2018-10-14 19:29:26] (NewsSpider-2) unsupported operand type(s) for +: 'NoneType' and 'str'
[2018-10-14 19:29:26] Error when printing
[2018-10-14 19:29:26] (NewsSpider-5) unsupported operand type(s) for +: 'NoneType' and 'str'
[2018-10-14 19:29:26] Error when printing
[2018-10-14 19:29:27] (NewsSpider-4) unsupported operand type(s) for +: 'NoneType' and 'str'
[2018-10-14 19:29:27] Error when printing
[2018-10-14 19:29:31] (NewsSpider-3) unsupported operand type(s) for +: 'NoneType' and 'str'
[2018-10-14 19:29:31] Error when printing
[2018-10-14 19:29:32] (NewsSpider-2) unsupported operand type(s) for +: 'NoneType' and 'str'
[2018-10-14 19:29:32] Error when printing
[2018-10-14 19:29:33] (NewsSpider-1) unsupported operand type(s) for +: 'NoneType' and 'str'
[2018-10-14 19:29:33] Error when printing
[2018-10-14 19:29:33] (NewsSpider-4) unsupported operand type(s) for +: 'NoneType' and 'str'
[2018-10-14 19:29:33] Error when printing
[2018-10-14 19:29:33] (NewsSpider-5) unsupported operand type(s) for +: 'NoneType' and 'str'
[2018-10-14 19:29:33] Error when printing
[2018-10-14 19:29:36] (NewsSpider-3) unsupported operand type(s) for +: 'NoneType' and 'str'
[2018-10-14 19:29:36] Error when printing
[2018-10-14 19:29:37] (NewsSpider-2) unsupported operand type(s) for +: 'NoneType' and 'str'
[2018-10-14 19:29:37] Error when printing
[2018-10-14 19:29:41] (NewsSpider-4) unsupported operand type(s) for +: 'NoneType' and 'str'
[2018-10-14 19:29:41] Error when printing
[2018-10-14 19:29:43] (NewsSpider-5) unsupported operand type(s) for +: 'NoneType' and 'str'
[2018-10-14 19:29:43] Error when printing
[2018-10-14 19:29:44] (NewsSpider-3) unsupported operand type(s) for +: 'NoneType' and 'str'
[2018-10-14 19:29:44] Error when printing
[2018-10-14 19:29:44] (NewsSpider-2) unsupported operand type(s) for +: 'NoneType' and 'str'
[2018-10-14 19:29:44] Error when printing
[2018-10-14 19:29:48] (NewsSpider-5) unsupported operand type(s) for +: 'NoneType' and 'str'
[2018-10-14 19:29:48] Error when printing
[2018-10-14 19:29:48] (NewsSpider-4) unsupported operand type(s) for +: 'NoneType' and 'str'
[2018-10-14 19:29:48] Error when printing
[2018-10-14 19:29:49] (NewsSpider-1) unsupported operand type(s) for +: 'NoneType' and 'str'
[2018-10-14 19:29:49] Error when printing
[2018-10-14 19:29:52] (NewsSpider-2) unsupported operand type(s) for +: 'NoneType' and 'str'
[2018-10-14 19:29:52] Error when printing
[2018-10-14 19:29:52] (NewsSpider-3) unsupported operand type(s) for +: 'NoneType' and 'str'
[2018-10-14 19:29:52] Error when printing
[2018-10-14 19:29:54] (NewsSpider-5) unsupported operand type(s) for +: 'NoneType' and 'str'
[2018-10-14 19:29:54] Error when printing
[2018-10-14 19:29:56] (NewsSpider-4) unsupported operand type(s) for +: 'NoneType' and 'str'
[2018-10-14 19:29:56] Error when printing
[2018-10-14 19:29:56] (NewsSpider-1) unsupported operand type(s) for +: 'NoneType' and 'str'
[2018-10-14 19:29:56] Error when printing
[2018-10-14 19:29:57] (NewsSpider-2) unsupported operand type(s) for +: 'NoneType' and 'str'
[2018-10-14 19:29:57] Error when printing
[2018-10-14 19:29:58] (NewsSpider-3) unsupported operand type(s) for +: 'NoneType' and 'str'
[2018-10-14 19:29:58] Error when printing
[2018-10-14 19:30:02] (NewsSpider-5) unsupported operand type(s) for +: 'NoneType' and 'str'
[2018-10-14 19:30:02] Error when printing
[2018-10-14 19:30:03] (NewsSpider-1) unsupported operand type(s) for +: 'NoneType' and 'str'
[2018-10-14 19:30:03] Error when printing
[2018-10-14 19:30:07] (NewsSpider-3) unsupported operand type(s) for +: 'NoneType' and 'str'
[2018-10-14 19:30:07] Error when printing
[2018-10-14 19:30:07] (NewsSpider-2) unsupported operand type(s) for +: 'NoneType' and 'str'
[2018-10-14 19:30:07] Error when printing
[2018-10-14 19:30:10] (NewsSpider-5) unsupported operand type(s) for +: 'NoneType' and 'str'
[2018-10-14 19:30:10] Error when printing
[2018-10-14 19:30:10] (NewsSpider-1) unsupported operand type(s) for +: 'NoneType' and 'str'
[2018-10-14 19:30:10] Error when printing
[2018-10-14 19:30:12] (NewsSpider-4) unsupported operand type(s) for +: 'NoneType' and 'str'
[2018-10-14 19:30:12] Error when printing
[2018-10-14 19:30:13] (NewsSpider-2) unsupported operand type(s) for +: 'NoneType' and 'str'
[2018-10-14 19:30:13] Error when printing
[2018-10-14 19:30:15] (NewsSpider-3) unsupported operand type(s) for +: 'NoneType' and 'str'
[2018-10-14 19:30:15] Error when printing
[2018-10-14 19:30:16] (NewsSpider-4) unsupported operand type(s) for +: 'NoneType' and 'str'
[2018-10-14 19:30:16] Error when printing
[2018-10-14 19:30:16] (NewsSpider-1) unsupported operand type(s) for +: 'NoneType' and 'str'
[2018-10-14 19:30:16] Error when printing
[2018-10-14 19:30:20] (NewsSpider-5) unsupported operand type(s) for +: 'NoneType' and 'str'
[2018-10-14 19:30:20] Error when printing
[2018-10-14 19:30:20] (NewsSpider-2) unsupported operand type(s) for +: 'NoneType' and 'str'
[2018-10-14 19:30:20] Error when printing
[2018-10-14 19:30:20] (NewsSpider-3) unsupported operand type(s) for +: 'NoneType' and 'str'
[2018-10-14 19:30:20] Error when printing
[2018-10-14 19:30:22] (NewsSpider-4) unsupported operand type(s) for +: 'NoneType' and 'str'
[2018-10-14 19:30:22] Error when printing
[2018-10-14 19:30:26] (NewsSpider-5) unsupported operand type(s) for +: 'NoneType' and 'str'
[2018-10-14 19:30:26] Error when printing
[2018-10-14 19:30:26] (NewsSpider-3) unsupported operand type(s) for +: 'NoneType' and 'str'
[2018-10-14 19:30:26] Error when printing
[2018-10-14 19:30:26] (NewsSpider-4) unsupported operand type(s) for +: 'NoneType' and 'str'
[2018-10-14 19:30:26] Error when printing
[2018-10-14 19:30:27] (NewsSpider-2) unsupported operand type(s) for +: 'NoneType' and 'str'
[2018-10-14 19:30:27] Error when printing
[2018-10-14 19:30:29] (NewsSpider-1) unsupported operand type(s) for +: 'NoneType' and 'str'
[2018-10-14 19:30:29] Error when printing
[2018-10-14 19:30:31] (NewsSpider-4) unsupported operand type(s) for +: 'NoneType' and 'str'
[2018-10-14 19:30:31] Error when printing
[2018-10-14 19:30:33] (NewsSpider-3) unsupported operand type(s) for +: 'NoneType' and 'str'
[2018-10-14 19:30:33] Error when printing
[2018-10-14 19:30:37] (NewsSpider-4) unsupported operand type(s) for +: 'NoneType' and 'str'
[2018-10-14 19:30:37] Error when printing
[2018-10-14 19:30:38] (NewsSpider-1) unsupported operand type(s) for +: 'NoneType' and 'str'
[2018-10-14 19:30:38] Error when printing
[2018-10-14 19:30:38] (NewsSpider-2) unsupported operand type(s) for +: 'NoneType' and 'str'
[2018-10-14 19:30:38] Error when printing
[2018-10-14 19:30:40] (NewsSpider-5) unsupported operand type(s) for +: 'NoneType' and 'str'
[2018-10-14 19:30:40] Error when printing
[2018-10-14 19:30:42] (NewsSpider-4) unsupported operand type(s) for +: 'NoneType' and 'str'
[2018-10-14 19:30:42] Error when printing
[2018-10-14 19:30:44] (NewsSpider-2) unsupported operand type(s) for +: 'NoneType' and 'str'
[2018-10-14 19:30:44] Error when printing
[2018-10-14 19:30:45] (NewsSpider-5) unsupported operand type(s) for +: 'NoneType' and 'str'
[2018-10-14 19:30:45] Error when printing
[2018-10-14 19:30:45] (NewsSpider-3) unsupported operand type(s) for +: 'NoneType' and 'str'
[2018-10-14 19:30:45] Error when printing
[2018-10-14 19:30:46] (NewsSpider-4) unsupported operand type(s) for +: 'NoneType' and 'str'
[2018-10-14 19:30:46] Error when printing
[2018-10-14 19:30:47] (NewsSpider-2) unsupported operand type(s) for +: 'NoneType' and 'str'
[2018-10-14 19:30:47] Error when printing
[2018-10-14 19:30:50] (NewsSpider-5) unsupported operand type(s) for +: 'NoneType' and 'str'
[2018-10-14 19:30:50] Error when printing
[2018-10-14 19:30:50] (NewsSpider-1) unsupported operand type(s) for +: 'NoneType' and 'str'
[2018-10-14 19:30:50] Error when printing
[2018-10-14 19:30:50] (NewsSpider-3) unsupported operand type(s) for +: 'NoneType' and 'str'
[2018-10-14 19:30:50] Error when printing
[2018-10-14 19:30:51] (NewsSpider-4) unsupported operand type(s) for +: 'NoneType' and 'str'
[2018-10-14 19:30:51] Error when printing
[2018-10-14 19:30:53] (NewsSpider-5) unsupported operand type(s) for +: 'NoneType' and 'str'
[2018-10-14 19:30:53] Error when printing
[2018-10-14 19:30:54] (NewsSpider-2) unsupported operand type(s) for +: 'NoneType' and 'str'
[2018-10-14 19:30:54] Error when printing
[2018-10-14 19:30:54] (NewsSpider-3) unsupported operand type(s) for +: 'NoneType' and 'str'
[2018-10-14 19:30:54] Error when printing
[2018-10-14 19:30:55] (NewsSpider-4) unsupported operand type(s) for +: 'NoneType' and 'str'
[2018-10-14 19:30:55] Error when printing
[2018-10-14 19:30:56] (NewsSpider-1) unsupported operand type(s) for +: 'NoneType' and 'str'
[2018-10-14 19:30:56] Error when printing
[2018-10-14 19:30:56] (NewsSpider-5) unsupported operand type(s) for +: 'NoneType' and 'str'
[2018-10-14 19:30:56] Error when printing
[2018-10-14 19:30:58] (NewsSpider-2) unsupported operand type(s) for +: 'NoneType' and 'str'
[2018-10-14 19:30:58] Error when printing
[2018-10-14 19:30:59] (NewsSpider-3) unsupported operand type(s) for +: 'NoneType' and 'str'
[2018-10-14 19:30:59] Error when printing
[2018-10-14 19:31:00] (NewsSpider-4) unsupported operand type(s) for +: 'NoneType' and 'str'
[2018-10-14 19:31:00] Error when printing
[2018-10-14 19:31:01] (NewsSpider-1) unsupported operand type(s) for +: 'NoneType' and 'str'
[2018-10-14 19:31:01] Error when printing
[2018-10-14 19:31:01] (NewsSpider-5) unsupported operand type(s) for +: 'NoneType' and 'str'
[2018-10-14 19:31:01] Error when printing
[2018-10-14 19:31:02] (NewsSpider-2) unsupported operand type(s) for +: 'NoneType' and 'str'
[2018-10-14 19:31:02] Error when printing
[2018-10-14 19:31:04] (NewsSpider-4) unsupported operand type(s) for +: 'NoneType' and 'str'
[2018-10-14 19:31:04] Error when printing
[2018-10-14 19:31:04] (NewsSpider-2) unsupported operand type(s) for +: 'NoneType' and 'str'
[2018-10-14 19:31:04] Error when printing
[2018-10-14 19:31:06] (NewsSpider-3) unsupported operand type(s) for +: 'NoneType' and 'str'
[2018-10-14 19:31:06] Error when printing
[2018-10-14 19:31:06] (NewsSpider-5) unsupported operand type(s) for +: 'NoneType' and 'str'
[2018-10-14 19:31:06] Error when printing
[2018-10-14 19:31:08] (NewsSpider-4) unsupported operand type(s) for +: 'NoneType' and 'str'
[2018-10-14 19:31:08] Error when printing
[2018-10-14 19:31:09] (NewsSpider-2) unsupported operand type(s) for +: 'NoneType' and 'str'
[2018-10-14 19:31:09] Error when printing
[2018-10-14 19:31:11] (NewsSpider-3) unsupported operand type(s) for +: 'NoneType' and 'str'
[2018-10-14 19:31:11] Error when printing
[2018-10-14 19:31:12] (NewsSpider-5) unsupported operand type(s) for +: 'NoneType' and 'str'
[2018-10-14 19:31:12] Error when printing
[2018-10-14 19:31:12] (NewsSpider-1) unsupported operand type(s) for +: 'NoneType' and 'str'
[2018-10-14 19:31:12] Error when printing
[2018-10-14 19:31:14] (NewsSpider-4) unsupported operand type(s) for +: 'NoneType' and 'str'
[2018-10-14 19:31:14] Error when printing
[2018-10-14 19:31:14] (NewsSpider-2) unsupported operand type(s) for +: 'NoneType' and 'str'
[2018-10-14 19:31:14] Error when printing
[2018-10-14 19:31:15] (NewsSpider-5) unsupported operand type(s) for +: 'NoneType' and 'str'
[2018-10-14 19:31:15] Error when printing
[2018-10-14 19:31:15] (NewsSpider-3) unsupported operand type(s) for +: 'NoneType' and 'str'
[2018-10-14 19:31:15] Error when printing
[2018-10-14 19:31:18] (NewsSpider-1) unsupported operand type(s) for +: 'NoneType' and 'str'
[2018-10-14 19:31:18] Error when printing
[2018-10-14 19:31:19] (NewsSpider-5) unsupported operand type(s) for +: 'NoneType' and 'str'
[2018-10-14 19:31:19] Error when printing
[2018-10-14 19:31:19] (NewsSpider-3) unsupported operand type(s) for +: 'NoneType' and 'str'
[2018-10-14 19:31:19] Error when printing
[2018-10-14 19:31:20] ========== (NewsSpider-1) Thread END ==========
[2018-10-14 19:31:21] ========== (NewsSpider-3) Thread END ==========
[2018-10-14 19:31:21] ========== (NewsSpider-4) Thread END ==========
[2018-10-14 19:31:21] ========== (NewsSpider-5) Thread END ==========
[2018-10-14 19:31:22] ========== (NewsSpider-2) Thread END ==========
