379->257->117 for https://variety.com
279->133->57 for http://www.variety.com/videos
379->257->0 for http://www.variety.com
195->106->13 for http://www.variety.com/gallery
195->105->0 for http://www.variety.com/galleries
1->0->0 for http://feature.variety.com
126->41->0 for http://www.variety.com/vcategory
132->41->0 for http://www.variety.com/tips
90->0->0 for http://www.variety.com/variety-500
[2018-10-14 19:27:46] ========== (NewsSpider-1) Start! ==========
[2018-10-14 19:27:46] ========== (NewsSpider-2) Start! ==========
[2018-10-14 19:27:46] ========== (NewsSpider-3) Start! ==========
[2018-10-14 19:27:46] ========== (NewsSpider-4) Start! ==========
[2018-10-14 19:27:46] ========== (NewsSpider-5) Start! ==========
[2018-10-14 19:27:53] (NewsSpider-3) (1/187) Crawling and storing DONE - Dwayne Johnson's 'Skyscraper' Gets Explosive First Trailer
[2018-10-14 19:27:53] Error when printing
[2018-10-14 19:27:53] (NewsSpider-5) (2/187) Crawling and storing DONE - Vice's Dom Delport Shares Brand's New Initiatives
[2018-10-14 19:27:53] Error when printing
[2018-10-14 19:28:00] (NewsSpider-4) (3/187) Crawling and storing DONE - Watch 'Westworld's' Eerie Season 2 Trailer
[2018-10-14 19:28:00] Error when printing
[2018-10-14 19:28:00] (NewsSpider-3) (4/187) Crawling and storing DONE - Scarlett Johansson Nabs Secluded Spread in Snedens Landing
[2018-10-14 19:28:01] (NewsSpider-5) (5/187) Crawling and storing DONE - 'Three Billboards' Star Abbie Cornish Explains What's 'Really Beautiful' About Working With Frances McDormand
[2018-10-14 19:28:01] Error when printing
[2018-10-14 19:28:07] (NewsSpider-1) (6/187) Crawling and storing DONE - How 'Game of Thrones' Composer Told Jon and Daenerys' Love Story Through Music
[2018-10-14 19:28:07] Error when printing
[2018-10-14 19:28:09] (NewsSpider-5) (7/187) Crawling and storing DONE - Joe Bananas Makes Leap From Sydney to New York
[2018-10-14 19:28:16] (NewsSpider-1) (8/187) Crawling and storing DONE - Jonathan Groff on the Time He Disagreed With Producers on David Fincher's 'Mindhunter'
[2018-10-14 19:28:16] Error when printing
[2018-10-14 19:28:32] (NewsSpider-5) (9/187) Crawling and storing DONE - SunTrust CMO Susan Johnson on Importance of Native Advertising
[2018-10-14 19:28:33] (NewsSpider-1) (10/187) Crawling and storing DONE - No Storage Locker or Garage? Here Are The 6 Best Ways To Store Your Bike Indoors
[2018-10-14 19:28:34] (NewsSpider-4) (11/187) Crawling and storing DONE - Tiffany Haddish: Trying to Be Somebody You're Not Will Make You 'A Bitter-Ass Bitch'
[2018-10-14 19:28:34] Error when printing
[2018-10-14 19:28:42] (NewsSpider-1) (12/187) Crawling and storing DONE - American Music Awards 2018 Arrivals (PHOTOS)
[2018-10-14 19:28:46] (NewsSpider-3) (13/187) Crawling and storing DONE - The CW Launches #CWOpenToAll Campaign to Promote Inclusion (Watch)
[2018-10-14 19:29:02] (NewsSpider-1) [Errno 2] No such file or directory: 'articles/articles_variety/TV Pilots/Development Scorecard'
[2018-10-14 19:29:02] Error when printing
[2018-10-14 19:29:04] (NewsSpider-4) [Errno 2] No such file or directory: 'articles/articles_variety/TV Pilots/Development Scorecard'
[2018-10-14 19:29:04] Error when printing
[2018-10-14 19:29:09] (NewsSpider-5) (14/187) Crawling and storing DONE - Rachel Brosnahan on Emmy Win and 'The Marvelous Mrs. Maisel' Season 2
[2018-10-14 19:29:09] Error when printing
[2018-10-14 19:29:20] (NewsSpider-3) (15/187) Crawling and storing DONE - Actors on Actors: Jeff Daniels and Laura Linney (Full Video)
[2018-10-14 19:29:24] (NewsSpider-5) (16/187) Crawling and storing DONE - Developer Ninja Theory Launches Scholarship For Mental Health Training
[2018-10-14 19:29:28] (NewsSpider-3) (17/187) Crawling and storing DONE - Lena Waithe: Women Are 'Screaming at the Top of Our Lungs' For Equal Rights
[2018-10-14 19:29:28] Error when printing
[2018-10-14 19:29:30] (NewsSpider-2) (18/187) Crawling and storing DONE - 'Mission: Impossible - Fallout' Gets First Action-Packed Trailer
[2018-10-14 19:29:30] Error when printing
[2018-10-14 19:29:36] (NewsSpider-2) (19/187) Crawling and storing DONE - Variety's 'A Night in the Writers' Room' - Comedy Panel (Full Video)
[2018-10-14 19:29:36] Error when printing
[2018-10-14 19:29:49] (NewsSpider-2) (20/187) Crawling and storing DONE - Emma Gonzalez on Gun Control Misconceptions: 'We Are Pro Second Amendment'
[2018-10-14 19:29:49] Error when printing
[2018-10-14 19:29:54] (NewsSpider-2) (21/187) Crawling and storing DONE - Telegenic House Flipper Jeff Lewis Lists Sunset Strip Contemporary
[2018-10-14 19:30:13] (NewsSpider-3) (22/187) Crawling and storing DONE - The Women Who Power Country Music
[2018-10-14 19:30:25] (NewsSpider-3) (23/187) Crawling and storing DONE - Actors on Actors: Dakota Fanning and Freddie Highmore (Full Video)
[2018-10-14 19:30:28] (NewsSpider-2) (24/187) Crawling and storing DONE - Showtime Chief David Nevins in Talks for Expanded CBS Role (EXCLUSIVE)
[2018-10-14 19:30:30] (NewsSpider-3) (25/187) Crawling and storing DONE - Bryan Fogel Says 'Icarus' Will Help People Understand 'Our Current Political Situation'
[2018-10-14 19:30:30] Error when printing
[2018-10-14 19:30:35] (NewsSpider-5) (26/187) Crawling and storing DONE - Variety's 'A Night in the Writers' Room' - Drama Panel (Full Video)
[2018-10-14 19:30:35] Error when printing
[2018-10-14 19:30:38] (NewsSpider-3) unsupported operand type(s) for +: 'NoneType' and 'str'
[2018-10-14 19:30:38] Error when printing
[2018-10-14 19:30:49] (NewsSpider-2) (27/187) Crawling and storing DONE - Margot Robbie, Guillermo del Toro, and More Name Filmmakers That Inspire Them
[2018-10-14 19:30:52] (NewsSpider-5) (28/187) Crawling and storing DONE - 'Insecure' Cinematographer on the Importance of Showing Beauty of Dark Skin on Screen
[2018-10-14 19:30:52] Error when printing
[2018-10-14 19:30:54] (NewsSpider-2) (29/187) Crawling and storing DONE - FreshPaper Inventor Kavita Shukla Honored at Power of Women
[2018-10-14 19:30:58] (NewsSpider-5) (30/187) Crawling and storing DONE - Dakota Fanning: 'I Feel Like I Have to Defend My Life' After Being a Child Star
[2018-10-14 19:30:58] Error when printing
[2018-10-14 19:31:00] (NewsSpider-2) (31/187) Crawling and storing DONE - Viacom's Sean Moran and Turner's Donna Speciale on TV Viewership
[2018-10-14 19:31:00] Error when printing
[2018-10-14 19:31:02] (NewsSpider-3) (32/187) Crawling and storing DONE - Variety's 'Night in the Writers' Room' - Comedy Panel (Full VIDEO)
[2018-10-14 19:31:02] Error when printing
[2018-10-14 19:31:03] (NewsSpider-3) (33/187) Crawling and storing DONE - Fox Business News Anchor Trish Regan Sells Fifth Avenue Co-op
[2018-10-14 19:31:05] (NewsSpider-3) (34/187) Crawling and storing DONE - Kevin Nealon Lists Georgian-Colonial Residence in Pacific Palisades
[2018-10-14 19:31:07] (NewsSpider-3) (35/187) Crawling and storing DONE - Bradley Cooper Picks Up Manhattan Townhouse
[2018-10-14 19:31:11] (NewsSpider-3) (36/187) Crawling and storing DONE - Regina King Says Men Can Help Fight for Women's Rights
[2018-10-14 19:31:11] Error when printing
[2018-10-14 19:31:13] (NewsSpider-5) (37/187) Crawling and storing DONE - Natalie Portman Speaks Out on 'Pervasive' Abuse in Hollywood
[2018-10-14 19:31:13] Error when printing
[2018-10-14 19:31:21] (NewsSpider-5) (38/187) Crawling and storing DONE - 'The Cloverfield Paradox' Trailer Touches Down During Super Bowl
[2018-10-14 19:31:21] Error when printing
[2018-10-14 19:31:26] (NewsSpider-3) (39/187) Crawling and storing DONE - 'Jurassic World: Fallen Kingdom' Releases Destructive Super Bowl Trailer
[2018-10-14 19:31:26] Error when printing
[2018-10-14 19:31:34] (NewsSpider-5) (40/187) Crawling and storing DONE - What Anthony Bourdain Taught 'Parts Unknown' Cinematographer Morgan Fallon
[2018-10-14 19:31:34] Error when printing
[2018-10-14 19:31:38] (NewsSpider-3) (41/187) Crawling and storing DONE - WWE's Stephanie McMahon and Paul Levesque Talk Brand's Global Reach
[2018-10-14 19:31:38] Error when printing
[2018-10-14 19:31:42] (NewsSpider-3) (42/187) Crawling and storing DONE - Emmys: The Good, The Bad and the WTF - Watch Video
[2018-10-14 19:31:43] (NewsSpider-2) (43/187) Crawling and storing DONE - Gary Oldman on Forgetting His SAG Awards Speech and the SFX Makeup in 'Darkest Hour'
[2018-10-14 19:31:43] Error when printing
[2018-10-14 19:31:43] (NewsSpider-3) (44/187) Crawling and storing DONE - Ben McKenzie and Morena Baccarin Lists Gotham Condo
[2018-10-14 19:31:53] (NewsSpider-5) (45/187) Crawling and storing DONE - 'RuPaul's Drag Race' Hair Team Wigs Out About the Best Looks
[2018-10-14 19:31:53] Error when printing
[2018-10-14 19:31:56] (NewsSpider-3) (46/187) Crawling and storing DONE - In Rare TV Interview, Melania Trump Defies Narrative
[2018-10-14 19:31:56] (NewsSpider-5) (47/187) Crawling and storing DONE - How Donald Glover Picked the Perfect Tracks For 'Atlanta's' Infamous 'Teddy Perkins' EpisodeException in thread NewsSpider-1:
Traceback (most recent call last):
  File "/usr/lib/python3.5/threading.py", line 914, in _bootstrap_inner
    self.run()
  File "/usr/lib/python3.5/threading.py", line 862, in run
    self._target(*self._args, **self._kwargs)
  File "news_spider.py", line 168, in run
    self.crawl(thread_name, article, stat, mutex_store_article, storage_type, storage_des, enable_cache, config_args)
  File "news_spider.py", line 142, in crawl
    mutex_store_article.release()
RuntimeError: release unlocked lock

Exception in thread NewsSpider-4:
Traceback (most recent call last):
  File "/usr/lib/python3.5/threading.py", line 914, in _bootstrap_inner
    self.run()
  File "/usr/lib/python3.5/threading.py", line 862, in run
    self._target(*self._args, **self._kwargs)
  File "news_spider.py", line 168, in run
    self.crawl(thread_name, article, stat, mutex_store_article, storage_type, storage_des, enable_cache, config_args)
  File "news_spider.py", line 142, in crawl
    mutex_store_article.release()
RuntimeError: release unlocked lock

Exception in thread NewsSpider-2:
Traceback (most recent call last):
  File "/usr/lib/python3.5/threading.py", line 914, in _bootstrap_inner
    self.run()
  File "/usr/lib/python3.5/threading.py", line 862, in run
    self._target(*self._args, **self._kwargs)
  File "news_spider.py", line 168, in run
    self.crawl(thread_name, article, stat, mutex_store_article, storage_type, storage_des, enable_cache, config_args)
  File "news_spider.py", line 142, in crawl
    mutex_store_article.release()
RuntimeError: release unlocked lock


[2018-10-14 19:31:56] Error when printing
[2018-10-14 19:31:58] (NewsSpider-2) (48/187) Crawling and storing DONE - DreamWorks Animation TV Chief Margie Cohn Talks Female Superheroes, Streaming Pros and Cons
[2018-10-14 19:32:02] (NewsSpider-2) [Errno 2] No such file or directory: 'articles/articles_variety/Kanye West Posts Nine-Minute Video, Claims He Tried to Buy His Publishing From Sony/ATV'
[2018-10-14 19:32:02] Error when printing
[2018-10-14 19:32:03] (NewsSpider-3) (49/187) Crawling and storing DONE - Capitol Records Executive Joe Rainey Dies at 43
[2018-10-14 19:32:12] (NewsSpider-5) (50/187) Crawling and storing DONE - Actors on Actors: Jonathan Groff & Maggie Gyllenhaal (Full Video)
[2018-10-14 19:32:14] (NewsSpider-5) (51/187) Crawling and storing DONE - 'Shape of Water's' Guillermo del Toro Breaks Down the Punishment of a Villain
[2018-10-14 19:32:14] Error when printing
[2018-10-14 19:32:18] (NewsSpider-5) (52/187) Crawling and storing DONE - George Clooney Warns Against Fear, Hatred From Trump Administration in Stirring Power of Women Speech
[2018-10-14 19:32:24] (NewsSpider-5) (53/187) Crawling and storing DONE - CMO Elizabeth Rutledge on American Express' Unique Customer Experiences
[2018-10-14 19:32:24] Error when printing
[2018-10-14 19:32:29] (NewsSpider-5) (54/187) Crawling and storing DONE - Emma Gonzalez on Gun Violence: 'There's Nothing to Stop This From Happening to Anyone'
[2018-10-14 19:32:29] Error when printing
[2018-10-14 19:32:33] (NewsSpider-3) (55/187) Crawling and storing DONE - Ryan Eggold Lists Hollywood Hills Pad
[2018-10-14 19:32:34] (NewsSpider-5) (56/187) Crawling and storing DONE - Regina King on the 'All-Inclusive Sisterhood' Happening Now
[2018-10-14 19:32:34] Error when printing
[2018-10-14 19:32:39] (NewsSpider-3) (57/187) Crawling and storing DONE - Natalie Portman Says She Doesn't Sleep After Kavanaugh Confirmation
[2018-10-14 19:32:39] Error when printing
[2018-10-14 19:32:40] ========== (NewsSpider-5) Thread END ==========
[2018-10-14 19:32:42] ========== (NewsSpider-3) Thread END ==========
